[2024-06-20T11:35:08.625+0000] {local_task_job_runner.py:120} INFO - ::group::Pre task execution logs
[2024-06-20T11:35:08.672+0000] {taskinstance.py:2076} INFO - Dependencies all met for dep_context=non-requeueable deps ti=<TaskInstance: nba_data_pipeline_dag.upload_stats_to_s3 scheduled__2024-06-19T00:00:00+00:00 [queued]>
[2024-06-20T11:35:08.682+0000] {taskinstance.py:2076} INFO - Dependencies all met for dep_context=requeueable deps ti=<TaskInstance: nba_data_pipeline_dag.upload_stats_to_s3 scheduled__2024-06-19T00:00:00+00:00 [queued]>
[2024-06-20T11:35:08.683+0000] {taskinstance.py:2306} INFO - Starting attempt 1 of 2
[2024-06-20T11:35:08.701+0000] {taskinstance.py:2330} INFO - Executing <Task(PythonOperator): upload_stats_to_s3> on 2024-06-19 00:00:00+00:00
[2024-06-20T11:35:08.716+0000] {logging_mixin.py:188} WARNING - /home/ubuntu/nba_ns_venv/lib/python3.12/site-packages/***/task/task_runner/standard_task_runner.py:61 DeprecationWarning: This process (pid=5070) is multi-threaded, use of fork() may lead to deadlocks in the child.
[2024-06-20T11:35:08.718+0000] {standard_task_runner.py:63} INFO - Started process 5129 to run task
[2024-06-20T11:35:08.715+0000] {standard_task_runner.py:90} INFO - Running: ['***', 'tasks', 'run', 'nba_data_pipeline_dag', 'upload_stats_to_s3', 'scheduled__2024-06-19T00:00:00+00:00', '--job-id', '817', '--raw', '--subdir', 'DAGS_FOLDER/nba_data_pipeline_dag.py', '--cfg-path', '/tmp/tmplqeq5umy']
[2024-06-20T11:35:08.720+0000] {standard_task_runner.py:91} INFO - Job 817: Subtask upload_stats_to_s3
[2024-06-20T11:35:08.855+0000] {task_command.py:426} INFO - Running <TaskInstance: nba_data_pipeline_dag.upload_stats_to_s3 scheduled__2024-06-19T00:00:00+00:00 [running]> on host ip-172-31-45-144.ec2.internal
[2024-06-20T11:35:09.048+0000] {taskinstance.py:2648} INFO - Exporting env vars: AIRFLOW_CTX_DAG_OWNER='Airflow' AIRFLOW_CTX_DAG_ID='nba_data_pipeline_dag' AIRFLOW_CTX_TASK_ID='upload_stats_to_s3' AIRFLOW_CTX_EXECUTION_DATE='2024-06-19T00:00:00+00:00' AIRFLOW_CTX_TRY_NUMBER='1' AIRFLOW_CTX_DAG_RUN_ID='scheduled__2024-06-19T00:00:00+00:00'
[2024-06-20T11:35:09.051+0000] {taskinstance.py:430} INFO - ::endgroup::
[2024-06-20T11:35:09.245+0000] {credentials.py:1075} INFO - Found credentials from IAM Role: nba_news_stats_s3
[2024-06-20T11:35:09.486+0000] {python.py:237} INFO - Done. Returned value was: s3://nba-stats-players/player_stats.csv
[2024-06-20T11:35:09.486+0000] {taskinstance.py:441} INFO - ::group::Post task execution logs
[2024-06-20T11:35:09.545+0000] {taskinstance.py:1206} INFO - Marking task as SUCCESS. dag_id=nba_data_pipeline_dag, task_id=upload_stats_to_s3, run_id=scheduled__2024-06-19T00:00:00+00:00, execution_date=20240619T000000, start_date=20240620T113508, end_date=20240620T113509
[2024-06-20T11:35:09.580+0000] {local_task_job_runner.py:240} INFO - Task exited with return code 0
[2024-06-20T11:35:09.628+0000] {taskinstance.py:3503} INFO - 1 downstream tasks scheduled from follow-on schedule check
[2024-06-20T11:35:09.630+0000] {local_task_job_runner.py:222} INFO - ::endgroup::
[2024-06-20T11:41:01.787+0000] {local_task_job_runner.py:120} INFO - ::group::Pre task execution logs
[2024-06-20T11:41:01.860+0000] {taskinstance.py:2076} INFO - Dependencies all met for dep_context=non-requeueable deps ti=<TaskInstance: nba_data_pipeline_dag.upload_stats_to_s3 scheduled__2024-06-19T00:00:00+00:00 [queued]>
[2024-06-20T11:41:01.880+0000] {taskinstance.py:2076} INFO - Dependencies all met for dep_context=requeueable deps ti=<TaskInstance: nba_data_pipeline_dag.upload_stats_to_s3 scheduled__2024-06-19T00:00:00+00:00 [queued]>
[2024-06-20T11:41:01.880+0000] {taskinstance.py:2306} INFO - Starting attempt 1 of 2
[2024-06-20T11:41:01.915+0000] {taskinstance.py:2330} INFO - Executing <Task(PythonOperator): upload_stats_to_s3> on 2024-06-19 00:00:00+00:00
[2024-06-20T11:41:01.939+0000] {logging_mixin.py:188} WARNING - /home/ubuntu/nba_ns_venv/lib/python3.12/site-packages/***/task/task_runner/standard_task_runner.py:61 DeprecationWarning: This process (pid=9263) is multi-threaded, use of fork() may lead to deadlocks in the child.
[2024-06-20T11:41:01.944+0000] {standard_task_runner.py:63} INFO - Started process 9330 to run task
[2024-06-20T11:41:01.939+0000] {standard_task_runner.py:90} INFO - Running: ['***', 'tasks', 'run', 'nba_data_pipeline_dag', 'upload_stats_to_s3', 'scheduled__2024-06-19T00:00:00+00:00', '--job-id', '850', '--raw', '--subdir', 'DAGS_FOLDER/nba_data_pipeline_dag.py', '--cfg-path', '/tmp/tmp3eb3nkj6']
[2024-06-20T11:41:01.946+0000] {standard_task_runner.py:91} INFO - Job 850: Subtask upload_stats_to_s3
[2024-06-20T11:41:02.050+0000] {task_command.py:426} INFO - Running <TaskInstance: nba_data_pipeline_dag.upload_stats_to_s3 scheduled__2024-06-19T00:00:00+00:00 [running]> on host ip-172-31-45-144.ec2.internal
[2024-06-20T11:41:02.216+0000] {taskinstance.py:2648} INFO - Exporting env vars: AIRFLOW_CTX_DAG_OWNER='Airflow' AIRFLOW_CTX_DAG_ID='nba_data_pipeline_dag' AIRFLOW_CTX_TASK_ID='upload_stats_to_s3' AIRFLOW_CTX_EXECUTION_DATE='2024-06-19T00:00:00+00:00' AIRFLOW_CTX_TRY_NUMBER='1' AIRFLOW_CTX_DAG_RUN_ID='scheduled__2024-06-19T00:00:00+00:00'
[2024-06-20T11:41:02.217+0000] {taskinstance.py:430} INFO - ::endgroup::
[2024-06-20T11:41:02.361+0000] {credentials.py:1075} INFO - Found credentials from IAM Role: nba_news_stats_s3
[2024-06-20T11:41:02.561+0000] {python.py:237} INFO - Done. Returned value was: s3://nba-stats-players/player_stats.csv
[2024-06-20T11:41:02.561+0000] {taskinstance.py:441} INFO - ::group::Post task execution logs
[2024-06-20T11:41:02.617+0000] {taskinstance.py:1206} INFO - Marking task as SUCCESS. dag_id=nba_data_pipeline_dag, task_id=upload_stats_to_s3, run_id=scheduled__2024-06-19T00:00:00+00:00, execution_date=20240619T000000, start_date=20240620T114101, end_date=20240620T114102
[2024-06-20T11:41:02.645+0000] {local_task_job_runner.py:240} INFO - Task exited with return code 0
[2024-06-20T11:41:02.690+0000] {taskinstance.py:3503} INFO - 1 downstream tasks scheduled from follow-on schedule check
[2024-06-20T11:41:02.693+0000] {local_task_job_runner.py:222} INFO - ::endgroup::
[2024-06-20T11:53:02.789+0000] {local_task_job_runner.py:120} INFO - ::group::Pre task execution logs
[2024-06-20T11:53:02.836+0000] {taskinstance.py:2076} INFO - Dependencies all met for dep_context=non-requeueable deps ti=<TaskInstance: nba_data_pipeline_dag.upload_stats_to_s3 scheduled__2024-06-19T00:00:00+00:00 [queued]>
[2024-06-20T11:53:02.848+0000] {taskinstance.py:2076} INFO - Dependencies all met for dep_context=requeueable deps ti=<TaskInstance: nba_data_pipeline_dag.upload_stats_to_s3 scheduled__2024-06-19T00:00:00+00:00 [queued]>
[2024-06-20T11:53:02.849+0000] {taskinstance.py:2306} INFO - Starting attempt 1 of 2
[2024-06-20T11:53:02.862+0000] {taskinstance.py:2330} INFO - Executing <Task(PythonOperator): upload_stats_to_s3> on 2024-06-19 00:00:00+00:00
[2024-06-20T11:53:02.877+0000] {standard_task_runner.py:90} INFO - Running: ['***', 'tasks', 'run', 'nba_data_pipeline_dag', 'upload_stats_to_s3', 'scheduled__2024-06-19T00:00:00+00:00', '--job-id', '887', '--raw', '--subdir', 'DAGS_FOLDER/nba_data_pipeline_dag.py', '--cfg-path', '/tmp/tmpk33tfrgp']
[2024-06-20T11:53:02.885+0000] {standard_task_runner.py:91} INFO - Job 887: Subtask upload_stats_to_s3
[2024-06-20T11:53:02.883+0000] {logging_mixin.py:188} WARNING - /home/ubuntu/nba_ns_venv/lib/python3.12/site-packages/***/task/task_runner/standard_task_runner.py:61 DeprecationWarning: This process (pid=16426) is multi-threaded, use of fork() may lead to deadlocks in the child.
[2024-06-20T11:53:02.886+0000] {standard_task_runner.py:63} INFO - Started process 16514 to run task
[2024-06-20T11:53:02.991+0000] {task_command.py:426} INFO - Running <TaskInstance: nba_data_pipeline_dag.upload_stats_to_s3 scheduled__2024-06-19T00:00:00+00:00 [running]> on host ip-172-31-45-144.ec2.internal
[2024-06-20T11:53:03.155+0000] {taskinstance.py:2648} INFO - Exporting env vars: AIRFLOW_CTX_DAG_OWNER='Airflow' AIRFLOW_CTX_DAG_ID='nba_data_pipeline_dag' AIRFLOW_CTX_TASK_ID='upload_stats_to_s3' AIRFLOW_CTX_EXECUTION_DATE='2024-06-19T00:00:00+00:00' AIRFLOW_CTX_TRY_NUMBER='1' AIRFLOW_CTX_DAG_RUN_ID='scheduled__2024-06-19T00:00:00+00:00'
[2024-06-20T11:53:03.157+0000] {taskinstance.py:430} INFO - ::endgroup::
[2024-06-20T11:53:03.302+0000] {credentials.py:1075} INFO - Found credentials from IAM Role: nba_news_stats_s3
[2024-06-20T11:53:03.535+0000] {python.py:237} INFO - Done. Returned value was: s3://nba-stats-players/player_stats.csv
[2024-06-20T11:53:03.535+0000] {taskinstance.py:441} INFO - ::group::Post task execution logs
[2024-06-20T11:53:03.590+0000] {taskinstance.py:1206} INFO - Marking task as SUCCESS. dag_id=nba_data_pipeline_dag, task_id=upload_stats_to_s3, run_id=scheduled__2024-06-19T00:00:00+00:00, execution_date=20240619T000000, start_date=20240620T115302, end_date=20240620T115303
[2024-06-20T11:53:03.628+0000] {local_task_job_runner.py:240} INFO - Task exited with return code 0
[2024-06-20T11:53:03.671+0000] {taskinstance.py:3503} INFO - 1 downstream tasks scheduled from follow-on schedule check
[2024-06-20T11:53:03.673+0000] {local_task_job_runner.py:222} INFO - ::endgroup::
[2024-06-20T12:13:03.086+0000] {local_task_job_runner.py:120} INFO - ::group::Pre task execution logs
[2024-06-20T12:13:03.147+0000] {taskinstance.py:2076} INFO - Dependencies all met for dep_context=non-requeueable deps ti=<TaskInstance: nba_data_pipeline_dag.upload_stats_to_s3 scheduled__2024-06-19T00:00:00+00:00 [queued]>
[2024-06-20T12:13:03.162+0000] {taskinstance.py:2076} INFO - Dependencies all met for dep_context=requeueable deps ti=<TaskInstance: nba_data_pipeline_dag.upload_stats_to_s3 scheduled__2024-06-19T00:00:00+00:00 [queued]>
[2024-06-20T12:13:03.162+0000] {taskinstance.py:2306} INFO - Starting attempt 1 of 2
[2024-06-20T12:13:03.181+0000] {taskinstance.py:2330} INFO - Executing <Task(PythonOperator): upload_stats_to_s3> on 2024-06-19 00:00:00+00:00
[2024-06-20T12:13:03.201+0000] {logging_mixin.py:188} WARNING - /home/ubuntu/nba_ns_venv/lib/python3.12/site-packages/***/task/task_runner/standard_task_runner.py:61 DeprecationWarning: This process (pid=24449) is multi-threaded, use of fork() may lead to deadlocks in the child.
[2024-06-20T12:13:03.207+0000] {standard_task_runner.py:63} INFO - Started process 24493 to run task
[2024-06-20T12:13:03.201+0000] {standard_task_runner.py:90} INFO - Running: ['***', 'tasks', 'run', 'nba_data_pipeline_dag', 'upload_stats_to_s3', 'scheduled__2024-06-19T00:00:00+00:00', '--job-id', '935', '--raw', '--subdir', 'DAGS_FOLDER/nba_data_pipeline_dag.py', '--cfg-path', '/tmp/tmpz2okj7y2']
[2024-06-20T12:13:03.207+0000] {standard_task_runner.py:91} INFO - Job 935: Subtask upload_stats_to_s3
[2024-06-20T12:13:03.353+0000] {task_command.py:426} INFO - Running <TaskInstance: nba_data_pipeline_dag.upload_stats_to_s3 scheduled__2024-06-19T00:00:00+00:00 [running]> on host ip-172-31-45-144.ec2.internal
[2024-06-20T12:13:03.549+0000] {taskinstance.py:2648} INFO - Exporting env vars: AIRFLOW_CTX_DAG_OWNER='Airflow' AIRFLOW_CTX_DAG_ID='nba_data_pipeline_dag' AIRFLOW_CTX_TASK_ID='upload_stats_to_s3' AIRFLOW_CTX_EXECUTION_DATE='2024-06-19T00:00:00+00:00' AIRFLOW_CTX_TRY_NUMBER='1' AIRFLOW_CTX_DAG_RUN_ID='scheduled__2024-06-19T00:00:00+00:00'
[2024-06-20T12:13:03.550+0000] {taskinstance.py:430} INFO - ::endgroup::
[2024-06-20T12:13:03.707+0000] {credentials.py:1075} INFO - Found credentials from IAM Role: nba_news_stats_s3
[2024-06-20T12:13:03.913+0000] {python.py:237} INFO - Done. Returned value was: s3://nba-stats-players/player_stats.csv
[2024-06-20T12:13:03.913+0000] {taskinstance.py:441} INFO - ::group::Post task execution logs
[2024-06-20T12:13:03.970+0000] {taskinstance.py:1206} INFO - Marking task as SUCCESS. dag_id=nba_data_pipeline_dag, task_id=upload_stats_to_s3, run_id=scheduled__2024-06-19T00:00:00+00:00, execution_date=20240619T000000, start_date=20240620T121303, end_date=20240620T121303
[2024-06-20T12:13:03.991+0000] {local_task_job_runner.py:240} INFO - Task exited with return code 0
[2024-06-20T12:13:04.038+0000] {taskinstance.py:3503} INFO - 1 downstream tasks scheduled from follow-on schedule check
[2024-06-20T12:13:04.042+0000] {local_task_job_runner.py:222} INFO - ::endgroup::
[2024-06-20T12:21:26.189+0000] {local_task_job_runner.py:120} INFO - ::group::Pre task execution logs
[2024-06-20T12:21:26.271+0000] {taskinstance.py:2076} INFO - Dependencies all met for dep_context=non-requeueable deps ti=<TaskInstance: nba_data_pipeline_dag.upload_stats_to_s3 scheduled__2024-06-19T00:00:00+00:00 [queued]>
[2024-06-20T12:21:26.292+0000] {taskinstance.py:2076} INFO - Dependencies all met for dep_context=requeueable deps ti=<TaskInstance: nba_data_pipeline_dag.upload_stats_to_s3 scheduled__2024-06-19T00:00:00+00:00 [queued]>
[2024-06-20T12:21:26.293+0000] {taskinstance.py:2306} INFO - Starting attempt 1 of 2
[2024-06-20T12:21:26.321+0000] {taskinstance.py:2330} INFO - Executing <Task(PythonOperator): upload_stats_to_s3> on 2024-06-19 00:00:00+00:00
[2024-06-20T12:21:26.343+0000] {logging_mixin.py:188} WARNING - /home/ubuntu/nba_ns_venv/lib/python3.12/site-packages/***/task/task_runner/standard_task_runner.py:61 DeprecationWarning: This process (pid=30460) is multi-threaded, use of fork() may lead to deadlocks in the child.
[2024-06-20T12:21:26.341+0000] {standard_task_runner.py:90} INFO - Running: ['***', 'tasks', 'run', 'nba_data_pipeline_dag', 'upload_stats_to_s3', 'scheduled__2024-06-19T00:00:00+00:00', '--job-id', '971', '--raw', '--subdir', 'DAGS_FOLDER/nba_data_pipeline_dag.py', '--cfg-path', '/tmp/tmpk3qv1ips']
[2024-06-20T12:21:26.347+0000] {standard_task_runner.py:91} INFO - Job 971: Subtask upload_stats_to_s3
[2024-06-20T12:21:26.347+0000] {standard_task_runner.py:63} INFO - Started process 30536 to run task
[2024-06-20T12:21:26.586+0000] {task_command.py:426} INFO - Running <TaskInstance: nba_data_pipeline_dag.upload_stats_to_s3 scheduled__2024-06-19T00:00:00+00:00 [running]> on host ip-172-31-45-144.ec2.internal
[2024-06-20T12:21:26.756+0000] {taskinstance.py:2648} INFO - Exporting env vars: AIRFLOW_CTX_DAG_OWNER='Airflow' AIRFLOW_CTX_DAG_ID='nba_data_pipeline_dag' AIRFLOW_CTX_TASK_ID='upload_stats_to_s3' AIRFLOW_CTX_EXECUTION_DATE='2024-06-19T00:00:00+00:00' AIRFLOW_CTX_TRY_NUMBER='1' AIRFLOW_CTX_DAG_RUN_ID='scheduled__2024-06-19T00:00:00+00:00'
[2024-06-20T12:21:26.757+0000] {taskinstance.py:430} INFO - ::endgroup::
[2024-06-20T12:21:26.908+0000] {credentials.py:1075} INFO - Found credentials from IAM Role: nba_news_stats_s3
[2024-06-20T12:21:27.154+0000] {python.py:237} INFO - Done. Returned value was: s3://nba-stats-players/player_stats.csv
[2024-06-20T12:21:27.155+0000] {taskinstance.py:441} INFO - ::group::Post task execution logs
[2024-06-20T12:21:27.217+0000] {taskinstance.py:1206} INFO - Marking task as SUCCESS. dag_id=nba_data_pipeline_dag, task_id=upload_stats_to_s3, run_id=scheduled__2024-06-19T00:00:00+00:00, execution_date=20240619T000000, start_date=20240620T122126, end_date=20240620T122127
[2024-06-20T12:21:27.254+0000] {local_task_job_runner.py:240} INFO - Task exited with return code 0
[2024-06-20T12:21:27.298+0000] {taskinstance.py:3503} INFO - 1 downstream tasks scheduled from follow-on schedule check
[2024-06-20T12:21:27.301+0000] {local_task_job_runner.py:222} INFO - ::endgroup::
[2024-06-20T12:40:21.457+0000] {local_task_job_runner.py:120} INFO - ::group::Pre task execution logs
[2024-06-20T12:40:21.504+0000] {taskinstance.py:2076} INFO - Dependencies all met for dep_context=non-requeueable deps ti=<TaskInstance: nba_data_pipeline_dag.upload_stats_to_s3 scheduled__2024-06-19T00:00:00+00:00 [queued]>
[2024-06-20T12:40:21.514+0000] {taskinstance.py:2076} INFO - Dependencies all met for dep_context=requeueable deps ti=<TaskInstance: nba_data_pipeline_dag.upload_stats_to_s3 scheduled__2024-06-19T00:00:00+00:00 [queued]>
[2024-06-20T12:40:21.515+0000] {taskinstance.py:2306} INFO - Starting attempt 1 of 2
[2024-06-20T12:40:21.530+0000] {taskinstance.py:2330} INFO - Executing <Task(PythonOperator): upload_stats_to_s3> on 2024-06-19 00:00:00+00:00
[2024-06-20T12:40:21.541+0000] {logging_mixin.py:188} WARNING - /home/ubuntu/nba_ns_venv/lib/python3.12/site-packages/***/task/task_runner/standard_task_runner.py:61 DeprecationWarning: This process (pid=38617) is multi-threaded, use of fork() may lead to deadlocks in the child.
[2024-06-20T12:40:21.543+0000] {standard_task_runner.py:63} INFO - Started process 38625 to run task
[2024-06-20T12:40:21.542+0000] {standard_task_runner.py:90} INFO - Running: ['***', 'tasks', 'run', 'nba_data_pipeline_dag', 'upload_stats_to_s3', 'scheduled__2024-06-19T00:00:00+00:00', '--job-id', '1020', '--raw', '--subdir', 'DAGS_FOLDER/nba_data_pipeline_dag.py', '--cfg-path', '/tmp/tmpricrb0n2']
[2024-06-20T12:40:21.544+0000] {standard_task_runner.py:91} INFO - Job 1020: Subtask upload_stats_to_s3
[2024-06-20T12:40:21.649+0000] {task_command.py:426} INFO - Running <TaskInstance: nba_data_pipeline_dag.upload_stats_to_s3 scheduled__2024-06-19T00:00:00+00:00 [running]> on host ip-172-31-45-144.ec2.internal
[2024-06-20T12:40:21.809+0000] {taskinstance.py:2648} INFO - Exporting env vars: AIRFLOW_CTX_DAG_OWNER='Airflow' AIRFLOW_CTX_DAG_ID='nba_data_pipeline_dag' AIRFLOW_CTX_TASK_ID='upload_stats_to_s3' AIRFLOW_CTX_EXECUTION_DATE='2024-06-19T00:00:00+00:00' AIRFLOW_CTX_TRY_NUMBER='1' AIRFLOW_CTX_DAG_RUN_ID='scheduled__2024-06-19T00:00:00+00:00'
[2024-06-20T12:40:21.811+0000] {taskinstance.py:430} INFO - ::endgroup::
[2024-06-20T12:40:21.956+0000] {credentials.py:1075} INFO - Found credentials from IAM Role: nba_news_stats_s3
[2024-06-20T12:40:22.157+0000] {python.py:237} INFO - Done. Returned value was: s3://nba-stats-players/player_stats.csv
[2024-06-20T12:40:22.157+0000] {taskinstance.py:441} INFO - ::group::Post task execution logs
[2024-06-20T12:40:22.212+0000] {taskinstance.py:1206} INFO - Marking task as SUCCESS. dag_id=nba_data_pipeline_dag, task_id=upload_stats_to_s3, run_id=scheduled__2024-06-19T00:00:00+00:00, execution_date=20240619T000000, start_date=20240620T124021, end_date=20240620T124022
[2024-06-20T12:40:22.244+0000] {local_task_job_runner.py:240} INFO - Task exited with return code 0
[2024-06-20T12:40:22.289+0000] {taskinstance.py:3503} INFO - 1 downstream tasks scheduled from follow-on schedule check
[2024-06-20T12:40:22.291+0000] {local_task_job_runner.py:222} INFO - ::endgroup::
[2024-06-20T12:49:56.677+0000] {local_task_job_runner.py:120} INFO - ::group::Pre task execution logs
[2024-06-20T12:49:56.737+0000] {taskinstance.py:2076} INFO - Dependencies all met for dep_context=non-requeueable deps ti=<TaskInstance: nba_data_pipeline_dag.upload_stats_to_s3 scheduled__2024-06-19T00:00:00+00:00 [queued]>
[2024-06-20T12:49:56.750+0000] {taskinstance.py:2076} INFO - Dependencies all met for dep_context=requeueable deps ti=<TaskInstance: nba_data_pipeline_dag.upload_stats_to_s3 scheduled__2024-06-19T00:00:00+00:00 [queued]>
[2024-06-20T12:49:56.751+0000] {taskinstance.py:2306} INFO - Starting attempt 1 of 2
[2024-06-20T12:49:56.780+0000] {taskinstance.py:2330} INFO - Executing <Task(PythonOperator): upload_stats_to_s3> on 2024-06-19 00:00:00+00:00
[2024-06-20T12:49:56.803+0000] {logging_mixin.py:188} WARNING - /home/ubuntu/nba_ns_venv/lib/python3.12/site-packages/***/task/task_runner/standard_task_runner.py:61 DeprecationWarning: This process (pid=44602) is multi-threaded, use of fork() may lead to deadlocks in the child.
[2024-06-20T12:49:56.807+0000] {standard_task_runner.py:63} INFO - Started process 44648 to run task
[2024-06-20T12:49:56.806+0000] {standard_task_runner.py:90} INFO - Running: ['***', 'tasks', 'run', 'nba_data_pipeline_dag', 'upload_stats_to_s3', 'scheduled__2024-06-19T00:00:00+00:00', '--job-id', '1056', '--raw', '--subdir', 'DAGS_FOLDER/nba_data_pipeline_dag.py', '--cfg-path', '/tmp/tmp71h5cpyd']
[2024-06-20T12:49:56.812+0000] {standard_task_runner.py:91} INFO - Job 1056: Subtask upload_stats_to_s3
[2024-06-20T12:49:56.965+0000] {task_command.py:426} INFO - Running <TaskInstance: nba_data_pipeline_dag.upload_stats_to_s3 scheduled__2024-06-19T00:00:00+00:00 [running]> on host ip-172-31-45-144.ec2.internal
[2024-06-20T12:49:57.143+0000] {taskinstance.py:2648} INFO - Exporting env vars: AIRFLOW_CTX_DAG_OWNER='Airflow' AIRFLOW_CTX_DAG_ID='nba_data_pipeline_dag' AIRFLOW_CTX_TASK_ID='upload_stats_to_s3' AIRFLOW_CTX_EXECUTION_DATE='2024-06-19T00:00:00+00:00' AIRFLOW_CTX_TRY_NUMBER='1' AIRFLOW_CTX_DAG_RUN_ID='scheduled__2024-06-19T00:00:00+00:00'
[2024-06-20T12:49:57.144+0000] {taskinstance.py:430} INFO - ::endgroup::
[2024-06-20T12:49:57.300+0000] {credentials.py:1075} INFO - Found credentials from IAM Role: nba_news_stats_s3
[2024-06-20T12:49:57.563+0000] {python.py:237} INFO - Done. Returned value was: s3://nba-stats-players/player_stats.csv
[2024-06-20T12:49:57.564+0000] {taskinstance.py:441} INFO - ::group::Post task execution logs
[2024-06-20T12:49:57.624+0000] {taskinstance.py:1206} INFO - Marking task as SUCCESS. dag_id=nba_data_pipeline_dag, task_id=upload_stats_to_s3, run_id=scheduled__2024-06-19T00:00:00+00:00, execution_date=20240619T000000, start_date=20240620T124956, end_date=20240620T124957
[2024-06-20T12:49:57.674+0000] {local_task_job_runner.py:240} INFO - Task exited with return code 0
[2024-06-20T12:49:57.728+0000] {taskinstance.py:3503} INFO - 0 downstream tasks scheduled from follow-on schedule check
[2024-06-20T12:49:57.732+0000] {local_task_job_runner.py:222} INFO - ::endgroup::
[2024-06-20T12:55:24.169+0000] {local_task_job_runner.py:120} INFO - ::group::Pre task execution logs
[2024-06-20T12:55:24.255+0000] {taskinstance.py:2076} INFO - Dependencies all met for dep_context=non-requeueable deps ti=<TaskInstance: nba_data_pipeline_dag.upload_stats_to_s3 scheduled__2024-06-19T00:00:00+00:00 [queued]>
[2024-06-20T12:55:24.271+0000] {taskinstance.py:2076} INFO - Dependencies all met for dep_context=requeueable deps ti=<TaskInstance: nba_data_pipeline_dag.upload_stats_to_s3 scheduled__2024-06-19T00:00:00+00:00 [queued]>
[2024-06-20T12:55:24.271+0000] {taskinstance.py:2306} INFO - Starting attempt 1 of 2
[2024-06-20T12:55:24.296+0000] {taskinstance.py:2330} INFO - Executing <Task(PythonOperator): upload_stats_to_s3> on 2024-06-19 00:00:00+00:00
[2024-06-20T12:55:24.318+0000] {logging_mixin.py:188} WARNING - /home/ubuntu/nba_ns_venv/lib/python3.12/site-packages/***/task/task_runner/standard_task_runner.py:61 DeprecationWarning: This process (pid=50566) is multi-threaded, use of fork() may lead to deadlocks in the child.
[2024-06-20T12:55:24.326+0000] {standard_task_runner.py:63} INFO - Started process 50625 to run task
[2024-06-20T12:55:24.321+0000] {standard_task_runner.py:90} INFO - Running: ['***', 'tasks', 'run', 'nba_data_pipeline_dag', 'upload_stats_to_s3', 'scheduled__2024-06-19T00:00:00+00:00', '--job-id', '1092', '--raw', '--subdir', 'DAGS_FOLDER/nba_data_pipeline_dag.py', '--cfg-path', '/tmp/tmp9r6hq5c1']
[2024-06-20T12:55:24.330+0000] {standard_task_runner.py:91} INFO - Job 1092: Subtask upload_stats_to_s3
[2024-06-20T12:55:24.471+0000] {task_command.py:426} INFO - Running <TaskInstance: nba_data_pipeline_dag.upload_stats_to_s3 scheduled__2024-06-19T00:00:00+00:00 [running]> on host ip-172-31-45-144.ec2.internal
[2024-06-20T12:55:24.640+0000] {taskinstance.py:2648} INFO - Exporting env vars: AIRFLOW_CTX_DAG_OWNER='Airflow' AIRFLOW_CTX_DAG_ID='nba_data_pipeline_dag' AIRFLOW_CTX_TASK_ID='upload_stats_to_s3' AIRFLOW_CTX_EXECUTION_DATE='2024-06-19T00:00:00+00:00' AIRFLOW_CTX_TRY_NUMBER='1' AIRFLOW_CTX_DAG_RUN_ID='scheduled__2024-06-19T00:00:00+00:00'
[2024-06-20T12:55:24.645+0000] {taskinstance.py:430} INFO - ::endgroup::
[2024-06-20T12:55:24.804+0000] {credentials.py:1075} INFO - Found credentials from IAM Role: nba_news_stats_s3
[2024-06-20T12:55:25.061+0000] {python.py:237} INFO - Done. Returned value was: s3://nba-stats-players/player_stats.csv
[2024-06-20T12:55:25.062+0000] {taskinstance.py:441} INFO - ::group::Post task execution logs
[2024-06-20T12:55:25.127+0000] {taskinstance.py:1206} INFO - Marking task as SUCCESS. dag_id=nba_data_pipeline_dag, task_id=upload_stats_to_s3, run_id=scheduled__2024-06-19T00:00:00+00:00, execution_date=20240619T000000, start_date=20240620T125524, end_date=20240620T125525
[2024-06-20T12:55:25.155+0000] {local_task_job_runner.py:240} INFO - Task exited with return code 0
[2024-06-20T12:55:25.201+0000] {taskinstance.py:3503} INFO - 1 downstream tasks scheduled from follow-on schedule check
[2024-06-20T12:55:25.203+0000] {local_task_job_runner.py:222} INFO - ::endgroup::
[2024-06-20T13:07:06.506+0000] {local_task_job_runner.py:120} INFO - ::group::Pre task execution logs
[2024-06-20T13:07:06.569+0000] {taskinstance.py:2076} INFO - Dependencies all met for dep_context=non-requeueable deps ti=<TaskInstance: nba_data_pipeline_dag.upload_stats_to_s3 scheduled__2024-06-19T00:00:00+00:00 [queued]>
[2024-06-20T13:07:06.590+0000] {taskinstance.py:2076} INFO - Dependencies all met for dep_context=requeueable deps ti=<TaskInstance: nba_data_pipeline_dag.upload_stats_to_s3 scheduled__2024-06-19T00:00:00+00:00 [queued]>
[2024-06-20T13:07:06.590+0000] {taskinstance.py:2306} INFO - Starting attempt 1 of 2
[2024-06-20T13:07:06.616+0000] {taskinstance.py:2330} INFO - Executing <Task(PythonOperator): upload_stats_to_s3> on 2024-06-19 00:00:00+00:00
[2024-06-20T13:07:06.640+0000] {logging_mixin.py:188} WARNING - /home/ubuntu/nba_ns_venv/lib/python3.12/site-packages/***/task/task_runner/standard_task_runner.py:61 DeprecationWarning: This process (pid=56877) is multi-threaded, use of fork() may lead to deadlocks in the child.
[2024-06-20T13:07:06.637+0000] {standard_task_runner.py:90} INFO - Running: ['***', 'tasks', 'run', 'nba_data_pipeline_dag', 'upload_stats_to_s3', 'scheduled__2024-06-19T00:00:00+00:00', '--job-id', '1128', '--raw', '--subdir', 'DAGS_FOLDER/nba_data_pipeline_dag.py', '--cfg-path', '/tmp/tmpy658geso']
[2024-06-20T13:07:06.642+0000] {standard_task_runner.py:63} INFO - Started process 56940 to run task
[2024-06-20T13:07:06.643+0000] {standard_task_runner.py:91} INFO - Job 1128: Subtask upload_stats_to_s3
[2024-06-20T13:07:06.791+0000] {task_command.py:426} INFO - Running <TaskInstance: nba_data_pipeline_dag.upload_stats_to_s3 scheduled__2024-06-19T00:00:00+00:00 [running]> on host ip-172-31-45-144.ec2.internal
[2024-06-20T13:07:06.975+0000] {taskinstance.py:2648} INFO - Exporting env vars: AIRFLOW_CTX_DAG_OWNER='Airflow' AIRFLOW_CTX_DAG_ID='nba_data_pipeline_dag' AIRFLOW_CTX_TASK_ID='upload_stats_to_s3' AIRFLOW_CTX_EXECUTION_DATE='2024-06-19T00:00:00+00:00' AIRFLOW_CTX_TRY_NUMBER='1' AIRFLOW_CTX_DAG_RUN_ID='scheduled__2024-06-19T00:00:00+00:00'
[2024-06-20T13:07:06.979+0000] {taskinstance.py:430} INFO - ::endgroup::
[2024-06-20T13:07:07.127+0000] {credentials.py:1075} INFO - Found credentials from IAM Role: nba_news_stats_s3
[2024-06-20T13:07:07.330+0000] {python.py:237} INFO - Done. Returned value was: s3://nba-stats-players/player_stats.csv
[2024-06-20T13:07:07.330+0000] {taskinstance.py:441} INFO - ::group::Post task execution logs
[2024-06-20T13:07:07.390+0000] {taskinstance.py:1206} INFO - Marking task as SUCCESS. dag_id=nba_data_pipeline_dag, task_id=upload_stats_to_s3, run_id=scheduled__2024-06-19T00:00:00+00:00, execution_date=20240619T000000, start_date=20240620T130706, end_date=20240620T130707
[2024-06-20T13:07:07.435+0000] {local_task_job_runner.py:240} INFO - Task exited with return code 0
[2024-06-20T13:07:07.481+0000] {taskinstance.py:3503} INFO - 1 downstream tasks scheduled from follow-on schedule check
[2024-06-20T13:07:07.483+0000] {local_task_job_runner.py:222} INFO - ::endgroup::
[2024-06-20T16:34:56.326+0000] {local_task_job_runner.py:120} INFO - ::group::Pre task execution logs
[2024-06-20T16:34:56.370+0000] {taskinstance.py:2076} INFO - Dependencies all met for dep_context=non-requeueable deps ti=<TaskInstance: nba_data_pipeline_dag.upload_stats_to_s3 scheduled__2024-06-19T00:00:00+00:00 [queued]>
[2024-06-20T16:34:56.379+0000] {taskinstance.py:2076} INFO - Dependencies all met for dep_context=requeueable deps ti=<TaskInstance: nba_data_pipeline_dag.upload_stats_to_s3 scheduled__2024-06-19T00:00:00+00:00 [queued]>
[2024-06-20T16:34:56.379+0000] {taskinstance.py:2306} INFO - Starting attempt 1 of 2
[2024-06-20T16:34:56.391+0000] {taskinstance.py:2330} INFO - Executing <Task(PythonOperator): upload_stats_to_s3> on 2024-06-19 00:00:00+00:00
[2024-06-20T16:34:56.408+0000] {standard_task_runner.py:90} INFO - Running: ['***', 'tasks', 'run', 'nba_data_pipeline_dag', 'upload_stats_to_s3', 'scheduled__2024-06-19T00:00:00+00:00', '--job-id', '1163', '--raw', '--subdir', 'DAGS_FOLDER/nba_data_pipeline_dag.py', '--cfg-path', '/tmp/tmpjcqda3fi']
[2024-06-20T16:34:56.413+0000] {logging_mixin.py:188} WARNING - /home/ubuntu/nba_ns_venv/lib/python3.12/site-packages/***/task/task_runner/standard_task_runner.py:61 DeprecationWarning: This process (pid=6134) is multi-threaded, use of fork() may lead to deadlocks in the child.
[2024-06-20T16:34:56.414+0000] {standard_task_runner.py:63} INFO - Started process 6150 to run task
[2024-06-20T16:34:56.410+0000] {standard_task_runner.py:91} INFO - Job 1163: Subtask upload_stats_to_s3
[2024-06-20T16:34:56.517+0000] {task_command.py:426} INFO - Running <TaskInstance: nba_data_pipeline_dag.upload_stats_to_s3 scheduled__2024-06-19T00:00:00+00:00 [running]> on host ip-172-31-45-144.ec2.internal
[2024-06-20T16:34:56.708+0000] {taskinstance.py:2648} INFO - Exporting env vars: AIRFLOW_CTX_DAG_OWNER='Airflow' AIRFLOW_CTX_DAG_ID='nba_data_pipeline_dag' AIRFLOW_CTX_TASK_ID='upload_stats_to_s3' AIRFLOW_CTX_EXECUTION_DATE='2024-06-19T00:00:00+00:00' AIRFLOW_CTX_TRY_NUMBER='1' AIRFLOW_CTX_DAG_RUN_ID='scheduled__2024-06-19T00:00:00+00:00'
[2024-06-20T16:34:56.709+0000] {taskinstance.py:430} INFO - ::endgroup::
[2024-06-20T16:34:56.843+0000] {credentials.py:1075} INFO - Found credentials from IAM Role: nba_news_stats_s3
[2024-06-20T16:34:58.232+0000] {python.py:237} INFO - Done. Returned value was: s3://nba-stats-players/player_stats.csv
[2024-06-20T16:34:58.232+0000] {taskinstance.py:441} INFO - ::group::Post task execution logs
[2024-06-20T16:34:58.292+0000] {taskinstance.py:1206} INFO - Marking task as SUCCESS. dag_id=nba_data_pipeline_dag, task_id=upload_stats_to_s3, run_id=scheduled__2024-06-19T00:00:00+00:00, execution_date=20240619T000000, start_date=20240620T163456, end_date=20240620T163458
[2024-06-20T16:34:58.324+0000] {local_task_job_runner.py:240} INFO - Task exited with return code 0
[2024-06-20T16:34:58.365+0000] {taskinstance.py:3503} INFO - 1 downstream tasks scheduled from follow-on schedule check
[2024-06-20T16:34:58.367+0000] {local_task_job_runner.py:222} INFO - ::endgroup::
[2024-06-20T17:41:35.416+0000] {local_task_job_runner.py:120} INFO - ::group::Pre task execution logs
[2024-06-20T17:41:35.458+0000] {taskinstance.py:2076} INFO - Dependencies all met for dep_context=non-requeueable deps ti=<TaskInstance: nba_data_pipeline_dag.upload_stats_to_s3 scheduled__2024-06-19T00:00:00+00:00 [queued]>
[2024-06-20T17:41:35.466+0000] {taskinstance.py:2076} INFO - Dependencies all met for dep_context=requeueable deps ti=<TaskInstance: nba_data_pipeline_dag.upload_stats_to_s3 scheduled__2024-06-19T00:00:00+00:00 [queued]>
[2024-06-20T17:41:35.467+0000] {taskinstance.py:2306} INFO - Starting attempt 1 of 2
[2024-06-20T17:41:35.484+0000] {taskinstance.py:2330} INFO - Executing <Task(PythonOperator): upload_stats_to_s3> on 2024-06-19 00:00:00+00:00
[2024-06-20T17:41:35.499+0000] {logging_mixin.py:188} WARNING - /home/ubuntu/nba_ns_venv/lib/python3.12/site-packages/***/task/task_runner/standard_task_runner.py:61 DeprecationWarning: This process (pid=29744) is multi-threaded, use of fork() may lead to deadlocks in the child.
[2024-06-20T17:41:35.500+0000] {standard_task_runner.py:63} INFO - Started process 29759 to run task
[2024-06-20T17:41:35.498+0000] {standard_task_runner.py:90} INFO - Running: ['***', 'tasks', 'run', 'nba_data_pipeline_dag', 'upload_stats_to_s3', 'scheduled__2024-06-19T00:00:00+00:00', '--job-id', '1289', '--raw', '--subdir', 'DAGS_FOLDER/nba_data_pipeline_dag.py', '--cfg-path', '/tmp/tmp_0ebegqk']
[2024-06-20T17:41:35.503+0000] {standard_task_runner.py:91} INFO - Job 1289: Subtask upload_stats_to_s3
[2024-06-20T17:41:35.629+0000] {task_command.py:426} INFO - Running <TaskInstance: nba_data_pipeline_dag.upload_stats_to_s3 scheduled__2024-06-19T00:00:00+00:00 [running]> on host ip-172-31-45-144.ec2.internal
[2024-06-20T17:41:35.792+0000] {taskinstance.py:2648} INFO - Exporting env vars: AIRFLOW_CTX_DAG_OWNER='Airflow' AIRFLOW_CTX_DAG_ID='nba_data_pipeline_dag' AIRFLOW_CTX_TASK_ID='upload_stats_to_s3' AIRFLOW_CTX_EXECUTION_DATE='2024-06-19T00:00:00+00:00' AIRFLOW_CTX_TRY_NUMBER='1' AIRFLOW_CTX_DAG_RUN_ID='scheduled__2024-06-19T00:00:00+00:00'
[2024-06-20T17:41:35.793+0000] {taskinstance.py:430} INFO - ::endgroup::
[2024-06-20T17:41:35.943+0000] {credentials.py:1075} INFO - Found credentials from IAM Role: nba_news_stats_s3
[2024-06-20T17:41:36.234+0000] {python.py:237} INFO - Done. Returned value was: s3://nba-stats-players/player_stats.csv
[2024-06-20T17:41:36.235+0000] {taskinstance.py:441} INFO - ::group::Post task execution logs
[2024-06-20T17:41:36.291+0000] {taskinstance.py:1206} INFO - Marking task as SUCCESS. dag_id=nba_data_pipeline_dag, task_id=upload_stats_to_s3, run_id=scheduled__2024-06-19T00:00:00+00:00, execution_date=20240619T000000, start_date=20240620T174135, end_date=20240620T174136
[2024-06-20T17:41:36.322+0000] {local_task_job_runner.py:240} INFO - Task exited with return code 0
[2024-06-20T17:41:36.362+0000] {taskinstance.py:3503} INFO - 1 downstream tasks scheduled from follow-on schedule check
[2024-06-20T17:41:36.364+0000] {local_task_job_runner.py:222} INFO - ::endgroup::
[2024-06-20T18:03:59.025+0000] {local_task_job_runner.py:120} INFO - ::group::Pre task execution logs
[2024-06-20T18:03:59.068+0000] {taskinstance.py:2076} INFO - Dependencies all met for dep_context=non-requeueable deps ti=<TaskInstance: nba_data_pipeline_dag.upload_stats_to_s3 scheduled__2024-06-19T00:00:00+00:00 [queued]>
[2024-06-20T18:03:59.077+0000] {taskinstance.py:2076} INFO - Dependencies all met for dep_context=requeueable deps ti=<TaskInstance: nba_data_pipeline_dag.upload_stats_to_s3 scheduled__2024-06-19T00:00:00+00:00 [queued]>
[2024-06-20T18:03:59.077+0000] {taskinstance.py:2306} INFO - Starting attempt 1 of 2
[2024-06-20T18:03:59.089+0000] {taskinstance.py:2330} INFO - Executing <Task(PythonOperator): upload_stats_to_s3> on 2024-06-19 00:00:00+00:00
[2024-06-20T18:03:59.105+0000] {logging_mixin.py:188} WARNING - /home/ubuntu/nba_ns_venv/lib/python3.12/site-packages/***/task/task_runner/standard_task_runner.py:61 DeprecationWarning: This process (pid=37106) is multi-threaded, use of fork() may lead to deadlocks in the child.
[2024-06-20T18:03:59.106+0000] {standard_task_runner.py:63} INFO - Started process 37121 to run task
[2024-06-20T18:03:59.103+0000] {standard_task_runner.py:90} INFO - Running: ['***', 'tasks', 'run', 'nba_data_pipeline_dag', 'upload_stats_to_s3', 'scheduled__2024-06-19T00:00:00+00:00', '--job-id', '1325', '--raw', '--subdir', 'DAGS_FOLDER/nba_data_pipeline_dag.py', '--cfg-path', '/tmp/tmpxz09mo9l']
[2024-06-20T18:03:59.108+0000] {standard_task_runner.py:91} INFO - Job 1325: Subtask upload_stats_to_s3
[2024-06-20T18:03:59.213+0000] {task_command.py:426} INFO - Running <TaskInstance: nba_data_pipeline_dag.upload_stats_to_s3 scheduled__2024-06-19T00:00:00+00:00 [running]> on host ip-172-31-45-144.ec2.internal
[2024-06-20T18:03:59.428+0000] {taskinstance.py:2648} INFO - Exporting env vars: AIRFLOW_CTX_DAG_OWNER='Airflow' AIRFLOW_CTX_DAG_ID='nba_data_pipeline_dag' AIRFLOW_CTX_TASK_ID='upload_stats_to_s3' AIRFLOW_CTX_EXECUTION_DATE='2024-06-19T00:00:00+00:00' AIRFLOW_CTX_TRY_NUMBER='1' AIRFLOW_CTX_DAG_RUN_ID='scheduled__2024-06-19T00:00:00+00:00'
[2024-06-20T18:03:59.431+0000] {taskinstance.py:430} INFO - ::endgroup::
[2024-06-20T18:03:59.574+0000] {credentials.py:1075} INFO - Found credentials from IAM Role: nba_news_stats_s3
[2024-06-20T18:03:59.876+0000] {python.py:237} INFO - Done. Returned value was: s3://nba-stats-players/player_stats.csv
[2024-06-20T18:03:59.877+0000] {taskinstance.py:441} INFO - ::group::Post task execution logs
[2024-06-20T18:03:59.936+0000] {taskinstance.py:1206} INFO - Marking task as SUCCESS. dag_id=nba_data_pipeline_dag, task_id=upload_stats_to_s3, run_id=scheduled__2024-06-19T00:00:00+00:00, execution_date=20240619T000000, start_date=20240620T180359, end_date=20240620T180359
[2024-06-20T18:03:59.968+0000] {local_task_job_runner.py:240} INFO - Task exited with return code 0
[2024-06-20T18:04:00.040+0000] {taskinstance.py:3503} INFO - 1 downstream tasks scheduled from follow-on schedule check
[2024-06-20T18:04:00.045+0000] {local_task_job_runner.py:222} INFO - ::endgroup::
[2024-06-20T18:08:08.481+0000] {local_task_job_runner.py:120} INFO - ::group::Pre task execution logs
[2024-06-20T18:08:08.533+0000] {taskinstance.py:2076} INFO - Dependencies all met for dep_context=non-requeueable deps ti=<TaskInstance: nba_data_pipeline_dag.upload_stats_to_s3 scheduled__2024-06-19T00:00:00+00:00 [queued]>
[2024-06-20T18:08:08.543+0000] {taskinstance.py:2076} INFO - Dependencies all met for dep_context=requeueable deps ti=<TaskInstance: nba_data_pipeline_dag.upload_stats_to_s3 scheduled__2024-06-19T00:00:00+00:00 [queued]>
[2024-06-20T18:08:08.543+0000] {taskinstance.py:2306} INFO - Starting attempt 1 of 2
[2024-06-20T18:08:08.559+0000] {taskinstance.py:2330} INFO - Executing <Task(PythonOperator): upload_stats_to_s3> on 2024-06-19 00:00:00+00:00
[2024-06-20T18:08:08.577+0000] {logging_mixin.py:188} WARNING - /home/ubuntu/nba_ns_venv/lib/python3.12/site-packages/***/task/task_runner/standard_task_runner.py:61 DeprecationWarning: This process (pid=42224) is multi-threaded, use of fork() may lead to deadlocks in the child.
[2024-06-20T18:08:08.581+0000] {standard_task_runner.py:63} INFO - Started process 42289 to run task
[2024-06-20T18:08:08.580+0000] {standard_task_runner.py:90} INFO - Running: ['***', 'tasks', 'run', 'nba_data_pipeline_dag', 'upload_stats_to_s3', 'scheduled__2024-06-19T00:00:00+00:00', '--job-id', '1360', '--raw', '--subdir', 'DAGS_FOLDER/nba_data_pipeline_dag.py', '--cfg-path', '/tmp/tmpgvjw0ax5']
[2024-06-20T18:08:08.585+0000] {standard_task_runner.py:91} INFO - Job 1360: Subtask upload_stats_to_s3
[2024-06-20T18:08:08.719+0000] {task_command.py:426} INFO - Running <TaskInstance: nba_data_pipeline_dag.upload_stats_to_s3 scheduled__2024-06-19T00:00:00+00:00 [running]> on host ip-172-31-45-144.ec2.internal
[2024-06-20T18:08:08.869+0000] {taskinstance.py:2648} INFO - Exporting env vars: AIRFLOW_CTX_DAG_OWNER='Airflow' AIRFLOW_CTX_DAG_ID='nba_data_pipeline_dag' AIRFLOW_CTX_TASK_ID='upload_stats_to_s3' AIRFLOW_CTX_EXECUTION_DATE='2024-06-19T00:00:00+00:00' AIRFLOW_CTX_TRY_NUMBER='1' AIRFLOW_CTX_DAG_RUN_ID='scheduled__2024-06-19T00:00:00+00:00'
[2024-06-20T18:08:08.872+0000] {taskinstance.py:430} INFO - ::endgroup::
[2024-06-20T18:08:09.011+0000] {credentials.py:1075} INFO - Found credentials from IAM Role: nba_news_stats_s3
[2024-06-20T18:08:09.290+0000] {python.py:237} INFO - Done. Returned value was: s3://nba-stats-players/player_stats.csv
[2024-06-20T18:08:09.292+0000] {taskinstance.py:441} INFO - ::group::Post task execution logs
[2024-06-20T18:08:09.367+0000] {taskinstance.py:1206} INFO - Marking task as SUCCESS. dag_id=nba_data_pipeline_dag, task_id=upload_stats_to_s3, run_id=scheduled__2024-06-19T00:00:00+00:00, execution_date=20240619T000000, start_date=20240620T180808, end_date=20240620T180809
[2024-06-20T18:08:09.401+0000] {local_task_job_runner.py:240} INFO - Task exited with return code 0
[2024-06-20T18:08:09.441+0000] {taskinstance.py:3503} INFO - 1 downstream tasks scheduled from follow-on schedule check
[2024-06-20T18:08:09.442+0000] {local_task_job_runner.py:222} INFO - ::endgroup::
[2024-06-20T18:12:53.105+0000] {local_task_job_runner.py:120} INFO - ::group::Pre task execution logs
[2024-06-20T18:12:53.146+0000] {taskinstance.py:2076} INFO - Dependencies all met for dep_context=non-requeueable deps ti=<TaskInstance: nba_data_pipeline_dag.upload_stats_to_s3 scheduled__2024-06-19T00:00:00+00:00 [queued]>
[2024-06-20T18:12:53.154+0000] {taskinstance.py:2076} INFO - Dependencies all met for dep_context=requeueable deps ti=<TaskInstance: nba_data_pipeline_dag.upload_stats_to_s3 scheduled__2024-06-19T00:00:00+00:00 [queued]>
[2024-06-20T18:12:53.154+0000] {taskinstance.py:2306} INFO - Starting attempt 1 of 2
[2024-06-20T18:12:53.166+0000] {taskinstance.py:2330} INFO - Executing <Task(PythonOperator): upload_stats_to_s3> on 2024-06-19 00:00:00+00:00
[2024-06-20T18:12:53.177+0000] {logging_mixin.py:188} WARNING - /home/ubuntu/nba_ns_venv/lib/python3.12/site-packages/***/task/task_runner/standard_task_runner.py:61 DeprecationWarning: This process (pid=46918) is multi-threaded, use of fork() may lead to deadlocks in the child.
[2024-06-20T18:12:53.178+0000] {standard_task_runner.py:63} INFO - Started process 46926 to run task
[2024-06-20T18:12:53.180+0000] {standard_task_runner.py:90} INFO - Running: ['***', 'tasks', 'run', 'nba_data_pipeline_dag', 'upload_stats_to_s3', 'scheduled__2024-06-19T00:00:00+00:00', '--job-id', '1393', '--raw', '--subdir', 'DAGS_FOLDER/nba_data_pipeline_dag.py', '--cfg-path', '/tmp/tmpyf66k8d8']
[2024-06-20T18:12:53.182+0000] {standard_task_runner.py:91} INFO - Job 1393: Subtask upload_stats_to_s3
[2024-06-20T18:12:53.272+0000] {task_command.py:426} INFO - Running <TaskInstance: nba_data_pipeline_dag.upload_stats_to_s3 scheduled__2024-06-19T00:00:00+00:00 [running]> on host ip-172-31-45-144.ec2.internal
[2024-06-20T18:12:53.414+0000] {taskinstance.py:2648} INFO - Exporting env vars: AIRFLOW_CTX_DAG_OWNER='Airflow' AIRFLOW_CTX_DAG_ID='nba_data_pipeline_dag' AIRFLOW_CTX_TASK_ID='upload_stats_to_s3' AIRFLOW_CTX_EXECUTION_DATE='2024-06-19T00:00:00+00:00' AIRFLOW_CTX_TRY_NUMBER='1' AIRFLOW_CTX_DAG_RUN_ID='scheduled__2024-06-19T00:00:00+00:00'
[2024-06-20T18:12:53.415+0000] {taskinstance.py:430} INFO - ::endgroup::
[2024-06-20T18:12:53.545+0000] {credentials.py:1075} INFO - Found credentials from IAM Role: nba_news_stats_s3
[2024-06-20T18:12:53.809+0000] {python.py:237} INFO - Done. Returned value was: s3://nba-stats-players/player_stats.csv
[2024-06-20T18:12:53.810+0000] {taskinstance.py:441} INFO - ::group::Post task execution logs
[2024-06-20T18:12:53.864+0000] {taskinstance.py:1206} INFO - Marking task as SUCCESS. dag_id=nba_data_pipeline_dag, task_id=upload_stats_to_s3, run_id=scheduled__2024-06-19T00:00:00+00:00, execution_date=20240619T000000, start_date=20240620T181253, end_date=20240620T181253
[2024-06-20T18:12:53.922+0000] {local_task_job_runner.py:240} INFO - Task exited with return code 0
[2024-06-20T18:12:53.961+0000] {taskinstance.py:3503} INFO - 1 downstream tasks scheduled from follow-on schedule check
[2024-06-20T18:12:53.963+0000] {local_task_job_runner.py:222} INFO - ::endgroup::
[2024-06-20T18:17:28.787+0000] {local_task_job_runner.py:120} INFO - ::group::Pre task execution logs
[2024-06-20T18:17:28.827+0000] {taskinstance.py:2076} INFO - Dependencies all met for dep_context=non-requeueable deps ti=<TaskInstance: nba_data_pipeline_dag.upload_stats_to_s3 scheduled__2024-06-19T00:00:00+00:00 [queued]>
[2024-06-20T18:17:28.839+0000] {taskinstance.py:2076} INFO - Dependencies all met for dep_context=requeueable deps ti=<TaskInstance: nba_data_pipeline_dag.upload_stats_to_s3 scheduled__2024-06-19T00:00:00+00:00 [queued]>
[2024-06-20T18:17:28.840+0000] {taskinstance.py:2306} INFO - Starting attempt 1 of 2
[2024-06-20T18:17:28.851+0000] {taskinstance.py:2330} INFO - Executing <Task(PythonOperator): upload_stats_to_s3> on 2024-06-19 00:00:00+00:00
[2024-06-20T18:17:28.866+0000] {logging_mixin.py:188} WARNING - /home/ubuntu/nba_ns_venv/lib/python3.12/site-packages/***/task/task_runner/standard_task_runner.py:61 DeprecationWarning: This process (pid=51269) is multi-threaded, use of fork() may lead to deadlocks in the child.
[2024-06-20T18:17:28.869+0000] {standard_task_runner.py:63} INFO - Started process 51284 to run task
[2024-06-20T18:17:28.867+0000] {standard_task_runner.py:90} INFO - Running: ['***', 'tasks', 'run', 'nba_data_pipeline_dag', 'upload_stats_to_s3', 'scheduled__2024-06-19T00:00:00+00:00', '--job-id', '1427', '--raw', '--subdir', 'DAGS_FOLDER/nba_data_pipeline_dag.py', '--cfg-path', '/tmp/tmp6l6qw8iq']
[2024-06-20T18:17:28.871+0000] {standard_task_runner.py:91} INFO - Job 1427: Subtask upload_stats_to_s3
[2024-06-20T18:17:29.015+0000] {task_command.py:426} INFO - Running <TaskInstance: nba_data_pipeline_dag.upload_stats_to_s3 scheduled__2024-06-19T00:00:00+00:00 [running]> on host ip-172-31-45-144.ec2.internal
[2024-06-20T18:17:29.207+0000] {taskinstance.py:2648} INFO - Exporting env vars: AIRFLOW_CTX_DAG_OWNER='Airflow' AIRFLOW_CTX_DAG_ID='nba_data_pipeline_dag' AIRFLOW_CTX_TASK_ID='upload_stats_to_s3' AIRFLOW_CTX_EXECUTION_DATE='2024-06-19T00:00:00+00:00' AIRFLOW_CTX_TRY_NUMBER='1' AIRFLOW_CTX_DAG_RUN_ID='scheduled__2024-06-19T00:00:00+00:00'
[2024-06-20T18:17:29.208+0000] {taskinstance.py:430} INFO - ::endgroup::
[2024-06-20T18:17:29.340+0000] {credentials.py:1075} INFO - Found credentials from IAM Role: nba_news_stats_s3
[2024-06-20T18:17:29.718+0000] {python.py:237} INFO - Done. Returned value was: s3://nba-stats-players/player_stats.csv
[2024-06-20T18:17:29.718+0000] {taskinstance.py:441} INFO - ::group::Post task execution logs
[2024-06-20T18:17:29.772+0000] {taskinstance.py:1206} INFO - Marking task as SUCCESS. dag_id=nba_data_pipeline_dag, task_id=upload_stats_to_s3, run_id=scheduled__2024-06-19T00:00:00+00:00, execution_date=20240619T000000, start_date=20240620T181728, end_date=20240620T181729
[2024-06-20T18:17:29.815+0000] {local_task_job_runner.py:240} INFO - Task exited with return code 0
[2024-06-20T18:17:29.860+0000] {taskinstance.py:3503} INFO - 1 downstream tasks scheduled from follow-on schedule check
[2024-06-20T18:17:29.862+0000] {local_task_job_runner.py:222} INFO - ::endgroup::
[2024-06-20T18:24:34.699+0000] {local_task_job_runner.py:120} INFO - ::group::Pre task execution logs
[2024-06-20T18:24:34.743+0000] {taskinstance.py:2076} INFO - Dependencies all met for dep_context=non-requeueable deps ti=<TaskInstance: nba_data_pipeline_dag.upload_stats_to_s3 scheduled__2024-06-19T00:00:00+00:00 [queued]>
[2024-06-20T18:24:34.752+0000] {taskinstance.py:2076} INFO - Dependencies all met for dep_context=requeueable deps ti=<TaskInstance: nba_data_pipeline_dag.upload_stats_to_s3 scheduled__2024-06-19T00:00:00+00:00 [queued]>
[2024-06-20T18:24:34.753+0000] {taskinstance.py:2306} INFO - Starting attempt 1 of 2
[2024-06-20T18:24:34.765+0000] {taskinstance.py:2330} INFO - Executing <Task(PythonOperator): upload_stats_to_s3> on 2024-06-19 00:00:00+00:00
[2024-06-20T18:24:34.779+0000] {logging_mixin.py:188} WARNING - /home/ubuntu/nba_ns_venv/lib/python3.12/site-packages/***/task/task_runner/standard_task_runner.py:61 DeprecationWarning: This process (pid=57990) is multi-threaded, use of fork() may lead to deadlocks in the child.
[2024-06-20T18:24:34.783+0000] {standard_task_runner.py:63} INFO - Started process 58010 to run task
[2024-06-20T18:24:34.782+0000] {standard_task_runner.py:90} INFO - Running: ['***', 'tasks', 'run', 'nba_data_pipeline_dag', 'upload_stats_to_s3', 'scheduled__2024-06-19T00:00:00+00:00', '--job-id', '1465', '--raw', '--subdir', 'DAGS_FOLDER/nba_data_pipeline_dag.py', '--cfg-path', '/tmp/tmpmaeuuvcb']
[2024-06-20T18:24:34.785+0000] {standard_task_runner.py:91} INFO - Job 1465: Subtask upload_stats_to_s3
[2024-06-20T18:24:34.919+0000] {task_command.py:426} INFO - Running <TaskInstance: nba_data_pipeline_dag.upload_stats_to_s3 scheduled__2024-06-19T00:00:00+00:00 [running]> on host ip-172-31-45-144.ec2.internal
[2024-06-20T18:24:35.086+0000] {taskinstance.py:2648} INFO - Exporting env vars: AIRFLOW_CTX_DAG_OWNER='Airflow' AIRFLOW_CTX_DAG_ID='nba_data_pipeline_dag' AIRFLOW_CTX_TASK_ID='upload_stats_to_s3' AIRFLOW_CTX_EXECUTION_DATE='2024-06-19T00:00:00+00:00' AIRFLOW_CTX_TRY_NUMBER='1' AIRFLOW_CTX_DAG_RUN_ID='scheduled__2024-06-19T00:00:00+00:00'
[2024-06-20T18:24:35.087+0000] {taskinstance.py:430} INFO - ::endgroup::
[2024-06-20T18:24:35.223+0000] {credentials.py:1075} INFO - Found credentials from IAM Role: nba_news_stats_s3
[2024-06-20T18:24:35.496+0000] {python.py:237} INFO - Done. Returned value was: s3://nba-stats-players/player_stats.csv
[2024-06-20T18:24:35.497+0000] {taskinstance.py:441} INFO - ::group::Post task execution logs
[2024-06-20T18:24:35.547+0000] {taskinstance.py:1206} INFO - Marking task as SUCCESS. dag_id=nba_data_pipeline_dag, task_id=upload_stats_to_s3, run_id=scheduled__2024-06-19T00:00:00+00:00, execution_date=20240619T000000, start_date=20240620T182434, end_date=20240620T182435
[2024-06-20T18:24:35.607+0000] {local_task_job_runner.py:240} INFO - Task exited with return code 0
[2024-06-20T18:24:35.647+0000] {taskinstance.py:3503} INFO - 1 downstream tasks scheduled from follow-on schedule check
[2024-06-20T18:24:35.648+0000] {local_task_job_runner.py:222} INFO - ::endgroup::
[2024-06-20T18:28:01.302+0000] {local_task_job_runner.py:120} INFO - ::group::Pre task execution logs
[2024-06-20T18:28:01.345+0000] {taskinstance.py:2076} INFO - Dependencies all met for dep_context=non-requeueable deps ti=<TaskInstance: nba_data_pipeline_dag.upload_stats_to_s3 scheduled__2024-06-19T00:00:00+00:00 [queued]>
[2024-06-20T18:28:01.354+0000] {taskinstance.py:2076} INFO - Dependencies all met for dep_context=requeueable deps ti=<TaskInstance: nba_data_pipeline_dag.upload_stats_to_s3 scheduled__2024-06-19T00:00:00+00:00 [queued]>
[2024-06-20T18:28:01.355+0000] {taskinstance.py:2306} INFO - Starting attempt 1 of 2
[2024-06-20T18:28:01.367+0000] {taskinstance.py:2330} INFO - Executing <Task(PythonOperator): upload_stats_to_s3> on 2024-06-19 00:00:00+00:00
[2024-06-20T18:28:01.380+0000] {logging_mixin.py:188} WARNING - /home/ubuntu/nba_ns_venv/lib/python3.12/site-packages/***/task/task_runner/standard_task_runner.py:61 DeprecationWarning: This process (pid=62705) is multi-threaded, use of fork() may lead to deadlocks in the child.
[2024-06-20T18:28:01.384+0000] {standard_task_runner.py:63} INFO - Started process 62721 to run task
[2024-06-20T18:28:01.382+0000] {standard_task_runner.py:90} INFO - Running: ['***', 'tasks', 'run', 'nba_data_pipeline_dag', 'upload_stats_to_s3', 'scheduled__2024-06-19T00:00:00+00:00', '--job-id', '1499', '--raw', '--subdir', 'DAGS_FOLDER/nba_data_pipeline_dag.py', '--cfg-path', '/tmp/tmp3rnv1gbs']
[2024-06-20T18:28:01.386+0000] {standard_task_runner.py:91} INFO - Job 1499: Subtask upload_stats_to_s3
[2024-06-20T18:28:01.528+0000] {task_command.py:426} INFO - Running <TaskInstance: nba_data_pipeline_dag.upload_stats_to_s3 scheduled__2024-06-19T00:00:00+00:00 [running]> on host ip-172-31-45-144.ec2.internal
[2024-06-20T18:28:01.699+0000] {taskinstance.py:2648} INFO - Exporting env vars: AIRFLOW_CTX_DAG_OWNER='Airflow' AIRFLOW_CTX_DAG_ID='nba_data_pipeline_dag' AIRFLOW_CTX_TASK_ID='upload_stats_to_s3' AIRFLOW_CTX_EXECUTION_DATE='2024-06-19T00:00:00+00:00' AIRFLOW_CTX_TRY_NUMBER='1' AIRFLOW_CTX_DAG_RUN_ID='scheduled__2024-06-19T00:00:00+00:00'
[2024-06-20T18:28:01.702+0000] {taskinstance.py:430} INFO - ::endgroup::
[2024-06-20T18:28:01.840+0000] {credentials.py:1075} INFO - Found credentials from IAM Role: nba_news_stats_s3
[2024-06-20T18:28:03.180+0000] {python.py:237} INFO - Done. Returned value was: s3://nba-stats-players/player_stats.csv
[2024-06-20T18:28:03.180+0000] {taskinstance.py:441} INFO - ::group::Post task execution logs
[2024-06-20T18:28:03.235+0000] {taskinstance.py:1206} INFO - Marking task as SUCCESS. dag_id=nba_data_pipeline_dag, task_id=upload_stats_to_s3, run_id=scheduled__2024-06-19T00:00:00+00:00, execution_date=20240619T000000, start_date=20240620T182801, end_date=20240620T182803
[2024-06-20T18:28:03.295+0000] {local_task_job_runner.py:240} INFO - Task exited with return code 0
[2024-06-20T18:28:03.336+0000] {taskinstance.py:3503} INFO - 1 downstream tasks scheduled from follow-on schedule check
[2024-06-20T18:28:03.338+0000] {local_task_job_runner.py:222} INFO - ::endgroup::
[2024-06-20T18:31:21.204+0000] {local_task_job_runner.py:120} INFO - ::group::Pre task execution logs
[2024-06-20T18:31:21.246+0000] {taskinstance.py:2076} INFO - Dependencies all met for dep_context=non-requeueable deps ti=<TaskInstance: nba_data_pipeline_dag.upload_stats_to_s3 scheduled__2024-06-19T00:00:00+00:00 [queued]>
[2024-06-20T18:31:21.254+0000] {taskinstance.py:2076} INFO - Dependencies all met for dep_context=requeueable deps ti=<TaskInstance: nba_data_pipeline_dag.upload_stats_to_s3 scheduled__2024-06-19T00:00:00+00:00 [queued]>
[2024-06-20T18:31:21.255+0000] {taskinstance.py:2306} INFO - Starting attempt 1 of 2
[2024-06-20T18:31:21.267+0000] {taskinstance.py:2330} INFO - Executing <Task(PythonOperator): upload_stats_to_s3> on 2024-06-19 00:00:00+00:00
[2024-06-20T18:31:21.275+0000] {logging_mixin.py:188} WARNING - /home/ubuntu/nba_ns_venv/lib/python3.12/site-packages/***/task/task_runner/standard_task_runner.py:61 DeprecationWarning: This process (pid=66991) is multi-threaded, use of fork() may lead to deadlocks in the child.
[2024-06-20T18:31:21.277+0000] {standard_task_runner.py:63} INFO - Started process 67006 to run task
[2024-06-20T18:31:21.275+0000] {standard_task_runner.py:90} INFO - Running: ['***', 'tasks', 'run', 'nba_data_pipeline_dag', 'upload_stats_to_s3', 'scheduled__2024-06-19T00:00:00+00:00', '--job-id', '1531', '--raw', '--subdir', 'DAGS_FOLDER/nba_data_pipeline_dag.py', '--cfg-path', '/tmp/tmplwrirut6']
[2024-06-20T18:31:21.278+0000] {standard_task_runner.py:91} INFO - Job 1531: Subtask upload_stats_to_s3
[2024-06-20T18:31:21.376+0000] {task_command.py:426} INFO - Running <TaskInstance: nba_data_pipeline_dag.upload_stats_to_s3 scheduled__2024-06-19T00:00:00+00:00 [running]> on host ip-172-31-45-144.ec2.internal
[2024-06-20T18:31:21.530+0000] {taskinstance.py:2648} INFO - Exporting env vars: AIRFLOW_CTX_DAG_OWNER='Airflow' AIRFLOW_CTX_DAG_ID='nba_data_pipeline_dag' AIRFLOW_CTX_TASK_ID='upload_stats_to_s3' AIRFLOW_CTX_EXECUTION_DATE='2024-06-19T00:00:00+00:00' AIRFLOW_CTX_TRY_NUMBER='1' AIRFLOW_CTX_DAG_RUN_ID='scheduled__2024-06-19T00:00:00+00:00'
[2024-06-20T18:31:21.535+0000] {taskinstance.py:430} INFO - ::endgroup::
[2024-06-20T18:31:21.715+0000] {credentials.py:1075} INFO - Found credentials from IAM Role: nba_news_stats_s3
[2024-06-20T18:31:22.036+0000] {python.py:237} INFO - Done. Returned value was: s3://nba-stats-players/player_stats.csv
[2024-06-20T18:31:22.036+0000] {taskinstance.py:441} INFO - ::group::Post task execution logs
[2024-06-20T18:31:22.089+0000] {taskinstance.py:1206} INFO - Marking task as SUCCESS. dag_id=nba_data_pipeline_dag, task_id=upload_stats_to_s3, run_id=scheduled__2024-06-19T00:00:00+00:00, execution_date=20240619T000000, start_date=20240620T183121, end_date=20240620T183122
[2024-06-20T18:31:22.138+0000] {local_task_job_runner.py:240} INFO - Task exited with return code 0
[2024-06-20T18:31:22.179+0000] {taskinstance.py:3503} INFO - 1 downstream tasks scheduled from follow-on schedule check
[2024-06-20T18:31:22.181+0000] {local_task_job_runner.py:222} INFO - ::endgroup::
[2024-06-20T18:38:32.980+0000] {local_task_job_runner.py:120} INFO - ::group::Pre task execution logs
[2024-06-20T18:38:33.022+0000] {taskinstance.py:2076} INFO - Dependencies all met for dep_context=non-requeueable deps ti=<TaskInstance: nba_data_pipeline_dag.upload_stats_to_s3 scheduled__2024-06-19T00:00:00+00:00 [queued]>
[2024-06-20T18:38:33.031+0000] {taskinstance.py:2076} INFO - Dependencies all met for dep_context=requeueable deps ti=<TaskInstance: nba_data_pipeline_dag.upload_stats_to_s3 scheduled__2024-06-19T00:00:00+00:00 [queued]>
[2024-06-20T18:38:33.032+0000] {taskinstance.py:2306} INFO - Starting attempt 1 of 2
[2024-06-20T18:38:33.044+0000] {taskinstance.py:2330} INFO - Executing <Task(PythonOperator): upload_stats_to_s3> on 2024-06-19 00:00:00+00:00
[2024-06-20T18:38:33.058+0000] {logging_mixin.py:188} WARNING - /home/ubuntu/nba_ns_venv/lib/python3.12/site-packages/***/task/task_runner/standard_task_runner.py:61 DeprecationWarning: This process (pid=72837) is multi-threaded, use of fork() may lead to deadlocks in the child.
[2024-06-20T18:38:33.059+0000] {standard_task_runner.py:63} INFO - Started process 72866 to run task
[2024-06-20T18:38:33.059+0000] {standard_task_runner.py:90} INFO - Running: ['***', 'tasks', 'run', 'nba_data_pipeline_dag', 'upload_stats_to_s3', 'scheduled__2024-06-19T00:00:00+00:00', '--job-id', '1566', '--raw', '--subdir', 'DAGS_FOLDER/nba_data_pipeline_dag.py', '--cfg-path', '/tmp/tmpljucuykf']
[2024-06-20T18:38:33.061+0000] {standard_task_runner.py:91} INFO - Job 1566: Subtask upload_stats_to_s3
[2024-06-20T18:38:33.174+0000] {task_command.py:426} INFO - Running <TaskInstance: nba_data_pipeline_dag.upload_stats_to_s3 scheduled__2024-06-19T00:00:00+00:00 [running]> on host ip-172-31-45-144.ec2.internal
[2024-06-20T18:38:33.358+0000] {taskinstance.py:2648} INFO - Exporting env vars: AIRFLOW_CTX_DAG_OWNER='Airflow' AIRFLOW_CTX_DAG_ID='nba_data_pipeline_dag' AIRFLOW_CTX_TASK_ID='upload_stats_to_s3' AIRFLOW_CTX_EXECUTION_DATE='2024-06-19T00:00:00+00:00' AIRFLOW_CTX_TRY_NUMBER='1' AIRFLOW_CTX_DAG_RUN_ID='scheduled__2024-06-19T00:00:00+00:00'
[2024-06-20T18:38:33.359+0000] {taskinstance.py:430} INFO - ::endgroup::
[2024-06-20T18:38:33.496+0000] {credentials.py:1075} INFO - Found credentials from IAM Role: nba_news_stats_s3
[2024-06-20T18:38:33.844+0000] {python.py:237} INFO - Done. Returned value was: s3://nba-stats-players/player_stats.csv
[2024-06-20T18:38:33.844+0000] {taskinstance.py:441} INFO - ::group::Post task execution logs
[2024-06-20T18:38:33.894+0000] {taskinstance.py:1206} INFO - Marking task as SUCCESS. dag_id=nba_data_pipeline_dag, task_id=upload_stats_to_s3, run_id=scheduled__2024-06-19T00:00:00+00:00, execution_date=20240619T000000, start_date=20240620T183833, end_date=20240620T183833
[2024-06-20T18:38:33.918+0000] {local_task_job_runner.py:240} INFO - Task exited with return code 0
[2024-06-20T18:38:33.958+0000] {taskinstance.py:3503} INFO - 1 downstream tasks scheduled from follow-on schedule check
[2024-06-20T18:38:33.960+0000] {local_task_job_runner.py:222} INFO - ::endgroup::
[2024-06-20T21:20:14.114+0000] {local_task_job_runner.py:120} INFO - ::group::Pre task execution logs
[2024-06-20T21:20:14.181+0000] {taskinstance.py:2076} INFO - Dependencies all met for dep_context=non-requeueable deps ti=<TaskInstance: nba_data_pipeline_dag.upload_stats_to_s3 scheduled__2024-06-19T00:00:00+00:00 [queued]>
[2024-06-20T21:20:14.191+0000] {taskinstance.py:2076} INFO - Dependencies all met for dep_context=requeueable deps ti=<TaskInstance: nba_data_pipeline_dag.upload_stats_to_s3 scheduled__2024-06-19T00:00:00+00:00 [queued]>
[2024-06-20T21:20:14.191+0000] {taskinstance.py:2306} INFO - Starting attempt 1 of 2
[2024-06-20T21:20:14.208+0000] {taskinstance.py:2330} INFO - Executing <Task(PythonOperator): upload_stats_to_s3> on 2024-06-19 00:00:00+00:00
[2024-06-20T21:20:14.221+0000] {standard_task_runner.py:90} INFO - Running: ['***', 'tasks', 'run', 'nba_data_pipeline_dag', 'upload_stats_to_s3', 'scheduled__2024-06-19T00:00:00+00:00', '--job-id', '1602', '--raw', '--subdir', 'DAGS_FOLDER/nba_data_pipeline_dag.py', '--cfg-path', '/tmp/tmpegylp_3d']
[2024-06-20T21:20:14.228+0000] {standard_task_runner.py:91} INFO - Job 1602: Subtask upload_stats_to_s3
[2024-06-20T21:20:14.230+0000] {logging_mixin.py:188} WARNING - /home/ubuntu/nba_ns_venv/lib/python3.12/site-packages/***/task/task_runner/standard_task_runner.py:61 DeprecationWarning: This process (pid=5264) is multi-threaded, use of fork() may lead to deadlocks in the child.
[2024-06-20T21:20:14.230+0000] {standard_task_runner.py:63} INFO - Started process 5355 to run task
[2024-06-20T21:20:14.346+0000] {task_command.py:426} INFO - Running <TaskInstance: nba_data_pipeline_dag.upload_stats_to_s3 scheduled__2024-06-19T00:00:00+00:00 [running]> on host ip-172-31-45-144.ec2.internal
[2024-06-20T21:20:14.507+0000] {taskinstance.py:2648} INFO - Exporting env vars: AIRFLOW_CTX_DAG_OWNER='Airflow' AIRFLOW_CTX_DAG_ID='nba_data_pipeline_dag' AIRFLOW_CTX_TASK_ID='upload_stats_to_s3' AIRFLOW_CTX_EXECUTION_DATE='2024-06-19T00:00:00+00:00' AIRFLOW_CTX_TRY_NUMBER='1' AIRFLOW_CTX_DAG_RUN_ID='scheduled__2024-06-19T00:00:00+00:00'
[2024-06-20T21:20:14.512+0000] {taskinstance.py:430} INFO - ::endgroup::
[2024-06-20T21:20:14.660+0000] {credentials.py:1075} INFO - Found credentials from IAM Role: nba_news_stats_s3
[2024-06-20T21:20:14.923+0000] {python.py:237} INFO - Done. Returned value was: s3://nba-stats-players/player_stats.csv
[2024-06-20T21:20:14.923+0000] {taskinstance.py:441} INFO - ::group::Post task execution logs
[2024-06-20T21:20:14.981+0000] {taskinstance.py:1206} INFO - Marking task as SUCCESS. dag_id=nba_data_pipeline_dag, task_id=upload_stats_to_s3, run_id=scheduled__2024-06-19T00:00:00+00:00, execution_date=20240619T000000, start_date=20240620T212014, end_date=20240620T212014
[2024-06-20T21:20:15.015+0000] {local_task_job_runner.py:240} INFO - Task exited with return code 0
[2024-06-20T21:20:15.056+0000] {taskinstance.py:3503} INFO - 1 downstream tasks scheduled from follow-on schedule check
[2024-06-20T21:20:15.061+0000] {local_task_job_runner.py:222} INFO - ::endgroup::
[2024-06-20T21:25:45.447+0000] {local_task_job_runner.py:120} INFO - ::group::Pre task execution logs
[2024-06-20T21:25:45.490+0000] {taskinstance.py:2076} INFO - Dependencies all met for dep_context=non-requeueable deps ti=<TaskInstance: nba_data_pipeline_dag.upload_stats_to_s3 scheduled__2024-06-19T00:00:00+00:00 [queued]>
[2024-06-20T21:25:45.501+0000] {taskinstance.py:2076} INFO - Dependencies all met for dep_context=requeueable deps ti=<TaskInstance: nba_data_pipeline_dag.upload_stats_to_s3 scheduled__2024-06-19T00:00:00+00:00 [queued]>
[2024-06-20T21:25:45.502+0000] {taskinstance.py:2306} INFO - Starting attempt 1 of 2
[2024-06-20T21:25:45.531+0000] {taskinstance.py:2330} INFO - Executing <Task(PythonOperator): upload_stats_to_s3> on 2024-06-19 00:00:00+00:00
[2024-06-20T21:25:45.549+0000] {logging_mixin.py:188} WARNING - /home/ubuntu/nba_ns_venv/lib/python3.12/site-packages/***/task/task_runner/standard_task_runner.py:61 DeprecationWarning: This process (pid=10041) is multi-threaded, use of fork() may lead to deadlocks in the child.
[2024-06-20T21:25:45.554+0000] {standard_task_runner.py:63} INFO - Started process 10087 to run task
[2024-06-20T21:25:45.554+0000] {standard_task_runner.py:90} INFO - Running: ['***', 'tasks', 'run', 'nba_data_pipeline_dag', 'upload_stats_to_s3', 'scheduled__2024-06-19T00:00:00+00:00', '--job-id', '1636', '--raw', '--subdir', 'DAGS_FOLDER/nba_data_pipeline_dag.py', '--cfg-path', '/tmp/tmppu0atqjl']
[2024-06-20T21:25:45.558+0000] {standard_task_runner.py:91} INFO - Job 1636: Subtask upload_stats_to_s3
[2024-06-20T21:25:45.710+0000] {task_command.py:426} INFO - Running <TaskInstance: nba_data_pipeline_dag.upload_stats_to_s3 scheduled__2024-06-19T00:00:00+00:00 [running]> on host ip-172-31-45-144.ec2.internal
[2024-06-20T21:25:45.872+0000] {taskinstance.py:2648} INFO - Exporting env vars: AIRFLOW_CTX_DAG_OWNER='Airflow' AIRFLOW_CTX_DAG_ID='nba_data_pipeline_dag' AIRFLOW_CTX_TASK_ID='upload_stats_to_s3' AIRFLOW_CTX_EXECUTION_DATE='2024-06-19T00:00:00+00:00' AIRFLOW_CTX_TRY_NUMBER='1' AIRFLOW_CTX_DAG_RUN_ID='scheduled__2024-06-19T00:00:00+00:00'
[2024-06-20T21:25:45.874+0000] {taskinstance.py:430} INFO - ::endgroup::
[2024-06-20T21:25:46.016+0000] {credentials.py:1075} INFO - Found credentials from IAM Role: nba_news_stats_s3
[2024-06-20T21:25:46.317+0000] {python.py:237} INFO - Done. Returned value was: s3://nba-stats-players/player_stats.csv
[2024-06-20T21:25:46.317+0000] {taskinstance.py:441} INFO - ::group::Post task execution logs
[2024-06-20T21:25:46.376+0000] {taskinstance.py:1206} INFO - Marking task as SUCCESS. dag_id=nba_data_pipeline_dag, task_id=upload_stats_to_s3, run_id=scheduled__2024-06-19T00:00:00+00:00, execution_date=20240619T000000, start_date=20240620T212545, end_date=20240620T212546
[2024-06-20T21:25:46.420+0000] {local_task_job_runner.py:240} INFO - Task exited with return code 0
[2024-06-20T21:25:46.461+0000] {taskinstance.py:3503} INFO - 1 downstream tasks scheduled from follow-on schedule check
[2024-06-20T21:25:46.463+0000] {local_task_job_runner.py:222} INFO - ::endgroup::
[2024-06-20T22:07:56.988+0000] {local_task_job_runner.py:120} INFO - ::group::Pre task execution logs
[2024-06-20T22:07:57.033+0000] {taskinstance.py:2076} INFO - Dependencies all met for dep_context=non-requeueable deps ti=<TaskInstance: nba_data_pipeline_dag.upload_stats_to_s3 scheduled__2024-06-19T00:00:00+00:00 [queued]>
[2024-06-20T22:07:57.042+0000] {taskinstance.py:2076} INFO - Dependencies all met for dep_context=requeueable deps ti=<TaskInstance: nba_data_pipeline_dag.upload_stats_to_s3 scheduled__2024-06-19T00:00:00+00:00 [queued]>
[2024-06-20T22:07:57.043+0000] {taskinstance.py:2306} INFO - Starting attempt 1 of 2
[2024-06-20T22:07:57.057+0000] {taskinstance.py:2330} INFO - Executing <Task(PythonOperator): upload_stats_to_s3> on 2024-06-19 00:00:00+00:00
[2024-06-20T22:07:57.072+0000] {logging_mixin.py:188} WARNING - /home/ubuntu/nba_ns_venv/lib/python3.12/site-packages/***/task/task_runner/standard_task_runner.py:61 DeprecationWarning: This process (pid=9449) is multi-threaded, use of fork() may lead to deadlocks in the child.
[2024-06-20T22:07:57.074+0000] {standard_task_runner.py:63} INFO - Started process 9466 to run task
[2024-06-20T22:07:57.073+0000] {standard_task_runner.py:90} INFO - Running: ['***', 'tasks', 'run', 'nba_data_pipeline_dag', 'upload_stats_to_s3', 'scheduled__2024-06-19T00:00:00+00:00', '--job-id', '1688', '--raw', '--subdir', 'DAGS_FOLDER/nba_data_pipeline_dag.py', '--cfg-path', '/tmp/tmpzz8yev2g']
[2024-06-20T22:07:57.078+0000] {standard_task_runner.py:91} INFO - Job 1688: Subtask upload_stats_to_s3
[2024-06-20T22:07:57.220+0000] {task_command.py:426} INFO - Running <TaskInstance: nba_data_pipeline_dag.upload_stats_to_s3 scheduled__2024-06-19T00:00:00+00:00 [running]> on host ip-172-31-45-144.ec2.internal
[2024-06-20T22:07:57.397+0000] {taskinstance.py:2648} INFO - Exporting env vars: AIRFLOW_CTX_DAG_OWNER='Airflow' AIRFLOW_CTX_DAG_ID='nba_data_pipeline_dag' AIRFLOW_CTX_TASK_ID='upload_stats_to_s3' AIRFLOW_CTX_EXECUTION_DATE='2024-06-19T00:00:00+00:00' AIRFLOW_CTX_TRY_NUMBER='1' AIRFLOW_CTX_DAG_RUN_ID='scheduled__2024-06-19T00:00:00+00:00'
[2024-06-20T22:07:57.398+0000] {taskinstance.py:430} INFO - ::endgroup::
[2024-06-20T22:07:57.563+0000] {credentials.py:1075} INFO - Found credentials from IAM Role: nba_news_stats_s3
[2024-06-20T22:07:58.861+0000] {python.py:237} INFO - Done. Returned value was: s3://nba-stats-players/player_stats.csv
[2024-06-20T22:07:58.862+0000] {taskinstance.py:441} INFO - ::group::Post task execution logs
[2024-06-20T22:07:58.921+0000] {taskinstance.py:1206} INFO - Marking task as SUCCESS. dag_id=nba_data_pipeline_dag, task_id=upload_stats_to_s3, run_id=scheduled__2024-06-19T00:00:00+00:00, execution_date=20240619T000000, start_date=20240620T220757, end_date=20240620T220758
[2024-06-20T22:07:58.943+0000] {local_task_job_runner.py:240} INFO - Task exited with return code 0
[2024-06-20T22:07:58.992+0000] {taskinstance.py:3503} INFO - 1 downstream tasks scheduled from follow-on schedule check
[2024-06-20T22:07:58.994+0000] {local_task_job_runner.py:222} INFO - ::endgroup::
