[2024-06-18T18:30:35.937+0000] {local_task_job_runner.py:120} INFO - ::group::Pre task execution logs
[2024-06-18T18:30:36.024+0000] {taskinstance.py:2076} INFO - Dependencies all met for dep_context=non-requeueable deps ti=<TaskInstance: nba_data_pipeline.snowflake_create_table_scores scheduled__2024-06-17T00:00:00+00:00 [queued]>
[2024-06-18T18:30:36.045+0000] {taskinstance.py:2076} INFO - Dependencies all met for dep_context=requeueable deps ti=<TaskInstance: nba_data_pipeline.snowflake_create_table_scores scheduled__2024-06-17T00:00:00+00:00 [queued]>
[2024-06-18T18:30:36.045+0000] {taskinstance.py:2306} INFO - Starting attempt 1 of 2
[2024-06-18T18:30:36.063+0000] {taskinstance.py:2330} INFO - Executing <Task(SQLExecuteQueryOperator): snowflake_create_table_scores> on 2024-06-17 00:00:00+00:00
[2024-06-18T18:30:36.081+0000] {standard_task_runner.py:90} INFO - Running: ['***', 'tasks', 'run', 'nba_data_pipeline', 'snowflake_create_table_scores', 'scheduled__2024-06-17T00:00:00+00:00', '--job-id', '190', '--raw', '--subdir', 'DAGS_FOLDER/nba_news_stats_etl.py', '--cfg-path', '/tmp/tmpfg3lb8im']
[2024-06-18T18:30:36.091+0000] {standard_task_runner.py:91} INFO - Job 190: Subtask snowflake_create_table_scores
[2024-06-18T18:30:36.090+0000] {logging_mixin.py:188} WARNING - /home/ubuntu/nba_ns_venv/lib/python3.12/site-packages/***/task/task_runner/standard_task_runner.py:61 DeprecationWarning: This process (pid=15077) is multi-threaded, use of fork() may lead to deadlocks in the child.
[2024-06-18T18:30:36.096+0000] {standard_task_runner.py:63} INFO - Started process 15237 to run task
[2024-06-18T18:30:36.305+0000] {task_command.py:426} INFO - Running <TaskInstance: nba_data_pipeline.snowflake_create_table_scores scheduled__2024-06-17T00:00:00+00:00 [running]> on host ip-172-31-45-144.ec2.internal
[2024-06-18T18:30:36.557+0000] {taskinstance.py:2648} INFO - Exporting env vars: AIRFLOW_CTX_DAG_OWNER='Airflow' AIRFLOW_CTX_DAG_ID='nba_data_pipeline' AIRFLOW_CTX_TASK_ID='snowflake_create_table_scores' AIRFLOW_CTX_EXECUTION_DATE='2024-06-17T00:00:00+00:00' AIRFLOW_CTX_TRY_NUMBER='1' AIRFLOW_CTX_DAG_RUN_ID='scheduled__2024-06-17T00:00:00+00:00'
[2024-06-18T18:30:36.558+0000] {taskinstance.py:430} INFO - ::endgroup::
[2024-06-18T18:30:36.579+0000] {sql.py:276} INFO - Executing: 
        CREATE TABLE IF NOT EXISTS NBA_STATS.nba_scores (
            game_id STRING,
            home_team STRING,
            away_team STRING,
            home_score INT,
            away_score INT,
            home_best_player_name STRING,
            home_best_player_points NUMBER,
            home_best_player_rebounds NUMBER,
            home_best_player_assists NUMBER,
            away_best_player_name STRING,
            away_best_player_points NUMBER,
            away_best_player_rebounds NUMBER,
            away_best_player_assists NUMBER
        );
        
[2024-06-18T18:30:36.618+0000] {base.py:84} INFO - Using connection ID 'snowflake_conn' for task execution.
[2024-06-18T18:30:36.943+0000] {base.py:84} INFO - Using connection ID 'snowflake_conn' for task execution.
[2024-06-18T18:30:36.944+0000] {connection.py:399} INFO - Snowflake Connector for Python Version: 3.10.1, Python Version: 3.12.3, Platform: Linux-6.8.0-1009-aws-x86_64-with-glibc2.39
[2024-06-18T18:30:36.945+0000] {connection.py:1239} INFO - This connection is in OCSP Fail Open Mode. TLS Certificates would be checked for validity and revocation status. Any other Certificate Revocation related exceptions or OCSP Responder failures would be disregarded in favor of connectivity.
[2024-06-18T18:30:37.392+0000] {cursor.py:1149} INFO - Number of results in first chunk: 1
[2024-06-18T18:30:37.392+0000] {sql.py:487} INFO - Running statement: CREATE TABLE IF NOT EXISTS NBA_STATS.nba_scores (
            game_id STRING,
            home_team STRING,
            away_team STRING,
            home_score INT,
            away_score INT,
            home_best_player_name STRING,
            home_best_player_points NUMBER,
            home_best_player_rebounds NUMBER,
            home_best_player_assists NUMBER,
            away_best_player_name STRING,
            away_best_player_points NUMBER,
            away_best_player_rebounds NUMBER,
            away_best_player_assists NUMBER
        );, parameters: None
[2024-06-18T18:30:37.448+0000] {cursor.py:1149} INFO - Number of results in first chunk: 1
[2024-06-18T18:30:37.448+0000] {sql.py:496} INFO - Rows affected: 1
[2024-06-18T18:30:37.449+0000] {snowflake.py:409} INFO - Rows affected: 1
[2024-06-18T18:30:37.449+0000] {snowflake.py:410} INFO - Snowflake query id: 01b518d6-0001-e495-0006-023e0001815a
[2024-06-18T18:30:37.503+0000] {cursor.py:1149} INFO - Number of results in first chunk: 1
[2024-06-18T18:30:37.503+0000] {connection.py:762} INFO - closed
[2024-06-18T18:30:37.546+0000] {connection.py:768} INFO - No async queries seem to be running, deleting session
[2024-06-18T18:30:37.602+0000] {taskinstance.py:441} INFO - ::group::Post task execution logs
[2024-06-18T18:30:37.655+0000] {taskinstance.py:1206} INFO - Marking task as SUCCESS. dag_id=nba_data_pipeline, task_id=snowflake_create_table_scores, run_id=scheduled__2024-06-17T00:00:00+00:00, execution_date=20240617T000000, start_date=20240618T183036, end_date=20240618T183037
[2024-06-18T18:30:37.690+0000] {local_task_job_runner.py:240} INFO - Task exited with return code 0
[2024-06-18T18:30:37.726+0000] {taskinstance.py:3503} INFO - 1 downstream tasks scheduled from follow-on schedule check
[2024-06-18T18:30:37.728+0000] {local_task_job_runner.py:222} INFO - ::endgroup::
[2024-06-18T18:41:35.998+0000] {local_task_job_runner.py:120} INFO - ::group::Pre task execution logs
[2024-06-18T18:41:36.078+0000] {taskinstance.py:2076} INFO - Dependencies all met for dep_context=non-requeueable deps ti=<TaskInstance: nba_data_pipeline.snowflake_create_table_scores scheduled__2024-06-17T00:00:00+00:00 [queued]>
[2024-06-18T18:41:36.090+0000] {taskinstance.py:2076} INFO - Dependencies all met for dep_context=requeueable deps ti=<TaskInstance: nba_data_pipeline.snowflake_create_table_scores scheduled__2024-06-17T00:00:00+00:00 [queued]>
[2024-06-18T18:41:36.091+0000] {taskinstance.py:2306} INFO - Starting attempt 1 of 2
[2024-06-18T18:41:36.115+0000] {taskinstance.py:2330} INFO - Executing <Task(SQLExecuteQueryOperator): snowflake_create_table_scores> on 2024-06-17 00:00:00+00:00
[2024-06-18T18:41:36.139+0000] {standard_task_runner.py:90} INFO - Running: ['***', 'tasks', 'run', 'nba_data_pipeline', 'snowflake_create_table_scores', 'scheduled__2024-06-17T00:00:00+00:00', '--job-id', '209', '--raw', '--subdir', 'DAGS_FOLDER/nba_news_stats_etl.py', '--cfg-path', '/tmp/tmpd93lo9nb']
[2024-06-18T18:41:36.143+0000] {standard_task_runner.py:91} INFO - Job 209: Subtask snowflake_create_table_scores
[2024-06-18T18:41:36.146+0000] {logging_mixin.py:188} WARNING - /home/ubuntu/nba_ns_venv/lib/python3.12/site-packages/***/task/task_runner/standard_task_runner.py:61 DeprecationWarning: This process (pid=18772) is multi-threaded, use of fork() may lead to deadlocks in the child.
[2024-06-18T18:41:36.150+0000] {standard_task_runner.py:63} INFO - Started process 18801 to run task
[2024-06-18T18:41:36.330+0000] {task_command.py:426} INFO - Running <TaskInstance: nba_data_pipeline.snowflake_create_table_scores scheduled__2024-06-17T00:00:00+00:00 [running]> on host ip-172-31-45-144.ec2.internal
[2024-06-18T18:41:36.613+0000] {taskinstance.py:2648} INFO - Exporting env vars: AIRFLOW_CTX_DAG_OWNER='Airflow' AIRFLOW_CTX_DAG_ID='nba_data_pipeline' AIRFLOW_CTX_TASK_ID='snowflake_create_table_scores' AIRFLOW_CTX_EXECUTION_DATE='2024-06-17T00:00:00+00:00' AIRFLOW_CTX_TRY_NUMBER='1' AIRFLOW_CTX_DAG_RUN_ID='scheduled__2024-06-17T00:00:00+00:00'
[2024-06-18T18:41:36.616+0000] {taskinstance.py:430} INFO - ::endgroup::
[2024-06-18T18:41:36.640+0000] {sql.py:276} INFO - Executing: 
        CREATE TABLE IF NOT EXISTS NBA_STATS.nba_scores (
            game_id STRING,
            home_team STRING,
            away_team STRING,
            home_score INT,
            away_score INT,
            home_best_player_name STRING,
            home_best_player_points NUMBER,
            home_best_player_rebounds NUMBER,
            home_best_player_assists NUMBER,
            away_best_player_name STRING,
            away_best_player_points NUMBER,
            away_best_player_rebounds NUMBER,
            away_best_player_assists NUMBER
        );
        
[2024-06-18T18:41:36.690+0000] {base.py:84} INFO - Using connection ID 'snowflake_conn' for task execution.
[2024-06-18T18:41:37.095+0000] {base.py:84} INFO - Using connection ID 'snowflake_conn' for task execution.
[2024-06-18T18:41:37.096+0000] {connection.py:399} INFO - Snowflake Connector for Python Version: 3.10.1, Python Version: 3.12.3, Platform: Linux-6.8.0-1009-aws-x86_64-with-glibc2.39
[2024-06-18T18:41:37.096+0000] {connection.py:1239} INFO - This connection is in OCSP Fail Open Mode. TLS Certificates would be checked for validity and revocation status. Any other Certificate Revocation related exceptions or OCSP Responder failures would be disregarded in favor of connectivity.
[2024-06-18T18:41:37.634+0000] {cursor.py:1149} INFO - Number of results in first chunk: 1
[2024-06-18T18:41:37.634+0000] {sql.py:487} INFO - Running statement: CREATE TABLE IF NOT EXISTS NBA_STATS.nba_scores (
            game_id STRING,
            home_team STRING,
            away_team STRING,
            home_score INT,
            away_score INT,
            home_best_player_name STRING,
            home_best_player_points NUMBER,
            home_best_player_rebounds NUMBER,
            home_best_player_assists NUMBER,
            away_best_player_name STRING,
            away_best_player_points NUMBER,
            away_best_player_rebounds NUMBER,
            away_best_player_assists NUMBER
        );, parameters: None
[2024-06-18T18:41:37.714+0000] {cursor.py:1149} INFO - Number of results in first chunk: 1
[2024-06-18T18:41:37.714+0000] {sql.py:496} INFO - Rows affected: 1
[2024-06-18T18:41:37.715+0000] {snowflake.py:409} INFO - Rows affected: 1
[2024-06-18T18:41:37.715+0000] {snowflake.py:410} INFO - Snowflake query id: 01b518e1-0001-e499-0006-023e0001c1d2
[2024-06-18T18:41:37.767+0000] {cursor.py:1149} INFO - Number of results in first chunk: 1
[2024-06-18T18:41:37.768+0000] {connection.py:762} INFO - closed
[2024-06-18T18:41:37.794+0000] {connection.py:768} INFO - No async queries seem to be running, deleting session
[2024-06-18T18:41:37.835+0000] {taskinstance.py:441} INFO - ::group::Post task execution logs
[2024-06-18T18:41:37.920+0000] {taskinstance.py:1206} INFO - Marking task as SUCCESS. dag_id=nba_data_pipeline, task_id=snowflake_create_table_scores, run_id=scheduled__2024-06-17T00:00:00+00:00, execution_date=20240617T000000, start_date=20240618T184136, end_date=20240618T184137
[2024-06-18T18:41:37.981+0000] {local_task_job_runner.py:240} INFO - Task exited with return code 0
[2024-06-18T18:41:38.018+0000] {taskinstance.py:3503} INFO - 1 downstream tasks scheduled from follow-on schedule check
[2024-06-18T18:41:38.020+0000] {local_task_job_runner.py:222} INFO - ::endgroup::
[2024-06-18T18:54:29.469+0000] {local_task_job_runner.py:120} INFO - ::group::Pre task execution logs
[2024-06-18T18:54:29.548+0000] {taskinstance.py:2076} INFO - Dependencies all met for dep_context=non-requeueable deps ti=<TaskInstance: nba_data_pipeline.snowflake_create_table_scores scheduled__2024-06-17T00:00:00+00:00 [queued]>
[2024-06-18T18:54:29.570+0000] {taskinstance.py:2076} INFO - Dependencies all met for dep_context=requeueable deps ti=<TaskInstance: nba_data_pipeline.snowflake_create_table_scores scheduled__2024-06-17T00:00:00+00:00 [queued]>
[2024-06-18T18:54:29.570+0000] {taskinstance.py:2306} INFO - Starting attempt 1 of 2
[2024-06-18T18:54:29.598+0000] {taskinstance.py:2330} INFO - Executing <Task(SQLExecuteQueryOperator): snowflake_create_table_scores> on 2024-06-17 00:00:00+00:00
[2024-06-18T18:54:29.613+0000] {logging_mixin.py:188} WARNING - /home/ubuntu/nba_ns_venv/lib/python3.12/site-packages/***/task/task_runner/standard_task_runner.py:61 DeprecationWarning: This process (pid=22946) is multi-threaded, use of fork() may lead to deadlocks in the child.
[2024-06-18T18:54:29.617+0000] {standard_task_runner.py:63} INFO - Started process 23045 to run task
[2024-06-18T18:54:29.612+0000] {standard_task_runner.py:90} INFO - Running: ['***', 'tasks', 'run', 'nba_data_pipeline', 'snowflake_create_table_scores', 'scheduled__2024-06-17T00:00:00+00:00', '--job-id', '230', '--raw', '--subdir', 'DAGS_FOLDER/nba_news_stats_etl.py', '--cfg-path', '/tmp/tmpq707wswt']
[2024-06-18T18:54:29.618+0000] {standard_task_runner.py:91} INFO - Job 230: Subtask snowflake_create_table_scores
[2024-06-18T18:54:29.775+0000] {task_command.py:426} INFO - Running <TaskInstance: nba_data_pipeline.snowflake_create_table_scores scheduled__2024-06-17T00:00:00+00:00 [running]> on host ip-172-31-45-144.ec2.internal
[2024-06-18T18:54:29.971+0000] {taskinstance.py:2648} INFO - Exporting env vars: AIRFLOW_CTX_DAG_OWNER='Airflow' AIRFLOW_CTX_DAG_ID='nba_data_pipeline' AIRFLOW_CTX_TASK_ID='snowflake_create_table_scores' AIRFLOW_CTX_EXECUTION_DATE='2024-06-17T00:00:00+00:00' AIRFLOW_CTX_TRY_NUMBER='1' AIRFLOW_CTX_DAG_RUN_ID='scheduled__2024-06-17T00:00:00+00:00'
[2024-06-18T18:54:29.972+0000] {taskinstance.py:430} INFO - ::endgroup::
[2024-06-18T18:54:29.988+0000] {sql.py:276} INFO - Executing: 
        CREATE TABLE IF NOT EXISTS NBA_STATS.nba_scores (
            game_id STRING,
            home_team STRING,
            away_team STRING,
            home_score INT,
            away_score INT,
            home_best_player_name STRING,
            home_best_player_points NUMBER,
            home_best_player_rebounds NUMBER,
            home_best_player_assists NUMBER,
            away_best_player_name STRING,
            away_best_player_points NUMBER,
            away_best_player_rebounds NUMBER,
            away_best_player_assists NUMBER
        );
        
[2024-06-18T18:54:30.021+0000] {base.py:84} INFO - Using connection ID 'snowflake_conn' for task execution.
[2024-06-18T18:54:30.331+0000] {base.py:84} INFO - Using connection ID 'snowflake_conn' for task execution.
[2024-06-18T18:54:30.332+0000] {connection.py:399} INFO - Snowflake Connector for Python Version: 3.10.1, Python Version: 3.12.3, Platform: Linux-6.8.0-1009-aws-x86_64-with-glibc2.39
[2024-06-18T18:54:30.333+0000] {connection.py:1239} INFO - This connection is in OCSP Fail Open Mode. TLS Certificates would be checked for validity and revocation status. Any other Certificate Revocation related exceptions or OCSP Responder failures would be disregarded in favor of connectivity.
[2024-06-18T18:54:30.778+0000] {cursor.py:1149} INFO - Number of results in first chunk: 1
[2024-06-18T18:54:30.779+0000] {sql.py:487} INFO - Running statement: CREATE TABLE IF NOT EXISTS NBA_STATS.nba_scores (
            game_id STRING,
            home_team STRING,
            away_team STRING,
            home_score INT,
            away_score INT,
            home_best_player_name STRING,
            home_best_player_points NUMBER,
            home_best_player_rebounds NUMBER,
            home_best_player_assists NUMBER,
            away_best_player_name STRING,
            away_best_player_points NUMBER,
            away_best_player_rebounds NUMBER,
            away_best_player_assists NUMBER
        );, parameters: None
[2024-06-18T18:54:30.851+0000] {cursor.py:1149} INFO - Number of results in first chunk: 1
[2024-06-18T18:54:30.852+0000] {sql.py:496} INFO - Rows affected: 1
[2024-06-18T18:54:30.852+0000] {snowflake.py:409} INFO - Rows affected: 1
[2024-06-18T18:54:30.852+0000] {snowflake.py:410} INFO - Snowflake query id: 01b518ee-0001-e365-0006-023e0001627a
[2024-06-18T18:54:30.926+0000] {cursor.py:1149} INFO - Number of results in first chunk: 1
[2024-06-18T18:54:30.927+0000] {connection.py:762} INFO - closed
[2024-06-18T18:54:30.954+0000] {connection.py:768} INFO - No async queries seem to be running, deleting session
[2024-06-18T18:54:30.999+0000] {taskinstance.py:441} INFO - ::group::Post task execution logs
[2024-06-18T18:54:31.060+0000] {taskinstance.py:1206} INFO - Marking task as SUCCESS. dag_id=nba_data_pipeline, task_id=snowflake_create_table_scores, run_id=scheduled__2024-06-17T00:00:00+00:00, execution_date=20240617T000000, start_date=20240618T185429, end_date=20240618T185431
[2024-06-18T18:54:31.086+0000] {local_task_job_runner.py:240} INFO - Task exited with return code 0
[2024-06-18T18:54:31.124+0000] {taskinstance.py:3503} INFO - 1 downstream tasks scheduled from follow-on schedule check
[2024-06-18T18:54:31.126+0000] {local_task_job_runner.py:222} INFO - ::endgroup::
[2024-06-18T19:09:56.454+0000] {local_task_job_runner.py:120} INFO - ::group::Pre task execution logs
[2024-06-18T19:09:56.535+0000] {taskinstance.py:2076} INFO - Dependencies all met for dep_context=non-requeueable deps ti=<TaskInstance: nba_data_pipeline.snowflake_create_table_scores scheduled__2024-06-17T00:00:00+00:00 [queued]>
[2024-06-18T19:09:56.547+0000] {taskinstance.py:2076} INFO - Dependencies all met for dep_context=requeueable deps ti=<TaskInstance: nba_data_pipeline.snowflake_create_table_scores scheduled__2024-06-17T00:00:00+00:00 [queued]>
[2024-06-18T19:09:56.548+0000] {taskinstance.py:2306} INFO - Starting attempt 1 of 2
[2024-06-18T19:09:56.563+0000] {taskinstance.py:2330} INFO - Executing <Task(SQLExecuteQueryOperator): snowflake_create_table_scores> on 2024-06-17 00:00:00+00:00
[2024-06-18T19:09:56.579+0000] {standard_task_runner.py:90} INFO - Running: ['***', 'tasks', 'run', 'nba_data_pipeline', 'snowflake_create_table_scores', 'scheduled__2024-06-17T00:00:00+00:00', '--job-id', '249', '--raw', '--subdir', 'DAGS_FOLDER/nba_news_stats_etl.py', '--cfg-path', '/tmp/tmpych2pfrs']
[2024-06-18T19:09:56.586+0000] {standard_task_runner.py:91} INFO - Job 249: Subtask snowflake_create_table_scores
[2024-06-18T19:09:56.585+0000] {logging_mixin.py:188} WARNING - /home/ubuntu/nba_ns_venv/lib/python3.12/site-packages/***/task/task_runner/standard_task_runner.py:61 DeprecationWarning: This process (pid=29344) is multi-threaded, use of fork() may lead to deadlocks in the child.
[2024-06-18T19:09:56.588+0000] {standard_task_runner.py:63} INFO - Started process 29371 to run task
[2024-06-18T19:09:56.734+0000] {task_command.py:426} INFO - Running <TaskInstance: nba_data_pipeline.snowflake_create_table_scores scheduled__2024-06-17T00:00:00+00:00 [running]> on host ip-172-31-45-144.ec2.internal
[2024-06-18T19:09:56.948+0000] {taskinstance.py:2648} INFO - Exporting env vars: AIRFLOW_CTX_DAG_OWNER='Airflow' AIRFLOW_CTX_DAG_ID='nba_data_pipeline' AIRFLOW_CTX_TASK_ID='snowflake_create_table_scores' AIRFLOW_CTX_EXECUTION_DATE='2024-06-17T00:00:00+00:00' AIRFLOW_CTX_TRY_NUMBER='1' AIRFLOW_CTX_DAG_RUN_ID='scheduled__2024-06-17T00:00:00+00:00'
[2024-06-18T19:09:56.949+0000] {taskinstance.py:430} INFO - ::endgroup::
[2024-06-18T19:09:56.976+0000] {sql.py:276} INFO - Executing: 
        CREATE TABLE IF NOT EXISTS NBA_STATS.nba_scores (
            game_id STRING,
            home_team STRING,
            away_team STRING,
            home_score INT,
            away_score INT,
            home_best_player_name STRING,
            home_best_player_points NUMBER,
            home_best_player_rebounds NUMBER,
            home_best_player_assists NUMBER,
            away_best_player_name STRING,
            away_best_player_points NUMBER,
            away_best_player_rebounds NUMBER,
            away_best_player_assists NUMBER
        );
        
[2024-06-18T19:09:57.019+0000] {base.py:84} INFO - Using connection ID 'snowflake_conn' for task execution.
[2024-06-18T19:09:57.329+0000] {base.py:84} INFO - Using connection ID 'snowflake_conn' for task execution.
[2024-06-18T19:09:57.333+0000] {connection.py:399} INFO - Snowflake Connector for Python Version: 3.10.1, Python Version: 3.12.3, Platform: Linux-6.8.0-1009-aws-x86_64-with-glibc2.39
[2024-06-18T19:09:57.333+0000] {connection.py:1239} INFO - This connection is in OCSP Fail Open Mode. TLS Certificates would be checked for validity and revocation status. Any other Certificate Revocation related exceptions or OCSP Responder failures would be disregarded in favor of connectivity.
[2024-06-18T19:09:57.333+0000] {connection.py:1249} INFO - THIS CONNECTION IS IN INSECURE MODE. IT MEANS THE CERTIFICATE WILL BE VALIDATED BUT THE CERTIFICATE REVOCATION STATUS WILL NOT BE CHECKED.
[2024-06-18T19:09:57.419+0000] {ssl_wrap_socket.py:100} INFO - THIS CONNECTION IS IN INSECURE MODE. IT MEANS THE CERTIFICATE WILL BE VALIDATED BUT THE CERTIFICATE REVOCATION STATUS WILL NOT BE CHECKED.
[2024-06-18T19:09:57.771+0000] {cursor.py:1149} INFO - Number of results in first chunk: 1
[2024-06-18T19:09:57.772+0000] {sql.py:487} INFO - Running statement: CREATE TABLE IF NOT EXISTS NBA_STATS.nba_scores (
            game_id STRING,
            home_team STRING,
            away_team STRING,
            home_score INT,
            away_score INT,
            home_best_player_name STRING,
            home_best_player_points NUMBER,
            home_best_player_rebounds NUMBER,
            home_best_player_assists NUMBER,
            away_best_player_name STRING,
            away_best_player_points NUMBER,
            away_best_player_rebounds NUMBER,
            away_best_player_assists NUMBER
        );, parameters: None
[2024-06-18T19:09:57.867+0000] {cursor.py:1149} INFO - Number of results in first chunk: 1
[2024-06-18T19:09:57.868+0000] {sql.py:496} INFO - Rows affected: 1
[2024-06-18T19:09:57.868+0000] {snowflake.py:409} INFO - Rows affected: 1
[2024-06-18T19:09:57.868+0000] {snowflake.py:410} INFO - Snowflake query id: 01b518fd-0001-e49d-0006-023e0001f0fa
[2024-06-18T19:09:57.932+0000] {cursor.py:1149} INFO - Number of results in first chunk: 1
[2024-06-18T19:09:57.932+0000] {connection.py:762} INFO - closed
[2024-06-18T19:09:57.960+0000] {connection.py:768} INFO - No async queries seem to be running, deleting session
[2024-06-18T19:09:57.996+0000] {taskinstance.py:441} INFO - ::group::Post task execution logs
[2024-06-18T19:09:58.052+0000] {taskinstance.py:1206} INFO - Marking task as SUCCESS. dag_id=nba_data_pipeline, task_id=snowflake_create_table_scores, run_id=scheduled__2024-06-17T00:00:00+00:00, execution_date=20240617T000000, start_date=20240618T190956, end_date=20240618T190958
[2024-06-18T19:09:58.096+0000] {local_task_job_runner.py:240} INFO - Task exited with return code 0
[2024-06-18T19:09:58.151+0000] {taskinstance.py:3503} INFO - 1 downstream tasks scheduled from follow-on schedule check
[2024-06-18T19:09:58.159+0000] {local_task_job_runner.py:222} INFO - ::endgroup::
[2024-06-18T20:33:16.815+0000] {local_task_job_runner.py:120} INFO - ::group::Pre task execution logs
[2024-06-18T20:33:16.998+0000] {taskinstance.py:2076} INFO - Dependencies all met for dep_context=non-requeueable deps ti=<TaskInstance: nba_data_pipeline.snowflake_create_table_scores scheduled__2024-06-17T00:00:00+00:00 [queued]>
[2024-06-18T20:33:17.022+0000] {taskinstance.py:2076} INFO - Dependencies all met for dep_context=requeueable deps ti=<TaskInstance: nba_data_pipeline.snowflake_create_table_scores scheduled__2024-06-17T00:00:00+00:00 [queued]>
[2024-06-18T20:33:17.022+0000] {taskinstance.py:2306} INFO - Starting attempt 1 of 2
[2024-06-18T20:33:17.056+0000] {taskinstance.py:2330} INFO - Executing <Task(SQLExecuteQueryOperator): snowflake_create_table_scores> on 2024-06-17 00:00:00+00:00
[2024-06-18T20:33:17.082+0000] {standard_task_runner.py:90} INFO - Running: ['***', 'tasks', 'run', 'nba_data_pipeline', 'snowflake_create_table_scores', 'scheduled__2024-06-17T00:00:00+00:00', '--job-id', '279', '--raw', '--subdir', 'DAGS_FOLDER/nba_news_stats_etl.py', '--cfg-path', '/tmp/tmp7ahg8fl2']
[2024-06-18T20:33:17.090+0000] {standard_task_runner.py:91} INFO - Job 279: Subtask snowflake_create_table_scores
[2024-06-18T20:33:17.095+0000] {logging_mixin.py:188} WARNING - /home/ubuntu/nba_ns_venv/lib/python3.12/site-packages/***/task/task_runner/standard_task_runner.py:61 DeprecationWarning: This process (pid=2608) is multi-threaded, use of fork() may lead to deadlocks in the child.
[2024-06-18T20:33:17.100+0000] {standard_task_runner.py:63} INFO - Started process 2649 to run task
[2024-06-18T20:33:17.321+0000] {task_command.py:426} INFO - Running <TaskInstance: nba_data_pipeline.snowflake_create_table_scores scheduled__2024-06-17T00:00:00+00:00 [running]> on host ip-172-31-45-144.ec2.internal
[2024-06-18T20:33:17.646+0000] {taskinstance.py:2648} INFO - Exporting env vars: AIRFLOW_CTX_DAG_OWNER='Airflow' AIRFLOW_CTX_DAG_ID='nba_data_pipeline' AIRFLOW_CTX_TASK_ID='snowflake_create_table_scores' AIRFLOW_CTX_EXECUTION_DATE='2024-06-17T00:00:00+00:00' AIRFLOW_CTX_TRY_NUMBER='1' AIRFLOW_CTX_DAG_RUN_ID='scheduled__2024-06-17T00:00:00+00:00'
[2024-06-18T20:33:17.649+0000] {taskinstance.py:430} INFO - ::endgroup::
[2024-06-18T20:33:17.672+0000] {sql.py:276} INFO - Executing: 
        CREATE TABLE IF NOT EXISTS NBA_STATS.nba_scores (
            game_id STRING,
            home_team STRING,
            away_team STRING,
            home_score INT,
            away_score INT,
            home_best_player_name STRING,
            home_best_player_points NUMBER,
            home_best_player_rebounds NUMBER,
            home_best_player_assists NUMBER,
            away_best_player_name STRING,
            away_best_player_points NUMBER,
            away_best_player_rebounds NUMBER,
            away_best_player_assists NUMBER
        );
        
[2024-06-18T20:33:17.706+0000] {base.py:84} INFO - Using connection ID 'snowflake_conn' for task execution.
[2024-06-18T20:33:18.200+0000] {base.py:84} INFO - Using connection ID 'snowflake_conn' for task execution.
[2024-06-18T20:33:18.204+0000] {connection.py:399} INFO - Snowflake Connector for Python Version: 3.10.1, Python Version: 3.12.3, Platform: Linux-6.8.0-1009-aws-x86_64-with-glibc2.39
[2024-06-18T20:33:18.204+0000] {connection.py:1239} INFO - This connection is in OCSP Fail Open Mode. TLS Certificates would be checked for validity and revocation status. Any other Certificate Revocation related exceptions or OCSP Responder failures would be disregarded in favor of connectivity.
[2024-06-18T20:33:18.205+0000] {connection.py:1249} INFO - THIS CONNECTION IS IN INSECURE MODE. IT MEANS THE CERTIFICATE WILL BE VALIDATED BUT THE CERTIFICATE REVOCATION STATUS WILL NOT BE CHECKED.
[2024-06-18T20:33:18.498+0000] {ssl_wrap_socket.py:100} INFO - THIS CONNECTION IS IN INSECURE MODE. IT MEANS THE CERTIFICATE WILL BE VALIDATED BUT THE CERTIFICATE REVOCATION STATUS WILL NOT BE CHECKED.
[2024-06-18T20:33:18.785+0000] {cursor.py:1149} INFO - Number of results in first chunk: 1
[2024-06-18T20:33:18.786+0000] {sql.py:487} INFO - Running statement: CREATE TABLE IF NOT EXISTS NBA_STATS.nba_scores (
            game_id STRING,
            home_team STRING,
            away_team STRING,
            home_score INT,
            away_score INT,
            home_best_player_name STRING,
            home_best_player_points NUMBER,
            home_best_player_rebounds NUMBER,
            home_best_player_assists NUMBER,
            away_best_player_name STRING,
            away_best_player_points NUMBER,
            away_best_player_rebounds NUMBER,
            away_best_player_assists NUMBER
        );, parameters: None
[2024-06-18T20:33:19.033+0000] {cursor.py:1149} INFO - Number of results in first chunk: 1
[2024-06-18T20:33:19.034+0000] {sql.py:496} INFO - Rows affected: 1
[2024-06-18T20:33:19.034+0000] {snowflake.py:409} INFO - Rows affected: 1
[2024-06-18T20:33:19.035+0000] {snowflake.py:410} INFO - Snowflake query id: 01b51951-0001-e364-0006-023e0001e1ea
[2024-06-18T20:33:19.084+0000] {cursor.py:1149} INFO - Number of results in first chunk: 1
[2024-06-18T20:33:19.085+0000] {connection.py:762} INFO - closed
[2024-06-18T20:33:19.109+0000] {connection.py:768} INFO - No async queries seem to be running, deleting session
[2024-06-18T20:33:19.147+0000] {taskinstance.py:441} INFO - ::group::Post task execution logs
[2024-06-18T20:33:19.210+0000] {taskinstance.py:1206} INFO - Marking task as SUCCESS. dag_id=nba_data_pipeline, task_id=snowflake_create_table_scores, run_id=scheduled__2024-06-17T00:00:00+00:00, execution_date=20240617T000000, start_date=20240618T203316, end_date=20240618T203319
[2024-06-18T20:33:19.259+0000] {local_task_job_runner.py:240} INFO - Task exited with return code 0
[2024-06-18T20:33:19.288+0000] {local_task_job_runner.py:222} INFO - ::endgroup::
