[2024-06-19T17:08:57.937+0000] {local_task_job_runner.py:120} INFO - ::group::Pre task execution logs
[2024-06-19T17:08:57.982+0000] {taskinstance.py:2076} INFO - Dependencies all met for dep_context=non-requeueable deps ti=<TaskInstance: nba_schema_creation_dag.snowflake_create_table_top_100_players_stats scheduled__2024-06-17T00:00:00+00:00 [queued]>
[2024-06-19T17:08:57.991+0000] {taskinstance.py:2076} INFO - Dependencies all met for dep_context=requeueable deps ti=<TaskInstance: nba_schema_creation_dag.snowflake_create_table_top_100_players_stats scheduled__2024-06-17T00:00:00+00:00 [queued]>
[2024-06-19T17:08:57.991+0000] {taskinstance.py:2306} INFO - Starting attempt 1 of 2
[2024-06-19T17:08:58.007+0000] {taskinstance.py:2330} INFO - Executing <Task(SQLExecuteQueryOperator): snowflake_create_table_top_100_players_stats> on 2024-06-17 00:00:00+00:00
[2024-06-19T17:08:58.019+0000] {standard_task_runner.py:90} INFO - Running: ['***', 'tasks', 'run', 'nba_schema_creation_dag', 'snowflake_create_table_top_100_players_stats', 'scheduled__2024-06-17T00:00:00+00:00', '--job-id', '724', '--raw', '--subdir', 'DAGS_FOLDER/nba_schema_creation_dag.py', '--cfg-path', '/tmp/tmpt_4rpc6t']
[2024-06-19T17:08:58.024+0000] {standard_task_runner.py:91} INFO - Job 724: Subtask snowflake_create_table_top_100_players_stats
[2024-06-19T17:08:58.027+0000] {logging_mixin.py:188} WARNING - /home/ubuntu/nba_ns_venv/lib/python3.12/site-packages/***/task/task_runner/standard_task_runner.py:61 DeprecationWarning: This process (pid=3510) is multi-threaded, use of fork() may lead to deadlocks in the child.
[2024-06-19T17:08:58.027+0000] {standard_task_runner.py:63} INFO - Started process 3517 to run task
[2024-06-19T17:08:58.125+0000] {task_command.py:426} INFO - Running <TaskInstance: nba_schema_creation_dag.snowflake_create_table_top_100_players_stats scheduled__2024-06-17T00:00:00+00:00 [running]> on host ip-172-31-45-144.ec2.internal
[2024-06-19T17:08:58.279+0000] {taskinstance.py:2648} INFO - Exporting env vars: AIRFLOW_CTX_DAG_OWNER='Airflow' AIRFLOW_CTX_DAG_ID='nba_schema_creation_dag' AIRFLOW_CTX_TASK_ID='snowflake_create_table_top_100_players_stats' AIRFLOW_CTX_EXECUTION_DATE='2024-06-17T00:00:00+00:00' AIRFLOW_CTX_TRY_NUMBER='1' AIRFLOW_CTX_DAG_RUN_ID='scheduled__2024-06-17T00:00:00+00:00'
[2024-06-19T17:08:58.280+0000] {taskinstance.py:430} INFO - ::endgroup::
[2024-06-19T17:08:58.300+0000] {sql.py:276} INFO - Executing: 
        USE WAREHOUSE NBA_STATS_WAREHOUSE;
        USE NBA_STATS_ANALYTICS;
        CREATE TABLE IF NOT EXISTS NBA_STATS.top_100_players_stats (
            PLAYER_ID STRING,
            RANK NUMBER,
            PLAYER STRING,
            TEAM STRING,
            GP NUMBER,
            MIN NUMBER,
            FGM NUMBER,
            FGA NUMBER,
            FG3M NUMBER,
            FG3A NUMBER,
            FTM NUMBER,
            FTA NUMBER,
            OREB NUMBER,
            DREB NUMBER,
            REB NUMBER,
            AST NUMBER,
            STL NUMBER,
            BLK NUMBER,
            TOV NUMBER,
            PF NUMBER,
            PTS NUMBER,
            PPG NUMBER,
            APG NUMBER,
            RPG NUMBER,
            BPG NUMBER,
            SPG NUMBER,
            FG_PERCENT NUMBER,
            FG3_PERCENT NUMBER,
            FT_PERCENT NUMBER
        );
        
[2024-06-19T17:08:58.326+0000] {base.py:84} INFO - Using connection ID 'snowflake_conn' for task execution.
[2024-06-19T17:08:59.103+0000] {base.py:84} INFO - Using connection ID 'snowflake_conn' for task execution.
[2024-06-19T17:08:59.104+0000] {connection.py:399} INFO - Snowflake Connector for Python Version: 3.10.1, Python Version: 3.12.3, Platform: Linux-6.8.0-1009-aws-x86_64-with-glibc2.39
[2024-06-19T17:08:59.104+0000] {connection.py:1239} INFO - This connection is in OCSP Fail Open Mode. TLS Certificates would be checked for validity and revocation status. Any other Certificate Revocation related exceptions or OCSP Responder failures would be disregarded in favor of connectivity.
[2024-06-19T17:08:59.105+0000] {connection.py:1249} INFO - THIS CONNECTION IS IN INSECURE MODE. IT MEANS THE CERTIFICATE WILL BE VALIDATED BUT THE CERTIFICATE REVOCATION STATUS WILL NOT BE CHECKED.
[2024-06-19T17:08:59.170+0000] {ssl_wrap_socket.py:100} INFO - THIS CONNECTION IS IN INSECURE MODE. IT MEANS THE CERTIFICATE WILL BE VALIDATED BUT THE CERTIFICATE REVOCATION STATUS WILL NOT BE CHECKED.
[2024-06-19T17:08:59.470+0000] {cursor.py:1149} INFO - Number of results in first chunk: 1
[2024-06-19T17:08:59.471+0000] {sql.py:487} INFO - Running statement: USE WAREHOUSE NBA_STATS_WAREHOUSE;, parameters: None
[2024-06-19T17:08:59.537+0000] {cursor.py:1149} INFO - Number of results in first chunk: 1
[2024-06-19T17:08:59.538+0000] {sql.py:496} INFO - Rows affected: 1
[2024-06-19T17:08:59.538+0000] {snowflake.py:409} INFO - Rows affected: 1
[2024-06-19T17:08:59.538+0000] {snowflake.py:410} INFO - Snowflake query id: 01b51e24-0001-e49d-0006-023e0001faae
[2024-06-19T17:08:59.539+0000] {sql.py:487} INFO - Running statement: USE NBA_STATS_ANALYTICS;, parameters: None
[2024-06-19T17:08:59.717+0000] {cursor.py:1149} INFO - Number of results in first chunk: 1
[2024-06-19T17:08:59.718+0000] {sql.py:496} INFO - Rows affected: 1
[2024-06-19T17:08:59.718+0000] {snowflake.py:409} INFO - Rows affected: 1
[2024-06-19T17:08:59.718+0000] {snowflake.py:410} INFO - Snowflake query id: 01b51e24-0001-e495-0006-023e00018b96
[2024-06-19T17:08:59.718+0000] {sql.py:487} INFO - Running statement: CREATE TABLE IF NOT EXISTS NBA_STATS.top_100_players_stats (
            PLAYER_ID STRING,
            RANK NUMBER,
            PLAYER STRING,
            TEAM STRING,
            GP NUMBER,
            MIN NUMBER,
            FGM NUMBER,
            FGA NUMBER,
            FG3M NUMBER,
            FG3A NUMBER,
            FTM NUMBER,
            FTA NUMBER,
            OREB NUMBER,
            DREB NUMBER,
            REB NUMBER,
            AST NUMBER,
            STL NUMBER,
            BLK NUMBER,
            TOV NUMBER,
            PF NUMBER,
            PTS NUMBER,
            PPG NUMBER,
            APG NUMBER,
            RPG NUMBER,
            BPG NUMBER,
            SPG NUMBER,
            FG_PERCENT NUMBER,
            FG3_PERCENT NUMBER,
            FT_PERCENT NUMBER
        );, parameters: None
[2024-06-19T17:08:59.899+0000] {cursor.py:1149} INFO - Number of results in first chunk: 1
[2024-06-19T17:08:59.899+0000] {sql.py:496} INFO - Rows affected: 1
[2024-06-19T17:08:59.900+0000] {snowflake.py:409} INFO - Rows affected: 1
[2024-06-19T17:08:59.900+0000] {snowflake.py:410} INFO - Snowflake query id: 01b51e24-0001-e499-0006-023e0001cbda
[2024-06-19T17:08:59.978+0000] {cursor.py:1149} INFO - Number of results in first chunk: 1
[2024-06-19T17:08:59.979+0000] {connection.py:762} INFO - closed
[2024-06-19T17:09:00.007+0000] {connection.py:768} INFO - No async queries seem to be running, deleting session
[2024-06-19T17:09:00.066+0000] {taskinstance.py:441} INFO - ::group::Post task execution logs
[2024-06-19T17:09:00.134+0000] {taskinstance.py:1206} INFO - Marking task as SUCCESS. dag_id=nba_schema_creation_dag, task_id=snowflake_create_table_top_100_players_stats, run_id=scheduled__2024-06-17T00:00:00+00:00, execution_date=20240617T000000, start_date=20240619T170857, end_date=20240619T170900
[2024-06-19T17:09:00.176+0000] {local_task_job_runner.py:240} INFO - Task exited with return code 0
[2024-06-19T17:09:00.212+0000] {taskinstance.py:3503} INFO - 0 downstream tasks scheduled from follow-on schedule check
[2024-06-19T17:09:00.214+0000] {local_task_job_runner.py:222} INFO - ::endgroup::
[2024-06-19T17:22:14.523+0000] {local_task_job_runner.py:120} INFO - ::group::Pre task execution logs
[2024-06-19T17:22:14.568+0000] {taskinstance.py:2076} INFO - Dependencies all met for dep_context=non-requeueable deps ti=<TaskInstance: nba_schema_creation_dag.snowflake_create_table_top_100_players_stats scheduled__2024-06-17T00:00:00+00:00 [queued]>
[2024-06-19T17:22:14.577+0000] {taskinstance.py:2076} INFO - Dependencies all met for dep_context=requeueable deps ti=<TaskInstance: nba_schema_creation_dag.snowflake_create_table_top_100_players_stats scheduled__2024-06-17T00:00:00+00:00 [queued]>
[2024-06-19T17:22:14.577+0000] {taskinstance.py:2306} INFO - Starting attempt 1 of 2
[2024-06-19T17:22:14.590+0000] {taskinstance.py:2330} INFO - Executing <Task(SQLExecuteQueryOperator): snowflake_create_table_top_100_players_stats> on 2024-06-17 00:00:00+00:00
[2024-06-19T17:22:14.597+0000] {standard_task_runner.py:90} INFO - Running: ['***', 'tasks', 'run', 'nba_schema_creation_dag', 'snowflake_create_table_top_100_players_stats', 'scheduled__2024-06-17T00:00:00+00:00', '--job-id', '745', '--raw', '--subdir', 'DAGS_FOLDER/nba_schema_creation_dag.py', '--cfg-path', '/tmp/tmpsrds9jof']
[2024-06-19T17:22:14.600+0000] {standard_task_runner.py:91} INFO - Job 745: Subtask snowflake_create_table_top_100_players_stats
[2024-06-19T17:22:14.600+0000] {logging_mixin.py:188} WARNING - /home/ubuntu/nba_ns_venv/lib/python3.12/site-packages/***/task/task_runner/standard_task_runner.py:61 DeprecationWarning: This process (pid=7780) is multi-threaded, use of fork() may lead to deadlocks in the child.
[2024-06-19T17:22:14.601+0000] {standard_task_runner.py:63} INFO - Started process 7786 to run task
[2024-06-19T17:22:14.695+0000] {task_command.py:426} INFO - Running <TaskInstance: nba_schema_creation_dag.snowflake_create_table_top_100_players_stats scheduled__2024-06-17T00:00:00+00:00 [running]> on host ip-172-31-45-144.ec2.internal
[2024-06-19T17:22:14.843+0000] {taskinstance.py:2648} INFO - Exporting env vars: AIRFLOW_CTX_DAG_OWNER='Airflow' AIRFLOW_CTX_DAG_ID='nba_schema_creation_dag' AIRFLOW_CTX_TASK_ID='snowflake_create_table_top_100_players_stats' AIRFLOW_CTX_EXECUTION_DATE='2024-06-17T00:00:00+00:00' AIRFLOW_CTX_TRY_NUMBER='1' AIRFLOW_CTX_DAG_RUN_ID='scheduled__2024-06-17T00:00:00+00:00'
[2024-06-19T17:22:14.844+0000] {taskinstance.py:430} INFO - ::endgroup::
[2024-06-19T17:22:14.862+0000] {sql.py:276} INFO - Executing: 
        USE WAREHOUSE NBA_STATS_WAREHOUSE;
        USE NBA_STATS_ANALYTICS;
        CREATE TABLE IF NOT EXISTS NBA_STATS.top_100_players_stats (
            PLAYER_ID STRING,
            RANK NUMBER,
            PLAYER STRING,
            TEAM STRING,
            GP NUMBER,
            MIN NUMBER,
            FGM NUMBER,
            FGA NUMBER,
            FG3M NUMBER,
            FG3A NUMBER,
            FTM NUMBER,
            FTA NUMBER,
            OREB NUMBER,
            DREB NUMBER,
            REB NUMBER,
            AST NUMBER,
            STL NUMBER,
            BLK NUMBER,
            TOV NUMBER,
            PF NUMBER,
            PTS NUMBER,
            PPG NUMBER,
            APG NUMBER,
            RPG NUMBER,
            BPG NUMBER,
            SPG NUMBER,
            FG_PERCENT NUMBER,
            FG3_PERCENT NUMBER,
            FT_PERCENT NUMBER
        );
        
[2024-06-19T17:22:14.887+0000] {base.py:84} INFO - Using connection ID 'snowflake_conn' for task execution.
[2024-06-19T17:22:15.664+0000] {base.py:84} INFO - Using connection ID 'snowflake_conn' for task execution.
[2024-06-19T17:22:15.665+0000] {connection.py:399} INFO - Snowflake Connector for Python Version: 3.10.1, Python Version: 3.12.3, Platform: Linux-6.8.0-1009-aws-x86_64-with-glibc2.39
[2024-06-19T17:22:15.665+0000] {connection.py:1239} INFO - This connection is in OCSP Fail Open Mode. TLS Certificates would be checked for validity and revocation status. Any other Certificate Revocation related exceptions or OCSP Responder failures would be disregarded in favor of connectivity.
[2024-06-19T17:22:15.665+0000] {connection.py:1249} INFO - THIS CONNECTION IS IN INSECURE MODE. IT MEANS THE CERTIFICATE WILL BE VALIDATED BUT THE CERTIFICATE REVOCATION STATUS WILL NOT BE CHECKED.
[2024-06-19T17:22:15.731+0000] {ssl_wrap_socket.py:100} INFO - THIS CONNECTION IS IN INSECURE MODE. IT MEANS THE CERTIFICATE WILL BE VALIDATED BUT THE CERTIFICATE REVOCATION STATUS WILL NOT BE CHECKED.
[2024-06-19T17:22:15.923+0000] {cursor.py:1149} INFO - Number of results in first chunk: 1
[2024-06-19T17:22:15.924+0000] {sql.py:487} INFO - Running statement: USE WAREHOUSE NBA_STATS_WAREHOUSE;, parameters: None
[2024-06-19T17:22:16.034+0000] {cursor.py:1149} INFO - Number of results in first chunk: 1
[2024-06-19T17:22:16.034+0000] {sql.py:496} INFO - Rows affected: 1
[2024-06-19T17:22:16.035+0000] {snowflake.py:409} INFO - Rows affected: 1
[2024-06-19T17:22:16.035+0000] {snowflake.py:410} INFO - Snowflake query id: 01b51e32-0001-e496-0006-023e00019ca2
[2024-06-19T17:22:16.036+0000] {sql.py:487} INFO - Running statement: USE NBA_STATS_ANALYTICS;, parameters: None
[2024-06-19T17:22:16.164+0000] {cursor.py:1149} INFO - Number of results in first chunk: 1
[2024-06-19T17:22:16.165+0000] {sql.py:496} INFO - Rows affected: 1
[2024-06-19T17:22:16.165+0000] {snowflake.py:409} INFO - Rows affected: 1
[2024-06-19T17:22:16.165+0000] {snowflake.py:410} INFO - Snowflake query id: 01b51e32-0001-e49d-0006-023e0001fb06
[2024-06-19T17:22:16.166+0000] {sql.py:487} INFO - Running statement: CREATE TABLE IF NOT EXISTS NBA_STATS.top_100_players_stats (
            PLAYER_ID STRING,
            RANK NUMBER,
            PLAYER STRING,
            TEAM STRING,
            GP NUMBER,
            MIN NUMBER,
            FGM NUMBER,
            FGA NUMBER,
            FG3M NUMBER,
            FG3A NUMBER,
            FTM NUMBER,
            FTA NUMBER,
            OREB NUMBER,
            DREB NUMBER,
            REB NUMBER,
            AST NUMBER,
            STL NUMBER,
            BLK NUMBER,
            TOV NUMBER,
            PF NUMBER,
            PTS NUMBER,
            PPG NUMBER,
            APG NUMBER,
            RPG NUMBER,
            BPG NUMBER,
            SPG NUMBER,
            FG_PERCENT NUMBER,
            FG3_PERCENT NUMBER,
            FT_PERCENT NUMBER
        );, parameters: None
[2024-06-19T17:22:16.359+0000] {cursor.py:1149} INFO - Number of results in first chunk: 1
[2024-06-19T17:22:16.359+0000] {sql.py:496} INFO - Rows affected: 1
[2024-06-19T17:22:16.360+0000] {snowflake.py:409} INFO - Rows affected: 1
[2024-06-19T17:22:16.360+0000] {snowflake.py:410} INFO - Snowflake query id: 01b51e32-0001-e496-0006-023e00019ca6
[2024-06-19T17:22:16.414+0000] {cursor.py:1149} INFO - Number of results in first chunk: 1
[2024-06-19T17:22:16.415+0000] {connection.py:762} INFO - closed
[2024-06-19T17:22:16.442+0000] {connection.py:768} INFO - No async queries seem to be running, deleting session
[2024-06-19T17:22:16.474+0000] {taskinstance.py:441} INFO - ::group::Post task execution logs
[2024-06-19T17:22:16.528+0000] {taskinstance.py:1206} INFO - Marking task as SUCCESS. dag_id=nba_schema_creation_dag, task_id=snowflake_create_table_top_100_players_stats, run_id=scheduled__2024-06-17T00:00:00+00:00, execution_date=20240617T000000, start_date=20240619T172214, end_date=20240619T172216
[2024-06-19T17:22:16.586+0000] {local_task_job_runner.py:240} INFO - Task exited with return code 0
[2024-06-19T17:22:16.619+0000] {taskinstance.py:3503} INFO - 0 downstream tasks scheduled from follow-on schedule check
[2024-06-19T17:22:16.621+0000] {local_task_job_runner.py:222} INFO - ::endgroup::
[2024-06-19T21:05:07.027+0000] {local_task_job_runner.py:120} INFO - ::group::Pre task execution logs
[2024-06-19T21:05:07.077+0000] {taskinstance.py:2076} INFO - Dependencies all met for dep_context=non-requeueable deps ti=<TaskInstance: nba_schema_creation_dag.snowflake_create_table_top_100_players_stats scheduled__2024-06-17T00:00:00+00:00 [queued]>
[2024-06-19T21:05:07.088+0000] {taskinstance.py:2076} INFO - Dependencies all met for dep_context=requeueable deps ti=<TaskInstance: nba_schema_creation_dag.snowflake_create_table_top_100_players_stats scheduled__2024-06-17T00:00:00+00:00 [queued]>
[2024-06-19T21:05:07.089+0000] {taskinstance.py:2306} INFO - Starting attempt 1 of 2
[2024-06-19T21:05:07.104+0000] {taskinstance.py:2330} INFO - Executing <Task(SQLExecuteQueryOperator): snowflake_create_table_top_100_players_stats> on 2024-06-17 00:00:00+00:00
[2024-06-19T21:05:07.112+0000] {standard_task_runner.py:90} INFO - Running: ['***', 'tasks', 'run', 'nba_schema_creation_dag', 'snowflake_create_table_top_100_players_stats', 'scheduled__2024-06-17T00:00:00+00:00', '--job-id', '766', '--raw', '--subdir', 'DAGS_FOLDER/nba_schema_creation_dag.py', '--cfg-path', '/tmp/tmpqfjcu8tt']
[2024-06-19T21:05:07.115+0000] {standard_task_runner.py:91} INFO - Job 766: Subtask snowflake_create_table_top_100_players_stats
[2024-06-19T21:05:07.115+0000] {logging_mixin.py:188} WARNING - /home/ubuntu/nba_ns_venv/lib/python3.12/site-packages/***/task/task_runner/standard_task_runner.py:61 DeprecationWarning: This process (pid=3571) is multi-threaded, use of fork() may lead to deadlocks in the child.
[2024-06-19T21:05:07.116+0000] {standard_task_runner.py:63} INFO - Started process 3587 to run task
[2024-06-19T21:05:07.214+0000] {task_command.py:426} INFO - Running <TaskInstance: nba_schema_creation_dag.snowflake_create_table_top_100_players_stats scheduled__2024-06-17T00:00:00+00:00 [running]> on host ip-172-31-45-144.ec2.internal
[2024-06-19T21:05:07.375+0000] {taskinstance.py:2648} INFO - Exporting env vars: AIRFLOW_CTX_DAG_OWNER='Airflow' AIRFLOW_CTX_DAG_ID='nba_schema_creation_dag' AIRFLOW_CTX_TASK_ID='snowflake_create_table_top_100_players_stats' AIRFLOW_CTX_EXECUTION_DATE='2024-06-17T00:00:00+00:00' AIRFLOW_CTX_TRY_NUMBER='1' AIRFLOW_CTX_DAG_RUN_ID='scheduled__2024-06-17T00:00:00+00:00'
[2024-06-19T21:05:07.376+0000] {taskinstance.py:430} INFO - ::endgroup::
[2024-06-19T21:05:07.397+0000] {sql.py:276} INFO - Executing: 
        USE WAREHOUSE NBA_STATS_WAREHOUSE;
        USE NBA_STATS_ANALYTICS;
        CREATE TABLE IF NOT EXISTS NBA_STATS.top_100_players_stats (
            PLAYER_ID STRING,
            RANK NUMBER,
            PLAYER STRING,
            TEAM STRING,
            GP NUMBER,
            MIN NUMBER,
            FGM NUMBER,
            FGA NUMBER,
            FG3M NUMBER,
            FG3A NUMBER,
            FTM NUMBER,
            FTA NUMBER,
            OREB NUMBER,
            DREB NUMBER,
            REB NUMBER,
            AST NUMBER,
            STL NUMBER,
            BLK NUMBER,
            TOV NUMBER,
            PF NUMBER,
            PTS NUMBER,
            PPG NUMBER,
            APG NUMBER,
            RPG NUMBER,
            BPG NUMBER,
            SPG NUMBER,
            FG_PERCENT NUMBER,
            FG3_PERCENT NUMBER,
            FT_PERCENT NUMBER
        );
        
[2024-06-19T21:05:07.427+0000] {base.py:84} INFO - Using connection ID 'snowflake_conn' for task execution.
[2024-06-19T21:05:08.218+0000] {base.py:84} INFO - Using connection ID 'snowflake_conn' for task execution.
[2024-06-19T21:05:08.219+0000] {connection.py:399} INFO - Snowflake Connector for Python Version: 3.10.1, Python Version: 3.12.3, Platform: Linux-6.8.0-1009-aws-x86_64-with-glibc2.39
[2024-06-19T21:05:08.219+0000] {connection.py:1239} INFO - This connection is in OCSP Fail Open Mode. TLS Certificates would be checked for validity and revocation status. Any other Certificate Revocation related exceptions or OCSP Responder failures would be disregarded in favor of connectivity.
[2024-06-19T21:05:08.220+0000] {connection.py:1249} INFO - THIS CONNECTION IS IN INSECURE MODE. IT MEANS THE CERTIFICATE WILL BE VALIDATED BUT THE CERTIFICATE REVOCATION STATUS WILL NOT BE CHECKED.
[2024-06-19T21:05:08.279+0000] {ssl_wrap_socket.py:100} INFO - THIS CONNECTION IS IN INSECURE MODE. IT MEANS THE CERTIFICATE WILL BE VALIDATED BUT THE CERTIFICATE REVOCATION STATUS WILL NOT BE CHECKED.
[2024-06-19T21:05:08.529+0000] {cursor.py:1149} INFO - Number of results in first chunk: 1
[2024-06-19T21:05:08.530+0000] {sql.py:487} INFO - Running statement: USE WAREHOUSE NBA_STATS_WAREHOUSE;, parameters: None
[2024-06-19T21:05:10.179+0000] {cursor.py:1149} INFO - Number of results in first chunk: 1
[2024-06-19T21:05:10.179+0000] {sql.py:496} INFO - Rows affected: 1
[2024-06-19T21:05:10.180+0000] {snowflake.py:409} INFO - Rows affected: 1
[2024-06-19T21:05:10.180+0000] {snowflake.py:410} INFO - Snowflake query id: 01b51f11-0001-e364-0006-023e0001edb6
[2024-06-19T21:05:10.180+0000] {sql.py:487} INFO - Running statement: USE NBA_STATS_ANALYTICS;, parameters: None
[2024-06-19T21:05:10.521+0000] {cursor.py:1149} INFO - Number of results in first chunk: 1
[2024-06-19T21:05:10.522+0000] {sql.py:496} INFO - Rows affected: 1
[2024-06-19T21:05:10.522+0000] {snowflake.py:409} INFO - Rows affected: 1
[2024-06-19T21:05:10.522+0000] {snowflake.py:410} INFO - Snowflake query id: 01b51f11-0001-e497-0006-023e0001de36
[2024-06-19T21:05:10.522+0000] {sql.py:487} INFO - Running statement: CREATE TABLE IF NOT EXISTS NBA_STATS.top_100_players_stats (
            PLAYER_ID STRING,
            RANK NUMBER,
            PLAYER STRING,
            TEAM STRING,
            GP NUMBER,
            MIN NUMBER,
            FGM NUMBER,
            FGA NUMBER,
            FG3M NUMBER,
            FG3A NUMBER,
            FTM NUMBER,
            FTA NUMBER,
            OREB NUMBER,
            DREB NUMBER,
            REB NUMBER,
            AST NUMBER,
            STL NUMBER,
            BLK NUMBER,
            TOV NUMBER,
            PF NUMBER,
            PTS NUMBER,
            PPG NUMBER,
            APG NUMBER,
            RPG NUMBER,
            BPG NUMBER,
            SPG NUMBER,
            FG_PERCENT NUMBER,
            FG3_PERCENT NUMBER,
            FT_PERCENT NUMBER
        );, parameters: None
[2024-06-19T21:05:10.769+0000] {cursor.py:1149} INFO - Number of results in first chunk: 1
[2024-06-19T21:05:10.770+0000] {sql.py:496} INFO - Rows affected: 1
[2024-06-19T21:05:10.770+0000] {snowflake.py:409} INFO - Rows affected: 1
[2024-06-19T21:05:10.770+0000] {snowflake.py:410} INFO - Snowflake query id: 01b51f11-0001-e496-0006-023e00019f3e
[2024-06-19T21:05:10.825+0000] {cursor.py:1149} INFO - Number of results in first chunk: 1
[2024-06-19T21:05:10.826+0000] {connection.py:762} INFO - closed
[2024-06-19T21:05:10.853+0000] {connection.py:768} INFO - No async queries seem to be running, deleting session
[2024-06-19T21:05:10.892+0000] {taskinstance.py:441} INFO - ::group::Post task execution logs
[2024-06-19T21:05:10.947+0000] {taskinstance.py:1206} INFO - Marking task as SUCCESS. dag_id=nba_schema_creation_dag, task_id=snowflake_create_table_top_100_players_stats, run_id=scheduled__2024-06-17T00:00:00+00:00, execution_date=20240617T000000, start_date=20240619T210507, end_date=20240619T210510
[2024-06-19T21:05:10.988+0000] {local_task_job_runner.py:240} INFO - Task exited with return code 0
[2024-06-19T21:05:11.022+0000] {taskinstance.py:3503} INFO - 0 downstream tasks scheduled from follow-on schedule check
[2024-06-19T21:05:11.024+0000] {local_task_job_runner.py:222} INFO - ::endgroup::
