[2024-06-17T15:25:37.895+0000] {local_task_job_runner.py:120} INFO - ::group::Pre task execution logs
[2024-06-17T15:25:38.193+0000] {taskinstance.py:2076} INFO - Dependencies all met for dep_context=non-requeueable deps ti=<TaskInstance: nba_data_pipeline.fetch_news scheduled__2024-06-16T00:00:00+00:00 [queued]>
[2024-06-17T15:25:38.239+0000] {taskinstance.py:2076} INFO - Dependencies all met for dep_context=requeueable deps ti=<TaskInstance: nba_data_pipeline.fetch_news scheduled__2024-06-16T00:00:00+00:00 [queued]>
[2024-06-17T15:25:38.240+0000] {taskinstance.py:2306} INFO - Starting attempt 1 of 2
[2024-06-17T15:25:38.362+0000] {taskinstance.py:2330} INFO - Executing <Task(PythonOperator): fetch_news> on 2024-06-16 00:00:00+00:00
[2024-06-17T15:25:38.411+0000] {standard_task_runner.py:90} INFO - Running: ['***', 'tasks', 'run', 'nba_data_pipeline', 'fetch_news', 'scheduled__2024-06-16T00:00:00+00:00', '--job-id', '3', '--raw', '--subdir', 'DAGS_FOLDER/nba_news_stats_etl.py', '--cfg-path', '/tmp/tmpb9dfv3le']
[2024-06-17T15:25:38.453+0000] {standard_task_runner.py:91} INFO - Job 3: Subtask fetch_news
[2024-06-17T15:25:38.467+0000] {logging_mixin.py:188} WARNING - /home/ubuntu/nba_ns_venv/lib/python3.12/site-packages/***/task/task_runner/standard_task_runner.py:61 DeprecationWarning: This process (pid=27653) is multi-threaded, use of fork() may lead to deadlocks in the child.
[2024-06-17T15:25:38.481+0000] {standard_task_runner.py:63} INFO - Started process 27835 to run task
[2024-06-17T15:25:39.157+0000] {task_command.py:426} INFO - Running <TaskInstance: nba_data_pipeline.fetch_news scheduled__2024-06-16T00:00:00+00:00 [running]> on host ip-172-31-45-144.ec2.internal
[2024-06-17T15:30:15.811+0000] {taskinstance.py:2648} INFO - Exporting env vars: AIRFLOW_CTX_DAG_OWNER='Airflow' AIRFLOW_CTX_DAG_ID='nba_data_pipeline' AIRFLOW_CTX_TASK_ID='fetch_news' AIRFLOW_CTX_EXECUTION_DATE='2024-06-16T00:00:00+00:00' AIRFLOW_CTX_TRY_NUMBER='1' AIRFLOW_CTX_DAG_RUN_ID='scheduled__2024-06-16T00:00:00+00:00'
[2024-06-17T15:30:15.847+0000] {taskinstance.py:430} INFO - ::endgroup::
[2024-06-17T15:30:16.905+0000] {python.py:237} INFO - Done. Returned value was: /home/ubuntu/dags/nba_news_stats_data/nba_news.csv
[2024-06-17T15:30:16.905+0000] {taskinstance.py:441} INFO - ::group::Post task execution logs
[2024-06-17T15:30:17.493+0000] {taskinstance.py:1206} INFO - Marking task as SUCCESS. dag_id=nba_data_pipeline, task_id=fetch_news, run_id=scheduled__2024-06-16T00:00:00+00:00, execution_date=20240616T000000, start_date=20240617T152538, end_date=20240617T153017
[2024-06-17T15:30:17.630+0000] {local_task_job_runner.py:240} INFO - Task exited with return code 0
[2024-06-17T15:30:17.918+0000] {logging_mixin.py:188} WARNING - /home/ubuntu/nba_ns_venv/lib/python3.12/site-packages/***/models/baseoperator.py:1297 AirflowProviderDeprecationWarning: Call to deprecated class SnowflakeOperator. (This class is deprecated. Please use `***.providers.common.sql.operators.sql.SQLExecuteQueryOperator`. Also, you can provide `hook_params={'warehouse': <warehouse>, 'database': <database>, 'role': <role>, 'schema': <schema>, 'authenticator': <authenticator>,'session_parameters': <session_parameters>}`.)
[2024-06-17T15:30:18.239+0000] {taskinstance.py:3503} INFO - 1 downstream tasks scheduled from follow-on schedule check
[2024-06-17T15:30:18.249+0000] {local_task_job_runner.py:222} INFO - ::endgroup::
[2024-06-17T17:57:12.558+0000] {local_task_job_runner.py:120} INFO - ::group::Pre task execution logs
[2024-06-17T17:57:12.699+0000] {taskinstance.py:2076} INFO - Dependencies all met for dep_context=non-requeueable deps ti=<TaskInstance: nba_data_pipeline.fetch_news scheduled__2024-06-16T00:00:00+00:00 [queued]>
[2024-06-17T17:57:12.726+0000] {taskinstance.py:2076} INFO - Dependencies all met for dep_context=requeueable deps ti=<TaskInstance: nba_data_pipeline.fetch_news scheduled__2024-06-16T00:00:00+00:00 [queued]>
[2024-06-17T17:57:12.727+0000] {taskinstance.py:2306} INFO - Starting attempt 1 of 2
[2024-06-17T17:57:12.769+0000] {taskinstance.py:2330} INFO - Executing <Task(PythonOperator): fetch_news> on 2024-06-16 00:00:00+00:00
[2024-06-17T17:57:12.810+0000] {standard_task_runner.py:90} INFO - Running: ['***', 'tasks', 'run', 'nba_data_pipeline', 'fetch_news', 'scheduled__2024-06-16T00:00:00+00:00', '--job-id', '16', '--raw', '--subdir', 'DAGS_FOLDER/nba_news_stats_etl.py', '--cfg-path', '/tmp/tmp3uzg64uc']
[2024-06-17T17:57:12.830+0000] {standard_task_runner.py:91} INFO - Job 16: Subtask fetch_news
[2024-06-17T17:57:12.829+0000] {logging_mixin.py:188} WARNING - /home/ubuntu/nba_ns_venv/lib/python3.12/site-packages/***/task/task_runner/standard_task_runner.py:61 DeprecationWarning: This process (pid=1710) is multi-threaded, use of fork() may lead to deadlocks in the child.
[2024-06-17T17:57:12.834+0000] {standard_task_runner.py:63} INFO - Started process 1879 to run task
[2024-06-17T17:57:13.181+0000] {task_command.py:426} INFO - Running <TaskInstance: nba_data_pipeline.fetch_news scheduled__2024-06-16T00:00:00+00:00 [running]> on host ip-172-31-45-144.ec2.internal
[2024-06-17T17:57:13.639+0000] {taskinstance.py:2648} INFO - Exporting env vars: AIRFLOW_CTX_DAG_OWNER='Airflow' AIRFLOW_CTX_DAG_ID='nba_data_pipeline' AIRFLOW_CTX_TASK_ID='fetch_news' AIRFLOW_CTX_EXECUTION_DATE='2024-06-16T00:00:00+00:00' AIRFLOW_CTX_TRY_NUMBER='1' AIRFLOW_CTX_DAG_RUN_ID='scheduled__2024-06-16T00:00:00+00:00'
[2024-06-17T17:57:13.641+0000] {taskinstance.py:430} INFO - ::endgroup::
[2024-06-17T17:57:14.070+0000] {python.py:237} INFO - Done. Returned value was: /home/ubuntu/dags/nba_news_stats_data/nba_news.csv
[2024-06-17T17:57:14.074+0000] {taskinstance.py:441} INFO - ::group::Post task execution logs
[2024-06-17T17:57:14.304+0000] {taskinstance.py:1206} INFO - Marking task as SUCCESS. dag_id=nba_data_pipeline, task_id=fetch_news, run_id=scheduled__2024-06-16T00:00:00+00:00, execution_date=20240616T000000, start_date=20240617T175712, end_date=20240617T175714
[2024-06-17T17:57:14.395+0000] {local_task_job_runner.py:240} INFO - Task exited with return code 0
[2024-06-17T17:57:14.423+0000] {logging_mixin.py:188} WARNING - /home/ubuntu/nba_ns_venv/lib/python3.12/site-packages/***/models/baseoperator.py:1297 AirflowProviderDeprecationWarning: Call to deprecated class SnowflakeOperator. (This class is deprecated. Please use `***.providers.common.sql.operators.sql.SQLExecuteQueryOperator`. Also, you can provide `hook_params={'warehouse': <warehouse>, 'database': <database>, 'role': <role>, 'schema': <schema>, 'authenticator': <authenticator>,'session_parameters': <session_parameters>}`.)
[2024-06-17T17:57:14.443+0000] {taskinstance.py:3503} INFO - 1 downstream tasks scheduled from follow-on schedule check
[2024-06-17T17:57:14.445+0000] {local_task_job_runner.py:222} INFO - ::endgroup::
