[2024-06-18T16:35:26.814+0000] {local_task_job_runner.py:120} INFO - ::group::Pre task execution logs
[2024-06-18T16:35:26.859+0000] {taskinstance.py:2076} INFO - Dependencies all met for dep_context=non-requeueable deps ti=<TaskInstance: nba_data_pipeline.upload_stats_to_s3 manual__2024-06-18T16:34:29.709013+00:00 [queued]>
[2024-06-18T16:35:26.868+0000] {taskinstance.py:2076} INFO - Dependencies all met for dep_context=requeueable deps ti=<TaskInstance: nba_data_pipeline.upload_stats_to_s3 manual__2024-06-18T16:34:29.709013+00:00 [queued]>
[2024-06-18T16:35:26.868+0000] {taskinstance.py:2306} INFO - Starting attempt 1 of 2
[2024-06-18T16:35:26.882+0000] {taskinstance.py:2330} INFO - Executing <Task(PythonOperator): upload_stats_to_s3> on 2024-06-18 16:34:29.709013+00:00
[2024-06-18T16:35:26.894+0000] {standard_task_runner.py:90} INFO - Running: ['***', 'tasks', 'run', 'nba_data_pipeline', 'upload_stats_to_s3', 'manual__2024-06-18T16:34:29.709013+00:00', '--job-id', '91', '--raw', '--subdir', 'DAGS_FOLDER/nba_news_stats_etl.py', '--cfg-path', '/tmp/tmp3cu85jme']
[2024-06-18T16:35:26.897+0000] {standard_task_runner.py:91} INFO - Job 91: Subtask upload_stats_to_s3
[2024-06-18T16:35:26.897+0000] {logging_mixin.py:188} WARNING - /home/ubuntu/nba_ns_venv/lib/python3.12/site-packages/***/task/task_runner/standard_task_runner.py:61 DeprecationWarning: This process (pid=3554) is multi-threaded, use of fork() may lead to deadlocks in the child.
[2024-06-18T16:35:26.898+0000] {standard_task_runner.py:63} INFO - Started process 3655 to run task
[2024-06-18T16:35:26.994+0000] {task_command.py:426} INFO - Running <TaskInstance: nba_data_pipeline.upload_stats_to_s3 manual__2024-06-18T16:34:29.709013+00:00 [running]> on host ip-172-31-45-144.ec2.internal
[2024-06-18T16:35:27.147+0000] {taskinstance.py:2648} INFO - Exporting env vars: AIRFLOW_CTX_DAG_OWNER='Airflow' AIRFLOW_CTX_DAG_ID='nba_data_pipeline' AIRFLOW_CTX_TASK_ID='upload_stats_to_s3' AIRFLOW_CTX_EXECUTION_DATE='2024-06-18T16:34:29.709013+00:00' AIRFLOW_CTX_TRY_NUMBER='1' AIRFLOW_CTX_DAG_RUN_ID='manual__2024-06-18T16:34:29.709013+00:00'
[2024-06-18T16:35:27.149+0000] {taskinstance.py:430} INFO - ::endgroup::
[2024-06-18T16:35:27.163+0000] {taskinstance.py:441} INFO - ::group::Post task execution logs
[2024-06-18T16:35:27.163+0000] {taskinstance.py:2905} ERROR - Task failed with exception
Traceback (most recent call last):
  File "/home/ubuntu/nba_ns_venv/lib/python3.12/site-packages/airflow/models/taskinstance.py", line 465, in _execute_task
    result = _execute_callable(context=context, **execute_callable_kwargs)
             ^^^^^^^^^^^^^^^^^^^^^^^^^^^^^^^^^^^^^^^^^^^^^^^^^^^^^^^^^^^^^
  File "/home/ubuntu/nba_ns_venv/lib/python3.12/site-packages/airflow/models/taskinstance.py", line 432, in _execute_callable
    return execute_callable(context=context, **execute_callable_kwargs)
           ^^^^^^^^^^^^^^^^^^^^^^^^^^^^^^^^^^^^^^^^^^^^^^^^^^^^^^^^^^^^
  File "/home/ubuntu/nba_ns_venv/lib/python3.12/site-packages/airflow/models/baseoperator.py", line 401, in wrapper
    return func(self, *args, **kwargs)
           ^^^^^^^^^^^^^^^^^^^^^^^^^^^
  File "/home/ubuntu/nba_ns_venv/lib/python3.12/site-packages/airflow/operators/python.py", line 235, in execute
    return_value = self.execute_callable()
                   ^^^^^^^^^^^^^^^^^^^^^^^
  File "/home/ubuntu/nba_ns_venv/lib/python3.12/site-packages/airflow/operators/python.py", line 252, in execute_callable
    return self.python_callable(*self.op_args, **self.op_kwargs)
           ^^^^^^^^^^^^^^^^^^^^^^^^^^^^^^^^^^^^^^^^^^^^^^^^^^^^^
  File "/home/ubuntu/dags/nba_news_stats_etl.py", line 168, in upload_to_s3
    import boto3
ModuleNotFoundError: No module named 'boto3'
[2024-06-18T16:35:27.189+0000] {taskinstance.py:1206} INFO - Marking task as UP_FOR_RETRY. dag_id=nba_data_pipeline, task_id=upload_stats_to_s3, run_id=manual__2024-06-18T16:34:29.709013+00:00, execution_date=20240618T163429, start_date=20240618T163526, end_date=20240618T163527
[2024-06-18T16:35:27.201+0000] {standard_task_runner.py:110} ERROR - Failed to execute job 91 for task upload_stats_to_s3 (No module named 'boto3'; 3655)
[2024-06-18T16:35:27.237+0000] {local_task_job_runner.py:240} INFO - Task exited with return code 1
[2024-06-18T16:35:27.265+0000] {logging_mixin.py:188} WARNING - /home/ubuntu/nba_ns_venv/lib/python3.12/site-packages/***/models/baseoperator.py:1297 AirflowProviderDeprecationWarning: Call to deprecated class SnowflakeOperator. (This class is deprecated. Please use `***.providers.common.sql.operators.sql.SQLExecuteQueryOperator`. Also, you can provide `hook_params={'warehouse': <warehouse>, 'database': <database>, 'role': <role>, 'schema': <schema>, 'authenticator': <authenticator>,'session_parameters': <session_parameters>}`.)
[2024-06-18T16:35:27.282+0000] {taskinstance.py:3503} INFO - 0 downstream tasks scheduled from follow-on schedule check
[2024-06-18T16:35:27.284+0000] {local_task_job_runner.py:222} INFO - ::endgroup::
