[2024-06-18T16:39:35.640+0000] {local_task_job_runner.py:120} INFO - ::group::Pre task execution logs
[2024-06-18T16:39:35.690+0000] {taskinstance.py:2076} INFO - Dependencies all met for dep_context=non-requeueable deps ti=<TaskInstance: nba_data_pipeline.upload_scores_to_s3 manual__2024-06-18T16:34:29.709013+00:00 [queued]>
[2024-06-18T16:39:35.703+0000] {taskinstance.py:2076} INFO - Dependencies all met for dep_context=requeueable deps ti=<TaskInstance: nba_data_pipeline.upload_scores_to_s3 manual__2024-06-18T16:34:29.709013+00:00 [queued]>
[2024-06-18T16:39:35.703+0000] {taskinstance.py:2306} INFO - Starting attempt 2 of 2
[2024-06-18T16:39:35.719+0000] {taskinstance.py:2330} INFO - Executing <Task(PythonOperator): upload_scores_to_s3> on 2024-06-18 16:34:29.709013+00:00
[2024-06-18T16:39:35.741+0000] {logging_mixin.py:188} WARNING - /home/ubuntu/nba_ns_venv/lib/python3.12/site-packages/***/task/task_runner/standard_task_runner.py:61 DeprecationWarning: This process (pid=5589) is multi-threaded, use of fork() may lead to deadlocks in the child.
[2024-06-18T16:39:35.735+0000] {standard_task_runner.py:90} INFO - Running: ['***', 'tasks', 'run', 'nba_data_pipeline', 'upload_scores_to_s3', 'manual__2024-06-18T16:34:29.709013+00:00', '--job-id', '94', '--raw', '--subdir', 'DAGS_FOLDER/nba_news_stats_etl.py', '--cfg-path', '/tmp/tmpxjl7abfa']
[2024-06-18T16:39:35.743+0000] {standard_task_runner.py:91} INFO - Job 94: Subtask upload_scores_to_s3
[2024-06-18T16:39:35.744+0000] {standard_task_runner.py:63} INFO - Started process 5647 to run task
[2024-06-18T16:39:35.887+0000] {task_command.py:426} INFO - Running <TaskInstance: nba_data_pipeline.upload_scores_to_s3 manual__2024-06-18T16:34:29.709013+00:00 [running]> on host ip-172-31-45-144.ec2.internal
[2024-06-18T16:39:36.043+0000] {taskinstance.py:2648} INFO - Exporting env vars: AIRFLOW_CTX_DAG_OWNER='Airflow' AIRFLOW_CTX_DAG_ID='nba_data_pipeline' AIRFLOW_CTX_TASK_ID='upload_scores_to_s3' AIRFLOW_CTX_EXECUTION_DATE='2024-06-18T16:34:29.709013+00:00' AIRFLOW_CTX_TRY_NUMBER='2' AIRFLOW_CTX_DAG_RUN_ID='manual__2024-06-18T16:34:29.709013+00:00'
[2024-06-18T16:39:36.044+0000] {taskinstance.py:430} INFO - ::endgroup::
[2024-06-18T16:39:36.090+0000] {credentials.py:1075} INFO - Found credentials from IAM Role: nba_news_stats_s3
[2024-06-18T16:39:36.305+0000] {python.py:237} INFO - Done. Returned value was: s3://nba-stats-players/nba_scores.json
[2024-06-18T16:39:36.305+0000] {taskinstance.py:441} INFO - ::group::Post task execution logs
[2024-06-18T16:39:36.405+0000] {taskinstance.py:1206} INFO - Marking task as SUCCESS. dag_id=nba_data_pipeline, task_id=upload_scores_to_s3, run_id=manual__2024-06-18T16:34:29.709013+00:00, execution_date=20240618T163429, start_date=20240618T163935, end_date=20240618T163936
[2024-06-18T16:39:36.452+0000] {local_task_job_runner.py:240} INFO - Task exited with return code 0
[2024-06-18T16:39:36.497+0000] {logging_mixin.py:188} WARNING - /home/ubuntu/nba_ns_venv/lib/python3.12/site-packages/***/models/baseoperator.py:1297 AirflowProviderDeprecationWarning: Call to deprecated class SnowflakeOperator. (This class is deprecated. Please use `***.providers.common.sql.operators.sql.SQLExecuteQueryOperator`. Also, you can provide `hook_params={'warehouse': <warehouse>, 'database': <database>, 'role': <role>, 'schema': <schema>, 'authenticator': <authenticator>,'session_parameters': <session_parameters>}`.)
[2024-06-18T16:39:36.531+0000] {taskinstance.py:3503} INFO - 0 downstream tasks scheduled from follow-on schedule check
[2024-06-18T16:39:36.536+0000] {local_task_job_runner.py:222} INFO - ::endgroup::
