[2024-06-19T00:00:58.281+0000] {local_task_job_runner.py:120} INFO - ::group::Pre task execution logs
[2024-06-19T00:00:58.324+0000] {taskinstance.py:2076} INFO - Dependencies all met for dep_context=non-requeueable deps ti=<TaskInstance: nba_schema_creation_dag.snowflake_create_table_stats scheduled__2024-06-17T00:00:00+00:00 [queued]>
[2024-06-19T00:00:58.333+0000] {taskinstance.py:2076} INFO - Dependencies all met for dep_context=requeueable deps ti=<TaskInstance: nba_schema_creation_dag.snowflake_create_table_stats scheduled__2024-06-17T00:00:00+00:00 [queued]>
[2024-06-19T00:00:58.333+0000] {taskinstance.py:2306} INFO - Starting attempt 1 of 2
[2024-06-19T00:00:58.347+0000] {taskinstance.py:2330} INFO - Executing <Task(SQLExecuteQueryOperator): snowflake_create_table_stats> on 2024-06-17 00:00:00+00:00
[2024-06-19T00:00:58.354+0000] {standard_task_runner.py:90} INFO - Running: ['***', 'tasks', 'run', 'nba_schema_creation_dag', 'snowflake_create_table_stats', 'scheduled__2024-06-17T00:00:00+00:00', '--job-id', '563', '--raw', '--subdir', 'DAGS_FOLDER/nba_schema_creation_dag.py', '--cfg-path', '/tmp/tmp5clt5a_l']
[2024-06-19T00:00:58.357+0000] {standard_task_runner.py:91} INFO - Job 563: Subtask snowflake_create_table_stats
[2024-06-19T00:00:58.357+0000] {logging_mixin.py:188} WARNING - /home/ubuntu/nba_ns_venv/lib/python3.12/site-packages/***/task/task_runner/standard_task_runner.py:61 DeprecationWarning: This process (pid=8588) is multi-threaded, use of fork() may lead to deadlocks in the child.
[2024-06-19T00:00:58.358+0000] {standard_task_runner.py:63} INFO - Started process 8594 to run task
[2024-06-19T00:00:58.454+0000] {task_command.py:426} INFO - Running <TaskInstance: nba_schema_creation_dag.snowflake_create_table_stats scheduled__2024-06-17T00:00:00+00:00 [running]> on host ip-172-31-45-144.ec2.internal
[2024-06-19T00:00:58.606+0000] {taskinstance.py:2648} INFO - Exporting env vars: AIRFLOW_CTX_DAG_OWNER='Airflow' AIRFLOW_CTX_DAG_ID='nba_schema_creation_dag' AIRFLOW_CTX_TASK_ID='snowflake_create_table_stats' AIRFLOW_CTX_EXECUTION_DATE='2024-06-17T00:00:00+00:00' AIRFLOW_CTX_TRY_NUMBER='1' AIRFLOW_CTX_DAG_RUN_ID='scheduled__2024-06-17T00:00:00+00:00'
[2024-06-19T00:00:58.607+0000] {taskinstance.py:430} INFO - ::endgroup::
[2024-06-19T00:00:58.624+0000] {sql.py:276} INFO - Executing: 
        CREATE TABLE IF NOT EXISTS NBA_STATS.player_stats (
            PLAYER_ID STRING,
            PLAYER STRING,
            TEAM STRING,
            GP NUMBER,
            MIN NUMBER,
            FGM NUMBER,
            FGA NUMBER,
            FG3M NUMBER,
            FG3A NUMBER,
            FTM NUMBER,
            FTA NUMBER,
            OREB NUMBER,
            DREB NUMBER,
            REB NUMBER,
            AST NUMBER,
            STL NUMBER,
            BLK NUMBER,
            TOV NUMBER,
            PF NUMBER,
            PTS NUMBER,
            PPG NUMBER,
            APG NUMBER,
            RPG NUMBER,
            BPG NUMBER,
            SPG NUMBER,
            FG_PERCENTAGE NUMBER,
            THREEP_PERCENTAGE NUMBER,
            FT_PERCENTAGE NUMBER
        );
        
[2024-06-19T00:00:58.651+0000] {base.py:84} INFO - Using connection ID 'snowflake_conn' for task execution.
[2024-06-19T00:00:59.426+0000] {base.py:84} INFO - Using connection ID 'snowflake_conn' for task execution.
[2024-06-19T00:00:59.427+0000] {connection.py:399} INFO - Snowflake Connector for Python Version: 3.10.1, Python Version: 3.12.3, Platform: Linux-6.8.0-1009-aws-x86_64-with-glibc2.39
[2024-06-19T00:00:59.428+0000] {connection.py:1239} INFO - This connection is in OCSP Fail Open Mode. TLS Certificates would be checked for validity and revocation status. Any other Certificate Revocation related exceptions or OCSP Responder failures would be disregarded in favor of connectivity.
[2024-06-19T00:00:59.428+0000] {connection.py:1249} INFO - THIS CONNECTION IS IN INSECURE MODE. IT MEANS THE CERTIFICATE WILL BE VALIDATED BUT THE CERTIFICATE REVOCATION STATUS WILL NOT BE CHECKED.
[2024-06-19T00:00:59.481+0000] {ssl_wrap_socket.py:100} INFO - THIS CONNECTION IS IN INSECURE MODE. IT MEANS THE CERTIFICATE WILL BE VALIDATED BUT THE CERTIFICATE REVOCATION STATUS WILL NOT BE CHECKED.
[2024-06-19T00:00:59.923+0000] {cursor.py:1149} INFO - Number of results in first chunk: 1
[2024-06-19T00:00:59.924+0000] {sql.py:487} INFO - Running statement: CREATE TABLE IF NOT EXISTS NBA_STATS.player_stats (
            PLAYER_ID STRING,
            PLAYER STRING,
            TEAM STRING,
            GP NUMBER,
            MIN NUMBER,
            FGM NUMBER,
            FGA NUMBER,
            FG3M NUMBER,
            FG3A NUMBER,
            FTM NUMBER,
            FTA NUMBER,
            OREB NUMBER,
            DREB NUMBER,
            REB NUMBER,
            AST NUMBER,
            STL NUMBER,
            BLK NUMBER,
            TOV NUMBER,
            PF NUMBER,
            PTS NUMBER,
            PPG NUMBER,
            APG NUMBER,
            RPG NUMBER,
            BPG NUMBER,
            SPG NUMBER,
            FG_PERCENTAGE NUMBER,
            THREEP_PERCENTAGE NUMBER,
            FT_PERCENTAGE NUMBER
        );, parameters: None
[2024-06-19T00:01:00.135+0000] {cursor.py:1149} INFO - Number of results in first chunk: 1
[2024-06-19T00:01:00.136+0000] {sql.py:496} INFO - Rows affected: 1
[2024-06-19T00:01:00.136+0000] {snowflake.py:409} INFO - Rows affected: 1
[2024-06-19T00:01:00.136+0000] {snowflake.py:410} INFO - Snowflake query id: 01b51a20-0001-e364-0006-023e0001e48a
[2024-06-19T00:01:00.193+0000] {cursor.py:1149} INFO - Number of results in first chunk: 1
[2024-06-19T00:01:00.193+0000] {connection.py:762} INFO - closed
[2024-06-19T00:01:00.245+0000] {connection.py:768} INFO - No async queries seem to be running, deleting session
[2024-06-19T00:01:00.285+0000] {taskinstance.py:441} INFO - ::group::Post task execution logs
[2024-06-19T00:01:00.339+0000] {taskinstance.py:1206} INFO - Marking task as SUCCESS. dag_id=nba_schema_creation_dag, task_id=snowflake_create_table_stats, run_id=scheduled__2024-06-17T00:00:00+00:00, execution_date=20240617T000000, start_date=20240619T000058, end_date=20240619T000100
[2024-06-19T00:01:00.386+0000] {local_task_job_runner.py:240} INFO - Task exited with return code 0
[2024-06-19T00:01:00.424+0000] {taskinstance.py:3503} INFO - 1 downstream tasks scheduled from follow-on schedule check
[2024-06-19T00:01:00.426+0000] {local_task_job_runner.py:222} INFO - ::endgroup::
[2024-06-19T00:06:16.854+0000] {local_task_job_runner.py:120} INFO - ::group::Pre task execution logs
[2024-06-19T00:06:16.901+0000] {taskinstance.py:2076} INFO - Dependencies all met for dep_context=non-requeueable deps ti=<TaskInstance: nba_schema_creation_dag.snowflake_create_table_stats scheduled__2024-06-17T00:00:00+00:00 [queued]>
[2024-06-19T00:06:16.912+0000] {taskinstance.py:2076} INFO - Dependencies all met for dep_context=requeueable deps ti=<TaskInstance: nba_schema_creation_dag.snowflake_create_table_stats scheduled__2024-06-17T00:00:00+00:00 [queued]>
[2024-06-19T00:06:16.912+0000] {taskinstance.py:2306} INFO - Starting attempt 1 of 2
[2024-06-19T00:06:16.926+0000] {taskinstance.py:2330} INFO - Executing <Task(SQLExecuteQueryOperator): snowflake_create_table_stats> on 2024-06-17 00:00:00+00:00
[2024-06-19T00:06:16.935+0000] {standard_task_runner.py:90} INFO - Running: ['***', 'tasks', 'run', 'nba_schema_creation_dag', 'snowflake_create_table_stats', 'scheduled__2024-06-17T00:00:00+00:00', '--job-id', '579', '--raw', '--subdir', 'DAGS_FOLDER/nba_schema_creation_dag.py', '--cfg-path', '/tmp/tmplpnuf_2q']
[2024-06-19T00:06:16.938+0000] {standard_task_runner.py:91} INFO - Job 579: Subtask snowflake_create_table_stats
[2024-06-19T00:06:16.938+0000] {logging_mixin.py:188} WARNING - /home/ubuntu/nba_ns_venv/lib/python3.12/site-packages/***/task/task_runner/standard_task_runner.py:61 DeprecationWarning: This process (pid=11571) is multi-threaded, use of fork() may lead to deadlocks in the child.
[2024-06-19T00:06:16.939+0000] {standard_task_runner.py:63} INFO - Started process 11577 to run task
[2024-06-19T00:06:17.038+0000] {task_command.py:426} INFO - Running <TaskInstance: nba_schema_creation_dag.snowflake_create_table_stats scheduled__2024-06-17T00:00:00+00:00 [running]> on host ip-172-31-45-144.ec2.internal
[2024-06-19T00:06:17.194+0000] {taskinstance.py:2648} INFO - Exporting env vars: AIRFLOW_CTX_DAG_OWNER='Airflow' AIRFLOW_CTX_DAG_ID='nba_schema_creation_dag' AIRFLOW_CTX_TASK_ID='snowflake_create_table_stats' AIRFLOW_CTX_EXECUTION_DATE='2024-06-17T00:00:00+00:00' AIRFLOW_CTX_TRY_NUMBER='1' AIRFLOW_CTX_DAG_RUN_ID='scheduled__2024-06-17T00:00:00+00:00'
[2024-06-19T00:06:17.195+0000] {taskinstance.py:430} INFO - ::endgroup::
[2024-06-19T00:06:17.213+0000] {sql.py:276} INFO - Executing: 
        CREATE TABLE IF NOT EXISTS NBA_STATS.player_stats (
            PLAYER_ID STRING,
            PLAYER STRING,
            TEAM STRING,
            GP NUMBER,
            MIN NUMBER,
            FGM NUMBER,
            FGA NUMBER,
            FG3M NUMBER,
            FG3A NUMBER,
            FTM NUMBER,
            FTA NUMBER,
            OREB NUMBER,
            DREB NUMBER,
            REB NUMBER,
            AST NUMBER,
            STL NUMBER,
            BLK NUMBER,
            TOV NUMBER,
            PF NUMBER,
            PTS NUMBER,
            PPG NUMBER,
            APG NUMBER,
            RPG NUMBER,
            BPG NUMBER,
            SPG NUMBER,
            FG_PERCENTAGE NUMBER,
            THREEP_PERCENTAGE NUMBER,
            FT_PERCENTAGE NUMBER
        );
        
[2024-06-19T00:06:17.239+0000] {base.py:84} INFO - Using connection ID 'snowflake_conn' for task execution.
[2024-06-19T00:06:18.035+0000] {base.py:84} INFO - Using connection ID 'snowflake_conn' for task execution.
[2024-06-19T00:06:18.036+0000] {connection.py:399} INFO - Snowflake Connector for Python Version: 3.10.1, Python Version: 3.12.3, Platform: Linux-6.8.0-1009-aws-x86_64-with-glibc2.39
[2024-06-19T00:06:18.037+0000] {connection.py:1239} INFO - This connection is in OCSP Fail Open Mode. TLS Certificates would be checked for validity and revocation status. Any other Certificate Revocation related exceptions or OCSP Responder failures would be disregarded in favor of connectivity.
[2024-06-19T00:06:18.037+0000] {connection.py:1249} INFO - THIS CONNECTION IS IN INSECURE MODE. IT MEANS THE CERTIFICATE WILL BE VALIDATED BUT THE CERTIFICATE REVOCATION STATUS WILL NOT BE CHECKED.
[2024-06-19T00:06:18.101+0000] {ssl_wrap_socket.py:100} INFO - THIS CONNECTION IS IN INSECURE MODE. IT MEANS THE CERTIFICATE WILL BE VALIDATED BUT THE CERTIFICATE REVOCATION STATUS WILL NOT BE CHECKED.
[2024-06-19T00:06:18.275+0000] {cursor.py:1149} INFO - Number of results in first chunk: 1
[2024-06-19T00:06:18.276+0000] {sql.py:487} INFO - Running statement: CREATE TABLE IF NOT EXISTS NBA_STATS.player_stats (
            PLAYER_ID STRING,
            PLAYER STRING,
            TEAM STRING,
            GP NUMBER,
            MIN NUMBER,
            FGM NUMBER,
            FGA NUMBER,
            FG3M NUMBER,
            FG3A NUMBER,
            FTM NUMBER,
            FTA NUMBER,
            OREB NUMBER,
            DREB NUMBER,
            REB NUMBER,
            AST NUMBER,
            STL NUMBER,
            BLK NUMBER,
            TOV NUMBER,
            PF NUMBER,
            PTS NUMBER,
            PPG NUMBER,
            APG NUMBER,
            RPG NUMBER,
            BPG NUMBER,
            SPG NUMBER,
            FG_PERCENTAGE NUMBER,
            THREEP_PERCENTAGE NUMBER,
            FT_PERCENTAGE NUMBER
        );, parameters: None
[2024-06-19T00:06:18.469+0000] {cursor.py:1149} INFO - Number of results in first chunk: 1
[2024-06-19T00:06:18.470+0000] {sql.py:496} INFO - Rows affected: 1
[2024-06-19T00:06:18.470+0000] {snowflake.py:409} INFO - Rows affected: 1
[2024-06-19T00:06:18.470+0000] {snowflake.py:410} INFO - Snowflake query id: 01b51a26-0001-e364-0006-023e0001e49a
[2024-06-19T00:06:18.520+0000] {cursor.py:1149} INFO - Number of results in first chunk: 1
[2024-06-19T00:06:18.521+0000] {connection.py:762} INFO - closed
[2024-06-19T00:06:18.546+0000] {connection.py:768} INFO - No async queries seem to be running, deleting session
[2024-06-19T00:06:18.580+0000] {taskinstance.py:441} INFO - ::group::Post task execution logs
[2024-06-19T00:06:18.637+0000] {taskinstance.py:1206} INFO - Marking task as SUCCESS. dag_id=nba_schema_creation_dag, task_id=snowflake_create_table_stats, run_id=scheduled__2024-06-17T00:00:00+00:00, execution_date=20240617T000000, start_date=20240619T000616, end_date=20240619T000618
[2024-06-19T00:06:18.683+0000] {local_task_job_runner.py:240} INFO - Task exited with return code 0
[2024-06-19T00:06:18.720+0000] {taskinstance.py:3503} INFO - 1 downstream tasks scheduled from follow-on schedule check
[2024-06-19T00:06:18.722+0000] {local_task_job_runner.py:222} INFO - ::endgroup::
[2024-06-19T00:35:39.498+0000] {local_task_job_runner.py:120} INFO - ::group::Pre task execution logs
[2024-06-19T00:35:39.542+0000] {taskinstance.py:2076} INFO - Dependencies all met for dep_context=non-requeueable deps ti=<TaskInstance: nba_schema_creation_dag.snowflake_create_table_stats scheduled__2024-06-17T00:00:00+00:00 [queued]>
[2024-06-19T00:35:39.551+0000] {taskinstance.py:2076} INFO - Dependencies all met for dep_context=requeueable deps ti=<TaskInstance: nba_schema_creation_dag.snowflake_create_table_stats scheduled__2024-06-17T00:00:00+00:00 [queued]>
[2024-06-19T00:35:39.551+0000] {taskinstance.py:2306} INFO - Starting attempt 1 of 2
[2024-06-19T00:35:39.566+0000] {taskinstance.py:2330} INFO - Executing <Task(SQLExecuteQueryOperator): snowflake_create_table_stats> on 2024-06-17 00:00:00+00:00
[2024-06-19T00:35:39.573+0000] {standard_task_runner.py:90} INFO - Running: ['***', 'tasks', 'run', 'nba_schema_creation_dag', 'snowflake_create_table_stats', 'scheduled__2024-06-17T00:00:00+00:00', '--job-id', '588', '--raw', '--subdir', 'DAGS_FOLDER/nba_schema_creation_dag.py', '--cfg-path', '/tmp/tmpzwja56mw']
[2024-06-19T00:35:39.576+0000] {standard_task_runner.py:91} INFO - Job 588: Subtask snowflake_create_table_stats
[2024-06-19T00:35:39.576+0000] {logging_mixin.py:188} WARNING - /home/ubuntu/nba_ns_venv/lib/python3.12/site-packages/***/task/task_runner/standard_task_runner.py:61 DeprecationWarning: This process (pid=2595) is multi-threaded, use of fork() may lead to deadlocks in the child.
[2024-06-19T00:35:39.577+0000] {standard_task_runner.py:63} INFO - Started process 2601 to run task
[2024-06-19T00:35:39.670+0000] {task_command.py:426} INFO - Running <TaskInstance: nba_schema_creation_dag.snowflake_create_table_stats scheduled__2024-06-17T00:00:00+00:00 [running]> on host ip-172-31-45-144.ec2.internal
[2024-06-19T00:35:39.816+0000] {taskinstance.py:2648} INFO - Exporting env vars: AIRFLOW_CTX_DAG_OWNER='Airflow' AIRFLOW_CTX_DAG_ID='nba_schema_creation_dag' AIRFLOW_CTX_TASK_ID='snowflake_create_table_stats' AIRFLOW_CTX_EXECUTION_DATE='2024-06-17T00:00:00+00:00' AIRFLOW_CTX_TRY_NUMBER='1' AIRFLOW_CTX_DAG_RUN_ID='scheduled__2024-06-17T00:00:00+00:00'
[2024-06-19T00:35:39.817+0000] {taskinstance.py:430} INFO - ::endgroup::
[2024-06-19T00:35:39.834+0000] {sql.py:276} INFO - Executing: 
        CREATE TABLE IF NOT EXISTS NBA_STATS.player_stats (
            PLAYER_ID STRING,
            PLAYER STRING,
            TEAM STRING,
            GP NUMBER,
            MIN NUMBER,
            FGM NUMBER,
            FGA NUMBER,
            FG3M NUMBER,
            FG3A NUMBER,
            FTM NUMBER,
            FTA NUMBER,
            OREB NUMBER,
            DREB NUMBER,
            REB NUMBER,
            AST NUMBER,
            STL NUMBER,
            BLK NUMBER,
            TOV NUMBER,
            PF NUMBER,
            PTS NUMBER,
            PPG NUMBER,
            APG NUMBER,
            RPG NUMBER,
            BPG NUMBER,
            SPG NUMBER,
            FG_PERCENTAGE NUMBER,
            THREEP_PERCENTAGE NUMBER,
            FT_PERCENTAGE NUMBER
        );
        
[2024-06-19T00:35:39.859+0000] {base.py:84} INFO - Using connection ID 'snowflake_conn' for task execution.
[2024-06-19T00:35:40.624+0000] {base.py:84} INFO - Using connection ID 'snowflake_conn' for task execution.
[2024-06-19T00:35:40.625+0000] {connection.py:399} INFO - Snowflake Connector for Python Version: 3.10.1, Python Version: 3.12.3, Platform: Linux-6.8.0-1009-aws-x86_64-with-glibc2.39
[2024-06-19T00:35:40.625+0000] {connection.py:1239} INFO - This connection is in OCSP Fail Open Mode. TLS Certificates would be checked for validity and revocation status. Any other Certificate Revocation related exceptions or OCSP Responder failures would be disregarded in favor of connectivity.
[2024-06-19T00:35:40.626+0000] {connection.py:1249} INFO - THIS CONNECTION IS IN INSECURE MODE. IT MEANS THE CERTIFICATE WILL BE VALIDATED BUT THE CERTIFICATE REVOCATION STATUS WILL NOT BE CHECKED.
[2024-06-19T00:35:40.679+0000] {ssl_wrap_socket.py:100} INFO - THIS CONNECTION IS IN INSECURE MODE. IT MEANS THE CERTIFICATE WILL BE VALIDATED BUT THE CERTIFICATE REVOCATION STATUS WILL NOT BE CHECKED.
[2024-06-19T00:35:40.819+0000] {cursor.py:1149} INFO - Number of results in first chunk: 1
[2024-06-19T00:35:40.820+0000] {sql.py:487} INFO - Running statement: CREATE TABLE IF NOT EXISTS NBA_STATS.player_stats (
            PLAYER_ID STRING,
            PLAYER STRING,
            TEAM STRING,
            GP NUMBER,
            MIN NUMBER,
            FGM NUMBER,
            FGA NUMBER,
            FG3M NUMBER,
            FG3A NUMBER,
            FTM NUMBER,
            FTA NUMBER,
            OREB NUMBER,
            DREB NUMBER,
            REB NUMBER,
            AST NUMBER,
            STL NUMBER,
            BLK NUMBER,
            TOV NUMBER,
            PF NUMBER,
            PTS NUMBER,
            PPG NUMBER,
            APG NUMBER,
            RPG NUMBER,
            BPG NUMBER,
            SPG NUMBER,
            FG_PERCENTAGE NUMBER,
            THREEP_PERCENTAGE NUMBER,
            FT_PERCENTAGE NUMBER
        );, parameters: None
[2024-06-19T00:35:40.977+0000] {cursor.py:1149} INFO - Number of results in first chunk: 1
[2024-06-19T00:35:40.977+0000] {sql.py:496} INFO - Rows affected: 1
[2024-06-19T00:35:40.978+0000] {snowflake.py:409} INFO - Rows affected: 1
[2024-06-19T00:35:40.978+0000] {snowflake.py:410} INFO - Snowflake query id: 01b51a43-0001-e498-0006-023e0001b5aa
[2024-06-19T00:35:41.024+0000] {cursor.py:1149} INFO - Number of results in first chunk: 1
[2024-06-19T00:35:41.025+0000] {connection.py:762} INFO - closed
[2024-06-19T00:35:41.048+0000] {connection.py:768} INFO - No async queries seem to be running, deleting session
[2024-06-19T00:35:41.094+0000] {taskinstance.py:441} INFO - ::group::Post task execution logs
[2024-06-19T00:35:41.150+0000] {taskinstance.py:1206} INFO - Marking task as SUCCESS. dag_id=nba_schema_creation_dag, task_id=snowflake_create_table_stats, run_id=scheduled__2024-06-17T00:00:00+00:00, execution_date=20240617T000000, start_date=20240619T003539, end_date=20240619T003541
[2024-06-19T00:35:41.201+0000] {local_task_job_runner.py:240} INFO - Task exited with return code 0
[2024-06-19T00:35:41.239+0000] {taskinstance.py:3503} INFO - 1 downstream tasks scheduled from follow-on schedule check
[2024-06-19T00:35:41.241+0000] {local_task_job_runner.py:222} INFO - ::endgroup::
[2024-06-19T00:45:53.678+0000] {local_task_job_runner.py:120} INFO - ::group::Pre task execution logs
[2024-06-19T00:45:53.723+0000] {taskinstance.py:2076} INFO - Dependencies all met for dep_context=non-requeueable deps ti=<TaskInstance: nba_schema_creation_dag.snowflake_create_table_stats scheduled__2024-06-17T00:00:00+00:00 [queued]>
[2024-06-19T00:45:53.735+0000] {taskinstance.py:2076} INFO - Dependencies all met for dep_context=requeueable deps ti=<TaskInstance: nba_schema_creation_dag.snowflake_create_table_stats scheduled__2024-06-17T00:00:00+00:00 [queued]>
[2024-06-19T00:45:53.735+0000] {taskinstance.py:2306} INFO - Starting attempt 1 of 2
[2024-06-19T00:45:53.749+0000] {taskinstance.py:2330} INFO - Executing <Task(SQLExecuteQueryOperator): snowflake_create_table_stats> on 2024-06-17 00:00:00+00:00
[2024-06-19T00:45:53.757+0000] {standard_task_runner.py:90} INFO - Running: ['***', 'tasks', 'run', 'nba_schema_creation_dag', 'snowflake_create_table_stats', 'scheduled__2024-06-17T00:00:00+00:00', '--job-id', '608', '--raw', '--subdir', 'DAGS_FOLDER/nba_schema_creation_dag.py', '--cfg-path', '/tmp/tmp0l8nhr2u']
[2024-06-19T00:45:53.760+0000] {logging_mixin.py:188} WARNING - /home/ubuntu/nba_ns_venv/lib/python3.12/site-packages/***/task/task_runner/standard_task_runner.py:61 DeprecationWarning: This process (pid=7272) is multi-threaded, use of fork() may lead to deadlocks in the child.
[2024-06-19T00:45:53.760+0000] {standard_task_runner.py:91} INFO - Job 608: Subtask snowflake_create_table_stats
[2024-06-19T00:45:53.760+0000] {standard_task_runner.py:63} INFO - Started process 7278 to run task
[2024-06-19T00:45:53.852+0000] {task_command.py:426} INFO - Running <TaskInstance: nba_schema_creation_dag.snowflake_create_table_stats scheduled__2024-06-17T00:00:00+00:00 [running]> on host ip-172-31-45-144.ec2.internal
[2024-06-19T00:45:53.995+0000] {taskinstance.py:2648} INFO - Exporting env vars: AIRFLOW_CTX_DAG_OWNER='Airflow' AIRFLOW_CTX_DAG_ID='nba_schema_creation_dag' AIRFLOW_CTX_TASK_ID='snowflake_create_table_stats' AIRFLOW_CTX_EXECUTION_DATE='2024-06-17T00:00:00+00:00' AIRFLOW_CTX_TRY_NUMBER='1' AIRFLOW_CTX_DAG_RUN_ID='scheduled__2024-06-17T00:00:00+00:00'
[2024-06-19T00:45:53.996+0000] {taskinstance.py:430} INFO - ::endgroup::
[2024-06-19T00:45:54.013+0000] {sql.py:276} INFO - Executing: 
        USE WAREHOUSE NBA_STATS_WAREHOUSE;
        USE NBA_STATS_ANALYTICS;
        CREATE TABLE IF NOT EXISTS NBA_STATS.player_stats (
            PLAYER_ID STRING,
            PLAYER STRING,
            TEAM STRING,
            GP NUMBER,
            MIN NUMBER,
            FGM NUMBER,
            FGA NUMBER,
            FG3M NUMBER,
            FG3A NUMBER,
            FTM NUMBER,
            FTA NUMBER,
            OREB NUMBER,
            DREB NUMBER,
            REB NUMBER,
            AST NUMBER,
            STL NUMBER,
            BLK NUMBER,
            TOV NUMBER,
            PF NUMBER,
            PTS NUMBER,
            PPG NUMBER,
            APG NUMBER,
            RPG NUMBER,
            BPG NUMBER,
            SPG NUMBER,
            FG_PERCENTAGE NUMBER,
            THREEP_PERCENTAGE NUMBER,
            FT_PERCENTAGE NUMBER
        );
        
[2024-06-19T00:45:54.038+0000] {base.py:84} INFO - Using connection ID 'snowflake_conn' for task execution.
[2024-06-19T00:45:54.806+0000] {base.py:84} INFO - Using connection ID 'snowflake_conn' for task execution.
[2024-06-19T00:45:54.807+0000] {connection.py:399} INFO - Snowflake Connector for Python Version: 3.10.1, Python Version: 3.12.3, Platform: Linux-6.8.0-1009-aws-x86_64-with-glibc2.39
[2024-06-19T00:45:54.807+0000] {connection.py:1239} INFO - This connection is in OCSP Fail Open Mode. TLS Certificates would be checked for validity and revocation status. Any other Certificate Revocation related exceptions or OCSP Responder failures would be disregarded in favor of connectivity.
[2024-06-19T00:45:54.807+0000] {connection.py:1249} INFO - THIS CONNECTION IS IN INSECURE MODE. IT MEANS THE CERTIFICATE WILL BE VALIDATED BUT THE CERTIFICATE REVOCATION STATUS WILL NOT BE CHECKED.
[2024-06-19T00:45:54.872+0000] {ssl_wrap_socket.py:100} INFO - THIS CONNECTION IS IN INSECURE MODE. IT MEANS THE CERTIFICATE WILL BE VALIDATED BUT THE CERTIFICATE REVOCATION STATUS WILL NOT BE CHECKED.
[2024-06-19T00:45:55.204+0000] {cursor.py:1149} INFO - Number of results in first chunk: 1
[2024-06-19T00:45:55.205+0000] {sql.py:487} INFO - Running statement: USE WAREHOUSE NBA_STATS_WAREHOUSE;, parameters: None
[2024-06-19T00:45:55.265+0000] {cursor.py:1149} INFO - Number of results in first chunk: 1
[2024-06-19T00:45:55.265+0000] {sql.py:496} INFO - Rows affected: 1
[2024-06-19T00:45:55.266+0000] {snowflake.py:409} INFO - Rows affected: 1
[2024-06-19T00:45:55.266+0000] {snowflake.py:410} INFO - Snowflake query id: 01b51a4d-0001-e49a-0006-023e0001a69a
[2024-06-19T00:45:55.266+0000] {sql.py:487} INFO - Running statement: USE NBA_STATS_ANALYTICS;, parameters: None
[2024-06-19T00:45:55.371+0000] {cursor.py:1149} INFO - Number of results in first chunk: 1
[2024-06-19T00:45:55.371+0000] {sql.py:496} INFO - Rows affected: 1
[2024-06-19T00:45:55.371+0000] {snowflake.py:409} INFO - Rows affected: 1
[2024-06-19T00:45:55.372+0000] {snowflake.py:410} INFO - Snowflake query id: 01b51a4d-0001-e496-0006-023e0001965a
[2024-06-19T00:45:55.372+0000] {sql.py:487} INFO - Running statement: CREATE TABLE IF NOT EXISTS NBA_STATS.player_stats (
            PLAYER_ID STRING,
            PLAYER STRING,
            TEAM STRING,
            GP NUMBER,
            MIN NUMBER,
            FGM NUMBER,
            FGA NUMBER,
            FG3M NUMBER,
            FG3A NUMBER,
            FTM NUMBER,
            FTA NUMBER,
            OREB NUMBER,
            DREB NUMBER,
            REB NUMBER,
            AST NUMBER,
            STL NUMBER,
            BLK NUMBER,
            TOV NUMBER,
            PF NUMBER,
            PTS NUMBER,
            PPG NUMBER,
            APG NUMBER,
            RPG NUMBER,
            BPG NUMBER,
            SPG NUMBER,
            FG_PERCENTAGE NUMBER,
            THREEP_PERCENTAGE NUMBER,
            FT_PERCENTAGE NUMBER
        );, parameters: None
[2024-06-19T00:45:55.551+0000] {cursor.py:1149} INFO - Number of results in first chunk: 1
[2024-06-19T00:45:55.552+0000] {sql.py:496} INFO - Rows affected: 1
[2024-06-19T00:45:55.552+0000] {snowflake.py:409} INFO - Rows affected: 1
[2024-06-19T00:45:55.553+0000] {snowflake.py:410} INFO - Snowflake query id: 01b51a4d-0001-e49c-0006-023e000175f2
[2024-06-19T00:45:55.601+0000] {cursor.py:1149} INFO - Number of results in first chunk: 1
[2024-06-19T00:45:55.601+0000] {connection.py:762} INFO - closed
[2024-06-19T00:45:55.632+0000] {connection.py:768} INFO - No async queries seem to be running, deleting session
[2024-06-19T00:45:55.685+0000] {taskinstance.py:441} INFO - ::group::Post task execution logs
[2024-06-19T00:45:55.739+0000] {taskinstance.py:1206} INFO - Marking task as SUCCESS. dag_id=nba_schema_creation_dag, task_id=snowflake_create_table_stats, run_id=scheduled__2024-06-17T00:00:00+00:00, execution_date=20240617T000000, start_date=20240619T004553, end_date=20240619T004555
[2024-06-19T00:45:55.786+0000] {local_task_job_runner.py:240} INFO - Task exited with return code 0
[2024-06-19T00:45:55.823+0000] {taskinstance.py:3503} INFO - 1 downstream tasks scheduled from follow-on schedule check
[2024-06-19T00:45:55.825+0000] {local_task_job_runner.py:222} INFO - ::endgroup::
[2024-06-19T01:08:30.082+0000] {local_task_job_runner.py:120} INFO - ::group::Pre task execution logs
[2024-06-19T01:08:30.128+0000] {taskinstance.py:2076} INFO - Dependencies all met for dep_context=non-requeueable deps ti=<TaskInstance: nba_schema_creation_dag.snowflake_create_table_stats scheduled__2024-06-17T00:00:00+00:00 [queued]>
[2024-06-19T01:08:30.137+0000] {taskinstance.py:2076} INFO - Dependencies all met for dep_context=requeueable deps ti=<TaskInstance: nba_schema_creation_dag.snowflake_create_table_stats scheduled__2024-06-17T00:00:00+00:00 [queued]>
[2024-06-19T01:08:30.138+0000] {taskinstance.py:2306} INFO - Starting attempt 1 of 2
[2024-06-19T01:08:30.151+0000] {taskinstance.py:2330} INFO - Executing <Task(SQLExecuteQueryOperator): snowflake_create_table_stats> on 2024-06-17 00:00:00+00:00
[2024-06-19T01:08:30.159+0000] {standard_task_runner.py:90} INFO - Running: ['***', 'tasks', 'run', 'nba_schema_creation_dag', 'snowflake_create_table_stats', 'scheduled__2024-06-17T00:00:00+00:00', '--job-id', '628', '--raw', '--subdir', 'DAGS_FOLDER/nba_schema_creation_dag.py', '--cfg-path', '/tmp/tmpu6omuvpm']
[2024-06-19T01:08:30.162+0000] {standard_task_runner.py:91} INFO - Job 628: Subtask snowflake_create_table_stats
[2024-06-19T01:08:30.164+0000] {logging_mixin.py:188} WARNING - /home/ubuntu/nba_ns_venv/lib/python3.12/site-packages/***/task/task_runner/standard_task_runner.py:61 DeprecationWarning: This process (pid=13752) is multi-threaded, use of fork() may lead to deadlocks in the child.
[2024-06-19T01:08:30.165+0000] {standard_task_runner.py:63} INFO - Started process 13758 to run task
[2024-06-19T01:08:30.257+0000] {task_command.py:426} INFO - Running <TaskInstance: nba_schema_creation_dag.snowflake_create_table_stats scheduled__2024-06-17T00:00:00+00:00 [running]> on host ip-172-31-45-144.ec2.internal
[2024-06-19T01:08:30.402+0000] {taskinstance.py:2648} INFO - Exporting env vars: AIRFLOW_CTX_DAG_OWNER='Airflow' AIRFLOW_CTX_DAG_ID='nba_schema_creation_dag' AIRFLOW_CTX_TASK_ID='snowflake_create_table_stats' AIRFLOW_CTX_EXECUTION_DATE='2024-06-17T00:00:00+00:00' AIRFLOW_CTX_TRY_NUMBER='1' AIRFLOW_CTX_DAG_RUN_ID='scheduled__2024-06-17T00:00:00+00:00'
[2024-06-19T01:08:30.403+0000] {taskinstance.py:430} INFO - ::endgroup::
[2024-06-19T01:08:30.419+0000] {sql.py:276} INFO - Executing: 
        USE WAREHOUSE NBA_STATS_WAREHOUSE;
        USE NBA_STATS_ANALYTICS;
        CREATE TABLE IF NOT EXISTS NBA_STATS.player_stats (
            PLAYER_ID STRING,
            PLAYER STRING,
            TEAM STRING,
            GP NUMBER,
            MIN NUMBER,
            FGM NUMBER,
            FGA NUMBER,
            FG3M NUMBER,
            FG3A NUMBER,
            FTM NUMBER,
            FTA NUMBER,
            OREB NUMBER,
            DREB NUMBER,
            REB NUMBER,
            AST NUMBER,
            STL NUMBER,
            BLK NUMBER,
            TOV NUMBER,
            PF NUMBER,
            PTS NUMBER,
            PPG NUMBER,
            APG NUMBER,
            RPG NUMBER,
            BPG NUMBER,
            SPG NUMBER,
            FG_PERCENT NUMBER,
            FG3_PERCENT NUMBER,
            FT_PERCENT NUMBER
        );
        
[2024-06-19T01:08:30.445+0000] {base.py:84} INFO - Using connection ID 'snowflake_conn' for task execution.
[2024-06-19T01:08:31.211+0000] {base.py:84} INFO - Using connection ID 'snowflake_conn' for task execution.
[2024-06-19T01:08:31.212+0000] {connection.py:399} INFO - Snowflake Connector for Python Version: 3.10.1, Python Version: 3.12.3, Platform: Linux-6.8.0-1009-aws-x86_64-with-glibc2.39
[2024-06-19T01:08:31.212+0000] {connection.py:1239} INFO - This connection is in OCSP Fail Open Mode. TLS Certificates would be checked for validity and revocation status. Any other Certificate Revocation related exceptions or OCSP Responder failures would be disregarded in favor of connectivity.
[2024-06-19T01:08:31.212+0000] {connection.py:1249} INFO - THIS CONNECTION IS IN INSECURE MODE. IT MEANS THE CERTIFICATE WILL BE VALIDATED BUT THE CERTIFICATE REVOCATION STATUS WILL NOT BE CHECKED.
[2024-06-19T01:08:31.277+0000] {ssl_wrap_socket.py:100} INFO - THIS CONNECTION IS IN INSECURE MODE. IT MEANS THE CERTIFICATE WILL BE VALIDATED BUT THE CERTIFICATE REVOCATION STATUS WILL NOT BE CHECKED.
[2024-06-19T01:08:31.533+0000] {cursor.py:1149} INFO - Number of results in first chunk: 1
[2024-06-19T01:08:31.534+0000] {sql.py:487} INFO - Running statement: USE WAREHOUSE NBA_STATS_WAREHOUSE;, parameters: None
[2024-06-19T01:08:31.593+0000] {cursor.py:1149} INFO - Number of results in first chunk: 1
[2024-06-19T01:08:31.594+0000] {sql.py:496} INFO - Rows affected: 1
[2024-06-19T01:08:31.594+0000] {snowflake.py:409} INFO - Rows affected: 1
[2024-06-19T01:08:31.594+0000] {snowflake.py:410} INFO - Snowflake query id: 01b51a64-0001-e495-0006-023e000185b6
[2024-06-19T01:08:31.595+0000] {sql.py:487} INFO - Running statement: USE NBA_STATS_ANALYTICS;, parameters: None
[2024-06-19T01:08:31.707+0000] {cursor.py:1149} INFO - Number of results in first chunk: 1
[2024-06-19T01:08:31.707+0000] {sql.py:496} INFO - Rows affected: 1
[2024-06-19T01:08:31.708+0000] {snowflake.py:409} INFO - Rows affected: 1
[2024-06-19T01:08:31.708+0000] {snowflake.py:410} INFO - Snowflake query id: 01b51a64-0001-e497-0006-023e0001d5aa
[2024-06-19T01:08:31.708+0000] {sql.py:487} INFO - Running statement: CREATE TABLE IF NOT EXISTS NBA_STATS.player_stats (
            PLAYER_ID STRING,
            PLAYER STRING,
            TEAM STRING,
            GP NUMBER,
            MIN NUMBER,
            FGM NUMBER,
            FGA NUMBER,
            FG3M NUMBER,
            FG3A NUMBER,
            FTM NUMBER,
            FTA NUMBER,
            OREB NUMBER,
            DREB NUMBER,
            REB NUMBER,
            AST NUMBER,
            STL NUMBER,
            BLK NUMBER,
            TOV NUMBER,
            PF NUMBER,
            PTS NUMBER,
            PPG NUMBER,
            APG NUMBER,
            RPG NUMBER,
            BPG NUMBER,
            SPG NUMBER,
            FG_PERCENT NUMBER,
            FG3_PERCENT NUMBER,
            FT_PERCENT NUMBER
        );, parameters: None
[2024-06-19T01:08:31.868+0000] {cursor.py:1149} INFO - Number of results in first chunk: 1
[2024-06-19T01:08:31.868+0000] {sql.py:496} INFO - Rows affected: 1
[2024-06-19T01:08:31.869+0000] {snowflake.py:409} INFO - Rows affected: 1
[2024-06-19T01:08:31.869+0000] {snowflake.py:410} INFO - Snowflake query id: 01b51a64-0001-e495-0006-023e000185ba
[2024-06-19T01:08:31.941+0000] {cursor.py:1149} INFO - Number of results in first chunk: 1
[2024-06-19T01:08:31.941+0000] {connection.py:762} INFO - closed
[2024-06-19T01:08:31.968+0000] {connection.py:768} INFO - No async queries seem to be running, deleting session
[2024-06-19T01:08:32.008+0000] {taskinstance.py:441} INFO - ::group::Post task execution logs
[2024-06-19T01:08:32.060+0000] {taskinstance.py:1206} INFO - Marking task as SUCCESS. dag_id=nba_schema_creation_dag, task_id=snowflake_create_table_stats, run_id=scheduled__2024-06-17T00:00:00+00:00, execution_date=20240617T000000, start_date=20240619T010830, end_date=20240619T010832
[2024-06-19T01:08:32.107+0000] {local_task_job_runner.py:240} INFO - Task exited with return code 0
[2024-06-19T01:08:32.144+0000] {taskinstance.py:3503} INFO - 1 downstream tasks scheduled from follow-on schedule check
[2024-06-19T01:08:32.146+0000] {local_task_job_runner.py:222} INFO - ::endgroup::
[2024-06-19T01:39:24.149+0000] {local_task_job_runner.py:120} INFO - ::group::Pre task execution logs
[2024-06-19T01:39:24.195+0000] {taskinstance.py:2076} INFO - Dependencies all met for dep_context=non-requeueable deps ti=<TaskInstance: nba_schema_creation_dag.snowflake_create_table_stats scheduled__2024-06-17T00:00:00+00:00 [queued]>
[2024-06-19T01:39:24.204+0000] {taskinstance.py:2076} INFO - Dependencies all met for dep_context=requeueable deps ti=<TaskInstance: nba_schema_creation_dag.snowflake_create_table_stats scheduled__2024-06-17T00:00:00+00:00 [queued]>
[2024-06-19T01:39:24.205+0000] {taskinstance.py:2306} INFO - Starting attempt 1 of 2
[2024-06-19T01:39:24.218+0000] {taskinstance.py:2330} INFO - Executing <Task(SQLExecuteQueryOperator): snowflake_create_table_stats> on 2024-06-17 00:00:00+00:00
[2024-06-19T01:39:24.226+0000] {standard_task_runner.py:90} INFO - Running: ['***', 'tasks', 'run', 'nba_schema_creation_dag', 'snowflake_create_table_stats', 'scheduled__2024-06-17T00:00:00+00:00', '--job-id', '651', '--raw', '--subdir', 'DAGS_FOLDER/nba_schema_creation_dag.py', '--cfg-path', '/tmp/tmpjpsbh4my']
[2024-06-19T01:39:24.228+0000] {standard_task_runner.py:91} INFO - Job 651: Subtask snowflake_create_table_stats
[2024-06-19T01:39:24.229+0000] {logging_mixin.py:188} WARNING - /home/ubuntu/nba_ns_venv/lib/python3.12/site-packages/***/task/task_runner/standard_task_runner.py:61 DeprecationWarning: This process (pid=21253) is multi-threaded, use of fork() may lead to deadlocks in the child.
[2024-06-19T01:39:24.230+0000] {standard_task_runner.py:63} INFO - Started process 21259 to run task
[2024-06-19T01:39:24.322+0000] {task_command.py:426} INFO - Running <TaskInstance: nba_schema_creation_dag.snowflake_create_table_stats scheduled__2024-06-17T00:00:00+00:00 [running]> on host ip-172-31-45-144.ec2.internal
[2024-06-19T01:39:24.474+0000] {taskinstance.py:2648} INFO - Exporting env vars: AIRFLOW_CTX_DAG_OWNER='Airflow' AIRFLOW_CTX_DAG_ID='nba_schema_creation_dag' AIRFLOW_CTX_TASK_ID='snowflake_create_table_stats' AIRFLOW_CTX_EXECUTION_DATE='2024-06-17T00:00:00+00:00' AIRFLOW_CTX_TRY_NUMBER='1' AIRFLOW_CTX_DAG_RUN_ID='scheduled__2024-06-17T00:00:00+00:00'
[2024-06-19T01:39:24.475+0000] {taskinstance.py:430} INFO - ::endgroup::
[2024-06-19T01:39:24.495+0000] {sql.py:276} INFO - Executing: 
        USE WAREHOUSE NBA_STATS_WAREHOUSE;
        USE NBA_STATS_ANALYTICS;
        CREATE TABLE IF NOT EXISTS NBA_STATS.player_stats (
            PLAYER_ID STRING,
            PLAYER STRING,
            TEAM STRING,
            GP NUMBER,
            MIN NUMBER,
            FGM NUMBER,
            FGA NUMBER,
            FG3M NUMBER,
            FG3A NUMBER,
            FTM NUMBER,
            FTA NUMBER,
            OREB NUMBER,
            DREB NUMBER,
            REB NUMBER,
            AST NUMBER,
            STL NUMBER,
            BLK NUMBER,
            TOV NUMBER,
            PF NUMBER,
            PTS NUMBER,
            PPG NUMBER,
            APG NUMBER,
            RPG NUMBER,
            BPG NUMBER,
            SPG NUMBER,
            FG_PERCENT NUMBER,
            FG3_PERCENT NUMBER,
            FT_PERCENT NUMBER
        );
        
[2024-06-19T01:39:24.520+0000] {base.py:84} INFO - Using connection ID 'snowflake_conn' for task execution.
[2024-06-19T01:39:25.296+0000] {base.py:84} INFO - Using connection ID 'snowflake_conn' for task execution.
[2024-06-19T01:39:25.297+0000] {connection.py:399} INFO - Snowflake Connector for Python Version: 3.10.1, Python Version: 3.12.3, Platform: Linux-6.8.0-1009-aws-x86_64-with-glibc2.39
[2024-06-19T01:39:25.298+0000] {connection.py:1239} INFO - This connection is in OCSP Fail Open Mode. TLS Certificates would be checked for validity and revocation status. Any other Certificate Revocation related exceptions or OCSP Responder failures would be disregarded in favor of connectivity.
[2024-06-19T01:39:25.298+0000] {connection.py:1249} INFO - THIS CONNECTION IS IN INSECURE MODE. IT MEANS THE CERTIFICATE WILL BE VALIDATED BUT THE CERTIFICATE REVOCATION STATUS WILL NOT BE CHECKED.
[2024-06-19T01:39:25.362+0000] {ssl_wrap_socket.py:100} INFO - THIS CONNECTION IS IN INSECURE MODE. IT MEANS THE CERTIFICATE WILL BE VALIDATED BUT THE CERTIFICATE REVOCATION STATUS WILL NOT BE CHECKED.
[2024-06-19T01:39:25.530+0000] {cursor.py:1149} INFO - Number of results in first chunk: 1
[2024-06-19T01:39:25.530+0000] {sql.py:487} INFO - Running statement: USE WAREHOUSE NBA_STATS_WAREHOUSE;, parameters: None
[2024-06-19T01:39:25.609+0000] {cursor.py:1149} INFO - Number of results in first chunk: 1
[2024-06-19T01:39:25.610+0000] {sql.py:496} INFO - Rows affected: 1
[2024-06-19T01:39:25.611+0000] {snowflake.py:409} INFO - Rows affected: 1
[2024-06-19T01:39:25.611+0000] {snowflake.py:410} INFO - Snowflake query id: 01b51a83-0001-e495-0006-023e0001860a
[2024-06-19T01:39:25.611+0000] {sql.py:487} INFO - Running statement: USE NBA_STATS_ANALYTICS;, parameters: None
[2024-06-19T01:39:25.710+0000] {cursor.py:1149} INFO - Number of results in first chunk: 1
[2024-06-19T01:39:25.711+0000] {sql.py:496} INFO - Rows affected: 1
[2024-06-19T01:39:25.711+0000] {snowflake.py:409} INFO - Rows affected: 1
[2024-06-19T01:39:25.711+0000] {snowflake.py:410} INFO - Snowflake query id: 01b51a83-0001-e49d-0006-023e0001f54a
[2024-06-19T01:39:25.712+0000] {sql.py:487} INFO - Running statement: CREATE TABLE IF NOT EXISTS NBA_STATS.player_stats (
            PLAYER_ID STRING,
            PLAYER STRING,
            TEAM STRING,
            GP NUMBER,
            MIN NUMBER,
            FGM NUMBER,
            FGA NUMBER,
            FG3M NUMBER,
            FG3A NUMBER,
            FTM NUMBER,
            FTA NUMBER,
            OREB NUMBER,
            DREB NUMBER,
            REB NUMBER,
            AST NUMBER,
            STL NUMBER,
            BLK NUMBER,
            TOV NUMBER,
            PF NUMBER,
            PTS NUMBER,
            PPG NUMBER,
            APG NUMBER,
            RPG NUMBER,
            BPG NUMBER,
            SPG NUMBER,
            FG_PERCENT NUMBER,
            FG3_PERCENT NUMBER,
            FT_PERCENT NUMBER
        );, parameters: None
[2024-06-19T01:39:25.930+0000] {cursor.py:1149} INFO - Number of results in first chunk: 1
[2024-06-19T01:39:25.931+0000] {sql.py:496} INFO - Rows affected: 1
[2024-06-19T01:39:25.931+0000] {snowflake.py:409} INFO - Rows affected: 1
[2024-06-19T01:39:25.931+0000] {snowflake.py:410} INFO - Snowflake query id: 01b51a83-0001-e364-0006-023e0001e596
[2024-06-19T01:39:25.980+0000] {cursor.py:1149} INFO - Number of results in first chunk: 1
[2024-06-19T01:39:25.980+0000] {connection.py:762} INFO - closed
[2024-06-19T01:39:26.011+0000] {connection.py:768} INFO - No async queries seem to be running, deleting session
[2024-06-19T01:39:26.045+0000] {taskinstance.py:441} INFO - ::group::Post task execution logs
[2024-06-19T01:39:26.100+0000] {taskinstance.py:1206} INFO - Marking task as SUCCESS. dag_id=nba_schema_creation_dag, task_id=snowflake_create_table_stats, run_id=scheduled__2024-06-17T00:00:00+00:00, execution_date=20240617T000000, start_date=20240619T013924, end_date=20240619T013926
[2024-06-19T01:39:26.134+0000] {local_task_job_runner.py:240} INFO - Task exited with return code 0
[2024-06-19T01:39:26.172+0000] {taskinstance.py:3503} INFO - 1 downstream tasks scheduled from follow-on schedule check
[2024-06-19T01:39:26.174+0000] {local_task_job_runner.py:222} INFO - ::endgroup::
[2024-06-19T01:54:32.798+0000] {local_task_job_runner.py:120} INFO - ::group::Pre task execution logs
[2024-06-19T01:54:32.843+0000] {taskinstance.py:2076} INFO - Dependencies all met for dep_context=non-requeueable deps ti=<TaskInstance: nba_schema_creation_dag.snowflake_create_table_stats scheduled__2024-06-17T00:00:00+00:00 [queued]>
[2024-06-19T01:54:32.853+0000] {taskinstance.py:2076} INFO - Dependencies all met for dep_context=requeueable deps ti=<TaskInstance: nba_schema_creation_dag.snowflake_create_table_stats scheduled__2024-06-17T00:00:00+00:00 [queued]>
[2024-06-19T01:54:32.853+0000] {taskinstance.py:2306} INFO - Starting attempt 1 of 2
[2024-06-19T01:54:32.866+0000] {taskinstance.py:2330} INFO - Executing <Task(SQLExecuteQueryOperator): snowflake_create_table_stats> on 2024-06-17 00:00:00+00:00
[2024-06-19T01:54:32.874+0000] {standard_task_runner.py:90} INFO - Running: ['***', 'tasks', 'run', 'nba_schema_creation_dag', 'snowflake_create_table_stats', 'scheduled__2024-06-17T00:00:00+00:00', '--job-id', '669', '--raw', '--subdir', 'DAGS_FOLDER/nba_schema_creation_dag.py', '--cfg-path', '/tmp/tmptir8_9ga']
[2024-06-19T01:54:32.877+0000] {standard_task_runner.py:91} INFO - Job 669: Subtask snowflake_create_table_stats
[2024-06-19T01:54:32.877+0000] {logging_mixin.py:188} WARNING - /home/ubuntu/nba_ns_venv/lib/python3.12/site-packages/***/task/task_runner/standard_task_runner.py:61 DeprecationWarning: This process (pid=26248) is multi-threaded, use of fork() may lead to deadlocks in the child.
[2024-06-19T01:54:32.878+0000] {standard_task_runner.py:63} INFO - Started process 26254 to run task
[2024-06-19T01:54:32.971+0000] {task_command.py:426} INFO - Running <TaskInstance: nba_schema_creation_dag.snowflake_create_table_stats scheduled__2024-06-17T00:00:00+00:00 [running]> on host ip-172-31-45-144.ec2.internal
[2024-06-19T01:54:33.120+0000] {taskinstance.py:2648} INFO - Exporting env vars: AIRFLOW_CTX_DAG_OWNER='Airflow' AIRFLOW_CTX_DAG_ID='nba_schema_creation_dag' AIRFLOW_CTX_TASK_ID='snowflake_create_table_stats' AIRFLOW_CTX_EXECUTION_DATE='2024-06-17T00:00:00+00:00' AIRFLOW_CTX_TRY_NUMBER='1' AIRFLOW_CTX_DAG_RUN_ID='scheduled__2024-06-17T00:00:00+00:00'
[2024-06-19T01:54:33.121+0000] {taskinstance.py:430} INFO - ::endgroup::
[2024-06-19T01:54:33.138+0000] {sql.py:276} INFO - Executing: 
        USE WAREHOUSE NBA_STATS_WAREHOUSE;
        USE NBA_STATS_ANALYTICS;
        CREATE TABLE IF NOT EXISTS NBA_STATS.player_stats (
            PLAYER_ID STRING,
            PLAYER STRING,
            TEAM STRING,
            GP NUMBER,
            MIN NUMBER,
            FGM NUMBER,
            FGA NUMBER,
            FG3M NUMBER,
            FG3A NUMBER,
            FTM NUMBER,
            FTA NUMBER,
            OREB NUMBER,
            DREB NUMBER,
            REB NUMBER,
            AST NUMBER,
            STL NUMBER,
            BLK NUMBER,
            TOV NUMBER,
            PF NUMBER,
            PTS NUMBER,
            PPG NUMBER,
            APG NUMBER,
            RPG NUMBER,
            BPG NUMBER,
            SPG NUMBER,
            FG_PERCENT NUMBER,
            FG3_PERCENT NUMBER,
            FT_PERCENT NUMBER
        );
        
[2024-06-19T01:54:33.163+0000] {base.py:84} INFO - Using connection ID 'snowflake_conn' for task execution.
[2024-06-19T01:54:33.921+0000] {base.py:84} INFO - Using connection ID 'snowflake_conn' for task execution.
[2024-06-19T01:54:33.922+0000] {connection.py:399} INFO - Snowflake Connector for Python Version: 3.10.1, Python Version: 3.12.3, Platform: Linux-6.8.0-1009-aws-x86_64-with-glibc2.39
[2024-06-19T01:54:33.922+0000] {connection.py:1239} INFO - This connection is in OCSP Fail Open Mode. TLS Certificates would be checked for validity and revocation status. Any other Certificate Revocation related exceptions or OCSP Responder failures would be disregarded in favor of connectivity.
[2024-06-19T01:54:33.922+0000] {connection.py:1249} INFO - THIS CONNECTION IS IN INSECURE MODE. IT MEANS THE CERTIFICATE WILL BE VALIDATED BUT THE CERTIFICATE REVOCATION STATUS WILL NOT BE CHECKED.
[2024-06-19T01:54:33.990+0000] {ssl_wrap_socket.py:100} INFO - THIS CONNECTION IS IN INSECURE MODE. IT MEANS THE CERTIFICATE WILL BE VALIDATED BUT THE CERTIFICATE REVOCATION STATUS WILL NOT BE CHECKED.
[2024-06-19T01:54:34.179+0000] {cursor.py:1149} INFO - Number of results in first chunk: 1
[2024-06-19T01:54:34.179+0000] {sql.py:487} INFO - Running statement: USE WAREHOUSE NBA_STATS_WAREHOUSE;, parameters: None
[2024-06-19T01:54:34.264+0000] {cursor.py:1149} INFO - Number of results in first chunk: 1
[2024-06-19T01:54:34.264+0000] {sql.py:496} INFO - Rows affected: 1
[2024-06-19T01:54:34.264+0000] {snowflake.py:409} INFO - Rows affected: 1
[2024-06-19T01:54:34.265+0000] {snowflake.py:410} INFO - Snowflake query id: 01b51a92-0001-e49c-0006-023e000176b6
[2024-06-19T01:54:34.265+0000] {sql.py:487} INFO - Running statement: USE NBA_STATS_ANALYTICS;, parameters: None
[2024-06-19T01:54:34.352+0000] {cursor.py:1149} INFO - Number of results in first chunk: 1
[2024-06-19T01:54:34.353+0000] {sql.py:496} INFO - Rows affected: 1
[2024-06-19T01:54:34.353+0000] {snowflake.py:409} INFO - Rows affected: 1
[2024-06-19T01:54:34.353+0000] {snowflake.py:410} INFO - Snowflake query id: 01b51a92-0001-e49d-0006-023e0001f586
[2024-06-19T01:54:34.353+0000] {sql.py:487} INFO - Running statement: CREATE TABLE IF NOT EXISTS NBA_STATS.player_stats (
            PLAYER_ID STRING,
            PLAYER STRING,
            TEAM STRING,
            GP NUMBER,
            MIN NUMBER,
            FGM NUMBER,
            FGA NUMBER,
            FG3M NUMBER,
            FG3A NUMBER,
            FTM NUMBER,
            FTA NUMBER,
            OREB NUMBER,
            DREB NUMBER,
            REB NUMBER,
            AST NUMBER,
            STL NUMBER,
            BLK NUMBER,
            TOV NUMBER,
            PF NUMBER,
            PTS NUMBER,
            PPG NUMBER,
            APG NUMBER,
            RPG NUMBER,
            BPG NUMBER,
            SPG NUMBER,
            FG_PERCENT NUMBER,
            FG3_PERCENT NUMBER,
            FT_PERCENT NUMBER
        );, parameters: None
[2024-06-19T01:54:34.521+0000] {cursor.py:1149} INFO - Number of results in first chunk: 1
[2024-06-19T01:54:34.522+0000] {sql.py:496} INFO - Rows affected: 1
[2024-06-19T01:54:34.522+0000] {snowflake.py:409} INFO - Rows affected: 1
[2024-06-19T01:54:34.522+0000] {snowflake.py:410} INFO - Snowflake query id: 01b51a92-0001-e365-0006-023e0001674a
[2024-06-19T01:54:34.573+0000] {cursor.py:1149} INFO - Number of results in first chunk: 1
[2024-06-19T01:54:34.573+0000] {connection.py:762} INFO - closed
[2024-06-19T01:54:34.600+0000] {connection.py:768} INFO - No async queries seem to be running, deleting session
[2024-06-19T01:54:34.634+0000] {taskinstance.py:441} INFO - ::group::Post task execution logs
[2024-06-19T01:54:34.689+0000] {taskinstance.py:1206} INFO - Marking task as SUCCESS. dag_id=nba_schema_creation_dag, task_id=snowflake_create_table_stats, run_id=scheduled__2024-06-17T00:00:00+00:00, execution_date=20240617T000000, start_date=20240619T015432, end_date=20240619T015434
[2024-06-19T01:54:34.742+0000] {local_task_job_runner.py:240} INFO - Task exited with return code 0
[2024-06-19T01:54:34.779+0000] {taskinstance.py:3503} INFO - 1 downstream tasks scheduled from follow-on schedule check
[2024-06-19T01:54:34.781+0000] {local_task_job_runner.py:222} INFO - ::endgroup::
[2024-06-19T04:27:53.790+0000] {local_task_job_runner.py:120} INFO - ::group::Pre task execution logs
[2024-06-19T04:27:53.835+0000] {taskinstance.py:2076} INFO - Dependencies all met for dep_context=non-requeueable deps ti=<TaskInstance: nba_schema_creation_dag.snowflake_create_table_stats scheduled__2024-06-17T00:00:00+00:00 [queued]>
[2024-06-19T04:27:53.845+0000] {taskinstance.py:2076} INFO - Dependencies all met for dep_context=requeueable deps ti=<TaskInstance: nba_schema_creation_dag.snowflake_create_table_stats scheduled__2024-06-17T00:00:00+00:00 [queued]>
[2024-06-19T04:27:53.845+0000] {taskinstance.py:2306} INFO - Starting attempt 1 of 2
[2024-06-19T04:27:53.858+0000] {taskinstance.py:2330} INFO - Executing <Task(SQLExecuteQueryOperator): snowflake_create_table_stats> on 2024-06-17 00:00:00+00:00
[2024-06-19T04:27:53.865+0000] {standard_task_runner.py:90} INFO - Running: ['***', 'tasks', 'run', 'nba_schema_creation_dag', 'snowflake_create_table_stats', 'scheduled__2024-06-17T00:00:00+00:00', '--job-id', '686', '--raw', '--subdir', 'DAGS_FOLDER/nba_schema_creation_dag.py', '--cfg-path', '/tmp/tmpbu358334']
[2024-06-19T04:27:53.868+0000] {standard_task_runner.py:91} INFO - Job 686: Subtask snowflake_create_table_stats
[2024-06-19T04:27:53.869+0000] {logging_mixin.py:188} WARNING - /home/ubuntu/nba_ns_venv/lib/python3.12/site-packages/***/task/task_runner/standard_task_runner.py:61 DeprecationWarning: This process (pid=2846) is multi-threaded, use of fork() may lead to deadlocks in the child.
[2024-06-19T04:27:53.869+0000] {standard_task_runner.py:63} INFO - Started process 2852 to run task
[2024-06-19T04:27:53.960+0000] {task_command.py:426} INFO - Running <TaskInstance: nba_schema_creation_dag.snowflake_create_table_stats scheduled__2024-06-17T00:00:00+00:00 [running]> on host ip-172-31-45-144.ec2.internal
[2024-06-19T04:27:54.111+0000] {taskinstance.py:2648} INFO - Exporting env vars: AIRFLOW_CTX_DAG_OWNER='Airflow' AIRFLOW_CTX_DAG_ID='nba_schema_creation_dag' AIRFLOW_CTX_TASK_ID='snowflake_create_table_stats' AIRFLOW_CTX_EXECUTION_DATE='2024-06-17T00:00:00+00:00' AIRFLOW_CTX_TRY_NUMBER='1' AIRFLOW_CTX_DAG_RUN_ID='scheduled__2024-06-17T00:00:00+00:00'
[2024-06-19T04:27:54.112+0000] {taskinstance.py:430} INFO - ::endgroup::
[2024-06-19T04:27:54.129+0000] {sql.py:276} INFO - Executing: 
        USE WAREHOUSE NBA_STATS_WAREHOUSE;
        USE NBA_STATS_ANALYTICS;
        CREATE TABLE IF NOT EXISTS NBA_STATS.player_stats (
            PLAYER_ID STRING,
            PLAYER STRING,
            TEAM STRING,
            GP NUMBER,
            MIN NUMBER,
            FGM NUMBER,
            FGA NUMBER,
            FG3M NUMBER,
            FG3A NUMBER,
            FTM NUMBER,
            FTA NUMBER,
            OREB NUMBER,
            DREB NUMBER,
            REB NUMBER,
            AST NUMBER,
            STL NUMBER,
            BLK NUMBER,
            TOV NUMBER,
            PF NUMBER,
            PTS NUMBER,
            PPG NUMBER,
            APG NUMBER,
            RPG NUMBER,
            BPG NUMBER,
            SPG NUMBER,
            FG_PERCENT NUMBER,
            FG3_PERCENT NUMBER,
            FT_PERCENT NUMBER
        );
        
[2024-06-19T04:27:54.154+0000] {base.py:84} INFO - Using connection ID 'snowflake_conn' for task execution.
[2024-06-19T04:27:54.920+0000] {base.py:84} INFO - Using connection ID 'snowflake_conn' for task execution.
[2024-06-19T04:27:54.921+0000] {connection.py:399} INFO - Snowflake Connector for Python Version: 3.10.1, Python Version: 3.12.3, Platform: Linux-6.8.0-1009-aws-x86_64-with-glibc2.39
[2024-06-19T04:27:54.922+0000] {connection.py:1239} INFO - This connection is in OCSP Fail Open Mode. TLS Certificates would be checked for validity and revocation status. Any other Certificate Revocation related exceptions or OCSP Responder failures would be disregarded in favor of connectivity.
[2024-06-19T04:27:54.922+0000] {connection.py:1249} INFO - THIS CONNECTION IS IN INSECURE MODE. IT MEANS THE CERTIFICATE WILL BE VALIDATED BUT THE CERTIFICATE REVOCATION STATUS WILL NOT BE CHECKED.
[2024-06-19T04:27:54.979+0000] {ssl_wrap_socket.py:100} INFO - THIS CONNECTION IS IN INSECURE MODE. IT MEANS THE CERTIFICATE WILL BE VALIDATED BUT THE CERTIFICATE REVOCATION STATUS WILL NOT BE CHECKED.
[2024-06-19T04:27:55.227+0000] {cursor.py:1149} INFO - Number of results in first chunk: 1
[2024-06-19T04:27:55.228+0000] {sql.py:487} INFO - Running statement: USE WAREHOUSE NBA_STATS_WAREHOUSE;, parameters: None
[2024-06-19T04:27:55.274+0000] {cursor.py:1149} INFO - Number of results in first chunk: 1
[2024-06-19T04:27:55.274+0000] {sql.py:496} INFO - Rows affected: 1
[2024-06-19T04:27:55.275+0000] {snowflake.py:409} INFO - Rows affected: 1
[2024-06-19T04:27:55.275+0000] {snowflake.py:410} INFO - Snowflake query id: 01b51b2b-0001-e499-0006-023e0001c77a
[2024-06-19T04:27:55.275+0000] {sql.py:487} INFO - Running statement: USE NBA_STATS_ANALYTICS;, parameters: None
[2024-06-19T04:27:55.335+0000] {cursor.py:1149} INFO - Number of results in first chunk: 1
[2024-06-19T04:27:55.336+0000] {sql.py:496} INFO - Rows affected: 1
[2024-06-19T04:27:55.336+0000] {snowflake.py:409} INFO - Rows affected: 1
[2024-06-19T04:27:55.336+0000] {snowflake.py:410} INFO - Snowflake query id: 01b51b2b-0001-e496-0006-023e000197ca
[2024-06-19T04:27:55.336+0000] {sql.py:487} INFO - Running statement: CREATE TABLE IF NOT EXISTS NBA_STATS.player_stats (
            PLAYER_ID STRING,
            PLAYER STRING,
            TEAM STRING,
            GP NUMBER,
            MIN NUMBER,
            FGM NUMBER,
            FGA NUMBER,
            FG3M NUMBER,
            FG3A NUMBER,
            FTM NUMBER,
            FTA NUMBER,
            OREB NUMBER,
            DREB NUMBER,
            REB NUMBER,
            AST NUMBER,
            STL NUMBER,
            BLK NUMBER,
            TOV NUMBER,
            PF NUMBER,
            PTS NUMBER,
            PPG NUMBER,
            APG NUMBER,
            RPG NUMBER,
            BPG NUMBER,
            SPG NUMBER,
            FG_PERCENT NUMBER,
            FG3_PERCENT NUMBER,
            FT_PERCENT NUMBER
        );, parameters: None
[2024-06-19T04:27:55.469+0000] {cursor.py:1149} INFO - Number of results in first chunk: 1
[2024-06-19T04:27:55.470+0000] {sql.py:496} INFO - Rows affected: 1
[2024-06-19T04:27:55.470+0000] {snowflake.py:409} INFO - Rows affected: 1
[2024-06-19T04:27:55.470+0000] {snowflake.py:410} INFO - Snowflake query id: 01b51b2b-0001-e499-0006-023e0001c77e
[2024-06-19T04:27:55.530+0000] {cursor.py:1149} INFO - Number of results in first chunk: 1
[2024-06-19T04:27:55.530+0000] {connection.py:762} INFO - closed
[2024-06-19T04:27:55.552+0000] {connection.py:768} INFO - No async queries seem to be running, deleting session
[2024-06-19T04:27:55.590+0000] {taskinstance.py:441} INFO - ::group::Post task execution logs
[2024-06-19T04:27:55.643+0000] {taskinstance.py:1206} INFO - Marking task as SUCCESS. dag_id=nba_schema_creation_dag, task_id=snowflake_create_table_stats, run_id=scheduled__2024-06-17T00:00:00+00:00, execution_date=20240617T000000, start_date=20240619T042753, end_date=20240619T042755
[2024-06-19T04:27:55.695+0000] {local_task_job_runner.py:240} INFO - Task exited with return code 0
[2024-06-19T04:27:55.732+0000] {taskinstance.py:3503} INFO - 1 downstream tasks scheduled from follow-on schedule check
[2024-06-19T04:27:55.734+0000] {local_task_job_runner.py:222} INFO - ::endgroup::
[2024-06-19T13:41:32.310+0000] {local_task_job_runner.py:120} INFO - ::group::Pre task execution logs
[2024-06-19T13:41:32.354+0000] {taskinstance.py:2076} INFO - Dependencies all met for dep_context=non-requeueable deps ti=<TaskInstance: nba_schema_creation_dag.snowflake_create_table_stats scheduled__2024-06-17T00:00:00+00:00 [queued]>
[2024-06-19T13:41:32.363+0000] {taskinstance.py:2076} INFO - Dependencies all met for dep_context=requeueable deps ti=<TaskInstance: nba_schema_creation_dag.snowflake_create_table_stats scheduled__2024-06-17T00:00:00+00:00 [queued]>
[2024-06-19T13:41:32.363+0000] {taskinstance.py:2306} INFO - Starting attempt 1 of 2
[2024-06-19T13:41:32.376+0000] {taskinstance.py:2330} INFO - Executing <Task(SQLExecuteQueryOperator): snowflake_create_table_stats> on 2024-06-17 00:00:00+00:00
[2024-06-19T13:41:32.383+0000] {standard_task_runner.py:90} INFO - Running: ['***', 'tasks', 'run', 'nba_schema_creation_dag', 'snowflake_create_table_stats', 'scheduled__2024-06-17T00:00:00+00:00', '--job-id', '704', '--raw', '--subdir', 'DAGS_FOLDER/nba_schema_creation_dag.py', '--cfg-path', '/tmp/tmp5lyroa_c']
[2024-06-19T13:41:32.385+0000] {standard_task_runner.py:91} INFO - Job 704: Subtask snowflake_create_table_stats
[2024-06-19T13:41:32.386+0000] {logging_mixin.py:188} WARNING - /home/ubuntu/nba_ns_venv/lib/python3.12/site-packages/***/task/task_runner/standard_task_runner.py:61 DeprecationWarning: This process (pid=3692) is multi-threaded, use of fork() may lead to deadlocks in the child.
[2024-06-19T13:41:32.386+0000] {standard_task_runner.py:63} INFO - Started process 3698 to run task
[2024-06-19T13:41:32.474+0000] {task_command.py:426} INFO - Running <TaskInstance: nba_schema_creation_dag.snowflake_create_table_stats scheduled__2024-06-17T00:00:00+00:00 [running]> on host ip-172-31-45-144.ec2.internal
[2024-06-19T13:41:32.614+0000] {taskinstance.py:2648} INFO - Exporting env vars: AIRFLOW_CTX_DAG_OWNER='Airflow' AIRFLOW_CTX_DAG_ID='nba_schema_creation_dag' AIRFLOW_CTX_TASK_ID='snowflake_create_table_stats' AIRFLOW_CTX_EXECUTION_DATE='2024-06-17T00:00:00+00:00' AIRFLOW_CTX_TRY_NUMBER='1' AIRFLOW_CTX_DAG_RUN_ID='scheduled__2024-06-17T00:00:00+00:00'
[2024-06-19T13:41:32.615+0000] {taskinstance.py:430} INFO - ::endgroup::
[2024-06-19T13:41:32.631+0000] {sql.py:276} INFO - Executing: 
        USE WAREHOUSE NBA_STATS_WAREHOUSE;
        USE NBA_STATS_ANALYTICS;
        CREATE TABLE IF NOT EXISTS NBA_STATS.player_stats (
            PLAYER_ID STRING,
            PLAYER STRING,
            TEAM STRING,
            GP NUMBER,
            MIN NUMBER,
            FGM NUMBER,
            FGA NUMBER,
            FG3M NUMBER,
            FG3A NUMBER,
            FTM NUMBER,
            FTA NUMBER,
            OREB NUMBER,
            DREB NUMBER,
            REB NUMBER,
            AST NUMBER,
            STL NUMBER,
            BLK NUMBER,
            TOV NUMBER,
            PF NUMBER,
            PTS NUMBER,
            PPG NUMBER,
            APG NUMBER,
            RPG NUMBER,
            BPG NUMBER,
            SPG NUMBER,
            FG_PERCENT NUMBER,
            FG3_PERCENT NUMBER,
            FT_PERCENT NUMBER
        );
        
[2024-06-19T13:41:32.656+0000] {base.py:84} INFO - Using connection ID 'snowflake_conn' for task execution.
[2024-06-19T13:41:33.389+0000] {base.py:84} INFO - Using connection ID 'snowflake_conn' for task execution.
[2024-06-19T13:41:33.389+0000] {connection.py:399} INFO - Snowflake Connector for Python Version: 3.10.1, Python Version: 3.12.3, Platform: Linux-6.8.0-1009-aws-x86_64-with-glibc2.39
[2024-06-19T13:41:33.390+0000] {connection.py:1239} INFO - This connection is in OCSP Fail Open Mode. TLS Certificates would be checked for validity and revocation status. Any other Certificate Revocation related exceptions or OCSP Responder failures would be disregarded in favor of connectivity.
[2024-06-19T13:41:33.391+0000] {connection.py:1249} INFO - THIS CONNECTION IS IN INSECURE MODE. IT MEANS THE CERTIFICATE WILL BE VALIDATED BUT THE CERTIFICATE REVOCATION STATUS WILL NOT BE CHECKED.
[2024-06-19T13:41:33.458+0000] {ssl_wrap_socket.py:100} INFO - THIS CONNECTION IS IN INSECURE MODE. IT MEANS THE CERTIFICATE WILL BE VALIDATED BUT THE CERTIFICATE REVOCATION STATUS WILL NOT BE CHECKED.
[2024-06-19T13:41:33.747+0000] {cursor.py:1149} INFO - Number of results in first chunk: 1
[2024-06-19T13:41:33.747+0000] {sql.py:487} INFO - Running statement: USE WAREHOUSE NBA_STATS_WAREHOUSE;, parameters: None
[2024-06-19T13:41:33.804+0000] {cursor.py:1149} INFO - Number of results in first chunk: 1
[2024-06-19T13:41:33.804+0000] {sql.py:496} INFO - Rows affected: 1
[2024-06-19T13:41:33.805+0000] {snowflake.py:409} INFO - Rows affected: 1
[2024-06-19T13:41:33.805+0000] {snowflake.py:410} INFO - Snowflake query id: 01b51d55-0001-e495-0006-023e0001899a
[2024-06-19T13:41:33.805+0000] {sql.py:487} INFO - Running statement: USE NBA_STATS_ANALYTICS;, parameters: None
[2024-06-19T13:41:33.873+0000] {cursor.py:1149} INFO - Number of results in first chunk: 1
[2024-06-19T13:41:33.873+0000] {sql.py:496} INFO - Rows affected: 1
[2024-06-19T13:41:33.874+0000] {snowflake.py:409} INFO - Rows affected: 1
[2024-06-19T13:41:33.874+0000] {snowflake.py:410} INFO - Snowflake query id: 01b51d55-0001-e495-0006-023e0001899e
[2024-06-19T13:41:33.874+0000] {sql.py:487} INFO - Running statement: CREATE TABLE IF NOT EXISTS NBA_STATS.player_stats (
            PLAYER_ID STRING,
            PLAYER STRING,
            TEAM STRING,
            GP NUMBER,
            MIN NUMBER,
            FGM NUMBER,
            FGA NUMBER,
            FG3M NUMBER,
            FG3A NUMBER,
            FTM NUMBER,
            FTA NUMBER,
            OREB NUMBER,
            DREB NUMBER,
            REB NUMBER,
            AST NUMBER,
            STL NUMBER,
            BLK NUMBER,
            TOV NUMBER,
            PF NUMBER,
            PTS NUMBER,
            PPG NUMBER,
            APG NUMBER,
            RPG NUMBER,
            BPG NUMBER,
            SPG NUMBER,
            FG_PERCENT NUMBER,
            FG3_PERCENT NUMBER,
            FT_PERCENT NUMBER
        );, parameters: None
[2024-06-19T13:41:34.078+0000] {cursor.py:1149} INFO - Number of results in first chunk: 1
[2024-06-19T13:41:34.078+0000] {sql.py:496} INFO - Rows affected: 1
[2024-06-19T13:41:34.079+0000] {snowflake.py:409} INFO - Rows affected: 1
[2024-06-19T13:41:34.079+0000] {snowflake.py:410} INFO - Snowflake query id: 01b51d55-0001-e499-0006-023e0001c9ea
[2024-06-19T13:41:34.127+0000] {cursor.py:1149} INFO - Number of results in first chunk: 1
[2024-06-19T13:41:34.128+0000] {connection.py:762} INFO - closed
[2024-06-19T13:41:34.153+0000] {connection.py:768} INFO - No async queries seem to be running, deleting session
[2024-06-19T13:41:34.192+0000] {taskinstance.py:441} INFO - ::group::Post task execution logs
[2024-06-19T13:41:34.244+0000] {taskinstance.py:1206} INFO - Marking task as SUCCESS. dag_id=nba_schema_creation_dag, task_id=snowflake_create_table_stats, run_id=scheduled__2024-06-17T00:00:00+00:00, execution_date=20240617T000000, start_date=20240619T134132, end_date=20240619T134134
[2024-06-19T13:41:34.289+0000] {local_task_job_runner.py:240} INFO - Task exited with return code 0
[2024-06-19T13:41:34.324+0000] {taskinstance.py:3503} INFO - 1 downstream tasks scheduled from follow-on schedule check
[2024-06-19T13:41:34.325+0000] {local_task_job_runner.py:222} INFO - ::endgroup::
[2024-06-19T17:08:49.912+0000] {local_task_job_runner.py:120} INFO - ::group::Pre task execution logs
[2024-06-19T17:08:49.957+0000] {taskinstance.py:2076} INFO - Dependencies all met for dep_context=non-requeueable deps ti=<TaskInstance: nba_schema_creation_dag.snowflake_create_table_stats scheduled__2024-06-17T00:00:00+00:00 [queued]>
[2024-06-19T17:08:49.967+0000] {taskinstance.py:2076} INFO - Dependencies all met for dep_context=requeueable deps ti=<TaskInstance: nba_schema_creation_dag.snowflake_create_table_stats scheduled__2024-06-17T00:00:00+00:00 [queued]>
[2024-06-19T17:08:49.967+0000] {taskinstance.py:2306} INFO - Starting attempt 1 of 2
[2024-06-19T17:08:49.981+0000] {taskinstance.py:2330} INFO - Executing <Task(SQLExecuteQueryOperator): snowflake_create_table_stats> on 2024-06-17 00:00:00+00:00
[2024-06-19T17:08:49.988+0000] {standard_task_runner.py:90} INFO - Running: ['***', 'tasks', 'run', 'nba_schema_creation_dag', 'snowflake_create_table_stats', 'scheduled__2024-06-17T00:00:00+00:00', '--job-id', '722', '--raw', '--subdir', 'DAGS_FOLDER/nba_schema_creation_dag.py', '--cfg-path', '/tmp/tmprb5ijtpd']
[2024-06-19T17:08:49.990+0000] {standard_task_runner.py:91} INFO - Job 722: Subtask snowflake_create_table_stats
[2024-06-19T17:08:49.991+0000] {logging_mixin.py:188} WARNING - /home/ubuntu/nba_ns_venv/lib/python3.12/site-packages/***/task/task_runner/standard_task_runner.py:61 DeprecationWarning: This process (pid=3263) is multi-threaded, use of fork() may lead to deadlocks in the child.
[2024-06-19T17:08:49.992+0000] {standard_task_runner.py:63} INFO - Started process 3269 to run task
[2024-06-19T17:08:50.089+0000] {task_command.py:426} INFO - Running <TaskInstance: nba_schema_creation_dag.snowflake_create_table_stats scheduled__2024-06-17T00:00:00+00:00 [running]> on host ip-172-31-45-144.ec2.internal
[2024-06-19T17:08:50.239+0000] {taskinstance.py:2648} INFO - Exporting env vars: AIRFLOW_CTX_DAG_OWNER='Airflow' AIRFLOW_CTX_DAG_ID='nba_schema_creation_dag' AIRFLOW_CTX_TASK_ID='snowflake_create_table_stats' AIRFLOW_CTX_EXECUTION_DATE='2024-06-17T00:00:00+00:00' AIRFLOW_CTX_TRY_NUMBER='1' AIRFLOW_CTX_DAG_RUN_ID='scheduled__2024-06-17T00:00:00+00:00'
[2024-06-19T17:08:50.240+0000] {taskinstance.py:430} INFO - ::endgroup::
[2024-06-19T17:08:50.256+0000] {sql.py:276} INFO - Executing: 
        USE WAREHOUSE NBA_STATS_WAREHOUSE;
        USE NBA_STATS_ANALYTICS;
        CREATE TABLE IF NOT EXISTS NBA_STATS.player_stats (
            PLAYER_ID STRING,
            PLAYER STRING,
            TEAM STRING,
            GP NUMBER,
            MIN NUMBER,
            FGM NUMBER,
            FGA NUMBER,
            FG3M NUMBER,
            FG3A NUMBER,
            FTM NUMBER,
            FTA NUMBER,
            OREB NUMBER,
            DREB NUMBER,
            REB NUMBER,
            AST NUMBER,
            STL NUMBER,
            BLK NUMBER,
            TOV NUMBER,
            PF NUMBER,
            PTS NUMBER,
            PPG NUMBER,
            APG NUMBER,
            RPG NUMBER,
            BPG NUMBER,
            SPG NUMBER,
            FG_PERCENT NUMBER,
            FG3_PERCENT NUMBER,
            FT_PERCENT NUMBER
        );
        
[2024-06-19T17:08:50.282+0000] {base.py:84} INFO - Using connection ID 'snowflake_conn' for task execution.
[2024-06-19T17:08:51.052+0000] {base.py:84} INFO - Using connection ID 'snowflake_conn' for task execution.
[2024-06-19T17:08:51.053+0000] {connection.py:399} INFO - Snowflake Connector for Python Version: 3.10.1, Python Version: 3.12.3, Platform: Linux-6.8.0-1009-aws-x86_64-with-glibc2.39
[2024-06-19T17:08:51.053+0000] {connection.py:1239} INFO - This connection is in OCSP Fail Open Mode. TLS Certificates would be checked for validity and revocation status. Any other Certificate Revocation related exceptions or OCSP Responder failures would be disregarded in favor of connectivity.
[2024-06-19T17:08:51.054+0000] {connection.py:1249} INFO - THIS CONNECTION IS IN INSECURE MODE. IT MEANS THE CERTIFICATE WILL BE VALIDATED BUT THE CERTIFICATE REVOCATION STATUS WILL NOT BE CHECKED.
[2024-06-19T17:08:51.119+0000] {ssl_wrap_socket.py:100} INFO - THIS CONNECTION IS IN INSECURE MODE. IT MEANS THE CERTIFICATE WILL BE VALIDATED BUT THE CERTIFICATE REVOCATION STATUS WILL NOT BE CHECKED.
[2024-06-19T17:08:51.354+0000] {cursor.py:1149} INFO - Number of results in first chunk: 1
[2024-06-19T17:08:51.354+0000] {sql.py:487} INFO - Running statement: USE WAREHOUSE NBA_STATS_WAREHOUSE;, parameters: None
[2024-06-19T17:08:51.425+0000] {cursor.py:1149} INFO - Number of results in first chunk: 1
[2024-06-19T17:08:51.426+0000] {sql.py:496} INFO - Rows affected: 1
[2024-06-19T17:08:51.426+0000] {snowflake.py:409} INFO - Rows affected: 1
[2024-06-19T17:08:51.426+0000] {snowflake.py:410} INFO - Snowflake query id: 01b51e24-0001-e364-0006-023e0001eafe
[2024-06-19T17:08:51.427+0000] {sql.py:487} INFO - Running statement: USE NBA_STATS_ANALYTICS;, parameters: None
[2024-06-19T17:08:51.499+0000] {cursor.py:1149} INFO - Number of results in first chunk: 1
[2024-06-19T17:08:51.499+0000] {sql.py:496} INFO - Rows affected: 1
[2024-06-19T17:08:51.500+0000] {snowflake.py:409} INFO - Rows affected: 1
[2024-06-19T17:08:51.501+0000] {snowflake.py:410} INFO - Snowflake query id: 01b51e24-0001-e49c-0006-023e00017c66
[2024-06-19T17:08:51.501+0000] {sql.py:487} INFO - Running statement: CREATE TABLE IF NOT EXISTS NBA_STATS.player_stats (
            PLAYER_ID STRING,
            PLAYER STRING,
            TEAM STRING,
            GP NUMBER,
            MIN NUMBER,
            FGM NUMBER,
            FGA NUMBER,
            FG3M NUMBER,
            FG3A NUMBER,
            FTM NUMBER,
            FTA NUMBER,
            OREB NUMBER,
            DREB NUMBER,
            REB NUMBER,
            AST NUMBER,
            STL NUMBER,
            BLK NUMBER,
            TOV NUMBER,
            PF NUMBER,
            PTS NUMBER,
            PPG NUMBER,
            APG NUMBER,
            RPG NUMBER,
            BPG NUMBER,
            SPG NUMBER,
            FG_PERCENT NUMBER,
            FG3_PERCENT NUMBER,
            FT_PERCENT NUMBER
        );, parameters: None
[2024-06-19T17:08:51.694+0000] {cursor.py:1149} INFO - Number of results in first chunk: 1
[2024-06-19T17:08:51.694+0000] {sql.py:496} INFO - Rows affected: 1
[2024-06-19T17:08:51.694+0000] {snowflake.py:409} INFO - Rows affected: 1
[2024-06-19T17:08:51.695+0000] {snowflake.py:410} INFO - Snowflake query id: 01b51e24-0001-e497-0006-023e0001db6a
[2024-06-19T17:08:51.763+0000] {cursor.py:1149} INFO - Number of results in first chunk: 1
[2024-06-19T17:08:51.763+0000] {connection.py:762} INFO - closed
[2024-06-19T17:08:51.791+0000] {connection.py:768} INFO - No async queries seem to be running, deleting session
[2024-06-19T17:08:51.834+0000] {taskinstance.py:441} INFO - ::group::Post task execution logs
[2024-06-19T17:08:51.887+0000] {taskinstance.py:1206} INFO - Marking task as SUCCESS. dag_id=nba_schema_creation_dag, task_id=snowflake_create_table_stats, run_id=scheduled__2024-06-17T00:00:00+00:00, execution_date=20240617T000000, start_date=20240619T170849, end_date=20240619T170851
[2024-06-19T17:08:51.934+0000] {local_task_job_runner.py:240} INFO - Task exited with return code 0
[2024-06-19T17:08:51.975+0000] {taskinstance.py:3503} INFO - 1 downstream tasks scheduled from follow-on schedule check
[2024-06-19T17:08:51.977+0000] {local_task_job_runner.py:222} INFO - ::endgroup::
[2024-06-19T17:22:08.394+0000] {local_task_job_runner.py:120} INFO - ::group::Pre task execution logs
[2024-06-19T17:22:08.439+0000] {taskinstance.py:2076} INFO - Dependencies all met for dep_context=non-requeueable deps ti=<TaskInstance: nba_schema_creation_dag.snowflake_create_table_stats scheduled__2024-06-17T00:00:00+00:00 [queued]>
[2024-06-19T17:22:08.449+0000] {taskinstance.py:2076} INFO - Dependencies all met for dep_context=requeueable deps ti=<TaskInstance: nba_schema_creation_dag.snowflake_create_table_stats scheduled__2024-06-17T00:00:00+00:00 [queued]>
[2024-06-19T17:22:08.449+0000] {taskinstance.py:2306} INFO - Starting attempt 1 of 2
[2024-06-19T17:22:08.463+0000] {taskinstance.py:2330} INFO - Executing <Task(SQLExecuteQueryOperator): snowflake_create_table_stats> on 2024-06-17 00:00:00+00:00
[2024-06-19T17:22:08.471+0000] {standard_task_runner.py:90} INFO - Running: ['***', 'tasks', 'run', 'nba_schema_creation_dag', 'snowflake_create_table_stats', 'scheduled__2024-06-17T00:00:00+00:00', '--job-id', '743', '--raw', '--subdir', 'DAGS_FOLDER/nba_schema_creation_dag.py', '--cfg-path', '/tmp/tmpytxly64k']
[2024-06-19T17:22:08.474+0000] {standard_task_runner.py:91} INFO - Job 743: Subtask snowflake_create_table_stats
[2024-06-19T17:22:08.474+0000] {logging_mixin.py:188} WARNING - /home/ubuntu/nba_ns_venv/lib/python3.12/site-packages/***/task/task_runner/standard_task_runner.py:61 DeprecationWarning: This process (pid=7511) is multi-threaded, use of fork() may lead to deadlocks in the child.
[2024-06-19T17:22:08.475+0000] {standard_task_runner.py:63} INFO - Started process 7517 to run task
[2024-06-19T17:22:08.570+0000] {task_command.py:426} INFO - Running <TaskInstance: nba_schema_creation_dag.snowflake_create_table_stats scheduled__2024-06-17T00:00:00+00:00 [running]> on host ip-172-31-45-144.ec2.internal
[2024-06-19T17:22:08.720+0000] {taskinstance.py:2648} INFO - Exporting env vars: AIRFLOW_CTX_DAG_OWNER='Airflow' AIRFLOW_CTX_DAG_ID='nba_schema_creation_dag' AIRFLOW_CTX_TASK_ID='snowflake_create_table_stats' AIRFLOW_CTX_EXECUTION_DATE='2024-06-17T00:00:00+00:00' AIRFLOW_CTX_TRY_NUMBER='1' AIRFLOW_CTX_DAG_RUN_ID='scheduled__2024-06-17T00:00:00+00:00'
[2024-06-19T17:22:08.721+0000] {taskinstance.py:430} INFO - ::endgroup::
[2024-06-19T17:22:08.739+0000] {sql.py:276} INFO - Executing: 
        USE WAREHOUSE NBA_STATS_WAREHOUSE;
        USE NBA_STATS_ANALYTICS;
        CREATE TABLE IF NOT EXISTS NBA_STATS.player_stats (
            PLAYER_ID STRING,
            PLAYER STRING,
            TEAM STRING,
            GP NUMBER,
            MIN NUMBER,
            FGM NUMBER,
            FGA NUMBER,
            FG3M NUMBER,
            FG3A NUMBER,
            FTM NUMBER,
            FTA NUMBER,
            OREB NUMBER,
            DREB NUMBER,
            REB NUMBER,
            AST NUMBER,
            STL NUMBER,
            BLK NUMBER,
            TOV NUMBER,
            PF NUMBER,
            PTS NUMBER,
            PPG NUMBER,
            APG NUMBER,
            RPG NUMBER,
            BPG NUMBER,
            SPG NUMBER,
            FG_PERCENT NUMBER,
            FG3_PERCENT NUMBER,
            FT_PERCENT NUMBER
        );
        
[2024-06-19T17:22:08.765+0000] {base.py:84} INFO - Using connection ID 'snowflake_conn' for task execution.
[2024-06-19T17:22:09.556+0000] {base.py:84} INFO - Using connection ID 'snowflake_conn' for task execution.
[2024-06-19T17:22:09.557+0000] {connection.py:399} INFO - Snowflake Connector for Python Version: 3.10.1, Python Version: 3.12.3, Platform: Linux-6.8.0-1009-aws-x86_64-with-glibc2.39
[2024-06-19T17:22:09.557+0000] {connection.py:1239} INFO - This connection is in OCSP Fail Open Mode. TLS Certificates would be checked for validity and revocation status. Any other Certificate Revocation related exceptions or OCSP Responder failures would be disregarded in favor of connectivity.
[2024-06-19T17:22:09.557+0000] {connection.py:1249} INFO - THIS CONNECTION IS IN INSECURE MODE. IT MEANS THE CERTIFICATE WILL BE VALIDATED BUT THE CERTIFICATE REVOCATION STATUS WILL NOT BE CHECKED.
[2024-06-19T17:22:09.621+0000] {ssl_wrap_socket.py:100} INFO - THIS CONNECTION IS IN INSECURE MODE. IT MEANS THE CERTIFICATE WILL BE VALIDATED BUT THE CERTIFICATE REVOCATION STATUS WILL NOT BE CHECKED.
[2024-06-19T17:22:09.836+0000] {cursor.py:1149} INFO - Number of results in first chunk: 1
[2024-06-19T17:22:09.837+0000] {sql.py:487} INFO - Running statement: USE WAREHOUSE NBA_STATS_WAREHOUSE;, parameters: None
[2024-06-19T17:22:09.904+0000] {cursor.py:1149} INFO - Number of results in first chunk: 1
[2024-06-19T17:22:09.904+0000] {sql.py:496} INFO - Rows affected: 1
[2024-06-19T17:22:09.905+0000] {snowflake.py:409} INFO - Rows affected: 1
[2024-06-19T17:22:09.905+0000] {snowflake.py:410} INFO - Snowflake query id: 01b51e32-0001-e364-0006-023e0001eb2e
[2024-06-19T17:22:09.905+0000] {sql.py:487} INFO - Running statement: USE NBA_STATS_ANALYTICS;, parameters: None
[2024-06-19T17:22:09.985+0000] {cursor.py:1149} INFO - Number of results in first chunk: 1
[2024-06-19T17:22:09.985+0000] {sql.py:496} INFO - Rows affected: 1
[2024-06-19T17:22:09.985+0000] {snowflake.py:409} INFO - Rows affected: 1
[2024-06-19T17:22:09.986+0000] {snowflake.py:410} INFO - Snowflake query id: 01b51e32-0001-e498-0006-023e0001bc56
[2024-06-19T17:22:09.986+0000] {sql.py:487} INFO - Running statement: CREATE TABLE IF NOT EXISTS NBA_STATS.player_stats (
            PLAYER_ID STRING,
            PLAYER STRING,
            TEAM STRING,
            GP NUMBER,
            MIN NUMBER,
            FGM NUMBER,
            FGA NUMBER,
            FG3M NUMBER,
            FG3A NUMBER,
            FTM NUMBER,
            FTA NUMBER,
            OREB NUMBER,
            DREB NUMBER,
            REB NUMBER,
            AST NUMBER,
            STL NUMBER,
            BLK NUMBER,
            TOV NUMBER,
            PF NUMBER,
            PTS NUMBER,
            PPG NUMBER,
            APG NUMBER,
            RPG NUMBER,
            BPG NUMBER,
            SPG NUMBER,
            FG_PERCENT NUMBER,
            FG3_PERCENT NUMBER,
            FT_PERCENT NUMBER
        );, parameters: None
[2024-06-19T17:22:10.254+0000] {cursor.py:1149} INFO - Number of results in first chunk: 1
[2024-06-19T17:22:10.254+0000] {sql.py:496} INFO - Rows affected: 1
[2024-06-19T17:22:10.254+0000] {snowflake.py:409} INFO - Rows affected: 1
[2024-06-19T17:22:10.255+0000] {snowflake.py:410} INFO - Snowflake query id: 01b51e32-0001-e49d-0006-023e0001fb02
[2024-06-19T17:22:10.312+0000] {cursor.py:1149} INFO - Number of results in first chunk: 1
[2024-06-19T17:22:10.313+0000] {connection.py:762} INFO - closed
[2024-06-19T17:22:10.341+0000] {connection.py:768} INFO - No async queries seem to be running, deleting session
[2024-06-19T17:22:10.398+0000] {taskinstance.py:441} INFO - ::group::Post task execution logs
[2024-06-19T17:22:10.451+0000] {taskinstance.py:1206} INFO - Marking task as SUCCESS. dag_id=nba_schema_creation_dag, task_id=snowflake_create_table_stats, run_id=scheduled__2024-06-17T00:00:00+00:00, execution_date=20240617T000000, start_date=20240619T172208, end_date=20240619T172210
[2024-06-19T17:22:10.499+0000] {local_task_job_runner.py:240} INFO - Task exited with return code 0
[2024-06-19T17:22:10.543+0000] {taskinstance.py:3503} INFO - 1 downstream tasks scheduled from follow-on schedule check
[2024-06-19T17:22:10.545+0000] {local_task_job_runner.py:222} INFO - ::endgroup::
[2024-06-19T21:04:57.771+0000] {local_task_job_runner.py:120} INFO - ::group::Pre task execution logs
[2024-06-19T21:04:57.819+0000] {taskinstance.py:2076} INFO - Dependencies all met for dep_context=non-requeueable deps ti=<TaskInstance: nba_schema_creation_dag.snowflake_create_table_stats scheduled__2024-06-17T00:00:00+00:00 [queued]>
[2024-06-19T21:04:57.829+0000] {taskinstance.py:2076} INFO - Dependencies all met for dep_context=requeueable deps ti=<TaskInstance: nba_schema_creation_dag.snowflake_create_table_stats scheduled__2024-06-17T00:00:00+00:00 [queued]>
[2024-06-19T21:04:57.830+0000] {taskinstance.py:2306} INFO - Starting attempt 1 of 2
[2024-06-19T21:04:57.844+0000] {taskinstance.py:2330} INFO - Executing <Task(SQLExecuteQueryOperator): snowflake_create_table_stats> on 2024-06-17 00:00:00+00:00
[2024-06-19T21:04:57.851+0000] {standard_task_runner.py:90} INFO - Running: ['***', 'tasks', 'run', 'nba_schema_creation_dag', 'snowflake_create_table_stats', 'scheduled__2024-06-17T00:00:00+00:00', '--job-id', '764', '--raw', '--subdir', 'DAGS_FOLDER/nba_schema_creation_dag.py', '--cfg-path', '/tmp/tmpvd6_rqcb']
[2024-06-19T21:04:57.854+0000] {standard_task_runner.py:91} INFO - Job 764: Subtask snowflake_create_table_stats
[2024-06-19T21:04:57.854+0000] {logging_mixin.py:188} WARNING - /home/ubuntu/nba_ns_venv/lib/python3.12/site-packages/***/task/task_runner/standard_task_runner.py:61 DeprecationWarning: This process (pid=3205) is multi-threaded, use of fork() may lead to deadlocks in the child.
[2024-06-19T21:04:57.855+0000] {standard_task_runner.py:63} INFO - Started process 3226 to run task
[2024-06-19T21:04:57.952+0000] {task_command.py:426} INFO - Running <TaskInstance: nba_schema_creation_dag.snowflake_create_table_stats scheduled__2024-06-17T00:00:00+00:00 [running]> on host ip-172-31-45-144.ec2.internal
[2024-06-19T21:04:58.103+0000] {taskinstance.py:2648} INFO - Exporting env vars: AIRFLOW_CTX_DAG_OWNER='Airflow' AIRFLOW_CTX_DAG_ID='nba_schema_creation_dag' AIRFLOW_CTX_TASK_ID='snowflake_create_table_stats' AIRFLOW_CTX_EXECUTION_DATE='2024-06-17T00:00:00+00:00' AIRFLOW_CTX_TRY_NUMBER='1' AIRFLOW_CTX_DAG_RUN_ID='scheduled__2024-06-17T00:00:00+00:00'
[2024-06-19T21:04:58.104+0000] {taskinstance.py:430} INFO - ::endgroup::
[2024-06-19T21:04:58.122+0000] {sql.py:276} INFO - Executing: 
        USE WAREHOUSE NBA_STATS_WAREHOUSE;
        USE NBA_STATS_ANALYTICS;
        CREATE TABLE IF NOT EXISTS NBA_STATS.player_stats (
            PLAYER_ID STRING,
            PLAYER STRING,
            TEAM STRING,
            GP NUMBER,
            MIN NUMBER,
            FGM NUMBER,
            FGA NUMBER,
            FG3M NUMBER,
            FG3A NUMBER,
            FTM NUMBER,
            FTA NUMBER,
            OREB NUMBER,
            DREB NUMBER,
            REB NUMBER,
            AST NUMBER,
            STL NUMBER,
            BLK NUMBER,
            TOV NUMBER,
            PF NUMBER,
            PTS NUMBER,
            PPG NUMBER,
            APG NUMBER,
            RPG NUMBER,
            BPG NUMBER,
            SPG NUMBER,
            FG_PERCENT NUMBER,
            FG3_PERCENT NUMBER,
            FT_PERCENT NUMBER
        );
        
[2024-06-19T21:04:58.148+0000] {base.py:84} INFO - Using connection ID 'snowflake_conn' for task execution.
[2024-06-19T21:04:58.943+0000] {base.py:84} INFO - Using connection ID 'snowflake_conn' for task execution.
[2024-06-19T21:04:58.945+0000] {connection.py:399} INFO - Snowflake Connector for Python Version: 3.10.1, Python Version: 3.12.3, Platform: Linux-6.8.0-1009-aws-x86_64-with-glibc2.39
[2024-06-19T21:04:58.945+0000] {connection.py:1239} INFO - This connection is in OCSP Fail Open Mode. TLS Certificates would be checked for validity and revocation status. Any other Certificate Revocation related exceptions or OCSP Responder failures would be disregarded in favor of connectivity.
[2024-06-19T21:04:58.945+0000] {connection.py:1249} INFO - THIS CONNECTION IS IN INSECURE MODE. IT MEANS THE CERTIFICATE WILL BE VALIDATED BUT THE CERTIFICATE REVOCATION STATUS WILL NOT BE CHECKED.
[2024-06-19T21:04:59.010+0000] {ssl_wrap_socket.py:100} INFO - THIS CONNECTION IS IN INSECURE MODE. IT MEANS THE CERTIFICATE WILL BE VALIDATED BUT THE CERTIFICATE REVOCATION STATUS WILL NOT BE CHECKED.
[2024-06-19T21:04:59.255+0000] {cursor.py:1149} INFO - Number of results in first chunk: 1
[2024-06-19T21:04:59.256+0000] {sql.py:487} INFO - Running statement: USE WAREHOUSE NBA_STATS_WAREHOUSE;, parameters: None
[2024-06-19T21:04:59.355+0000] {cursor.py:1149} INFO - Number of results in first chunk: 1
[2024-06-19T21:04:59.355+0000] {sql.py:496} INFO - Rows affected: 1
[2024-06-19T21:04:59.355+0000] {snowflake.py:409} INFO - Rows affected: 1
[2024-06-19T21:04:59.356+0000] {snowflake.py:410} INFO - Snowflake query id: 01b51f10-0001-e497-0006-023e0001de2a
[2024-06-19T21:04:59.356+0000] {sql.py:487} INFO - Running statement: USE NBA_STATS_ANALYTICS;, parameters: None
[2024-06-19T21:05:01.934+0000] {cursor.py:1149} INFO - Number of results in first chunk: 1
[2024-06-19T21:05:01.935+0000] {sql.py:496} INFO - Rows affected: 1
[2024-06-19T21:05:01.935+0000] {snowflake.py:409} INFO - Rows affected: 1
[2024-06-19T21:05:01.935+0000] {snowflake.py:410} INFO - Snowflake query id: 01b51f11-0001-e49a-0006-023e0001aebe
[2024-06-19T21:05:01.935+0000] {sql.py:487} INFO - Running statement: CREATE TABLE IF NOT EXISTS NBA_STATS.player_stats (
            PLAYER_ID STRING,
            PLAYER STRING,
            TEAM STRING,
            GP NUMBER,
            MIN NUMBER,
            FGM NUMBER,
            FGA NUMBER,
            FG3M NUMBER,
            FG3A NUMBER,
            FTM NUMBER,
            FTA NUMBER,
            OREB NUMBER,
            DREB NUMBER,
            REB NUMBER,
            AST NUMBER,
            STL NUMBER,
            BLK NUMBER,
            TOV NUMBER,
            PF NUMBER,
            PTS NUMBER,
            PPG NUMBER,
            APG NUMBER,
            RPG NUMBER,
            BPG NUMBER,
            SPG NUMBER,
            FG_PERCENT NUMBER,
            FG3_PERCENT NUMBER,
            FT_PERCENT NUMBER
        );, parameters: None
[2024-06-19T21:05:02.193+0000] {cursor.py:1149} INFO - Number of results in first chunk: 1
[2024-06-19T21:05:02.194+0000] {sql.py:496} INFO - Rows affected: 1
[2024-06-19T21:05:02.194+0000] {snowflake.py:409} INFO - Rows affected: 1
[2024-06-19T21:05:02.194+0000] {snowflake.py:410} INFO - Snowflake query id: 01b51f11-0001-e497-0006-023e0001de2e
[2024-06-19T21:05:02.278+0000] {cursor.py:1149} INFO - Number of results in first chunk: 1
[2024-06-19T21:05:02.279+0000] {connection.py:762} INFO - closed
[2024-06-19T21:05:02.315+0000] {connection.py:768} INFO - No async queries seem to be running, deleting session
[2024-06-19T21:05:02.416+0000] {taskinstance.py:441} INFO - ::group::Post task execution logs
[2024-06-19T21:05:02.546+0000] {taskinstance.py:1206} INFO - Marking task as SUCCESS. dag_id=nba_schema_creation_dag, task_id=snowflake_create_table_stats, run_id=scheduled__2024-06-17T00:00:00+00:00, execution_date=20240617T000000, start_date=20240619T210457, end_date=20240619T210502
[2024-06-19T21:05:02.587+0000] {local_task_job_runner.py:240} INFO - Task exited with return code 0
[2024-06-19T21:05:02.653+0000] {local_task_job_runner.py:222} INFO - ::endgroup::
