[2024-06-19T00:01:01.187+0000] {local_task_job_runner.py:120} INFO - ::group::Pre task execution logs
[2024-06-19T00:01:01.238+0000] {taskinstance.py:2076} INFO - Dependencies all met for dep_context=non-requeueable deps ti=<TaskInstance: nba_schema_creation_dag.snowflake_create_table_news scheduled__2024-06-17T00:00:00+00:00 [queued]>
[2024-06-19T00:01:01.249+0000] {taskinstance.py:2076} INFO - Dependencies all met for dep_context=requeueable deps ti=<TaskInstance: nba_schema_creation_dag.snowflake_create_table_news scheduled__2024-06-17T00:00:00+00:00 [queued]>
[2024-06-19T00:01:01.250+0000] {taskinstance.py:2306} INFO - Starting attempt 1 of 2
[2024-06-19T00:01:01.265+0000] {taskinstance.py:2330} INFO - Executing <Task(SQLExecuteQueryOperator): snowflake_create_table_news> on 2024-06-17 00:00:00+00:00
[2024-06-19T00:01:01.273+0000] {standard_task_runner.py:90} INFO - Running: ['***', 'tasks', 'run', 'nba_schema_creation_dag', 'snowflake_create_table_news', 'scheduled__2024-06-17T00:00:00+00:00', '--job-id', '564', '--raw', '--subdir', 'DAGS_FOLDER/nba_schema_creation_dag.py', '--cfg-path', '/tmp/tmpugax82n2']
[2024-06-19T00:01:01.276+0000] {standard_task_runner.py:91} INFO - Job 564: Subtask snowflake_create_table_news
[2024-06-19T00:01:01.276+0000] {logging_mixin.py:188} WARNING - /home/ubuntu/nba_ns_venv/lib/python3.12/site-packages/***/task/task_runner/standard_task_runner.py:61 DeprecationWarning: This process (pid=8771) is multi-threaded, use of fork() may lead to deadlocks in the child.
[2024-06-19T00:01:01.277+0000] {standard_task_runner.py:63} INFO - Started process 8777 to run task
[2024-06-19T00:01:01.374+0000] {task_command.py:426} INFO - Running <TaskInstance: nba_schema_creation_dag.snowflake_create_table_news scheduled__2024-06-17T00:00:00+00:00 [running]> on host ip-172-31-45-144.ec2.internal
[2024-06-19T00:01:01.545+0000] {taskinstance.py:2648} INFO - Exporting env vars: AIRFLOW_CTX_DAG_OWNER='Airflow' AIRFLOW_CTX_DAG_ID='nba_schema_creation_dag' AIRFLOW_CTX_TASK_ID='snowflake_create_table_news' AIRFLOW_CTX_EXECUTION_DATE='2024-06-17T00:00:00+00:00' AIRFLOW_CTX_TRY_NUMBER='1' AIRFLOW_CTX_DAG_RUN_ID='scheduled__2024-06-17T00:00:00+00:00'
[2024-06-19T00:01:01.545+0000] {taskinstance.py:430} INFO - ::endgroup::
[2024-06-19T00:01:01.565+0000] {sql.py:276} INFO - Executing: 
        CREATE TABLE IF NOT EXISTS NBA_STATS.nba_news (
            title STRING,
            description STRING,
            url STRING,
            published_at TIMESTAMP,
            author STRING,
            content STRING
        );
        
[2024-06-19T00:01:01.612+0000] {base.py:84} INFO - Using connection ID 'snowflake_conn' for task execution.
[2024-06-19T00:01:02.397+0000] {base.py:84} INFO - Using connection ID 'snowflake_conn' for task execution.
[2024-06-19T00:01:02.398+0000] {connection.py:399} INFO - Snowflake Connector for Python Version: 3.10.1, Python Version: 3.12.3, Platform: Linux-6.8.0-1009-aws-x86_64-with-glibc2.39
[2024-06-19T00:01:02.399+0000] {connection.py:1239} INFO - This connection is in OCSP Fail Open Mode. TLS Certificates would be checked for validity and revocation status. Any other Certificate Revocation related exceptions or OCSP Responder failures would be disregarded in favor of connectivity.
[2024-06-19T00:01:02.399+0000] {connection.py:1249} INFO - THIS CONNECTION IS IN INSECURE MODE. IT MEANS THE CERTIFICATE WILL BE VALIDATED BUT THE CERTIFICATE REVOCATION STATUS WILL NOT BE CHECKED.
[2024-06-19T00:01:02.479+0000] {ssl_wrap_socket.py:100} INFO - THIS CONNECTION IS IN INSECURE MODE. IT MEANS THE CERTIFICATE WILL BE VALIDATED BUT THE CERTIFICATE REVOCATION STATUS WILL NOT BE CHECKED.
[2024-06-19T00:01:02.889+0000] {cursor.py:1149} INFO - Number of results in first chunk: 1
[2024-06-19T00:01:02.889+0000] {sql.py:487} INFO - Running statement: CREATE TABLE IF NOT EXISTS NBA_STATS.nba_news (
            title STRING,
            description STRING,
            url STRING,
            published_at TIMESTAMP,
            author STRING,
            content STRING
        );, parameters: None
[2024-06-19T00:01:03.115+0000] {cursor.py:1149} INFO - Number of results in first chunk: 1
[2024-06-19T00:01:03.116+0000] {sql.py:496} INFO - Rows affected: 1
[2024-06-19T00:01:03.116+0000] {snowflake.py:409} INFO - Rows affected: 1
[2024-06-19T00:01:03.116+0000] {snowflake.py:410} INFO - Snowflake query id: 01b51a21-0001-e49d-0006-023e0001f446
[2024-06-19T00:01:03.184+0000] {cursor.py:1149} INFO - Number of results in first chunk: 1
[2024-06-19T00:01:03.185+0000] {connection.py:762} INFO - closed
[2024-06-19T00:01:03.218+0000] {connection.py:768} INFO - No async queries seem to be running, deleting session
[2024-06-19T00:01:03.280+0000] {taskinstance.py:441} INFO - ::group::Post task execution logs
[2024-06-19T00:01:03.332+0000] {taskinstance.py:1206} INFO - Marking task as SUCCESS. dag_id=nba_schema_creation_dag, task_id=snowflake_create_table_news, run_id=scheduled__2024-06-17T00:00:00+00:00, execution_date=20240617T000000, start_date=20240619T000101, end_date=20240619T000103
[2024-06-19T00:01:03.382+0000] {local_task_job_runner.py:240} INFO - Task exited with return code 0
[2024-06-19T00:01:03.414+0000] {taskinstance.py:3503} INFO - 0 downstream tasks scheduled from follow-on schedule check
[2024-06-19T00:01:03.416+0000] {local_task_job_runner.py:222} INFO - ::endgroup::
[2024-06-19T00:06:19.001+0000] {local_task_job_runner.py:120} INFO - ::group::Pre task execution logs
[2024-06-19T00:06:19.051+0000] {taskinstance.py:2076} INFO - Dependencies all met for dep_context=non-requeueable deps ti=<TaskInstance: nba_schema_creation_dag.snowflake_create_table_news scheduled__2024-06-17T00:00:00+00:00 [queued]>
[2024-06-19T00:06:19.061+0000] {taskinstance.py:2076} INFO - Dependencies all met for dep_context=requeueable deps ti=<TaskInstance: nba_schema_creation_dag.snowflake_create_table_news scheduled__2024-06-17T00:00:00+00:00 [queued]>
[2024-06-19T00:06:19.061+0000] {taskinstance.py:2306} INFO - Starting attempt 1 of 2
[2024-06-19T00:06:19.076+0000] {taskinstance.py:2330} INFO - Executing <Task(SQLExecuteQueryOperator): snowflake_create_table_news> on 2024-06-17 00:00:00+00:00
[2024-06-19T00:06:19.084+0000] {standard_task_runner.py:90} INFO - Running: ['***', 'tasks', 'run', 'nba_schema_creation_dag', 'snowflake_create_table_news', 'scheduled__2024-06-17T00:00:00+00:00', '--job-id', '580', '--raw', '--subdir', 'DAGS_FOLDER/nba_schema_creation_dag.py', '--cfg-path', '/tmp/tmpqika6nuq']
[2024-06-19T00:06:19.086+0000] {standard_task_runner.py:91} INFO - Job 580: Subtask snowflake_create_table_news
[2024-06-19T00:06:19.086+0000] {logging_mixin.py:188} WARNING - /home/ubuntu/nba_ns_venv/lib/python3.12/site-packages/***/task/task_runner/standard_task_runner.py:61 DeprecationWarning: This process (pid=11754) is multi-threaded, use of fork() may lead to deadlocks in the child.
[2024-06-19T00:06:19.087+0000] {standard_task_runner.py:63} INFO - Started process 11760 to run task
[2024-06-19T00:06:19.182+0000] {task_command.py:426} INFO - Running <TaskInstance: nba_schema_creation_dag.snowflake_create_table_news scheduled__2024-06-17T00:00:00+00:00 [running]> on host ip-172-31-45-144.ec2.internal
[2024-06-19T00:06:19.335+0000] {taskinstance.py:2648} INFO - Exporting env vars: AIRFLOW_CTX_DAG_OWNER='Airflow' AIRFLOW_CTX_DAG_ID='nba_schema_creation_dag' AIRFLOW_CTX_TASK_ID='snowflake_create_table_news' AIRFLOW_CTX_EXECUTION_DATE='2024-06-17T00:00:00+00:00' AIRFLOW_CTX_TRY_NUMBER='1' AIRFLOW_CTX_DAG_RUN_ID='scheduled__2024-06-17T00:00:00+00:00'
[2024-06-19T00:06:19.336+0000] {taskinstance.py:430} INFO - ::endgroup::
[2024-06-19T00:06:19.353+0000] {sql.py:276} INFO - Executing: 
        CREATE TABLE IF NOT EXISTS NBA_STATS.nba_news (
            title STRING,
            description STRING,
            url STRING,
            published_at TIMESTAMP,
            author STRING,
            content STRING
        );
        
[2024-06-19T00:06:19.379+0000] {base.py:84} INFO - Using connection ID 'snowflake_conn' for task execution.
[2024-06-19T00:06:20.169+0000] {base.py:84} INFO - Using connection ID 'snowflake_conn' for task execution.
[2024-06-19T00:06:20.170+0000] {connection.py:399} INFO - Snowflake Connector for Python Version: 3.10.1, Python Version: 3.12.3, Platform: Linux-6.8.0-1009-aws-x86_64-with-glibc2.39
[2024-06-19T00:06:20.170+0000] {connection.py:1239} INFO - This connection is in OCSP Fail Open Mode. TLS Certificates would be checked for validity and revocation status. Any other Certificate Revocation related exceptions or OCSP Responder failures would be disregarded in favor of connectivity.
[2024-06-19T00:06:20.170+0000] {connection.py:1249} INFO - THIS CONNECTION IS IN INSECURE MODE. IT MEANS THE CERTIFICATE WILL BE VALIDATED BUT THE CERTIFICATE REVOCATION STATUS WILL NOT BE CHECKED.
[2024-06-19T00:06:20.232+0000] {ssl_wrap_socket.py:100} INFO - THIS CONNECTION IS IN INSECURE MODE. IT MEANS THE CERTIFICATE WILL BE VALIDATED BUT THE CERTIFICATE REVOCATION STATUS WILL NOT BE CHECKED.
[2024-06-19T00:06:20.469+0000] {cursor.py:1149} INFO - Number of results in first chunk: 1
[2024-06-19T00:06:20.470+0000] {sql.py:487} INFO - Running statement: CREATE TABLE IF NOT EXISTS NBA_STATS.nba_news (
            title STRING,
            description STRING,
            url STRING,
            published_at TIMESTAMP,
            author STRING,
            content STRING
        );, parameters: None
[2024-06-19T00:06:20.612+0000] {cursor.py:1149} INFO - Number of results in first chunk: 1
[2024-06-19T00:06:20.612+0000] {sql.py:496} INFO - Rows affected: 1
[2024-06-19T00:06:20.613+0000] {snowflake.py:409} INFO - Rows affected: 1
[2024-06-19T00:06:20.613+0000] {snowflake.py:410} INFO - Snowflake query id: 01b51a26-0001-e496-0006-023e000195da
[2024-06-19T00:06:20.663+0000] {cursor.py:1149} INFO - Number of results in first chunk: 1
[2024-06-19T00:06:20.664+0000] {connection.py:762} INFO - closed
[2024-06-19T00:06:20.710+0000] {connection.py:768} INFO - No async queries seem to be running, deleting session
[2024-06-19T00:06:20.754+0000] {taskinstance.py:441} INFO - ::group::Post task execution logs
[2024-06-19T00:06:20.812+0000] {taskinstance.py:1206} INFO - Marking task as SUCCESS. dag_id=nba_schema_creation_dag, task_id=snowflake_create_table_news, run_id=scheduled__2024-06-17T00:00:00+00:00, execution_date=20240617T000000, start_date=20240619T000619, end_date=20240619T000620
[2024-06-19T00:06:20.871+0000] {local_task_job_runner.py:240} INFO - Task exited with return code 0
[2024-06-19T00:06:20.896+0000] {local_task_job_runner.py:222} INFO - ::endgroup::
[2024-06-19T00:35:42.413+0000] {local_task_job_runner.py:120} INFO - ::group::Pre task execution logs
[2024-06-19T00:35:42.459+0000] {taskinstance.py:2076} INFO - Dependencies all met for dep_context=non-requeueable deps ti=<TaskInstance: nba_schema_creation_dag.snowflake_create_table_news scheduled__2024-06-17T00:00:00+00:00 [queued]>
[2024-06-19T00:35:42.468+0000] {taskinstance.py:2076} INFO - Dependencies all met for dep_context=requeueable deps ti=<TaskInstance: nba_schema_creation_dag.snowflake_create_table_news scheduled__2024-06-17T00:00:00+00:00 [queued]>
[2024-06-19T00:35:42.468+0000] {taskinstance.py:2306} INFO - Starting attempt 1 of 2
[2024-06-19T00:35:42.482+0000] {taskinstance.py:2330} INFO - Executing <Task(SQLExecuteQueryOperator): snowflake_create_table_news> on 2024-06-17 00:00:00+00:00
[2024-06-19T00:35:42.489+0000] {standard_task_runner.py:90} INFO - Running: ['***', 'tasks', 'run', 'nba_schema_creation_dag', 'snowflake_create_table_news', 'scheduled__2024-06-17T00:00:00+00:00', '--job-id', '589', '--raw', '--subdir', 'DAGS_FOLDER/nba_schema_creation_dag.py', '--cfg-path', '/tmp/tmpbo92eij7']
[2024-06-19T00:35:42.492+0000] {standard_task_runner.py:91} INFO - Job 589: Subtask snowflake_create_table_news
[2024-06-19T00:35:42.492+0000] {logging_mixin.py:188} WARNING - /home/ubuntu/nba_ns_venv/lib/python3.12/site-packages/***/task/task_runner/standard_task_runner.py:61 DeprecationWarning: This process (pid=2682) is multi-threaded, use of fork() may lead to deadlocks in the child.
[2024-06-19T00:35:42.493+0000] {standard_task_runner.py:63} INFO - Started process 2703 to run task
[2024-06-19T00:35:42.585+0000] {task_command.py:426} INFO - Running <TaskInstance: nba_schema_creation_dag.snowflake_create_table_news scheduled__2024-06-17T00:00:00+00:00 [running]> on host ip-172-31-45-144.ec2.internal
[2024-06-19T00:35:42.735+0000] {taskinstance.py:2648} INFO - Exporting env vars: AIRFLOW_CTX_DAG_OWNER='Airflow' AIRFLOW_CTX_DAG_ID='nba_schema_creation_dag' AIRFLOW_CTX_TASK_ID='snowflake_create_table_news' AIRFLOW_CTX_EXECUTION_DATE='2024-06-17T00:00:00+00:00' AIRFLOW_CTX_TRY_NUMBER='1' AIRFLOW_CTX_DAG_RUN_ID='scheduled__2024-06-17T00:00:00+00:00'
[2024-06-19T00:35:42.737+0000] {taskinstance.py:430} INFO - ::endgroup::
[2024-06-19T00:35:42.754+0000] {sql.py:276} INFO - Executing: 
        CREATE TABLE IF NOT EXISTS NBA_STATS.nba_news (
            title STRING,
            description STRING,
            url STRING,
            published_at TIMESTAMP,
            author STRING,
            content STRING
        );
        
[2024-06-19T00:35:42.781+0000] {base.py:84} INFO - Using connection ID 'snowflake_conn' for task execution.
[2024-06-19T00:35:43.536+0000] {base.py:84} INFO - Using connection ID 'snowflake_conn' for task execution.
[2024-06-19T00:35:43.537+0000] {connection.py:399} INFO - Snowflake Connector for Python Version: 3.10.1, Python Version: 3.12.3, Platform: Linux-6.8.0-1009-aws-x86_64-with-glibc2.39
[2024-06-19T00:35:43.538+0000] {connection.py:1239} INFO - This connection is in OCSP Fail Open Mode. TLS Certificates would be checked for validity and revocation status. Any other Certificate Revocation related exceptions or OCSP Responder failures would be disregarded in favor of connectivity.
[2024-06-19T00:35:43.538+0000] {connection.py:1249} INFO - THIS CONNECTION IS IN INSECURE MODE. IT MEANS THE CERTIFICATE WILL BE VALIDATED BUT THE CERTIFICATE REVOCATION STATUS WILL NOT BE CHECKED.
[2024-06-19T00:35:43.601+0000] {ssl_wrap_socket.py:100} INFO - THIS CONNECTION IS IN INSECURE MODE. IT MEANS THE CERTIFICATE WILL BE VALIDATED BUT THE CERTIFICATE REVOCATION STATUS WILL NOT BE CHECKED.
[2024-06-19T00:35:43.842+0000] {cursor.py:1149} INFO - Number of results in first chunk: 1
[2024-06-19T00:35:43.843+0000] {sql.py:487} INFO - Running statement: CREATE TABLE IF NOT EXISTS NBA_STATS.nba_news (
            title STRING,
            description STRING,
            url STRING,
            published_at TIMESTAMP,
            author STRING,
            content STRING
        );, parameters: None
[2024-06-19T00:35:44.020+0000] {cursor.py:1149} INFO - Number of results in first chunk: 1
[2024-06-19T00:35:44.020+0000] {sql.py:496} INFO - Rows affected: 1
[2024-06-19T00:35:44.021+0000] {snowflake.py:409} INFO - Rows affected: 1
[2024-06-19T00:35:44.021+0000] {snowflake.py:410} INFO - Snowflake query id: 01b51a43-0001-e495-0006-023e0001855e
[2024-06-19T00:35:44.070+0000] {cursor.py:1149} INFO - Number of results in first chunk: 1
[2024-06-19T00:35:44.071+0000] {connection.py:762} INFO - closed
[2024-06-19T00:35:44.097+0000] {connection.py:768} INFO - No async queries seem to be running, deleting session
[2024-06-19T00:35:44.136+0000] {taskinstance.py:441} INFO - ::group::Post task execution logs
[2024-06-19T00:35:44.189+0000] {taskinstance.py:1206} INFO - Marking task as SUCCESS. dag_id=nba_schema_creation_dag, task_id=snowflake_create_table_news, run_id=scheduled__2024-06-17T00:00:00+00:00, execution_date=20240617T000000, start_date=20240619T003542, end_date=20240619T003544
[2024-06-19T00:35:44.236+0000] {local_task_job_runner.py:240} INFO - Task exited with return code 0
[2024-06-19T00:35:44.268+0000] {taskinstance.py:3503} INFO - 0 downstream tasks scheduled from follow-on schedule check
[2024-06-19T00:35:44.270+0000] {local_task_job_runner.py:222} INFO - ::endgroup::
[2024-06-19T00:45:56.816+0000] {local_task_job_runner.py:120} INFO - ::group::Pre task execution logs
[2024-06-19T00:45:56.860+0000] {taskinstance.py:2076} INFO - Dependencies all met for dep_context=non-requeueable deps ti=<TaskInstance: nba_schema_creation_dag.snowflake_create_table_news scheduled__2024-06-17T00:00:00+00:00 [queued]>
[2024-06-19T00:45:56.869+0000] {taskinstance.py:2076} INFO - Dependencies all met for dep_context=requeueable deps ti=<TaskInstance: nba_schema_creation_dag.snowflake_create_table_news scheduled__2024-06-17T00:00:00+00:00 [queued]>
[2024-06-19T00:45:56.869+0000] {taskinstance.py:2306} INFO - Starting attempt 1 of 2
[2024-06-19T00:45:56.882+0000] {taskinstance.py:2330} INFO - Executing <Task(SQLExecuteQueryOperator): snowflake_create_table_news> on 2024-06-17 00:00:00+00:00
[2024-06-19T00:45:56.889+0000] {standard_task_runner.py:90} INFO - Running: ['***', 'tasks', 'run', 'nba_schema_creation_dag', 'snowflake_create_table_news', 'scheduled__2024-06-17T00:00:00+00:00', '--job-id', '609', '--raw', '--subdir', 'DAGS_FOLDER/nba_schema_creation_dag.py', '--cfg-path', '/tmp/tmpmofqwqyn']
[2024-06-19T00:45:56.892+0000] {standard_task_runner.py:91} INFO - Job 609: Subtask snowflake_create_table_news
[2024-06-19T00:45:56.892+0000] {logging_mixin.py:188} WARNING - /home/ubuntu/nba_ns_venv/lib/python3.12/site-packages/***/task/task_runner/standard_task_runner.py:61 DeprecationWarning: This process (pid=7440) is multi-threaded, use of fork() may lead to deadlocks in the child.
[2024-06-19T00:45:56.893+0000] {standard_task_runner.py:63} INFO - Started process 7446 to run task
[2024-06-19T00:45:56.983+0000] {task_command.py:426} INFO - Running <TaskInstance: nba_schema_creation_dag.snowflake_create_table_news scheduled__2024-06-17T00:00:00+00:00 [running]> on host ip-172-31-45-144.ec2.internal
[2024-06-19T00:45:57.126+0000] {taskinstance.py:2648} INFO - Exporting env vars: AIRFLOW_CTX_DAG_OWNER='Airflow' AIRFLOW_CTX_DAG_ID='nba_schema_creation_dag' AIRFLOW_CTX_TASK_ID='snowflake_create_table_news' AIRFLOW_CTX_EXECUTION_DATE='2024-06-17T00:00:00+00:00' AIRFLOW_CTX_TRY_NUMBER='1' AIRFLOW_CTX_DAG_RUN_ID='scheduled__2024-06-17T00:00:00+00:00'
[2024-06-19T00:45:57.127+0000] {taskinstance.py:430} INFO - ::endgroup::
[2024-06-19T00:45:57.144+0000] {sql.py:276} INFO - Executing: 
        USE WAREHOUSE NBA_STATS_WAREHOUSE;
        USE NBA_STATS_ANALYTICS;
        CREATE TABLE IF NOT EXISTS NBA_STATS.nba_news (
            title STRING,
            description STRING,
            url STRING,
            published_at TIMESTAMP,
            author STRING,
            content STRING
        );
        
[2024-06-19T00:45:57.171+0000] {base.py:84} INFO - Using connection ID 'snowflake_conn' for task execution.
[2024-06-19T00:45:57.910+0000] {base.py:84} INFO - Using connection ID 'snowflake_conn' for task execution.
[2024-06-19T00:45:57.911+0000] {connection.py:399} INFO - Snowflake Connector for Python Version: 3.10.1, Python Version: 3.12.3, Platform: Linux-6.8.0-1009-aws-x86_64-with-glibc2.39
[2024-06-19T00:45:57.912+0000] {connection.py:1239} INFO - This connection is in OCSP Fail Open Mode. TLS Certificates would be checked for validity and revocation status. Any other Certificate Revocation related exceptions or OCSP Responder failures would be disregarded in favor of connectivity.
[2024-06-19T00:45:57.912+0000] {connection.py:1249} INFO - THIS CONNECTION IS IN INSECURE MODE. IT MEANS THE CERTIFICATE WILL BE VALIDATED BUT THE CERTIFICATE REVOCATION STATUS WILL NOT BE CHECKED.
[2024-06-19T00:45:57.973+0000] {ssl_wrap_socket.py:100} INFO - THIS CONNECTION IS IN INSECURE MODE. IT MEANS THE CERTIFICATE WILL BE VALIDATED BUT THE CERTIFICATE REVOCATION STATUS WILL NOT BE CHECKED.
[2024-06-19T00:45:58.261+0000] {cursor.py:1149} INFO - Number of results in first chunk: 1
[2024-06-19T00:45:58.262+0000] {sql.py:487} INFO - Running statement: USE WAREHOUSE NBA_STATS_WAREHOUSE;, parameters: None
[2024-06-19T00:45:58.308+0000] {cursor.py:1149} INFO - Number of results in first chunk: 1
[2024-06-19T00:45:58.308+0000] {sql.py:496} INFO - Rows affected: 1
[2024-06-19T00:45:58.309+0000] {snowflake.py:409} INFO - Rows affected: 1
[2024-06-19T00:45:58.309+0000] {snowflake.py:410} INFO - Snowflake query id: 01b51a4d-0001-e49c-0006-023e000175f6
[2024-06-19T00:45:58.309+0000] {sql.py:487} INFO - Running statement: USE NBA_STATS_ANALYTICS;, parameters: None
[2024-06-19T00:45:58.383+0000] {cursor.py:1149} INFO - Number of results in first chunk: 1
[2024-06-19T00:45:58.384+0000] {sql.py:496} INFO - Rows affected: 1
[2024-06-19T00:45:58.384+0000] {snowflake.py:409} INFO - Rows affected: 1
[2024-06-19T00:45:58.384+0000] {snowflake.py:410} INFO - Snowflake query id: 01b51a4d-0001-e496-0006-023e0001965e
[2024-06-19T00:45:58.385+0000] {sql.py:487} INFO - Running statement: CREATE TABLE IF NOT EXISTS NBA_STATS.nba_news (
            title STRING,
            description STRING,
            url STRING,
            published_at TIMESTAMP,
            author STRING,
            content STRING
        );, parameters: None
[2024-06-19T00:45:58.576+0000] {cursor.py:1149} INFO - Number of results in first chunk: 1
[2024-06-19T00:45:58.576+0000] {sql.py:496} INFO - Rows affected: 1
[2024-06-19T00:45:58.576+0000] {snowflake.py:409} INFO - Rows affected: 1
[2024-06-19T00:45:58.577+0000] {snowflake.py:410} INFO - Snowflake query id: 01b51a4d-0001-e498-0006-023e0001b5ee
[2024-06-19T00:45:58.630+0000] {cursor.py:1149} INFO - Number of results in first chunk: 1
[2024-06-19T00:45:58.631+0000] {connection.py:762} INFO - closed
[2024-06-19T00:45:58.654+0000] {connection.py:768} INFO - No async queries seem to be running, deleting session
[2024-06-19T00:45:58.695+0000] {taskinstance.py:441} INFO - ::group::Post task execution logs
[2024-06-19T00:45:58.747+0000] {taskinstance.py:1206} INFO - Marking task as SUCCESS. dag_id=nba_schema_creation_dag, task_id=snowflake_create_table_news, run_id=scheduled__2024-06-17T00:00:00+00:00, execution_date=20240617T000000, start_date=20240619T004556, end_date=20240619T004558
[2024-06-19T00:45:58.794+0000] {local_task_job_runner.py:240} INFO - Task exited with return code 0
[2024-06-19T00:45:58.827+0000] {taskinstance.py:3503} INFO - 0 downstream tasks scheduled from follow-on schedule check
[2024-06-19T00:45:58.829+0000] {local_task_job_runner.py:222} INFO - ::endgroup::
[2024-06-19T01:08:33.258+0000] {local_task_job_runner.py:120} INFO - ::group::Pre task execution logs
[2024-06-19T01:08:33.301+0000] {taskinstance.py:2076} INFO - Dependencies all met for dep_context=non-requeueable deps ti=<TaskInstance: nba_schema_creation_dag.snowflake_create_table_news scheduled__2024-06-17T00:00:00+00:00 [queued]>
[2024-06-19T01:08:33.310+0000] {taskinstance.py:2076} INFO - Dependencies all met for dep_context=requeueable deps ti=<TaskInstance: nba_schema_creation_dag.snowflake_create_table_news scheduled__2024-06-17T00:00:00+00:00 [queued]>
[2024-06-19T01:08:33.311+0000] {taskinstance.py:2306} INFO - Starting attempt 1 of 2
[2024-06-19T01:08:33.323+0000] {taskinstance.py:2330} INFO - Executing <Task(SQLExecuteQueryOperator): snowflake_create_table_news> on 2024-06-17 00:00:00+00:00
[2024-06-19T01:08:33.331+0000] {standard_task_runner.py:90} INFO - Running: ['***', 'tasks', 'run', 'nba_schema_creation_dag', 'snowflake_create_table_news', 'scheduled__2024-06-17T00:00:00+00:00', '--job-id', '629', '--raw', '--subdir', 'DAGS_FOLDER/nba_schema_creation_dag.py', '--cfg-path', '/tmp/tmpe25af7mq']
[2024-06-19T01:08:33.334+0000] {standard_task_runner.py:91} INFO - Job 629: Subtask snowflake_create_table_news
[2024-06-19T01:08:33.334+0000] {logging_mixin.py:188} WARNING - /home/ubuntu/nba_ns_venv/lib/python3.12/site-packages/***/task/task_runner/standard_task_runner.py:61 DeprecationWarning: This process (pid=13906) is multi-threaded, use of fork() may lead to deadlocks in the child.
[2024-06-19T01:08:33.335+0000] {standard_task_runner.py:63} INFO - Started process 13912 to run task
[2024-06-19T01:08:33.427+0000] {task_command.py:426} INFO - Running <TaskInstance: nba_schema_creation_dag.snowflake_create_table_news scheduled__2024-06-17T00:00:00+00:00 [running]> on host ip-172-31-45-144.ec2.internal
[2024-06-19T01:08:33.572+0000] {taskinstance.py:2648} INFO - Exporting env vars: AIRFLOW_CTX_DAG_OWNER='Airflow' AIRFLOW_CTX_DAG_ID='nba_schema_creation_dag' AIRFLOW_CTX_TASK_ID='snowflake_create_table_news' AIRFLOW_CTX_EXECUTION_DATE='2024-06-17T00:00:00+00:00' AIRFLOW_CTX_TRY_NUMBER='1' AIRFLOW_CTX_DAG_RUN_ID='scheduled__2024-06-17T00:00:00+00:00'
[2024-06-19T01:08:33.573+0000] {taskinstance.py:430} INFO - ::endgroup::
[2024-06-19T01:08:33.590+0000] {sql.py:276} INFO - Executing: 
        USE WAREHOUSE NBA_STATS_WAREHOUSE;
        USE NBA_STATS_ANALYTICS;
        CREATE TABLE IF NOT EXISTS NBA_STATS.nba_news (
            title STRING,
            description STRING,
            url STRING,
            published_at TIMESTAMP,
            author STRING,
            content STRING
        );
        
[2024-06-19T01:08:33.615+0000] {base.py:84} INFO - Using connection ID 'snowflake_conn' for task execution.
[2024-06-19T01:08:34.390+0000] {base.py:84} INFO - Using connection ID 'snowflake_conn' for task execution.
[2024-06-19T01:08:34.391+0000] {connection.py:399} INFO - Snowflake Connector for Python Version: 3.10.1, Python Version: 3.12.3, Platform: Linux-6.8.0-1009-aws-x86_64-with-glibc2.39
[2024-06-19T01:08:34.391+0000] {connection.py:1239} INFO - This connection is in OCSP Fail Open Mode. TLS Certificates would be checked for validity and revocation status. Any other Certificate Revocation related exceptions or OCSP Responder failures would be disregarded in favor of connectivity.
[2024-06-19T01:08:34.391+0000] {connection.py:1249} INFO - THIS CONNECTION IS IN INSECURE MODE. IT MEANS THE CERTIFICATE WILL BE VALIDATED BUT THE CERTIFICATE REVOCATION STATUS WILL NOT BE CHECKED.
[2024-06-19T01:08:34.453+0000] {ssl_wrap_socket.py:100} INFO - THIS CONNECTION IS IN INSECURE MODE. IT MEANS THE CERTIFICATE WILL BE VALIDATED BUT THE CERTIFICATE REVOCATION STATUS WILL NOT BE CHECKED.
[2024-06-19T01:08:34.703+0000] {cursor.py:1149} INFO - Number of results in first chunk: 1
[2024-06-19T01:08:34.704+0000] {sql.py:487} INFO - Running statement: USE WAREHOUSE NBA_STATS_WAREHOUSE;, parameters: None
[2024-06-19T01:08:34.750+0000] {cursor.py:1149} INFO - Number of results in first chunk: 1
[2024-06-19T01:08:34.751+0000] {sql.py:496} INFO - Rows affected: 1
[2024-06-19T01:08:34.751+0000] {snowflake.py:409} INFO - Rows affected: 1
[2024-06-19T01:08:34.751+0000] {snowflake.py:410} INFO - Snowflake query id: 01b51a64-0001-e495-0006-023e000185be
[2024-06-19T01:08:34.752+0000] {sql.py:487} INFO - Running statement: USE NBA_STATS_ANALYTICS;, parameters: None
[2024-06-19T01:08:34.827+0000] {cursor.py:1149} INFO - Number of results in first chunk: 1
[2024-06-19T01:08:34.827+0000] {sql.py:496} INFO - Rows affected: 1
[2024-06-19T01:08:34.827+0000] {snowflake.py:409} INFO - Rows affected: 1
[2024-06-19T01:08:34.828+0000] {snowflake.py:410} INFO - Snowflake query id: 01b51a64-0001-e365-0006-023e000166c2
[2024-06-19T01:08:34.828+0000] {sql.py:487} INFO - Running statement: CREATE TABLE IF NOT EXISTS NBA_STATS.nba_news (
            title STRING,
            description STRING,
            url STRING,
            published_at TIMESTAMP,
            author STRING,
            content STRING
        );, parameters: None
[2024-06-19T01:08:35.048+0000] {cursor.py:1149} INFO - Number of results in first chunk: 1
[2024-06-19T01:08:35.049+0000] {sql.py:496} INFO - Rows affected: 1
[2024-06-19T01:08:35.049+0000] {snowflake.py:409} INFO - Rows affected: 1
[2024-06-19T01:08:35.049+0000] {snowflake.py:410} INFO - Snowflake query id: 01b51a64-0001-e49d-0006-023e0001f50a
[2024-06-19T01:08:35.098+0000] {cursor.py:1149} INFO - Number of results in first chunk: 1
[2024-06-19T01:08:35.100+0000] {connection.py:762} INFO - closed
[2024-06-19T01:08:35.130+0000] {connection.py:768} INFO - No async queries seem to be running, deleting session
[2024-06-19T01:08:35.190+0000] {taskinstance.py:441} INFO - ::group::Post task execution logs
[2024-06-19T01:08:35.246+0000] {taskinstance.py:1206} INFO - Marking task as SUCCESS. dag_id=nba_schema_creation_dag, task_id=snowflake_create_table_news, run_id=scheduled__2024-06-17T00:00:00+00:00, execution_date=20240617T000000, start_date=20240619T010833, end_date=20240619T010835
[2024-06-19T01:08:35.283+0000] {local_task_job_runner.py:240} INFO - Task exited with return code 0
[2024-06-19T01:08:35.315+0000] {taskinstance.py:3503} INFO - 0 downstream tasks scheduled from follow-on schedule check
[2024-06-19T01:08:35.317+0000] {local_task_job_runner.py:222} INFO - ::endgroup::
[2024-06-19T01:39:27.067+0000] {local_task_job_runner.py:120} INFO - ::group::Pre task execution logs
[2024-06-19T01:39:27.112+0000] {taskinstance.py:2076} INFO - Dependencies all met for dep_context=non-requeueable deps ti=<TaskInstance: nba_schema_creation_dag.snowflake_create_table_news scheduled__2024-06-17T00:00:00+00:00 [queued]>
[2024-06-19T01:39:27.121+0000] {taskinstance.py:2076} INFO - Dependencies all met for dep_context=requeueable deps ti=<TaskInstance: nba_schema_creation_dag.snowflake_create_table_news scheduled__2024-06-17T00:00:00+00:00 [queued]>
[2024-06-19T01:39:27.122+0000] {taskinstance.py:2306} INFO - Starting attempt 1 of 2
[2024-06-19T01:39:27.137+0000] {taskinstance.py:2330} INFO - Executing <Task(SQLExecuteQueryOperator): snowflake_create_table_news> on 2024-06-17 00:00:00+00:00
[2024-06-19T01:39:27.153+0000] {standard_task_runner.py:90} INFO - Running: ['***', 'tasks', 'run', 'nba_schema_creation_dag', 'snowflake_create_table_news', 'scheduled__2024-06-17T00:00:00+00:00', '--job-id', '652', '--raw', '--subdir', 'DAGS_FOLDER/nba_schema_creation_dag.py', '--cfg-path', '/tmp/tmpa0rudzbc']
[2024-06-19T01:39:27.161+0000] {standard_task_runner.py:91} INFO - Job 652: Subtask snowflake_create_table_news
[2024-06-19T01:39:27.160+0000] {logging_mixin.py:188} WARNING - /home/ubuntu/nba_ns_venv/lib/python3.12/site-packages/***/task/task_runner/standard_task_runner.py:61 DeprecationWarning: This process (pid=21347) is multi-threaded, use of fork() may lead to deadlocks in the child.
[2024-06-19T01:39:27.163+0000] {standard_task_runner.py:63} INFO - Started process 21438 to run task
[2024-06-19T01:39:27.282+0000] {task_command.py:426} INFO - Running <TaskInstance: nba_schema_creation_dag.snowflake_create_table_news scheduled__2024-06-17T00:00:00+00:00 [running]> on host ip-172-31-45-144.ec2.internal
[2024-06-19T01:39:27.441+0000] {taskinstance.py:2648} INFO - Exporting env vars: AIRFLOW_CTX_DAG_OWNER='Airflow' AIRFLOW_CTX_DAG_ID='nba_schema_creation_dag' AIRFLOW_CTX_TASK_ID='snowflake_create_table_news' AIRFLOW_CTX_EXECUTION_DATE='2024-06-17T00:00:00+00:00' AIRFLOW_CTX_TRY_NUMBER='1' AIRFLOW_CTX_DAG_RUN_ID='scheduled__2024-06-17T00:00:00+00:00'
[2024-06-19T01:39:27.441+0000] {taskinstance.py:430} INFO - ::endgroup::
[2024-06-19T01:39:27.459+0000] {sql.py:276} INFO - Executing: 
        USE WAREHOUSE NBA_STATS_WAREHOUSE;
        USE NBA_STATS_ANALYTICS;
        CREATE TABLE IF NOT EXISTS NBA_STATS.nba_news (
            title STRING,
            description STRING,
            url STRING,
            published_at TIMESTAMP,
            author STRING,
            content STRING
        );
        
[2024-06-19T01:39:27.487+0000] {base.py:84} INFO - Using connection ID 'snowflake_conn' for task execution.
[2024-06-19T01:39:28.341+0000] {base.py:84} INFO - Using connection ID 'snowflake_conn' for task execution.
[2024-06-19T01:39:28.342+0000] {connection.py:399} INFO - Snowflake Connector for Python Version: 3.10.1, Python Version: 3.12.3, Platform: Linux-6.8.0-1009-aws-x86_64-with-glibc2.39
[2024-06-19T01:39:28.342+0000] {connection.py:1239} INFO - This connection is in OCSP Fail Open Mode. TLS Certificates would be checked for validity and revocation status. Any other Certificate Revocation related exceptions or OCSP Responder failures would be disregarded in favor of connectivity.
[2024-06-19T01:39:28.343+0000] {connection.py:1249} INFO - THIS CONNECTION IS IN INSECURE MODE. IT MEANS THE CERTIFICATE WILL BE VALIDATED BUT THE CERTIFICATE REVOCATION STATUS WILL NOT BE CHECKED.
[2024-06-19T01:39:28.412+0000] {ssl_wrap_socket.py:100} INFO - THIS CONNECTION IS IN INSECURE MODE. IT MEANS THE CERTIFICATE WILL BE VALIDATED BUT THE CERTIFICATE REVOCATION STATUS WILL NOT BE CHECKED.
[2024-06-19T01:39:28.675+0000] {cursor.py:1149} INFO - Number of results in first chunk: 1
[2024-06-19T01:39:28.676+0000] {sql.py:487} INFO - Running statement: USE WAREHOUSE NBA_STATS_WAREHOUSE;, parameters: None
[2024-06-19T01:39:28.722+0000] {cursor.py:1149} INFO - Number of results in first chunk: 1
[2024-06-19T01:39:28.722+0000] {sql.py:496} INFO - Rows affected: 1
[2024-06-19T01:39:28.723+0000] {snowflake.py:409} INFO - Rows affected: 1
[2024-06-19T01:39:28.723+0000] {snowflake.py:410} INFO - Snowflake query id: 01b51a83-0001-e496-0006-023e000196d6
[2024-06-19T01:39:28.723+0000] {sql.py:487} INFO - Running statement: USE NBA_STATS_ANALYTICS;, parameters: None
[2024-06-19T01:39:28.806+0000] {cursor.py:1149} INFO - Number of results in first chunk: 1
[2024-06-19T01:39:28.807+0000] {sql.py:496} INFO - Rows affected: 1
[2024-06-19T01:39:28.807+0000] {snowflake.py:409} INFO - Rows affected: 1
[2024-06-19T01:39:28.807+0000] {snowflake.py:410} INFO - Snowflake query id: 01b51a83-0001-e364-0006-023e0001e59e
[2024-06-19T01:39:28.807+0000] {sql.py:487} INFO - Running statement: CREATE TABLE IF NOT EXISTS NBA_STATS.nba_news (
            title STRING,
            description STRING,
            url STRING,
            published_at TIMESTAMP,
            author STRING,
            content STRING
        );, parameters: None
[2024-06-19T01:39:29.011+0000] {cursor.py:1149} INFO - Number of results in first chunk: 1
[2024-06-19T01:39:29.012+0000] {sql.py:496} INFO - Rows affected: 1
[2024-06-19T01:39:29.012+0000] {snowflake.py:409} INFO - Rows affected: 1
[2024-06-19T01:39:29.012+0000] {snowflake.py:410} INFO - Snowflake query id: 01b51a83-0001-e364-0006-023e0001e5a2
[2024-06-19T01:39:29.106+0000] {cursor.py:1149} INFO - Number of results in first chunk: 1
[2024-06-19T01:39:29.107+0000] {connection.py:762} INFO - closed
[2024-06-19T01:39:29.134+0000] {connection.py:768} INFO - No async queries seem to be running, deleting session
[2024-06-19T01:39:29.192+0000] {taskinstance.py:441} INFO - ::group::Post task execution logs
[2024-06-19T01:39:29.245+0000] {taskinstance.py:1206} INFO - Marking task as SUCCESS. dag_id=nba_schema_creation_dag, task_id=snowflake_create_table_news, run_id=scheduled__2024-06-17T00:00:00+00:00, execution_date=20240617T000000, start_date=20240619T013927, end_date=20240619T013929
[2024-06-19T01:39:29.268+0000] {local_task_job_runner.py:240} INFO - Task exited with return code 0
[2024-06-19T01:39:29.300+0000] {taskinstance.py:3503} INFO - 0 downstream tasks scheduled from follow-on schedule check
[2024-06-19T01:39:29.303+0000] {local_task_job_runner.py:222} INFO - ::endgroup::
[2024-06-19T01:54:35.526+0000] {local_task_job_runner.py:120} INFO - ::group::Pre task execution logs
[2024-06-19T01:54:35.577+0000] {taskinstance.py:2076} INFO - Dependencies all met for dep_context=non-requeueable deps ti=<TaskInstance: nba_schema_creation_dag.snowflake_create_table_news scheduled__2024-06-17T00:00:00+00:00 [queued]>
[2024-06-19T01:54:35.586+0000] {taskinstance.py:2076} INFO - Dependencies all met for dep_context=requeueable deps ti=<TaskInstance: nba_schema_creation_dag.snowflake_create_table_news scheduled__2024-06-17T00:00:00+00:00 [queued]>
[2024-06-19T01:54:35.586+0000] {taskinstance.py:2306} INFO - Starting attempt 1 of 2
[2024-06-19T01:54:35.603+0000] {taskinstance.py:2330} INFO - Executing <Task(SQLExecuteQueryOperator): snowflake_create_table_news> on 2024-06-17 00:00:00+00:00
[2024-06-19T01:54:35.614+0000] {logging_mixin.py:188} WARNING - /home/ubuntu/nba_ns_venv/lib/python3.12/site-packages/***/task/task_runner/standard_task_runner.py:61 DeprecationWarning: This process (pid=26351) is multi-threaded, use of fork() may lead to deadlocks in the child.
[2024-06-19T01:54:35.616+0000] {standard_task_runner.py:63} INFO - Started process 26419 to run task
[2024-06-19T01:54:35.615+0000] {standard_task_runner.py:90} INFO - Running: ['***', 'tasks', 'run', 'nba_schema_creation_dag', 'snowflake_create_table_news', 'scheduled__2024-06-17T00:00:00+00:00', '--job-id', '670', '--raw', '--subdir', 'DAGS_FOLDER/nba_schema_creation_dag.py', '--cfg-path', '/tmp/tmp22x65r_v']
[2024-06-19T01:54:35.619+0000] {standard_task_runner.py:91} INFO - Job 670: Subtask snowflake_create_table_news
[2024-06-19T01:54:35.712+0000] {task_command.py:426} INFO - Running <TaskInstance: nba_schema_creation_dag.snowflake_create_table_news scheduled__2024-06-17T00:00:00+00:00 [running]> on host ip-172-31-45-144.ec2.internal
[2024-06-19T01:54:35.860+0000] {taskinstance.py:2648} INFO - Exporting env vars: AIRFLOW_CTX_DAG_OWNER='Airflow' AIRFLOW_CTX_DAG_ID='nba_schema_creation_dag' AIRFLOW_CTX_TASK_ID='snowflake_create_table_news' AIRFLOW_CTX_EXECUTION_DATE='2024-06-17T00:00:00+00:00' AIRFLOW_CTX_TRY_NUMBER='1' AIRFLOW_CTX_DAG_RUN_ID='scheduled__2024-06-17T00:00:00+00:00'
[2024-06-19T01:54:35.861+0000] {taskinstance.py:430} INFO - ::endgroup::
[2024-06-19T01:54:35.878+0000] {sql.py:276} INFO - Executing: 
        USE WAREHOUSE NBA_STATS_WAREHOUSE;
        USE NBA_STATS_ANALYTICS;
        CREATE TABLE IF NOT EXISTS NBA_STATS.nba_news (
            title STRING,
            description STRING,
            url STRING,
            published_at TIMESTAMP,
            author STRING,
            content STRING
        );
        
[2024-06-19T01:54:35.904+0000] {base.py:84} INFO - Using connection ID 'snowflake_conn' for task execution.
[2024-06-19T01:54:36.659+0000] {base.py:84} INFO - Using connection ID 'snowflake_conn' for task execution.
[2024-06-19T01:54:36.659+0000] {connection.py:399} INFO - Snowflake Connector for Python Version: 3.10.1, Python Version: 3.12.3, Platform: Linux-6.8.0-1009-aws-x86_64-with-glibc2.39
[2024-06-19T01:54:36.660+0000] {connection.py:1239} INFO - This connection is in OCSP Fail Open Mode. TLS Certificates would be checked for validity and revocation status. Any other Certificate Revocation related exceptions or OCSP Responder failures would be disregarded in favor of connectivity.
[2024-06-19T01:54:36.660+0000] {connection.py:1249} INFO - THIS CONNECTION IS IN INSECURE MODE. IT MEANS THE CERTIFICATE WILL BE VALIDATED BUT THE CERTIFICATE REVOCATION STATUS WILL NOT BE CHECKED.
[2024-06-19T01:54:36.722+0000] {ssl_wrap_socket.py:100} INFO - THIS CONNECTION IS IN INSECURE MODE. IT MEANS THE CERTIFICATE WILL BE VALIDATED BUT THE CERTIFICATE REVOCATION STATUS WILL NOT BE CHECKED.
[2024-06-19T01:54:36.975+0000] {cursor.py:1149} INFO - Number of results in first chunk: 1
[2024-06-19T01:54:36.975+0000] {sql.py:487} INFO - Running statement: USE WAREHOUSE NBA_STATS_WAREHOUSE;, parameters: None
[2024-06-19T01:54:37.019+0000] {cursor.py:1149} INFO - Number of results in first chunk: 1
[2024-06-19T01:54:37.019+0000] {sql.py:496} INFO - Rows affected: 1
[2024-06-19T01:54:37.020+0000] {snowflake.py:409} INFO - Rows affected: 1
[2024-06-19T01:54:37.020+0000] {snowflake.py:410} INFO - Snowflake query id: 01b51a92-0001-e495-0006-023e00018656
[2024-06-19T01:54:37.020+0000] {sql.py:487} INFO - Running statement: USE NBA_STATS_ANALYTICS;, parameters: None
[2024-06-19T01:54:37.076+0000] {cursor.py:1149} INFO - Number of results in first chunk: 1
[2024-06-19T01:54:37.076+0000] {sql.py:496} INFO - Rows affected: 1
[2024-06-19T01:54:37.077+0000] {snowflake.py:409} INFO - Rows affected: 1
[2024-06-19T01:54:37.077+0000] {snowflake.py:410} INFO - Snowflake query id: 01b51a92-0001-e498-0006-023e0001b69a
[2024-06-19T01:54:37.077+0000] {sql.py:487} INFO - Running statement: CREATE TABLE IF NOT EXISTS NBA_STATS.nba_news (
            title STRING,
            description STRING,
            url STRING,
            published_at TIMESTAMP,
            author STRING,
            content STRING
        );, parameters: None
[2024-06-19T01:54:37.264+0000] {cursor.py:1149} INFO - Number of results in first chunk: 1
[2024-06-19T01:54:37.265+0000] {sql.py:496} INFO - Rows affected: 1
[2024-06-19T01:54:37.265+0000] {snowflake.py:409} INFO - Rows affected: 1
[2024-06-19T01:54:37.265+0000] {snowflake.py:410} INFO - Snowflake query id: 01b51a92-0001-e364-0006-023e0001e5c6
[2024-06-19T01:54:37.311+0000] {cursor.py:1149} INFO - Number of results in first chunk: 1
[2024-06-19T01:54:37.312+0000] {connection.py:762} INFO - closed
[2024-06-19T01:54:37.335+0000] {connection.py:768} INFO - No async queries seem to be running, deleting session
[2024-06-19T01:54:37.374+0000] {taskinstance.py:441} INFO - ::group::Post task execution logs
[2024-06-19T01:54:37.427+0000] {taskinstance.py:1206} INFO - Marking task as SUCCESS. dag_id=nba_schema_creation_dag, task_id=snowflake_create_table_news, run_id=scheduled__2024-06-17T00:00:00+00:00, execution_date=20240617T000000, start_date=20240619T015435, end_date=20240619T015437
[2024-06-19T01:54:37.479+0000] {local_task_job_runner.py:240} INFO - Task exited with return code 0
[2024-06-19T01:54:37.511+0000] {taskinstance.py:3503} INFO - 0 downstream tasks scheduled from follow-on schedule check
[2024-06-19T01:54:37.513+0000] {local_task_job_runner.py:222} INFO - ::endgroup::
[2024-06-19T04:27:56.341+0000] {local_task_job_runner.py:120} INFO - ::group::Pre task execution logs
[2024-06-19T04:27:56.389+0000] {taskinstance.py:2076} INFO - Dependencies all met for dep_context=non-requeueable deps ti=<TaskInstance: nba_schema_creation_dag.snowflake_create_table_news scheduled__2024-06-17T00:00:00+00:00 [queued]>
[2024-06-19T04:27:56.399+0000] {taskinstance.py:2076} INFO - Dependencies all met for dep_context=requeueable deps ti=<TaskInstance: nba_schema_creation_dag.snowflake_create_table_news scheduled__2024-06-17T00:00:00+00:00 [queued]>
[2024-06-19T04:27:56.399+0000] {taskinstance.py:2306} INFO - Starting attempt 1 of 2
[2024-06-19T04:27:56.412+0000] {taskinstance.py:2330} INFO - Executing <Task(SQLExecuteQueryOperator): snowflake_create_table_news> on 2024-06-17 00:00:00+00:00
[2024-06-19T04:27:56.420+0000] {standard_task_runner.py:90} INFO - Running: ['***', 'tasks', 'run', 'nba_schema_creation_dag', 'snowflake_create_table_news', 'scheduled__2024-06-17T00:00:00+00:00', '--job-id', '687', '--raw', '--subdir', 'DAGS_FOLDER/nba_schema_creation_dag.py', '--cfg-path', '/tmp/tmpasvqkre6']
[2024-06-19T04:27:56.422+0000] {standard_task_runner.py:91} INFO - Job 687: Subtask snowflake_create_table_news
[2024-06-19T04:27:56.422+0000] {logging_mixin.py:188} WARNING - /home/ubuntu/nba_ns_venv/lib/python3.12/site-packages/***/task/task_runner/standard_task_runner.py:61 DeprecationWarning: This process (pid=2870) is multi-threaded, use of fork() may lead to deadlocks in the child.
[2024-06-19T04:27:56.423+0000] {standard_task_runner.py:63} INFO - Started process 2891 to run task
[2024-06-19T04:27:56.515+0000] {task_command.py:426} INFO - Running <TaskInstance: nba_schema_creation_dag.snowflake_create_table_news scheduled__2024-06-17T00:00:00+00:00 [running]> on host ip-172-31-45-144.ec2.internal
[2024-06-19T04:27:56.666+0000] {taskinstance.py:2648} INFO - Exporting env vars: AIRFLOW_CTX_DAG_OWNER='Airflow' AIRFLOW_CTX_DAG_ID='nba_schema_creation_dag' AIRFLOW_CTX_TASK_ID='snowflake_create_table_news' AIRFLOW_CTX_EXECUTION_DATE='2024-06-17T00:00:00+00:00' AIRFLOW_CTX_TRY_NUMBER='1' AIRFLOW_CTX_DAG_RUN_ID='scheduled__2024-06-17T00:00:00+00:00'
[2024-06-19T04:27:56.667+0000] {taskinstance.py:430} INFO - ::endgroup::
[2024-06-19T04:27:56.684+0000] {sql.py:276} INFO - Executing: 
        USE WAREHOUSE NBA_STATS_WAREHOUSE;
        USE NBA_STATS_ANALYTICS;
        CREATE TABLE IF NOT EXISTS NBA_STATS.nba_news (
            title STRING,
            description STRING,
            url STRING,
            published_at TIMESTAMP,
            author STRING,
            content STRING
        );
        
[2024-06-19T04:27:56.709+0000] {base.py:84} INFO - Using connection ID 'snowflake_conn' for task execution.
[2024-06-19T04:27:57.473+0000] {base.py:84} INFO - Using connection ID 'snowflake_conn' for task execution.
[2024-06-19T04:27:57.474+0000] {connection.py:399} INFO - Snowflake Connector for Python Version: 3.10.1, Python Version: 3.12.3, Platform: Linux-6.8.0-1009-aws-x86_64-with-glibc2.39
[2024-06-19T04:27:57.475+0000] {connection.py:1239} INFO - This connection is in OCSP Fail Open Mode. TLS Certificates would be checked for validity and revocation status. Any other Certificate Revocation related exceptions or OCSP Responder failures would be disregarded in favor of connectivity.
[2024-06-19T04:27:57.475+0000] {connection.py:1249} INFO - THIS CONNECTION IS IN INSECURE MODE. IT MEANS THE CERTIFICATE WILL BE VALIDATED BUT THE CERTIFICATE REVOCATION STATUS WILL NOT BE CHECKED.
[2024-06-19T04:27:57.545+0000] {ssl_wrap_socket.py:100} INFO - THIS CONNECTION IS IN INSECURE MODE. IT MEANS THE CERTIFICATE WILL BE VALIDATED BUT THE CERTIFICATE REVOCATION STATUS WILL NOT BE CHECKED.
[2024-06-19T04:27:57.801+0000] {cursor.py:1149} INFO - Number of results in first chunk: 1
[2024-06-19T04:27:57.802+0000] {sql.py:487} INFO - Running statement: USE WAREHOUSE NBA_STATS_WAREHOUSE;, parameters: None
[2024-06-19T04:27:57.859+0000] {cursor.py:1149} INFO - Number of results in first chunk: 1
[2024-06-19T04:27:57.859+0000] {sql.py:496} INFO - Rows affected: 1
[2024-06-19T04:27:57.859+0000] {snowflake.py:409} INFO - Rows affected: 1
[2024-06-19T04:27:57.860+0000] {snowflake.py:410} INFO - Snowflake query id: 01b51b2b-0001-e364-0006-023e0001e69e
[2024-06-19T04:27:57.860+0000] {sql.py:487} INFO - Running statement: USE NBA_STATS_ANALYTICS;, parameters: None
[2024-06-19T04:27:57.940+0000] {cursor.py:1149} INFO - Number of results in first chunk: 1
[2024-06-19T04:27:57.940+0000] {sql.py:496} INFO - Rows affected: 1
[2024-06-19T04:27:57.941+0000] {snowflake.py:409} INFO - Rows affected: 1
[2024-06-19T04:27:57.941+0000] {snowflake.py:410} INFO - Snowflake query id: 01b51b2b-0001-e49d-0006-023e0001f66e
[2024-06-19T04:27:57.941+0000] {sql.py:487} INFO - Running statement: CREATE TABLE IF NOT EXISTS NBA_STATS.nba_news (
            title STRING,
            description STRING,
            url STRING,
            published_at TIMESTAMP,
            author STRING,
            content STRING
        );, parameters: None
[2024-06-19T04:27:58.086+0000] {cursor.py:1149} INFO - Number of results in first chunk: 1
[2024-06-19T04:27:58.086+0000] {sql.py:496} INFO - Rows affected: 1
[2024-06-19T04:27:58.086+0000] {snowflake.py:409} INFO - Rows affected: 1
[2024-06-19T04:27:58.087+0000] {snowflake.py:410} INFO - Snowflake query id: 01b51b2b-0001-e499-0006-023e0001c782
[2024-06-19T04:27:58.169+0000] {cursor.py:1149} INFO - Number of results in first chunk: 1
[2024-06-19T04:27:58.169+0000] {connection.py:762} INFO - closed
[2024-06-19T04:27:58.199+0000] {connection.py:768} INFO - No async queries seem to be running, deleting session
[2024-06-19T04:27:58.234+0000] {taskinstance.py:441} INFO - ::group::Post task execution logs
[2024-06-19T04:27:58.289+0000] {taskinstance.py:1206} INFO - Marking task as SUCCESS. dag_id=nba_schema_creation_dag, task_id=snowflake_create_table_news, run_id=scheduled__2024-06-17T00:00:00+00:00, execution_date=20240617T000000, start_date=20240619T042756, end_date=20240619T042758
[2024-06-19T04:27:58.326+0000] {local_task_job_runner.py:240} INFO - Task exited with return code 0
[2024-06-19T04:27:58.358+0000] {taskinstance.py:3503} INFO - 0 downstream tasks scheduled from follow-on schedule check
[2024-06-19T04:27:58.360+0000] {local_task_job_runner.py:222} INFO - ::endgroup::
[2024-06-19T13:41:34.625+0000] {local_task_job_runner.py:120} INFO - ::group::Pre task execution logs
[2024-06-19T13:41:34.669+0000] {taskinstance.py:2076} INFO - Dependencies all met for dep_context=non-requeueable deps ti=<TaskInstance: nba_schema_creation_dag.snowflake_create_table_news scheduled__2024-06-17T00:00:00+00:00 [queued]>
[2024-06-19T13:41:34.677+0000] {taskinstance.py:2076} INFO - Dependencies all met for dep_context=requeueable deps ti=<TaskInstance: nba_schema_creation_dag.snowflake_create_table_news scheduled__2024-06-17T00:00:00+00:00 [queued]>
[2024-06-19T13:41:34.678+0000] {taskinstance.py:2306} INFO - Starting attempt 1 of 2
[2024-06-19T13:41:34.691+0000] {taskinstance.py:2330} INFO - Executing <Task(SQLExecuteQueryOperator): snowflake_create_table_news> on 2024-06-17 00:00:00+00:00
[2024-06-19T13:41:34.698+0000] {standard_task_runner.py:90} INFO - Running: ['***', 'tasks', 'run', 'nba_schema_creation_dag', 'snowflake_create_table_news', 'scheduled__2024-06-17T00:00:00+00:00', '--job-id', '705', '--raw', '--subdir', 'DAGS_FOLDER/nba_schema_creation_dag.py', '--cfg-path', '/tmp/tmpvuqd0rtt']
[2024-06-19T13:41:34.700+0000] {standard_task_runner.py:91} INFO - Job 705: Subtask snowflake_create_table_news
[2024-06-19T13:41:34.701+0000] {logging_mixin.py:188} WARNING - /home/ubuntu/nba_ns_venv/lib/python3.12/site-packages/***/task/task_runner/standard_task_runner.py:61 DeprecationWarning: This process (pid=3795) is multi-threaded, use of fork() may lead to deadlocks in the child.
[2024-06-19T13:41:34.702+0000] {standard_task_runner.py:63} INFO - Started process 3801 to run task
[2024-06-19T13:41:34.789+0000] {task_command.py:426} INFO - Running <TaskInstance: nba_schema_creation_dag.snowflake_create_table_news scheduled__2024-06-17T00:00:00+00:00 [running]> on host ip-172-31-45-144.ec2.internal
[2024-06-19T13:41:34.930+0000] {taskinstance.py:2648} INFO - Exporting env vars: AIRFLOW_CTX_DAG_OWNER='Airflow' AIRFLOW_CTX_DAG_ID='nba_schema_creation_dag' AIRFLOW_CTX_TASK_ID='snowflake_create_table_news' AIRFLOW_CTX_EXECUTION_DATE='2024-06-17T00:00:00+00:00' AIRFLOW_CTX_TRY_NUMBER='1' AIRFLOW_CTX_DAG_RUN_ID='scheduled__2024-06-17T00:00:00+00:00'
[2024-06-19T13:41:34.931+0000] {taskinstance.py:430} INFO - ::endgroup::
[2024-06-19T13:41:34.948+0000] {sql.py:276} INFO - Executing: 
        USE WAREHOUSE NBA_STATS_WAREHOUSE;
        USE NBA_STATS_ANALYTICS;
        CREATE TABLE IF NOT EXISTS NBA_STATS.nba_news (
            title STRING,
            description STRING,
            url STRING,
            published_at TIMESTAMP,
            author STRING,
            content STRING
        );
        
[2024-06-19T13:41:34.973+0000] {base.py:84} INFO - Using connection ID 'snowflake_conn' for task execution.
[2024-06-19T13:41:35.745+0000] {base.py:84} INFO - Using connection ID 'snowflake_conn' for task execution.
[2024-06-19T13:41:35.745+0000] {connection.py:399} INFO - Snowflake Connector for Python Version: 3.10.1, Python Version: 3.12.3, Platform: Linux-6.8.0-1009-aws-x86_64-with-glibc2.39
[2024-06-19T13:41:35.746+0000] {connection.py:1239} INFO - This connection is in OCSP Fail Open Mode. TLS Certificates would be checked for validity and revocation status. Any other Certificate Revocation related exceptions or OCSP Responder failures would be disregarded in favor of connectivity.
[2024-06-19T13:41:35.746+0000] {connection.py:1249} INFO - THIS CONNECTION IS IN INSECURE MODE. IT MEANS THE CERTIFICATE WILL BE VALIDATED BUT THE CERTIFICATE REVOCATION STATUS WILL NOT BE CHECKED.
[2024-06-19T13:41:35.811+0000] {ssl_wrap_socket.py:100} INFO - THIS CONNECTION IS IN INSECURE MODE. IT MEANS THE CERTIFICATE WILL BE VALIDATED BUT THE CERTIFICATE REVOCATION STATUS WILL NOT BE CHECKED.
[2024-06-19T13:41:35.995+0000] {cursor.py:1149} INFO - Number of results in first chunk: 1
[2024-06-19T13:41:35.995+0000] {sql.py:487} INFO - Running statement: USE WAREHOUSE NBA_STATS_WAREHOUSE;, parameters: None
[2024-06-19T13:41:36.078+0000] {cursor.py:1149} INFO - Number of results in first chunk: 1
[2024-06-19T13:41:36.078+0000] {sql.py:496} INFO - Rows affected: 1
[2024-06-19T13:41:36.079+0000] {snowflake.py:409} INFO - Rows affected: 1
[2024-06-19T13:41:36.079+0000] {snowflake.py:410} INFO - Snowflake query id: 01b51d55-0001-e49d-0006-023e0001f8d6
[2024-06-19T13:41:36.079+0000] {sql.py:487} INFO - Running statement: USE NBA_STATS_ANALYTICS;, parameters: None
[2024-06-19T13:41:36.152+0000] {cursor.py:1149} INFO - Number of results in first chunk: 1
[2024-06-19T13:41:36.153+0000] {sql.py:496} INFO - Rows affected: 1
[2024-06-19T13:41:36.153+0000] {snowflake.py:409} INFO - Rows affected: 1
[2024-06-19T13:41:36.153+0000] {snowflake.py:410} INFO - Snowflake query id: 01b51d55-0001-e365-0006-023e00016b26
[2024-06-19T13:41:36.153+0000] {sql.py:487} INFO - Running statement: CREATE TABLE IF NOT EXISTS NBA_STATS.nba_news (
            title STRING,
            description STRING,
            url STRING,
            published_at TIMESTAMP,
            author STRING,
            content STRING
        );, parameters: None
[2024-06-19T13:41:36.385+0000] {cursor.py:1149} INFO - Number of results in first chunk: 1
[2024-06-19T13:41:36.386+0000] {sql.py:496} INFO - Rows affected: 1
[2024-06-19T13:41:36.386+0000] {snowflake.py:409} INFO - Rows affected: 1
[2024-06-19T13:41:36.386+0000] {snowflake.py:410} INFO - Snowflake query id: 01b51d55-0001-e497-0006-023e0001d96a
[2024-06-19T13:41:36.451+0000] {cursor.py:1149} INFO - Number of results in first chunk: 1
[2024-06-19T13:41:36.451+0000] {connection.py:762} INFO - closed
[2024-06-19T13:41:36.482+0000] {connection.py:768} INFO - No async queries seem to be running, deleting session
[2024-06-19T13:41:36.540+0000] {taskinstance.py:441} INFO - ::group::Post task execution logs
[2024-06-19T13:41:36.591+0000] {taskinstance.py:1206} INFO - Marking task as SUCCESS. dag_id=nba_schema_creation_dag, task_id=snowflake_create_table_news, run_id=scheduled__2024-06-17T00:00:00+00:00, execution_date=20240617T000000, start_date=20240619T134134, end_date=20240619T134136
[2024-06-19T13:41:36.645+0000] {local_task_job_runner.py:240} INFO - Task exited with return code 0
[2024-06-19T13:41:36.677+0000] {taskinstance.py:3503} INFO - 0 downstream tasks scheduled from follow-on schedule check
[2024-06-19T13:41:36.679+0000] {local_task_job_runner.py:222} INFO - ::endgroup::
[2024-06-19T17:08:52.823+0000] {local_task_job_runner.py:120} INFO - ::group::Pre task execution logs
[2024-06-19T17:08:52.871+0000] {taskinstance.py:2076} INFO - Dependencies all met for dep_context=non-requeueable deps ti=<TaskInstance: nba_schema_creation_dag.snowflake_create_table_news scheduled__2024-06-17T00:00:00+00:00 [queued]>
[2024-06-19T17:08:52.881+0000] {taskinstance.py:2076} INFO - Dependencies all met for dep_context=requeueable deps ti=<TaskInstance: nba_schema_creation_dag.snowflake_create_table_news scheduled__2024-06-17T00:00:00+00:00 [queued]>
[2024-06-19T17:08:52.881+0000] {taskinstance.py:2306} INFO - Starting attempt 1 of 2
[2024-06-19T17:08:52.895+0000] {taskinstance.py:2330} INFO - Executing <Task(SQLExecuteQueryOperator): snowflake_create_table_news> on 2024-06-17 00:00:00+00:00
[2024-06-19T17:08:52.902+0000] {standard_task_runner.py:90} INFO - Running: ['***', 'tasks', 'run', 'nba_schema_creation_dag', 'snowflake_create_table_news', 'scheduled__2024-06-17T00:00:00+00:00', '--job-id', '723', '--raw', '--subdir', 'DAGS_FOLDER/nba_schema_creation_dag.py', '--cfg-path', '/tmp/tmpt7erod_s']
[2024-06-19T17:08:52.905+0000] {standard_task_runner.py:91} INFO - Job 723: Subtask snowflake_create_table_news
[2024-06-19T17:08:52.905+0000] {logging_mixin.py:188} WARNING - /home/ubuntu/nba_ns_venv/lib/python3.12/site-packages/***/task/task_runner/standard_task_runner.py:61 DeprecationWarning: This process (pid=3317) is multi-threaded, use of fork() may lead to deadlocks in the child.
[2024-06-19T17:08:52.906+0000] {standard_task_runner.py:63} INFO - Started process 3323 to run task
[2024-06-19T17:08:52.998+0000] {task_command.py:426} INFO - Running <TaskInstance: nba_schema_creation_dag.snowflake_create_table_news scheduled__2024-06-17T00:00:00+00:00 [running]> on host ip-172-31-45-144.ec2.internal
[2024-06-19T17:08:53.147+0000] {taskinstance.py:2648} INFO - Exporting env vars: AIRFLOW_CTX_DAG_OWNER='Airflow' AIRFLOW_CTX_DAG_ID='nba_schema_creation_dag' AIRFLOW_CTX_TASK_ID='snowflake_create_table_news' AIRFLOW_CTX_EXECUTION_DATE='2024-06-17T00:00:00+00:00' AIRFLOW_CTX_TRY_NUMBER='1' AIRFLOW_CTX_DAG_RUN_ID='scheduled__2024-06-17T00:00:00+00:00'
[2024-06-19T17:08:53.148+0000] {taskinstance.py:430} INFO - ::endgroup::
[2024-06-19T17:08:53.165+0000] {sql.py:276} INFO - Executing: 
        USE WAREHOUSE NBA_STATS_WAREHOUSE;
        USE NBA_STATS_ANALYTICS;
        CREATE TABLE IF NOT EXISTS NBA_STATS.nba_news (
            title STRING,
            description STRING,
            url STRING,
            published_at TIMESTAMP,
            author STRING,
            content STRING
        );
        
[2024-06-19T17:08:53.191+0000] {base.py:84} INFO - Using connection ID 'snowflake_conn' for task execution.
[2024-06-19T17:08:53.957+0000] {base.py:84} INFO - Using connection ID 'snowflake_conn' for task execution.
[2024-06-19T17:08:53.958+0000] {connection.py:399} INFO - Snowflake Connector for Python Version: 3.10.1, Python Version: 3.12.3, Platform: Linux-6.8.0-1009-aws-x86_64-with-glibc2.39
[2024-06-19T17:08:53.959+0000] {connection.py:1239} INFO - This connection is in OCSP Fail Open Mode. TLS Certificates would be checked for validity and revocation status. Any other Certificate Revocation related exceptions or OCSP Responder failures would be disregarded in favor of connectivity.
[2024-06-19T17:08:53.959+0000] {connection.py:1249} INFO - THIS CONNECTION IS IN INSECURE MODE. IT MEANS THE CERTIFICATE WILL BE VALIDATED BUT THE CERTIFICATE REVOCATION STATUS WILL NOT BE CHECKED.
[2024-06-19T17:08:54.025+0000] {ssl_wrap_socket.py:100} INFO - THIS CONNECTION IS IN INSECURE MODE. IT MEANS THE CERTIFICATE WILL BE VALIDATED BUT THE CERTIFICATE REVOCATION STATUS WILL NOT BE CHECKED.
[2024-06-19T17:08:54.307+0000] {cursor.py:1149} INFO - Number of results in first chunk: 1
[2024-06-19T17:08:54.307+0000] {sql.py:487} INFO - Running statement: USE WAREHOUSE NBA_STATS_WAREHOUSE;, parameters: None
[2024-06-19T17:08:54.401+0000] {cursor.py:1149} INFO - Number of results in first chunk: 1
[2024-06-19T17:08:54.402+0000] {sql.py:496} INFO - Rows affected: 1
[2024-06-19T17:08:54.402+0000] {snowflake.py:409} INFO - Rows affected: 1
[2024-06-19T17:08:54.403+0000] {snowflake.py:410} INFO - Snowflake query id: 01b51e24-0001-e495-0006-023e00018b8e
[2024-06-19T17:08:54.403+0000] {sql.py:487} INFO - Running statement: USE NBA_STATS_ANALYTICS;, parameters: None
[2024-06-19T17:08:54.456+0000] {cursor.py:1149} INFO - Number of results in first chunk: 1
[2024-06-19T17:08:54.456+0000] {sql.py:496} INFO - Rows affected: 1
[2024-06-19T17:08:54.456+0000] {snowflake.py:409} INFO - Rows affected: 1
[2024-06-19T17:08:54.457+0000] {snowflake.py:410} INFO - Snowflake query id: 01b51e24-0001-e495-0006-023e00018b92
[2024-06-19T17:08:54.457+0000] {sql.py:487} INFO - Running statement: CREATE TABLE IF NOT EXISTS NBA_STATS.nba_news (
            title STRING,
            description STRING,
            url STRING,
            published_at TIMESTAMP,
            author STRING,
            content STRING
        );, parameters: None
[2024-06-19T17:08:56.508+0000] {cursor.py:1149} INFO - Number of results in first chunk: 1
[2024-06-19T17:08:56.509+0000] {sql.py:496} INFO - Rows affected: 1
[2024-06-19T17:08:56.509+0000] {snowflake.py:409} INFO - Rows affected: 1
[2024-06-19T17:08:56.509+0000] {snowflake.py:410} INFO - Snowflake query id: 01b51e24-0001-e364-0006-023e0001eb02
[2024-06-19T17:08:56.578+0000] {cursor.py:1149} INFO - Number of results in first chunk: 1
[2024-06-19T17:08:56.579+0000] {connection.py:762} INFO - closed
[2024-06-19T17:08:56.607+0000] {connection.py:768} INFO - No async queries seem to be running, deleting session
[2024-06-19T17:08:56.702+0000] {taskinstance.py:441} INFO - ::group::Post task execution logs
[2024-06-19T17:08:56.754+0000] {taskinstance.py:1206} INFO - Marking task as SUCCESS. dag_id=nba_schema_creation_dag, task_id=snowflake_create_table_news, run_id=scheduled__2024-06-17T00:00:00+00:00, execution_date=20240617T000000, start_date=20240619T170852, end_date=20240619T170856
[2024-06-19T17:08:56.780+0000] {local_task_job_runner.py:240} INFO - Task exited with return code 0
[2024-06-19T17:08:56.816+0000] {taskinstance.py:3503} INFO - 1 downstream tasks scheduled from follow-on schedule check
[2024-06-19T17:08:56.818+0000] {local_task_job_runner.py:222} INFO - ::endgroup::
[2024-06-19T17:22:11.581+0000] {local_task_job_runner.py:120} INFO - ::group::Pre task execution logs
[2024-06-19T17:22:11.626+0000] {taskinstance.py:2076} INFO - Dependencies all met for dep_context=non-requeueable deps ti=<TaskInstance: nba_schema_creation_dag.snowflake_create_table_news scheduled__2024-06-17T00:00:00+00:00 [queued]>
[2024-06-19T17:22:11.636+0000] {taskinstance.py:2076} INFO - Dependencies all met for dep_context=requeueable deps ti=<TaskInstance: nba_schema_creation_dag.snowflake_create_table_news scheduled__2024-06-17T00:00:00+00:00 [queued]>
[2024-06-19T17:22:11.636+0000] {taskinstance.py:2306} INFO - Starting attempt 1 of 2
[2024-06-19T17:22:11.650+0000] {taskinstance.py:2330} INFO - Executing <Task(SQLExecuteQueryOperator): snowflake_create_table_news> on 2024-06-17 00:00:00+00:00
[2024-06-19T17:22:11.657+0000] {standard_task_runner.py:90} INFO - Running: ['***', 'tasks', 'run', 'nba_schema_creation_dag', 'snowflake_create_table_news', 'scheduled__2024-06-17T00:00:00+00:00', '--job-id', '744', '--raw', '--subdir', 'DAGS_FOLDER/nba_schema_creation_dag.py', '--cfg-path', '/tmp/tmpp2mbed4y']
[2024-06-19T17:22:11.660+0000] {standard_task_runner.py:91} INFO - Job 744: Subtask snowflake_create_table_news
[2024-06-19T17:22:11.660+0000] {logging_mixin.py:188} WARNING - /home/ubuntu/nba_ns_venv/lib/python3.12/site-packages/***/task/task_runner/standard_task_runner.py:61 DeprecationWarning: This process (pid=7694) is multi-threaded, use of fork() may lead to deadlocks in the child.
[2024-06-19T17:22:11.661+0000] {standard_task_runner.py:63} INFO - Started process 7700 to run task
[2024-06-19T17:22:11.756+0000] {task_command.py:426} INFO - Running <TaskInstance: nba_schema_creation_dag.snowflake_create_table_news scheduled__2024-06-17T00:00:00+00:00 [running]> on host ip-172-31-45-144.ec2.internal
[2024-06-19T17:22:11.906+0000] {taskinstance.py:2648} INFO - Exporting env vars: AIRFLOW_CTX_DAG_OWNER='Airflow' AIRFLOW_CTX_DAG_ID='nba_schema_creation_dag' AIRFLOW_CTX_TASK_ID='snowflake_create_table_news' AIRFLOW_CTX_EXECUTION_DATE='2024-06-17T00:00:00+00:00' AIRFLOW_CTX_TRY_NUMBER='1' AIRFLOW_CTX_DAG_RUN_ID='scheduled__2024-06-17T00:00:00+00:00'
[2024-06-19T17:22:11.907+0000] {taskinstance.py:430} INFO - ::endgroup::
[2024-06-19T17:22:11.924+0000] {sql.py:276} INFO - Executing: 
        USE WAREHOUSE NBA_STATS_WAREHOUSE;
        USE NBA_STATS_ANALYTICS;
        CREATE TABLE IF NOT EXISTS NBA_STATS.nba_news (
            title STRING,
            description STRING,
            url STRING,
            published_at TIMESTAMP,
            author STRING,
            content STRING
        );
        
[2024-06-19T17:22:11.950+0000] {base.py:84} INFO - Using connection ID 'snowflake_conn' for task execution.
[2024-06-19T17:22:12.748+0000] {base.py:84} INFO - Using connection ID 'snowflake_conn' for task execution.
[2024-06-19T17:22:12.749+0000] {connection.py:399} INFO - Snowflake Connector for Python Version: 3.10.1, Python Version: 3.12.3, Platform: Linux-6.8.0-1009-aws-x86_64-with-glibc2.39
[2024-06-19T17:22:12.750+0000] {connection.py:1239} INFO - This connection is in OCSP Fail Open Mode. TLS Certificates would be checked for validity and revocation status. Any other Certificate Revocation related exceptions or OCSP Responder failures would be disregarded in favor of connectivity.
[2024-06-19T17:22:12.750+0000] {connection.py:1249} INFO - THIS CONNECTION IS IN INSECURE MODE. IT MEANS THE CERTIFICATE WILL BE VALIDATED BUT THE CERTIFICATE REVOCATION STATUS WILL NOT BE CHECKED.
[2024-06-19T17:22:12.814+0000] {ssl_wrap_socket.py:100} INFO - THIS CONNECTION IS IN INSECURE MODE. IT MEANS THE CERTIFICATE WILL BE VALIDATED BUT THE CERTIFICATE REVOCATION STATUS WILL NOT BE CHECKED.
[2024-06-19T17:22:13.048+0000] {cursor.py:1149} INFO - Number of results in first chunk: 1
[2024-06-19T17:22:13.049+0000] {sql.py:487} INFO - Running statement: USE WAREHOUSE NBA_STATS_WAREHOUSE;, parameters: None
[2024-06-19T17:22:13.099+0000] {cursor.py:1149} INFO - Number of results in first chunk: 1
[2024-06-19T17:22:13.099+0000] {sql.py:496} INFO - Rows affected: 1
[2024-06-19T17:22:13.100+0000] {snowflake.py:409} INFO - Rows affected: 1
[2024-06-19T17:22:13.100+0000] {snowflake.py:410} INFO - Snowflake query id: 01b51e32-0001-e498-0006-023e0001bc5a
[2024-06-19T17:22:13.100+0000] {sql.py:487} INFO - Running statement: USE NBA_STATS_ANALYTICS;, parameters: None
[2024-06-19T17:22:13.172+0000] {cursor.py:1149} INFO - Number of results in first chunk: 1
[2024-06-19T17:22:13.173+0000] {sql.py:496} INFO - Rows affected: 1
[2024-06-19T17:22:13.173+0000] {snowflake.py:409} INFO - Rows affected: 1
[2024-06-19T17:22:13.173+0000] {snowflake.py:410} INFO - Snowflake query id: 01b51e32-0001-e496-0006-023e00019c9e
[2024-06-19T17:22:13.173+0000] {sql.py:487} INFO - Running statement: CREATE TABLE IF NOT EXISTS NBA_STATS.nba_news (
            title STRING,
            description STRING,
            url STRING,
            published_at TIMESTAMP,
            author STRING,
            content STRING
        );, parameters: None
[2024-06-19T17:22:13.423+0000] {cursor.py:1149} INFO - Number of results in first chunk: 1
[2024-06-19T17:22:13.423+0000] {sql.py:496} INFO - Rows affected: 1
[2024-06-19T17:22:13.424+0000] {snowflake.py:409} INFO - Rows affected: 1
[2024-06-19T17:22:13.424+0000] {snowflake.py:410} INFO - Snowflake query id: 01b51e32-0001-e498-0006-023e0001bc5e
[2024-06-19T17:22:13.493+0000] {cursor.py:1149} INFO - Number of results in first chunk: 1
[2024-06-19T17:22:13.494+0000] {connection.py:762} INFO - closed
[2024-06-19T17:22:13.518+0000] {connection.py:768} INFO - No async queries seem to be running, deleting session
[2024-06-19T17:22:13.571+0000] {taskinstance.py:441} INFO - ::group::Post task execution logs
[2024-06-19T17:22:13.625+0000] {taskinstance.py:1206} INFO - Marking task as SUCCESS. dag_id=nba_schema_creation_dag, task_id=snowflake_create_table_news, run_id=scheduled__2024-06-17T00:00:00+00:00, execution_date=20240617T000000, start_date=20240619T172211, end_date=20240619T172213
[2024-06-19T17:22:13.685+0000] {local_task_job_runner.py:240} INFO - Task exited with return code 0
[2024-06-19T17:22:13.723+0000] {taskinstance.py:3503} INFO - 1 downstream tasks scheduled from follow-on schedule check
[2024-06-19T17:22:13.725+0000] {local_task_job_runner.py:222} INFO - ::endgroup::
[2024-06-19T21:05:03.183+0000] {local_task_job_runner.py:120} INFO - ::group::Pre task execution logs
[2024-06-19T21:05:03.249+0000] {taskinstance.py:2076} INFO - Dependencies all met for dep_context=non-requeueable deps ti=<TaskInstance: nba_schema_creation_dag.snowflake_create_table_news scheduled__2024-06-17T00:00:00+00:00 [queued]>
[2024-06-19T21:05:03.262+0000] {taskinstance.py:2076} INFO - Dependencies all met for dep_context=requeueable deps ti=<TaskInstance: nba_schema_creation_dag.snowflake_create_table_news scheduled__2024-06-17T00:00:00+00:00 [queued]>
[2024-06-19T21:05:03.263+0000] {taskinstance.py:2306} INFO - Starting attempt 1 of 2
[2024-06-19T21:05:03.281+0000] {taskinstance.py:2330} INFO - Executing <Task(SQLExecuteQueryOperator): snowflake_create_table_news> on 2024-06-17 00:00:00+00:00
[2024-06-19T21:05:03.292+0000] {standard_task_runner.py:90} INFO - Running: ['***', 'tasks', 'run', 'nba_schema_creation_dag', 'snowflake_create_table_news', 'scheduled__2024-06-17T00:00:00+00:00', '--job-id', '765', '--raw', '--subdir', 'DAGS_FOLDER/nba_schema_creation_dag.py', '--cfg-path', '/tmp/tmp0nxf4qof']
[2024-06-19T21:05:03.295+0000] {standard_task_runner.py:91} INFO - Job 765: Subtask snowflake_create_table_news
[2024-06-19T21:05:03.295+0000] {logging_mixin.py:188} WARNING - /home/ubuntu/nba_ns_venv/lib/python3.12/site-packages/***/task/task_runner/standard_task_runner.py:61 DeprecationWarning: This process (pid=3390) is multi-threaded, use of fork() may lead to deadlocks in the child.
[2024-06-19T21:05:03.296+0000] {standard_task_runner.py:63} INFO - Started process 3412 to run task
[2024-06-19T21:05:03.420+0000] {task_command.py:426} INFO - Running <TaskInstance: nba_schema_creation_dag.snowflake_create_table_news scheduled__2024-06-17T00:00:00+00:00 [running]> on host ip-172-31-45-144.ec2.internal
[2024-06-19T21:05:03.672+0000] {taskinstance.py:2648} INFO - Exporting env vars: AIRFLOW_CTX_DAG_OWNER='Airflow' AIRFLOW_CTX_DAG_ID='nba_schema_creation_dag' AIRFLOW_CTX_TASK_ID='snowflake_create_table_news' AIRFLOW_CTX_EXECUTION_DATE='2024-06-17T00:00:00+00:00' AIRFLOW_CTX_TRY_NUMBER='1' AIRFLOW_CTX_DAG_RUN_ID='scheduled__2024-06-17T00:00:00+00:00'
[2024-06-19T21:05:03.675+0000] {taskinstance.py:430} INFO - ::endgroup::
[2024-06-19T21:05:03.703+0000] {sql.py:276} INFO - Executing: 
        USE WAREHOUSE NBA_STATS_WAREHOUSE;
        USE NBA_STATS_ANALYTICS;
        CREATE TABLE IF NOT EXISTS NBA_STATS.nba_news (
            title STRING,
            description STRING,
            url STRING,
            published_at TIMESTAMP,
            author STRING,
            content STRING
        );
        
[2024-06-19T21:05:03.743+0000] {base.py:84} INFO - Using connection ID 'snowflake_conn' for task execution.
[2024-06-19T21:05:04.744+0000] {base.py:84} INFO - Using connection ID 'snowflake_conn' for task execution.
[2024-06-19T21:05:04.745+0000] {connection.py:399} INFO - Snowflake Connector for Python Version: 3.10.1, Python Version: 3.12.3, Platform: Linux-6.8.0-1009-aws-x86_64-with-glibc2.39
[2024-06-19T21:05:04.747+0000] {connection.py:1239} INFO - This connection is in OCSP Fail Open Mode. TLS Certificates would be checked for validity and revocation status. Any other Certificate Revocation related exceptions or OCSP Responder failures would be disregarded in favor of connectivity.
[2024-06-19T21:05:04.747+0000] {connection.py:1249} INFO - THIS CONNECTION IS IN INSECURE MODE. IT MEANS THE CERTIFICATE WILL BE VALIDATED BUT THE CERTIFICATE REVOCATION STATUS WILL NOT BE CHECKED.
[2024-06-19T21:05:04.826+0000] {ssl_wrap_socket.py:100} INFO - THIS CONNECTION IS IN INSECURE MODE. IT MEANS THE CERTIFICATE WILL BE VALIDATED BUT THE CERTIFICATE REVOCATION STATUS WILL NOT BE CHECKED.
[2024-06-19T21:05:05.111+0000] {cursor.py:1149} INFO - Number of results in first chunk: 1
[2024-06-19T21:05:05.111+0000] {sql.py:487} INFO - Running statement: USE WAREHOUSE NBA_STATS_WAREHOUSE;, parameters: None
[2024-06-19T21:05:05.164+0000] {cursor.py:1149} INFO - Number of results in first chunk: 1
[2024-06-19T21:05:05.164+0000] {sql.py:496} INFO - Rows affected: 1
[2024-06-19T21:05:05.165+0000] {snowflake.py:409} INFO - Rows affected: 1
[2024-06-19T21:05:05.165+0000] {snowflake.py:410} INFO - Snowflake query id: 01b51f11-0001-e499-0006-023e0001cec2
[2024-06-19T21:05:05.165+0000] {sql.py:487} INFO - Running statement: USE NBA_STATS_ANALYTICS;, parameters: None
[2024-06-19T21:05:05.236+0000] {cursor.py:1149} INFO - Number of results in first chunk: 1
[2024-06-19T21:05:05.238+0000] {sql.py:496} INFO - Rows affected: 1
[2024-06-19T21:05:05.239+0000] {snowflake.py:409} INFO - Rows affected: 1
[2024-06-19T21:05:05.240+0000] {snowflake.py:410} INFO - Snowflake query id: 01b51f11-0001-e499-0006-023e0001cec6
[2024-06-19T21:05:05.240+0000] {sql.py:487} INFO - Running statement: CREATE TABLE IF NOT EXISTS NBA_STATS.nba_news (
            title STRING,
            description STRING,
            url STRING,
            published_at TIMESTAMP,
            author STRING,
            content STRING
        );, parameters: None
[2024-06-19T21:05:06.078+0000] {cursor.py:1149} INFO - Number of results in first chunk: 1
[2024-06-19T21:05:06.078+0000] {sql.py:496} INFO - Rows affected: 1
[2024-06-19T21:05:06.079+0000] {snowflake.py:409} INFO - Rows affected: 1
[2024-06-19T21:05:06.079+0000] {snowflake.py:410} INFO - Snowflake query id: 01b51f11-0001-e49c-0006-023e00017ee2
[2024-06-19T21:05:06.165+0000] {cursor.py:1149} INFO - Number of results in first chunk: 1
[2024-06-19T21:05:06.165+0000] {connection.py:762} INFO - closed
[2024-06-19T21:05:06.191+0000] {connection.py:768} INFO - No async queries seem to be running, deleting session
[2024-06-19T21:05:06.232+0000] {taskinstance.py:441} INFO - ::group::Post task execution logs
[2024-06-19T21:05:06.287+0000] {taskinstance.py:1206} INFO - Marking task as SUCCESS. dag_id=nba_schema_creation_dag, task_id=snowflake_create_table_news, run_id=scheduled__2024-06-17T00:00:00+00:00, execution_date=20240617T000000, start_date=20240619T210503, end_date=20240619T210506
[2024-06-19T21:05:06.345+0000] {local_task_job_runner.py:240} INFO - Task exited with return code 0
[2024-06-19T21:05:06.384+0000] {taskinstance.py:3503} INFO - 1 downstream tasks scheduled from follow-on schedule check
[2024-06-19T21:05:06.386+0000] {local_task_job_runner.py:222} INFO - ::endgroup::
