[2024-06-18T18:30:24.381+0000] {local_task_job_runner.py:120} INFO - ::group::Pre task execution logs
[2024-06-18T18:30:24.463+0000] {taskinstance.py:2076} INFO - Dependencies all met for dep_context=non-requeueable deps ti=<TaskInstance: nba_data_pipeline.snowflake_create_table_scores manual__2024-06-18T18:29:27.213664+00:00 [queued]>
[2024-06-18T18:30:24.482+0000] {taskinstance.py:2076} INFO - Dependencies all met for dep_context=requeueable deps ti=<TaskInstance: nba_data_pipeline.snowflake_create_table_scores manual__2024-06-18T18:29:27.213664+00:00 [queued]>
[2024-06-18T18:30:24.482+0000] {taskinstance.py:2306} INFO - Starting attempt 1 of 2
[2024-06-18T18:30:24.510+0000] {taskinstance.py:2330} INFO - Executing <Task(SQLExecuteQueryOperator): snowflake_create_table_scores> on 2024-06-18 18:29:27.213664+00:00
[2024-06-18T18:30:24.548+0000] {logging_mixin.py:188} WARNING - /home/ubuntu/nba_ns_venv/lib/python3.12/site-packages/***/task/task_runner/standard_task_runner.py:61 DeprecationWarning: This process (pid=14501) is multi-threaded, use of fork() may lead to deadlocks in the child.
[2024-06-18T18:30:24.534+0000] {standard_task_runner.py:90} INFO - Running: ['***', 'tasks', 'run', 'nba_data_pipeline', 'snowflake_create_table_scores', 'manual__2024-06-18T18:29:27.213664+00:00', '--job-id', '180', '--raw', '--subdir', 'DAGS_FOLDER/nba_news_stats_etl.py', '--cfg-path', '/tmp/tmp87wsnn8l']
[2024-06-18T18:30:24.555+0000] {standard_task_runner.py:91} INFO - Job 180: Subtask snowflake_create_table_scores
[2024-06-18T18:30:24.557+0000] {standard_task_runner.py:63} INFO - Started process 14575 to run task
[2024-06-18T18:30:24.769+0000] {task_command.py:426} INFO - Running <TaskInstance: nba_data_pipeline.snowflake_create_table_scores manual__2024-06-18T18:29:27.213664+00:00 [running]> on host ip-172-31-45-144.ec2.internal
[2024-06-18T18:30:25.128+0000] {taskinstance.py:2648} INFO - Exporting env vars: AIRFLOW_CTX_DAG_OWNER='Airflow' AIRFLOW_CTX_DAG_ID='nba_data_pipeline' AIRFLOW_CTX_TASK_ID='snowflake_create_table_scores' AIRFLOW_CTX_EXECUTION_DATE='2024-06-18T18:29:27.213664+00:00' AIRFLOW_CTX_TRY_NUMBER='1' AIRFLOW_CTX_DAG_RUN_ID='manual__2024-06-18T18:29:27.213664+00:00'
[2024-06-18T18:30:25.129+0000] {taskinstance.py:430} INFO - ::endgroup::
[2024-06-18T18:30:25.193+0000] {sql.py:276} INFO - Executing: 
        CREATE TABLE IF NOT EXISTS NBA_STATS.nba_scores (
            game_id STRING,
            home_team STRING,
            away_team STRING,
            home_score INT,
            away_score INT,
            home_best_player_name STRING,
            home_best_player_points NUMBER,
            home_best_player_rebounds NUMBER,
            home_best_player_assists NUMBER,
            away_best_player_name STRING,
            away_best_player_points NUMBER,
            away_best_player_rebounds NUMBER,
            away_best_player_assists NUMBER
        );
        
[2024-06-18T18:30:25.260+0000] {base.py:84} INFO - Using connection ID 'snowflake_conn' for task execution.
[2024-06-18T18:30:25.822+0000] {base.py:84} INFO - Using connection ID 'snowflake_conn' for task execution.
[2024-06-18T18:30:25.827+0000] {connection.py:399} INFO - Snowflake Connector for Python Version: 3.10.1, Python Version: 3.12.3, Platform: Linux-6.8.0-1009-aws-x86_64-with-glibc2.39
[2024-06-18T18:30:25.827+0000] {connection.py:1239} INFO - This connection is in OCSP Fail Open Mode. TLS Certificates would be checked for validity and revocation status. Any other Certificate Revocation related exceptions or OCSP Responder failures would be disregarded in favor of connectivity.
[2024-06-18T18:30:26.432+0000] {cursor.py:1149} INFO - Number of results in first chunk: 1
[2024-06-18T18:30:26.433+0000] {sql.py:487} INFO - Running statement: CREATE TABLE IF NOT EXISTS NBA_STATS.nba_scores (
            game_id STRING,
            home_team STRING,
            away_team STRING,
            home_score INT,
            away_score INT,
            home_best_player_name STRING,
            home_best_player_points NUMBER,
            home_best_player_rebounds NUMBER,
            home_best_player_assists NUMBER,
            away_best_player_name STRING,
            away_best_player_points NUMBER,
            away_best_player_rebounds NUMBER,
            away_best_player_assists NUMBER
        );, parameters: None
[2024-06-18T18:30:26.512+0000] {cursor.py:1149} INFO - Number of results in first chunk: 1
[2024-06-18T18:30:26.513+0000] {sql.py:496} INFO - Rows affected: 1
[2024-06-18T18:30:26.513+0000] {snowflake.py:409} INFO - Rows affected: 1
[2024-06-18T18:30:26.515+0000] {snowflake.py:410} INFO - Snowflake query id: 01b518d6-0001-e496-0006-023e000191de
[2024-06-18T18:30:26.582+0000] {cursor.py:1149} INFO - Number of results in first chunk: 1
[2024-06-18T18:30:26.582+0000] {connection.py:762} INFO - closed
[2024-06-18T18:30:26.632+0000] {connection.py:768} INFO - No async queries seem to be running, deleting session
[2024-06-18T18:30:26.679+0000] {taskinstance.py:441} INFO - ::group::Post task execution logs
[2024-06-18T18:30:26.734+0000] {taskinstance.py:1206} INFO - Marking task as SUCCESS. dag_id=nba_data_pipeline, task_id=snowflake_create_table_scores, run_id=manual__2024-06-18T18:29:27.213664+00:00, execution_date=20240618T182927, start_date=20240618T183024, end_date=20240618T183026
[2024-06-18T18:30:26.795+0000] {local_task_job_runner.py:240} INFO - Task exited with return code 0
[2024-06-18T18:30:26.832+0000] {taskinstance.py:3503} INFO - 1 downstream tasks scheduled from follow-on schedule check
[2024-06-18T18:30:26.834+0000] {local_task_job_runner.py:222} INFO - ::endgroup::
