[2024-06-18T18:01:29.997+0000] {local_task_job_runner.py:120} INFO - ::group::Pre task execution logs
[2024-06-18T18:01:30.039+0000] {taskinstance.py:2076} INFO - Dependencies all met for dep_context=non-requeueable deps ti=<TaskInstance: nba_data_pipeline.snowflake_create_db_schema manual__2024-06-18T17:55:34.768176+00:00 [queued]>
[2024-06-18T18:01:30.048+0000] {taskinstance.py:2076} INFO - Dependencies all met for dep_context=requeueable deps ti=<TaskInstance: nba_data_pipeline.snowflake_create_db_schema manual__2024-06-18T17:55:34.768176+00:00 [queued]>
[2024-06-18T18:01:30.048+0000] {taskinstance.py:2306} INFO - Starting attempt 2 of 2
[2024-06-18T18:01:30.061+0000] {taskinstance.py:2330} INFO - Executing <Task(SQLExecuteQueryOperator): snowflake_create_db_schema> on 2024-06-18 17:55:34.768176+00:00
[2024-06-18T18:01:30.070+0000] {standard_task_runner.py:90} INFO - Running: ['***', 'tasks', 'run', 'nba_data_pipeline', 'snowflake_create_db_schema', 'manual__2024-06-18T17:55:34.768176+00:00', '--job-id', '157', '--raw', '--subdir', 'DAGS_FOLDER/nba_news_stats_etl.py', '--cfg-path', '/tmp/tmpphyc0mce']
[2024-06-18T18:01:30.073+0000] {standard_task_runner.py:91} INFO - Job 157: Subtask snowflake_create_db_schema
[2024-06-18T18:01:30.073+0000] {logging_mixin.py:188} WARNING - /home/ubuntu/nba_ns_venv/lib/python3.12/site-packages/***/task/task_runner/standard_task_runner.py:61 DeprecationWarning: This process (pid=8363) is multi-threaded, use of fork() may lead to deadlocks in the child.
[2024-06-18T18:01:30.074+0000] {standard_task_runner.py:63} INFO - Started process 8371 to run task
[2024-06-18T18:01:30.166+0000] {task_command.py:426} INFO - Running <TaskInstance: nba_data_pipeline.snowflake_create_db_schema manual__2024-06-18T17:55:34.768176+00:00 [running]> on host ip-172-31-45-144.ec2.internal
[2024-06-18T18:01:30.326+0000] {taskinstance.py:2648} INFO - Exporting env vars: AIRFLOW_CTX_DAG_OWNER='Airflow' AIRFLOW_CTX_DAG_ID='nba_data_pipeline' AIRFLOW_CTX_TASK_ID='snowflake_create_db_schema' AIRFLOW_CTX_EXECUTION_DATE='2024-06-18T17:55:34.768176+00:00' AIRFLOW_CTX_TRY_NUMBER='2' AIRFLOW_CTX_DAG_RUN_ID='manual__2024-06-18T17:55:34.768176+00:00'
[2024-06-18T18:01:30.327+0000] {taskinstance.py:430} INFO - ::endgroup::
[2024-06-18T18:01:30.340+0000] {sql.py:276} INFO - Executing: 
        CREATE DATABASE IF NOT EXISTS NBA_STATS_ANALYTICS;
        CREATE SCHEMA IF NOT EXISTS NBA_STATS_ANALYTICS.NBA_STATS;
        
[2024-06-18T18:01:30.366+0000] {base.py:84} INFO - Using connection ID 'snowflake_conn' for task execution.
[2024-06-18T18:01:30.612+0000] {base.py:84} INFO - Using connection ID 'snowflake_conn' for task execution.
[2024-06-18T18:01:30.613+0000] {connection.py:399} INFO - Snowflake Connector for Python Version: 3.10.1, Python Version: 3.12.3, Platform: Linux-6.8.0-1009-aws-x86_64-with-glibc2.39
[2024-06-18T18:01:30.613+0000] {connection.py:1239} INFO - This connection is in OCSP Fail Open Mode. TLS Certificates would be checked for validity and revocation status. Any other Certificate Revocation related exceptions or OCSP Responder failures would be disregarded in favor of connectivity.
[2024-06-18T18:01:31.141+0000] {cursor.py:1149} INFO - Number of results in first chunk: 1
[2024-06-18T18:01:31.142+0000] {sql.py:487} INFO - Running statement: CREATE DATABASE IF NOT EXISTS NBA_STATS_ANALYTICS;, parameters: None
[2024-06-18T18:01:31.418+0000] {cursor.py:1149} INFO - Number of results in first chunk: 1
[2024-06-18T18:01:31.418+0000] {sql.py:496} INFO - Rows affected: 1
[2024-06-18T18:01:31.419+0000] {snowflake.py:409} INFO - Rows affected: 1
[2024-06-18T18:01:31.419+0000] {snowflake.py:410} INFO - Snowflake query id: 01b518b9-0001-e497-0006-023e0001d0ae
[2024-06-18T18:01:31.419+0000] {sql.py:487} INFO - Running statement: CREATE SCHEMA IF NOT EXISTS NBA_STATS_ANALYTICS.NBA_STATS;, parameters: None
[2024-06-18T18:01:31.528+0000] {cursor.py:1149} INFO - Number of results in first chunk: 1
[2024-06-18T18:01:31.528+0000] {sql.py:496} INFO - Rows affected: 1
[2024-06-18T18:01:31.528+0000] {snowflake.py:409} INFO - Rows affected: 1
[2024-06-18T18:01:31.529+0000] {snowflake.py:410} INFO - Snowflake query id: 01b518b9-0001-e497-0006-023e0001d0b2
[2024-06-18T18:01:31.699+0000] {cursor.py:1149} INFO - Number of results in first chunk: 1
[2024-06-18T18:01:31.699+0000] {connection.py:762} INFO - closed
[2024-06-18T18:01:31.903+0000] {connection.py:768} INFO - No async queries seem to be running, deleting session
[2024-06-18T18:01:31.980+0000] {taskinstance.py:441} INFO - ::group::Post task execution logs
[2024-06-18T18:01:32.033+0000] {taskinstance.py:1206} INFO - Marking task as SUCCESS. dag_id=nba_data_pipeline, task_id=snowflake_create_db_schema, run_id=manual__2024-06-18T17:55:34.768176+00:00, execution_date=20240618T175534, start_date=20240618T180130, end_date=20240618T180132
[2024-06-18T18:01:32.058+0000] {local_task_job_runner.py:240} INFO - Task exited with return code 0
[2024-06-18T18:01:32.097+0000] {taskinstance.py:3503} INFO - 0 downstream tasks scheduled from follow-on schedule check
[2024-06-18T18:01:32.100+0000] {local_task_job_runner.py:222} INFO - ::endgroup::
