[2024-06-18T16:48:51.395+0000] {local_task_job_runner.py:120} INFO - ::group::Pre task execution logs
[2024-06-18T16:48:51.440+0000] {taskinstance.py:2076} INFO - Dependencies all met for dep_context=non-requeueable deps ti=<TaskInstance: nba_data_pipeline.upload_news_to_s3 manual__2024-06-18T16:48:46.324597+00:00 [queued]>
[2024-06-18T16:48:51.451+0000] {taskinstance.py:2076} INFO - Dependencies all met for dep_context=requeueable deps ti=<TaskInstance: nba_data_pipeline.upload_news_to_s3 manual__2024-06-18T16:48:46.324597+00:00 [queued]>
[2024-06-18T16:48:51.452+0000] {taskinstance.py:2306} INFO - Starting attempt 1 of 2
[2024-06-18T16:48:51.466+0000] {taskinstance.py:2330} INFO - Executing <Task(PythonOperator): upload_news_to_s3> on 2024-06-18 16:48:46.324597+00:00
[2024-06-18T16:48:51.484+0000] {standard_task_runner.py:90} INFO - Running: ['***', 'tasks', 'run', 'nba_data_pipeline', 'upload_news_to_s3', 'manual__2024-06-18T16:48:46.324597+00:00', '--job-id', '112', '--raw', '--subdir', 'DAGS_FOLDER/nba_news_stats_etl.py', '--cfg-path', '/tmp/tmplkkf5ml1']
[2024-06-18T16:48:51.491+0000] {standard_task_runner.py:91} INFO - Job 112: Subtask upload_news_to_s3
[2024-06-18T16:48:51.490+0000] {logging_mixin.py:188} WARNING - /home/ubuntu/nba_ns_venv/lib/python3.12/site-packages/***/task/task_runner/standard_task_runner.py:61 DeprecationWarning: This process (pid=11278) is multi-threaded, use of fork() may lead to deadlocks in the child.
[2024-06-18T16:48:51.493+0000] {standard_task_runner.py:63} INFO - Started process 11313 to run task
[2024-06-18T16:48:51.595+0000] {task_command.py:426} INFO - Running <TaskInstance: nba_data_pipeline.upload_news_to_s3 manual__2024-06-18T16:48:46.324597+00:00 [running]> on host ip-172-31-45-144.ec2.internal
[2024-06-18T16:48:51.764+0000] {taskinstance.py:2648} INFO - Exporting env vars: AIRFLOW_CTX_DAG_OWNER='Airflow' AIRFLOW_CTX_DAG_ID='nba_data_pipeline' AIRFLOW_CTX_TASK_ID='upload_news_to_s3' AIRFLOW_CTX_EXECUTION_DATE='2024-06-18T16:48:46.324597+00:00' AIRFLOW_CTX_TRY_NUMBER='1' AIRFLOW_CTX_DAG_RUN_ID='manual__2024-06-18T16:48:46.324597+00:00'
[2024-06-18T16:48:51.767+0000] {taskinstance.py:430} INFO - ::endgroup::
[2024-06-18T16:48:51.806+0000] {credentials.py:1075} INFO - Found credentials from IAM Role: nba_news_stats_s3
[2024-06-18T16:48:52.111+0000] {python.py:237} INFO - Done. Returned value was: s3://nba-stats-players/nba_news.parquet
[2024-06-18T16:48:52.112+0000] {taskinstance.py:441} INFO - ::group::Post task execution logs
[2024-06-18T16:48:52.173+0000] {taskinstance.py:1206} INFO - Marking task as SUCCESS. dag_id=nba_data_pipeline, task_id=upload_news_to_s3, run_id=manual__2024-06-18T16:48:46.324597+00:00, execution_date=20240618T164846, start_date=20240618T164851, end_date=20240618T164852
[2024-06-18T16:48:52.199+0000] {local_task_job_runner.py:240} INFO - Task exited with return code 0
[2024-06-18T16:48:52.227+0000] {logging_mixin.py:188} WARNING - /home/ubuntu/nba_ns_venv/lib/python3.12/site-packages/***/models/baseoperator.py:1297 AirflowProviderDeprecationWarning: Call to deprecated class SnowflakeOperator. (This class is deprecated. Please use `***.providers.common.sql.operators.sql.SQLExecuteQueryOperator`. Also, you can provide `hook_params={'warehouse': <warehouse>, 'database': <database>, 'role': <role>, 'schema': <schema>, 'authenticator': <authenticator>,'session_parameters': <session_parameters>}`.)
[2024-06-18T16:48:52.245+0000] {taskinstance.py:3503} INFO - 0 downstream tasks scheduled from follow-on schedule check
[2024-06-18T16:48:52.247+0000] {local_task_job_runner.py:222} INFO - ::endgroup::
