[2024-06-17T15:25:37.881+0000] {local_task_job_runner.py:120} INFO - ::group::Pre task execution logs
[2024-06-17T15:25:38.196+0000] {taskinstance.py:2076} INFO - Dependencies all met for dep_context=non-requeueable deps ti=<TaskInstance: nba_data_pipeline.fetch_nba_scores scheduled__2024-06-16T00:00:00+00:00 [queued]>
[2024-06-17T15:25:38.238+0000] {taskinstance.py:2076} INFO - Dependencies all met for dep_context=requeueable deps ti=<TaskInstance: nba_data_pipeline.fetch_nba_scores scheduled__2024-06-16T00:00:00+00:00 [queued]>
[2024-06-17T15:25:38.238+0000] {taskinstance.py:2306} INFO - Starting attempt 1 of 2
[2024-06-17T15:25:38.337+0000] {taskinstance.py:2330} INFO - Executing <Task(PythonOperator): fetch_nba_scores> on 2024-06-16 00:00:00+00:00
[2024-06-17T15:25:38.391+0000] {standard_task_runner.py:90} INFO - Running: ['***', 'tasks', 'run', 'nba_data_pipeline', 'fetch_nba_scores', 'scheduled__2024-06-16T00:00:00+00:00', '--job-id', '5', '--raw', '--subdir', 'DAGS_FOLDER/nba_news_stats_etl.py', '--cfg-path', '/tmp/tmpbk9nomrx']
[2024-06-17T15:25:38.409+0000] {standard_task_runner.py:91} INFO - Job 5: Subtask fetch_nba_scores
[2024-06-17T15:25:38.412+0000] {logging_mixin.py:188} WARNING - /home/ubuntu/nba_ns_venv/lib/python3.12/site-packages/***/task/task_runner/standard_task_runner.py:61 DeprecationWarning: This process (pid=27655) is multi-threaded, use of fork() may lead to deadlocks in the child.
[2024-06-17T15:25:38.426+0000] {standard_task_runner.py:63} INFO - Started process 27834 to run task
[2024-06-17T15:25:39.107+0000] {task_command.py:426} INFO - Running <TaskInstance: nba_data_pipeline.fetch_nba_scores scheduled__2024-06-16T00:00:00+00:00 [running]> on host ip-172-31-45-144.ec2.internal
[2024-06-17T15:30:15.743+0000] {taskinstance.py:2648} INFO - Exporting env vars: AIRFLOW_CTX_DAG_OWNER='Airflow' AIRFLOW_CTX_DAG_ID='nba_data_pipeline' AIRFLOW_CTX_TASK_ID='fetch_nba_scores' AIRFLOW_CTX_EXECUTION_DATE='2024-06-16T00:00:00+00:00' AIRFLOW_CTX_TRY_NUMBER='1' AIRFLOW_CTX_DAG_RUN_ID='scheduled__2024-06-16T00:00:00+00:00'
[2024-06-17T15:30:15.781+0000] {taskinstance.py:430} INFO - ::endgroup::
[2024-06-17T15:30:16.188+0000] {taskinstance.py:441} INFO - ::group::Post task execution logs
[2024-06-17T15:30:16.188+0000] {taskinstance.py:2905} ERROR - Task failed with exception
Traceback (most recent call last):
  File "/home/ubuntu/nba_ns_venv/lib/python3.12/site-packages/airflow/models/taskinstance.py", line 465, in _execute_task
    result = _execute_callable(context=context, **execute_callable_kwargs)
             ^^^^^^^^^^^^^^^^^^^^^^^^^^^^^^^^^^^^^^^^^^^^^^^^^^^^^^^^^^^^^
  File "/home/ubuntu/nba_ns_venv/lib/python3.12/site-packages/airflow/models/taskinstance.py", line 432, in _execute_callable
    return execute_callable(context=context, **execute_callable_kwargs)
           ^^^^^^^^^^^^^^^^^^^^^^^^^^^^^^^^^^^^^^^^^^^^^^^^^^^^^^^^^^^^
  File "/home/ubuntu/nba_ns_venv/lib/python3.12/site-packages/airflow/models/baseoperator.py", line 401, in wrapper
    return func(self, *args, **kwargs)
           ^^^^^^^^^^^^^^^^^^^^^^^^^^^
  File "/home/ubuntu/nba_ns_venv/lib/python3.12/site-packages/airflow/operators/python.py", line 235, in execute
    return_value = self.execute_callable()
                   ^^^^^^^^^^^^^^^^^^^^^^^
  File "/home/ubuntu/nba_ns_venv/lib/python3.12/site-packages/airflow/operators/python.py", line 252, in execute_callable
    return self.python_callable(*self.op_args, **self.op_kwargs)
           ^^^^^^^^^^^^^^^^^^^^^^^^^^^^^^^^^^^^^^^^^^^^^^^^^^^^^
  File "/home/ubuntu/dags/nba_news_stats_etl.py", line 48, in fetch_nba_scores
    from nba_api.live.nba.endpoints import scoreboard
ModuleNotFoundError: No module named 'nba_api'
[2024-06-17T15:30:16.627+0000] {taskinstance.py:1206} INFO - Marking task as UP_FOR_RETRY. dag_id=nba_data_pipeline, task_id=fetch_nba_scores, run_id=scheduled__2024-06-16T00:00:00+00:00, execution_date=20240616T000000, start_date=20240617T152538, end_date=20240617T153016
[2024-06-17T15:30:16.827+0000] {standard_task_runner.py:110} ERROR - Failed to execute job 5 for task fetch_nba_scores (No module named 'nba_api'; 27834)
[2024-06-17T15:30:16.969+0000] {local_task_job_runner.py:240} INFO - Task exited with return code 1
[2024-06-17T15:30:17.362+0000] {logging_mixin.py:188} WARNING - /home/ubuntu/nba_ns_venv/lib/python3.12/site-packages/***/models/baseoperator.py:1297 AirflowProviderDeprecationWarning: Call to deprecated class SnowflakeOperator. (This class is deprecated. Please use `***.providers.common.sql.operators.sql.SQLExecuteQueryOperator`. Also, you can provide `hook_params={'warehouse': <warehouse>, 'database': <database>, 'role': <role>, 'schema': <schema>, 'authenticator': <authenticator>,'session_parameters': <session_parameters>}`.)
[2024-06-17T15:30:17.500+0000] {taskinstance.py:3503} INFO - 0 downstream tasks scheduled from follow-on schedule check
[2024-06-17T15:30:17.505+0000] {local_task_job_runner.py:222} INFO - ::endgroup::
[2024-06-17T17:57:12.557+0000] {local_task_job_runner.py:120} INFO - ::group::Pre task execution logs
[2024-06-17T17:57:12.691+0000] {taskinstance.py:2076} INFO - Dependencies all met for dep_context=non-requeueable deps ti=<TaskInstance: nba_data_pipeline.fetch_nba_scores scheduled__2024-06-16T00:00:00+00:00 [queued]>
[2024-06-17T17:57:12.718+0000] {taskinstance.py:2076} INFO - Dependencies all met for dep_context=requeueable deps ti=<TaskInstance: nba_data_pipeline.fetch_nba_scores scheduled__2024-06-16T00:00:00+00:00 [queued]>
[2024-06-17T17:57:12.718+0000] {taskinstance.py:2306} INFO - Starting attempt 1 of 2
[2024-06-17T17:57:12.757+0000] {taskinstance.py:2330} INFO - Executing <Task(PythonOperator): fetch_nba_scores> on 2024-06-16 00:00:00+00:00
[2024-06-17T17:57:12.790+0000] {standard_task_runner.py:90} INFO - Running: ['***', 'tasks', 'run', 'nba_data_pipeline', 'fetch_nba_scores', 'scheduled__2024-06-16T00:00:00+00:00', '--job-id', '14', '--raw', '--subdir', 'DAGS_FOLDER/nba_news_stats_etl.py', '--cfg-path', '/tmp/tmp0dbykd9e']
[2024-06-17T17:57:12.812+0000] {standard_task_runner.py:91} INFO - Job 14: Subtask fetch_nba_scores
[2024-06-17T17:57:12.808+0000] {logging_mixin.py:188} WARNING - /home/ubuntu/nba_ns_venv/lib/python3.12/site-packages/***/task/task_runner/standard_task_runner.py:61 DeprecationWarning: This process (pid=1712) is multi-threaded, use of fork() may lead to deadlocks in the child.
[2024-06-17T17:57:12.813+0000] {standard_task_runner.py:63} INFO - Started process 1877 to run task
[2024-06-17T17:57:13.170+0000] {task_command.py:426} INFO - Running <TaskInstance: nba_data_pipeline.fetch_nba_scores scheduled__2024-06-16T00:00:00+00:00 [running]> on host ip-172-31-45-144.ec2.internal
[2024-06-17T17:57:13.635+0000] {taskinstance.py:2648} INFO - Exporting env vars: AIRFLOW_CTX_DAG_OWNER='Airflow' AIRFLOW_CTX_DAG_ID='nba_data_pipeline' AIRFLOW_CTX_TASK_ID='fetch_nba_scores' AIRFLOW_CTX_EXECUTION_DATE='2024-06-16T00:00:00+00:00' AIRFLOW_CTX_TRY_NUMBER='1' AIRFLOW_CTX_DAG_RUN_ID='scheduled__2024-06-16T00:00:00+00:00'
[2024-06-17T17:57:13.637+0000] {taskinstance.py:430} INFO - ::endgroup::
[2024-06-17T17:57:13.764+0000] {taskinstance.py:441} INFO - ::group::Post task execution logs
[2024-06-17T17:57:13.766+0000] {taskinstance.py:2905} ERROR - Task failed with exception
Traceback (most recent call last):
  File "/home/ubuntu/nba_ns_venv/lib/python3.12/site-packages/airflow/models/taskinstance.py", line 465, in _execute_task
    result = _execute_callable(context=context, **execute_callable_kwargs)
             ^^^^^^^^^^^^^^^^^^^^^^^^^^^^^^^^^^^^^^^^^^^^^^^^^^^^^^^^^^^^^
  File "/home/ubuntu/nba_ns_venv/lib/python3.12/site-packages/airflow/models/taskinstance.py", line 432, in _execute_callable
    return execute_callable(context=context, **execute_callable_kwargs)
           ^^^^^^^^^^^^^^^^^^^^^^^^^^^^^^^^^^^^^^^^^^^^^^^^^^^^^^^^^^^^
  File "/home/ubuntu/nba_ns_venv/lib/python3.12/site-packages/airflow/models/baseoperator.py", line 401, in wrapper
    return func(self, *args, **kwargs)
           ^^^^^^^^^^^^^^^^^^^^^^^^^^^
  File "/home/ubuntu/nba_ns_venv/lib/python3.12/site-packages/airflow/operators/python.py", line 235, in execute
    return_value = self.execute_callable()
                   ^^^^^^^^^^^^^^^^^^^^^^^
  File "/home/ubuntu/nba_ns_venv/lib/python3.12/site-packages/airflow/operators/python.py", line 252, in execute_callable
    return self.python_callable(*self.op_args, **self.op_kwargs)
           ^^^^^^^^^^^^^^^^^^^^^^^^^^^^^^^^^^^^^^^^^^^^^^^^^^^^^
  File "/home/ubuntu/dags/nba_news_stats_etl.py", line 48, in fetch_nba_scores
    from nba_api.live.nba.endpoints import scoreboard
ModuleNotFoundError: No module named 'nba_api'
[2024-06-17T17:57:13.883+0000] {taskinstance.py:1206} INFO - Marking task as UP_FOR_RETRY. dag_id=nba_data_pipeline, task_id=fetch_nba_scores, run_id=scheduled__2024-06-16T00:00:00+00:00, execution_date=20240616T000000, start_date=20240617T175712, end_date=20240617T175713
[2024-06-17T17:57:13.960+0000] {standard_task_runner.py:110} ERROR - Failed to execute job 14 for task fetch_nba_scores (No module named 'nba_api'; 1877)
[2024-06-17T17:57:13.974+0000] {local_task_job_runner.py:240} INFO - Task exited with return code 1
[2024-06-17T17:57:14.046+0000] {logging_mixin.py:188} WARNING - /home/ubuntu/nba_ns_venv/lib/python3.12/site-packages/***/models/baseoperator.py:1297 AirflowProviderDeprecationWarning: Call to deprecated class SnowflakeOperator. (This class is deprecated. Please use `***.providers.common.sql.operators.sql.SQLExecuteQueryOperator`. Also, you can provide `hook_params={'warehouse': <warehouse>, 'database': <database>, 'role': <role>, 'schema': <schema>, 'authenticator': <authenticator>,'session_parameters': <session_parameters>}`.)
[2024-06-17T17:57:14.125+0000] {taskinstance.py:3503} INFO - 0 downstream tasks scheduled from follow-on schedule check
[2024-06-17T17:57:14.129+0000] {local_task_job_runner.py:222} INFO - ::endgroup::
