[2024-06-21T00:01:01.714+0000] {local_task_job_runner.py:120} INFO - ::group::Pre task execution logs
[2024-06-21T00:01:01.754+0000] {taskinstance.py:2076} INFO - Dependencies all met for dep_context=non-requeueable deps ti=<TaskInstance: nba_data_pipeline_dag.dbt_run scheduled__2024-06-20T00:00:00+00:00 [queued]>
[2024-06-21T00:01:01.764+0000] {taskinstance.py:2076} INFO - Dependencies all met for dep_context=requeueable deps ti=<TaskInstance: nba_data_pipeline_dag.dbt_run scheduled__2024-06-20T00:00:00+00:00 [queued]>
[2024-06-21T00:01:01.765+0000] {taskinstance.py:2306} INFO - Starting attempt 1 of 2
[2024-06-21T00:01:01.780+0000] {taskinstance.py:2330} INFO - Executing <Task(BashOperator): dbt_run> on 2024-06-20 00:00:00+00:00
[2024-06-21T00:01:01.791+0000] {logging_mixin.py:188} WARNING - /home/ubuntu/nba_ns_venv/lib/python3.12/site-packages/***/task/task_runner/standard_task_runner.py:61 DeprecationWarning: This process (pid=18276) is multi-threaded, use of fork() may lead to deadlocks in the child.
[2024-06-21T00:01:01.793+0000] {standard_task_runner.py:63} INFO - Started process 18284 to run task
[2024-06-21T00:01:01.791+0000] {standard_task_runner.py:90} INFO - Running: ['***', 'tasks', 'run', 'nba_data_pipeline_dag', 'dbt_run', 'scheduled__2024-06-20T00:00:00+00:00', '--job-id', '1706', '--raw', '--subdir', 'DAGS_FOLDER/nba_data_pipeline_dag.py', '--cfg-path', '/tmp/tmplhx20y47']
[2024-06-21T00:01:01.794+0000] {standard_task_runner.py:91} INFO - Job 1706: Subtask dbt_run
[2024-06-21T00:01:01.897+0000] {task_command.py:426} INFO - Running <TaskInstance: nba_data_pipeline_dag.dbt_run scheduled__2024-06-20T00:00:00+00:00 [running]> on host ip-172-31-45-144.ec2.internal
[2024-06-21T00:01:02.064+0000] {taskinstance.py:2648} INFO - Exporting env vars: AIRFLOW_CTX_DAG_OWNER='Airflow' AIRFLOW_CTX_DAG_ID='nba_data_pipeline_dag' AIRFLOW_CTX_TASK_ID='dbt_run' AIRFLOW_CTX_EXECUTION_DATE='2024-06-20T00:00:00+00:00' AIRFLOW_CTX_TRY_NUMBER='1' AIRFLOW_CTX_DAG_RUN_ID='scheduled__2024-06-20T00:00:00+00:00'
[2024-06-21T00:01:02.066+0000] {taskinstance.py:430} INFO - ::endgroup::
[2024-06-21T00:01:02.079+0000] {subprocess.py:63} INFO - Tmp dir root location: /tmp
[2024-06-21T00:01:02.080+0000] {subprocess.py:75} INFO - Running command: ['/usr/bin/bash', '-c', 'cd /home/ubuntu/nba_project && dbt run']
[2024-06-21T00:01:02.095+0000] {subprocess.py:86} INFO - Output:
[2024-06-21T00:01:04.164+0000] {subprocess.py:93} INFO - [0m00:01:04  Running with dbt=1.8.2
[2024-06-21T00:01:05.204+0000] {subprocess.py:93} INFO - [0m00:01:05  Registered adapter: snowflake=1.8.3
[2024-06-21T00:01:05.522+0000] {subprocess.py:93} INFO - [0m00:01:05  Found 9 models, 4 sources, 444 macros
[2024-06-21T00:01:05.525+0000] {subprocess.py:93} INFO - [0m00:01:05
[2024-06-21T00:01:12.435+0000] {subprocess.py:93} INFO - [0m00:01:12  Concurrency: 1 threads (target='dev')
[2024-06-21T00:01:12.435+0000] {subprocess.py:93} INFO - [0m00:01:12
[2024-06-21T00:01:12.439+0000] {subprocess.py:93} INFO - [0m00:01:12  1 of 9 START sql view model NBA_STATS_dbt_nba_stats.staging_nba_news ........... [RUN]
[2024-06-21T00:01:13.160+0000] {subprocess.py:93} INFO - [0m00:01:13  1 of 9 OK created sql view model NBA_STATS_dbt_nba_stats.staging_nba_news ...... [[32mSUCCESS 1[0m in 0.72s]
[2024-06-21T00:01:13.162+0000] {subprocess.py:93} INFO - [0m00:01:13  2 of 9 START sql view model NBA_STATS_dbt_nba_stats.staging_nba_scores ......... [RUN]
[2024-06-21T00:01:13.819+0000] {subprocess.py:93} INFO - [0m00:01:13  2 of 9 OK created sql view model NBA_STATS_dbt_nba_stats.staging_nba_scores .... [[32mSUCCESS 1[0m in 0.65s]
[2024-06-21T00:01:13.821+0000] {subprocess.py:93} INFO - [0m00:01:13  3 of 9 START sql view model NBA_STATS_dbt_nba_stats.staging_player_stats ....... [RUN]
[2024-06-21T00:01:14.455+0000] {subprocess.py:93} INFO - [0m00:01:14  3 of 9 OK created sql view model NBA_STATS_dbt_nba_stats.staging_player_stats .. [[32mSUCCESS 1[0m in 0.63s]
[2024-06-21T00:01:14.457+0000] {subprocess.py:93} INFO - [0m00:01:14  4 of 9 START sql view model NBA_STATS_dbt_nba_stats.staging_top_100_players_stats  [RUN]
[2024-06-21T00:01:15.472+0000] {subprocess.py:93} INFO - [0m00:01:15  4 of 9 OK created sql view model NBA_STATS_dbt_nba_stats.staging_top_100_players_stats  [[32mSUCCESS 1[0m in 1.01s]
[2024-06-21T00:01:15.474+0000] {subprocess.py:93} INFO - [0m00:01:15  5 of 9 START sql table model NBA_STATS_dbt_nba_stats.transformed_nba_news ...... [RUN]
[2024-06-21T00:01:16.871+0000] {subprocess.py:93} INFO - [0m00:01:16  5 of 9 OK created sql table model NBA_STATS_dbt_nba_stats.transformed_nba_news . [[32mSUCCESS 1[0m in 1.39s]
[2024-06-21T00:01:16.872+0000] {subprocess.py:93} INFO - [0m00:01:16  6 of 9 START sql table model NBA_STATS_dbt_nba_stats.transformed_nba_scores .... [RUN]
[2024-06-21T00:01:18.280+0000] {subprocess.py:93} INFO - [0m00:01:18  6 of 9 OK created sql table model NBA_STATS_dbt_nba_stats.transformed_nba_scores  [[32mSUCCESS 1[0m in 1.41s]
[2024-06-21T00:01:18.283+0000] {subprocess.py:93} INFO - [0m00:01:18  7 of 9 START sql table model NBA_STATS_dbt_nba_stats.transformed_player_stats .. [RUN]
[2024-06-21T00:01:20.686+0000] {subprocess.py:93} INFO - [0m00:01:20  7 of 9 OK created sql table model NBA_STATS_dbt_nba_stats.transformed_player_stats  [[32mSUCCESS 1[0m in 2.40s]
[2024-06-21T00:01:20.688+0000] {subprocess.py:93} INFO - [0m00:01:20  8 of 9 START sql table model NBA_STATS_dbt_nba_stats.transformed_top_100_players_stats  [RUN]
[2024-06-21T00:01:22.183+0000] {subprocess.py:93} INFO - [0m00:01:22  8 of 9 OK created sql table model NBA_STATS_dbt_nba_stats.transformed_top_100_players_stats  [[32mSUCCESS 1[0m in 1.49s]
[2024-06-21T00:01:22.186+0000] {subprocess.py:93} INFO - [0m00:01:22  9 of 9 START sql table model NBA_STATS_dbt_nba_stats.top_100_2024_all_time ..... [RUN]
[2024-06-21T00:01:24.100+0000] {subprocess.py:93} INFO - [0m00:01:24  9 of 9 OK created sql table model NBA_STATS_dbt_nba_stats.top_100_2024_all_time  [[32mSUCCESS 1[0m in 1.91s]
[2024-06-21T00:01:24.103+0000] {subprocess.py:93} INFO - [0m00:01:24
[2024-06-21T00:01:24.104+0000] {subprocess.py:93} INFO - [0m00:01:24  Finished running 4 view models, 5 table models in 0 hours 0 minutes and 18.58 seconds (18.58s).
[2024-06-21T00:01:24.242+0000] {subprocess.py:93} INFO - [0m00:01:24
[2024-06-21T00:01:24.243+0000] {subprocess.py:93} INFO - [0m00:01:24  [32mCompleted successfully[0m
[2024-06-21T00:01:24.244+0000] {subprocess.py:93} INFO - [0m00:01:24
[2024-06-21T00:01:24.244+0000] {subprocess.py:93} INFO - [0m00:01:24  Done. PASS=9 WARN=0 ERROR=0 SKIP=0 TOTAL=9
[2024-06-21T00:01:24.701+0000] {subprocess.py:97} INFO - Command exited with return code 0
[2024-06-21T00:01:24.702+0000] {taskinstance.py:441} INFO - ::group::Post task execution logs
[2024-06-21T00:01:24.755+0000] {taskinstance.py:1206} INFO - Marking task as SUCCESS. dag_id=nba_data_pipeline_dag, task_id=dbt_run, run_id=scheduled__2024-06-20T00:00:00+00:00, execution_date=20240620T000000, start_date=20240621T000101, end_date=20240621T000124
[2024-06-21T00:01:24.776+0000] {local_task_job_runner.py:240} INFO - Task exited with return code 0
[2024-06-21T00:01:24.805+0000] {taskinstance.py:3503} INFO - 0 downstream tasks scheduled from follow-on schedule check
[2024-06-21T00:01:24.807+0000] {local_task_job_runner.py:222} INFO - ::endgroup::
