[2024-06-21T00:00:51.692+0000] {local_task_job_runner.py:120} INFO - ::group::Pre task execution logs
[2024-06-21T00:00:51.732+0000] {taskinstance.py:2076} INFO - Dependencies all met for dep_context=non-requeueable deps ti=<TaskInstance: nba_data_pipeline_dag.snowflake_copy_stats scheduled__2024-06-20T00:00:00+00:00 [queued]>
[2024-06-21T00:00:51.741+0000] {taskinstance.py:2076} INFO - Dependencies all met for dep_context=requeueable deps ti=<TaskInstance: nba_data_pipeline_dag.snowflake_copy_stats scheduled__2024-06-20T00:00:00+00:00 [queued]>
[2024-06-21T00:00:51.742+0000] {taskinstance.py:2306} INFO - Starting attempt 1 of 2
[2024-06-21T00:00:51.755+0000] {taskinstance.py:2330} INFO - Executing <Task(SQLExecuteQueryOperator): snowflake_copy_stats> on 2024-06-20 00:00:00+00:00
[2024-06-21T00:00:51.765+0000] {logging_mixin.py:188} WARNING - /home/ubuntu/nba_ns_venv/lib/python3.12/site-packages/***/task/task_runner/standard_task_runner.py:61 DeprecationWarning: This process (pid=18094) is multi-threaded, use of fork() may lead to deadlocks in the child.
[2024-06-21T00:00:51.766+0000] {standard_task_runner.py:63} INFO - Started process 18118 to run task
[2024-06-21T00:00:51.765+0000] {standard_task_runner.py:90} INFO - Running: ['***', 'tasks', 'run', 'nba_data_pipeline_dag', 'snowflake_copy_stats', 'scheduled__2024-06-20T00:00:00+00:00', '--job-id', '1705', '--raw', '--subdir', 'DAGS_FOLDER/nba_data_pipeline_dag.py', '--cfg-path', '/tmp/tmpah65dtwl']
[2024-06-21T00:00:51.767+0000] {standard_task_runner.py:91} INFO - Job 1705: Subtask snowflake_copy_stats
[2024-06-21T00:00:51.861+0000] {task_command.py:426} INFO - Running <TaskInstance: nba_data_pipeline_dag.snowflake_copy_stats scheduled__2024-06-20T00:00:00+00:00 [running]> on host ip-172-31-45-144.ec2.internal
[2024-06-21T00:00:52.016+0000] {taskinstance.py:2648} INFO - Exporting env vars: AIRFLOW_CTX_DAG_OWNER='Airflow' AIRFLOW_CTX_DAG_ID='nba_data_pipeline_dag' AIRFLOW_CTX_TASK_ID='snowflake_copy_stats' AIRFLOW_CTX_EXECUTION_DATE='2024-06-20T00:00:00+00:00' AIRFLOW_CTX_TRY_NUMBER='1' AIRFLOW_CTX_DAG_RUN_ID='scheduled__2024-06-20T00:00:00+00:00'
[2024-06-21T00:00:52.017+0000] {taskinstance.py:430} INFO - ::endgroup::
[2024-06-21T00:00:52.030+0000] {sql.py:276} INFO - Executing: 
        USE WAREHOUSE NBA_STATS_WAREHOUSE;
        USE NBA_STATS_ANALYTICS;
        COPY INTO NBA_STATS.player_stats
        FROM @SNOW_S3_STAGE/player_stats.csv
        FILE_FORMAT = (FORMAT_NAME = 'CSV_FORMAT');
        
[2024-06-21T00:00:52.055+0000] {base.py:84} INFO - Using connection ID 'snowflake_conn' for task execution.
[2024-06-21T00:00:52.326+0000] {base.py:84} INFO - Using connection ID 'snowflake_conn' for task execution.
[2024-06-21T00:00:52.326+0000] {connection.py:399} INFO - Snowflake Connector for Python Version: 3.10.1, Python Version: 3.12.3, Platform: Linux-6.8.0-1009-aws-x86_64-with-glibc2.39
[2024-06-21T00:00:52.327+0000] {connection.py:1239} INFO - This connection is in OCSP Fail Open Mode. TLS Certificates would be checked for validity and revocation status. Any other Certificate Revocation related exceptions or OCSP Responder failures would be disregarded in favor of connectivity.
[2024-06-21T00:00:52.327+0000] {connection.py:1249} INFO - THIS CONNECTION IS IN INSECURE MODE. IT MEANS THE CERTIFICATE WILL BE VALIDATED BUT THE CERTIFICATE REVOCATION STATUS WILL NOT BE CHECKED.
[2024-06-21T00:00:52.401+0000] {ssl_wrap_socket.py:100} INFO - THIS CONNECTION IS IN INSECURE MODE. IT MEANS THE CERTIFICATE WILL BE VALIDATED BUT THE CERTIFICATE REVOCATION STATUS WILL NOT BE CHECKED.
[2024-06-21T00:00:52.657+0000] {cursor.py:1149} INFO - Number of results in first chunk: 1
[2024-06-21T00:00:52.658+0000] {sql.py:487} INFO - Running statement: USE WAREHOUSE NBA_STATS_WAREHOUSE;, parameters: None
[2024-06-21T00:00:52.733+0000] {cursor.py:1149} INFO - Number of results in first chunk: 1
[2024-06-21T00:00:52.734+0000] {sql.py:496} INFO - Rows affected: 1
[2024-06-21T00:00:52.734+0000] {snowflake.py:409} INFO - Rows affected: 1
[2024-06-21T00:00:52.735+0000] {snowflake.py:410} INFO - Snowflake query id: 01b52560-0001-e49a-0006-023e00024caa
[2024-06-21T00:00:52.735+0000] {sql.py:487} INFO - Running statement: USE NBA_STATS_ANALYTICS;, parameters: None
[2024-06-21T00:00:52.829+0000] {cursor.py:1149} INFO - Number of results in first chunk: 1
[2024-06-21T00:00:52.830+0000] {sql.py:496} INFO - Rows affected: 1
[2024-06-21T00:00:52.830+0000] {snowflake.py:409} INFO - Rows affected: 1
[2024-06-21T00:00:52.830+0000] {snowflake.py:410} INFO - Snowflake query id: 01b52560-0001-e496-0006-023e00021dda
[2024-06-21T00:00:52.830+0000] {sql.py:487} INFO - Running statement: COPY INTO NBA_STATS.player_stats
        FROM @SNOW_S3_STAGE/player_stats.csv
        FILE_FORMAT = (FORMAT_NAME = 'CSV_FORMAT');, parameters: None
[2024-06-21T00:00:55.206+0000] {cursor.py:1149} INFO - Number of results in first chunk: 1
[2024-06-21T00:00:55.207+0000] {sql.py:496} INFO - Rows affected: 1
[2024-06-21T00:00:55.207+0000] {snowflake.py:409} INFO - Rows affected: 1
[2024-06-21T00:00:55.207+0000] {snowflake.py:410} INFO - Snowflake query id: 01b52560-0001-e365-0006-023e00020fbe
[2024-06-21T00:00:55.415+0000] {cursor.py:1149} INFO - Number of results in first chunk: 1
[2024-06-21T00:00:55.415+0000] {connection.py:762} INFO - closed
[2024-06-21T00:00:59.951+0000] {connection.py:768} INFO - No async queries seem to be running, deleting session
[2024-06-21T00:00:59.990+0000] {taskinstance.py:441} INFO - ::group::Post task execution logs
[2024-06-21T00:01:00.068+0000] {taskinstance.py:1206} INFO - Marking task as SUCCESS. dag_id=nba_data_pipeline_dag, task_id=snowflake_copy_stats, run_id=scheduled__2024-06-20T00:00:00+00:00, execution_date=20240620T000000, start_date=20240621T000051, end_date=20240621T000100
[2024-06-21T00:01:00.090+0000] {local_task_job_runner.py:240} INFO - Task exited with return code 0
[2024-06-21T00:01:00.144+0000] {taskinstance.py:3503} INFO - 1 downstream tasks scheduled from follow-on schedule check
[2024-06-21T00:01:00.146+0000] {local_task_job_runner.py:222} INFO - ::endgroup::
