[2024-06-19T00:00:48.179+0000] {local_task_job_runner.py:120} INFO - ::group::Pre task execution logs
[2024-06-19T00:00:48.222+0000] {taskinstance.py:2076} INFO - Dependencies all met for dep_context=non-requeueable deps ti=<TaskInstance: nba_schema_creation_dag.snowflake_create_stage scheduled__2024-06-17T00:00:00+00:00 [queued]>
[2024-06-19T00:00:48.232+0000] {taskinstance.py:2076} INFO - Dependencies all met for dep_context=requeueable deps ti=<TaskInstance: nba_schema_creation_dag.snowflake_create_stage scheduled__2024-06-17T00:00:00+00:00 [queued]>
[2024-06-19T00:00:48.232+0000] {taskinstance.py:2306} INFO - Starting attempt 1 of 2
[2024-06-19T00:00:48.245+0000] {taskinstance.py:2330} INFO - Executing <Task(SQLExecuteQueryOperator): snowflake_create_stage> on 2024-06-17 00:00:00+00:00
[2024-06-19T00:00:48.253+0000] {standard_task_runner.py:90} INFO - Running: ['***', 'tasks', 'run', 'nba_schema_creation_dag', 'snowflake_create_stage', 'scheduled__2024-06-17T00:00:00+00:00', '--job-id', '560', '--raw', '--subdir', 'DAGS_FOLDER/nba_schema_creation_dag.py', '--cfg-path', '/tmp/tmpb05rnn0r']
[2024-06-19T00:00:48.256+0000] {standard_task_runner.py:91} INFO - Job 560: Subtask snowflake_create_stage
[2024-06-19T00:00:48.256+0000] {logging_mixin.py:188} WARNING - /home/ubuntu/nba_ns_venv/lib/python3.12/site-packages/***/task/task_runner/standard_task_runner.py:61 DeprecationWarning: This process (pid=8195) is multi-threaded, use of fork() may lead to deadlocks in the child.
[2024-06-19T00:00:48.257+0000] {standard_task_runner.py:63} INFO - Started process 8203 to run task
[2024-06-19T00:00:48.349+0000] {task_command.py:426} INFO - Running <TaskInstance: nba_schema_creation_dag.snowflake_create_stage scheduled__2024-06-17T00:00:00+00:00 [running]> on host ip-172-31-45-144.ec2.internal
[2024-06-19T00:00:48.497+0000] {taskinstance.py:2648} INFO - Exporting env vars: AIRFLOW_CTX_DAG_OWNER='Airflow' AIRFLOW_CTX_DAG_ID='nba_schema_creation_dag' AIRFLOW_CTX_TASK_ID='snowflake_create_stage' AIRFLOW_CTX_EXECUTION_DATE='2024-06-17T00:00:00+00:00' AIRFLOW_CTX_TRY_NUMBER='1' AIRFLOW_CTX_DAG_RUN_ID='scheduled__2024-06-17T00:00:00+00:00'
[2024-06-19T00:00:48.497+0000] {taskinstance.py:430} INFO - ::endgroup::
[2024-06-19T00:00:48.515+0000] {sql.py:276} INFO - Executing: 
        CREATE OR REPLACE STAGE SNOW_S3_STAGE
        STORAGE_INTEGRATION = SNOW_S3
        URL = 's3://nba-stats-players/';
        
[2024-06-19T00:00:48.541+0000] {base.py:84} INFO - Using connection ID 'snowflake_conn' for task execution.
[2024-06-19T00:00:49.363+0000] {base.py:84} INFO - Using connection ID 'snowflake_conn' for task execution.
[2024-06-19T00:00:49.364+0000] {connection.py:399} INFO - Snowflake Connector for Python Version: 3.10.1, Python Version: 3.12.3, Platform: Linux-6.8.0-1009-aws-x86_64-with-glibc2.39
[2024-06-19T00:00:49.365+0000] {connection.py:1239} INFO - This connection is in OCSP Fail Open Mode. TLS Certificates would be checked for validity and revocation status. Any other Certificate Revocation related exceptions or OCSP Responder failures would be disregarded in favor of connectivity.
[2024-06-19T00:00:49.365+0000] {connection.py:1249} INFO - THIS CONNECTION IS IN INSECURE MODE. IT MEANS THE CERTIFICATE WILL BE VALIDATED BUT THE CERTIFICATE REVOCATION STATUS WILL NOT BE CHECKED.
[2024-06-19T00:00:49.424+0000] {ssl_wrap_socket.py:100} INFO - THIS CONNECTION IS IN INSECURE MODE. IT MEANS THE CERTIFICATE WILL BE VALIDATED BUT THE CERTIFICATE REVOCATION STATUS WILL NOT BE CHECKED.
[2024-06-19T00:00:50.503+0000] {cursor.py:1149} INFO - Number of results in first chunk: 1
[2024-06-19T00:00:50.503+0000] {sql.py:487} INFO - Running statement: CREATE OR REPLACE STAGE SNOW_S3_STAGE
        STORAGE_INTEGRATION = SNOW_S3
        URL = 's3://nba-stats-players/';, parameters: None
[2024-06-19T00:00:50.809+0000] {cursor.py:1149} INFO - Number of results in first chunk: 1
[2024-06-19T00:00:50.810+0000] {sql.py:496} INFO - Rows affected: 1
[2024-06-19T00:00:50.810+0000] {snowflake.py:409} INFO - Rows affected: 1
[2024-06-19T00:00:50.810+0000] {snowflake.py:410} INFO - Snowflake query id: 01b51a20-0001-e499-0006-023e0001c55e
[2024-06-19T00:00:50.898+0000] {cursor.py:1149} INFO - Number of results in first chunk: 1
[2024-06-19T00:00:50.899+0000] {connection.py:762} INFO - closed
[2024-06-19T00:00:50.925+0000] {connection.py:768} INFO - No async queries seem to be running, deleting session
[2024-06-19T00:00:50.961+0000] {taskinstance.py:441} INFO - ::group::Post task execution logs
[2024-06-19T00:00:51.014+0000] {taskinstance.py:1206} INFO - Marking task as SUCCESS. dag_id=nba_schema_creation_dag, task_id=snowflake_create_stage, run_id=scheduled__2024-06-17T00:00:00+00:00, execution_date=20240617T000000, start_date=20240619T000048, end_date=20240619T000051
[2024-06-19T00:00:51.047+0000] {local_task_job_runner.py:240} INFO - Task exited with return code 0
[2024-06-19T00:00:51.090+0000] {taskinstance.py:3503} INFO - 1 downstream tasks scheduled from follow-on schedule check
[2024-06-19T00:00:51.093+0000] {local_task_job_runner.py:222} INFO - ::endgroup::
[2024-06-19T00:06:07.799+0000] {local_task_job_runner.py:120} INFO - ::group::Pre task execution logs
[2024-06-19T00:06:07.843+0000] {taskinstance.py:2076} INFO - Dependencies all met for dep_context=non-requeueable deps ti=<TaskInstance: nba_schema_creation_dag.snowflake_create_stage scheduled__2024-06-17T00:00:00+00:00 [queued]>
[2024-06-19T00:06:07.852+0000] {taskinstance.py:2076} INFO - Dependencies all met for dep_context=requeueable deps ti=<TaskInstance: nba_schema_creation_dag.snowflake_create_stage scheduled__2024-06-17T00:00:00+00:00 [queued]>
[2024-06-19T00:06:07.852+0000] {taskinstance.py:2306} INFO - Starting attempt 1 of 2
[2024-06-19T00:06:07.865+0000] {taskinstance.py:2330} INFO - Executing <Task(SQLExecuteQueryOperator): snowflake_create_stage> on 2024-06-17 00:00:00+00:00
[2024-06-19T00:06:07.873+0000] {standard_task_runner.py:90} INFO - Running: ['***', 'tasks', 'run', 'nba_schema_creation_dag', 'snowflake_create_stage', 'scheduled__2024-06-17T00:00:00+00:00', '--job-id', '576', '--raw', '--subdir', 'DAGS_FOLDER/nba_schema_creation_dag.py', '--cfg-path', '/tmp/tmpla0i5wgi']
[2024-06-19T00:06:07.876+0000] {standard_task_runner.py:91} INFO - Job 576: Subtask snowflake_create_stage
[2024-06-19T00:06:07.876+0000] {logging_mixin.py:188} WARNING - /home/ubuntu/nba_ns_venv/lib/python3.12/site-packages/***/task/task_runner/standard_task_runner.py:61 DeprecationWarning: This process (pid=11245) is multi-threaded, use of fork() may lead to deadlocks in the child.
[2024-06-19T00:06:07.878+0000] {standard_task_runner.py:63} INFO - Started process 11251 to run task
[2024-06-19T00:06:07.972+0000] {task_command.py:426} INFO - Running <TaskInstance: nba_schema_creation_dag.snowflake_create_stage scheduled__2024-06-17T00:00:00+00:00 [running]> on host ip-172-31-45-144.ec2.internal
[2024-06-19T00:06:08.123+0000] {taskinstance.py:2648} INFO - Exporting env vars: AIRFLOW_CTX_DAG_OWNER='Airflow' AIRFLOW_CTX_DAG_ID='nba_schema_creation_dag' AIRFLOW_CTX_TASK_ID='snowflake_create_stage' AIRFLOW_CTX_EXECUTION_DATE='2024-06-17T00:00:00+00:00' AIRFLOW_CTX_TRY_NUMBER='1' AIRFLOW_CTX_DAG_RUN_ID='scheduled__2024-06-17T00:00:00+00:00'
[2024-06-19T00:06:08.124+0000] {taskinstance.py:430} INFO - ::endgroup::
[2024-06-19T00:06:08.141+0000] {sql.py:276} INFO - Executing: 
        CREATE OR REPLACE STAGE SNOW_S3_STAGE
        STORAGE_INTEGRATION = SNOW_S3
        URL = 's3://nba-stats-players/';
        
[2024-06-19T00:06:08.168+0000] {base.py:84} INFO - Using connection ID 'snowflake_conn' for task execution.
[2024-06-19T00:06:08.940+0000] {base.py:84} INFO - Using connection ID 'snowflake_conn' for task execution.
[2024-06-19T00:06:08.941+0000] {connection.py:399} INFO - Snowflake Connector for Python Version: 3.10.1, Python Version: 3.12.3, Platform: Linux-6.8.0-1009-aws-x86_64-with-glibc2.39
[2024-06-19T00:06:08.941+0000] {connection.py:1239} INFO - This connection is in OCSP Fail Open Mode. TLS Certificates would be checked for validity and revocation status. Any other Certificate Revocation related exceptions or OCSP Responder failures would be disregarded in favor of connectivity.
[2024-06-19T00:06:08.942+0000] {connection.py:1249} INFO - THIS CONNECTION IS IN INSECURE MODE. IT MEANS THE CERTIFICATE WILL BE VALIDATED BUT THE CERTIFICATE REVOCATION STATUS WILL NOT BE CHECKED.
[2024-06-19T00:06:09.000+0000] {ssl_wrap_socket.py:100} INFO - THIS CONNECTION IS IN INSECURE MODE. IT MEANS THE CERTIFICATE WILL BE VALIDATED BUT THE CERTIFICATE REVOCATION STATUS WILL NOT BE CHECKED.
[2024-06-19T00:06:09.249+0000] {cursor.py:1149} INFO - Number of results in first chunk: 1
[2024-06-19T00:06:09.250+0000] {sql.py:487} INFO - Running statement: CREATE OR REPLACE STAGE SNOW_S3_STAGE
        STORAGE_INTEGRATION = SNOW_S3
        URL = 's3://nba-stats-players/';, parameters: None
[2024-06-19T00:06:09.555+0000] {cursor.py:1149} INFO - Number of results in first chunk: 1
[2024-06-19T00:06:09.555+0000] {sql.py:496} INFO - Rows affected: 1
[2024-06-19T00:06:09.556+0000] {snowflake.py:409} INFO - Rows affected: 1
[2024-06-19T00:06:09.556+0000] {snowflake.py:410} INFO - Snowflake query id: 01b51a26-0001-e496-0006-023e000195ce
[2024-06-19T00:06:09.636+0000] {cursor.py:1149} INFO - Number of results in first chunk: 1
[2024-06-19T00:06:09.636+0000] {connection.py:762} INFO - closed
[2024-06-19T00:06:09.662+0000] {connection.py:768} INFO - No async queries seem to be running, deleting session
[2024-06-19T00:06:09.713+0000] {taskinstance.py:441} INFO - ::group::Post task execution logs
[2024-06-19T00:06:09.779+0000] {taskinstance.py:1206} INFO - Marking task as SUCCESS. dag_id=nba_schema_creation_dag, task_id=snowflake_create_stage, run_id=scheduled__2024-06-17T00:00:00+00:00, execution_date=20240617T000000, start_date=20240619T000607, end_date=20240619T000609
[2024-06-19T00:06:09.821+0000] {local_task_job_runner.py:240} INFO - Task exited with return code 0
[2024-06-19T00:06:09.865+0000] {taskinstance.py:3503} INFO - 1 downstream tasks scheduled from follow-on schedule check
[2024-06-19T00:06:09.868+0000] {local_task_job_runner.py:222} INFO - ::endgroup::
[2024-06-19T00:35:32.252+0000] {local_task_job_runner.py:120} INFO - ::group::Pre task execution logs
[2024-06-19T00:35:32.297+0000] {taskinstance.py:2076} INFO - Dependencies all met for dep_context=non-requeueable deps ti=<TaskInstance: nba_schema_creation_dag.snowflake_create_stage scheduled__2024-06-17T00:00:00+00:00 [queued]>
[2024-06-19T00:35:32.306+0000] {taskinstance.py:2076} INFO - Dependencies all met for dep_context=requeueable deps ti=<TaskInstance: nba_schema_creation_dag.snowflake_create_stage scheduled__2024-06-17T00:00:00+00:00 [queued]>
[2024-06-19T00:35:32.307+0000] {taskinstance.py:2306} INFO - Starting attempt 1 of 2
[2024-06-19T00:35:32.320+0000] {taskinstance.py:2330} INFO - Executing <Task(SQLExecuteQueryOperator): snowflake_create_stage> on 2024-06-17 00:00:00+00:00
[2024-06-19T00:35:32.327+0000] {standard_task_runner.py:90} INFO - Running: ['***', 'tasks', 'run', 'nba_schema_creation_dag', 'snowflake_create_stage', 'scheduled__2024-06-17T00:00:00+00:00', '--job-id', '585', '--raw', '--subdir', 'DAGS_FOLDER/nba_schema_creation_dag.py', '--cfg-path', '/tmp/tmpmw6brczj']
[2024-06-19T00:35:32.329+0000] {standard_task_runner.py:91} INFO - Job 585: Subtask snowflake_create_stage
[2024-06-19T00:35:32.330+0000] {logging_mixin.py:188} WARNING - /home/ubuntu/nba_ns_venv/lib/python3.12/site-packages/***/task/task_runner/standard_task_runner.py:61 DeprecationWarning: This process (pid=2287) is multi-threaded, use of fork() may lead to deadlocks in the child.
[2024-06-19T00:35:32.332+0000] {standard_task_runner.py:63} INFO - Started process 2293 to run task
[2024-06-19T00:35:32.425+0000] {task_command.py:426} INFO - Running <TaskInstance: nba_schema_creation_dag.snowflake_create_stage scheduled__2024-06-17T00:00:00+00:00 [running]> on host ip-172-31-45-144.ec2.internal
[2024-06-19T00:35:32.570+0000] {taskinstance.py:2648} INFO - Exporting env vars: AIRFLOW_CTX_DAG_OWNER='Airflow' AIRFLOW_CTX_DAG_ID='nba_schema_creation_dag' AIRFLOW_CTX_TASK_ID='snowflake_create_stage' AIRFLOW_CTX_EXECUTION_DATE='2024-06-17T00:00:00+00:00' AIRFLOW_CTX_TRY_NUMBER='1' AIRFLOW_CTX_DAG_RUN_ID='scheduled__2024-06-17T00:00:00+00:00'
[2024-06-19T00:35:32.571+0000] {taskinstance.py:430} INFO - ::endgroup::
[2024-06-19T00:35:32.588+0000] {sql.py:276} INFO - Executing: 
        CREATE OR REPLACE STAGE SNOW_S3_STAGE
        STORAGE_INTEGRATION = SNOW_S3
        URL = 's3://nba-stats-players/';
        
[2024-06-19T00:35:32.613+0000] {base.py:84} INFO - Using connection ID 'snowflake_conn' for task execution.
[2024-06-19T00:35:33.377+0000] {base.py:84} INFO - Using connection ID 'snowflake_conn' for task execution.
[2024-06-19T00:35:33.378+0000] {connection.py:399} INFO - Snowflake Connector for Python Version: 3.10.1, Python Version: 3.12.3, Platform: Linux-6.8.0-1009-aws-x86_64-with-glibc2.39
[2024-06-19T00:35:33.379+0000] {connection.py:1239} INFO - This connection is in OCSP Fail Open Mode. TLS Certificates would be checked for validity and revocation status. Any other Certificate Revocation related exceptions or OCSP Responder failures would be disregarded in favor of connectivity.
[2024-06-19T00:35:33.379+0000] {connection.py:1249} INFO - THIS CONNECTION IS IN INSECURE MODE. IT MEANS THE CERTIFICATE WILL BE VALIDATED BUT THE CERTIFICATE REVOCATION STATUS WILL NOT BE CHECKED.
[2024-06-19T00:35:33.437+0000] {ssl_wrap_socket.py:100} INFO - THIS CONNECTION IS IN INSECURE MODE. IT MEANS THE CERTIFICATE WILL BE VALIDATED BUT THE CERTIFICATE REVOCATION STATUS WILL NOT BE CHECKED.
[2024-06-19T00:35:33.708+0000] {cursor.py:1149} INFO - Number of results in first chunk: 1
[2024-06-19T00:35:33.709+0000] {sql.py:487} INFO - Running statement: CREATE OR REPLACE STAGE SNOW_S3_STAGE
        STORAGE_INTEGRATION = SNOW_S3
        URL = 's3://nba-stats-players/';, parameters: None
[2024-06-19T00:35:34.030+0000] {cursor.py:1149} INFO - Number of results in first chunk: 1
[2024-06-19T00:35:34.030+0000] {sql.py:496} INFO - Rows affected: 1
[2024-06-19T00:35:34.030+0000] {snowflake.py:409} INFO - Rows affected: 1
[2024-06-19T00:35:34.031+0000] {snowflake.py:410} INFO - Snowflake query id: 01b51a43-0001-e364-0006-023e0001e4f2
[2024-06-19T00:35:34.113+0000] {cursor.py:1149} INFO - Number of results in first chunk: 1
[2024-06-19T00:35:34.113+0000] {connection.py:762} INFO - closed
[2024-06-19T00:35:34.226+0000] {connection.py:768} INFO - No async queries seem to be running, deleting session
[2024-06-19T00:35:34.259+0000] {taskinstance.py:441} INFO - ::group::Post task execution logs
[2024-06-19T00:35:34.311+0000] {taskinstance.py:1206} INFO - Marking task as SUCCESS. dag_id=nba_schema_creation_dag, task_id=snowflake_create_stage, run_id=scheduled__2024-06-17T00:00:00+00:00, execution_date=20240617T000000, start_date=20240619T003532, end_date=20240619T003534
[2024-06-19T00:35:34.353+0000] {local_task_job_runner.py:240} INFO - Task exited with return code 0
[2024-06-19T00:35:34.395+0000] {taskinstance.py:3503} INFO - 1 downstream tasks scheduled from follow-on schedule check
[2024-06-19T00:35:34.397+0000] {local_task_job_runner.py:222} INFO - ::endgroup::
[2024-06-19T00:45:44.581+0000] {local_task_job_runner.py:120} INFO - ::group::Pre task execution logs
[2024-06-19T00:45:44.626+0000] {taskinstance.py:2076} INFO - Dependencies all met for dep_context=non-requeueable deps ti=<TaskInstance: nba_schema_creation_dag.snowflake_create_stage scheduled__2024-06-17T00:00:00+00:00 [queued]>
[2024-06-19T00:45:44.635+0000] {taskinstance.py:2076} INFO - Dependencies all met for dep_context=requeueable deps ti=<TaskInstance: nba_schema_creation_dag.snowflake_create_stage scheduled__2024-06-17T00:00:00+00:00 [queued]>
[2024-06-19T00:45:44.635+0000] {taskinstance.py:2306} INFO - Starting attempt 1 of 2
[2024-06-19T00:45:44.649+0000] {taskinstance.py:2330} INFO - Executing <Task(SQLExecuteQueryOperator): snowflake_create_stage> on 2024-06-17 00:00:00+00:00
[2024-06-19T00:45:44.657+0000] {standard_task_runner.py:90} INFO - Running: ['***', 'tasks', 'run', 'nba_schema_creation_dag', 'snowflake_create_stage', 'scheduled__2024-06-17T00:00:00+00:00', '--job-id', '605', '--raw', '--subdir', 'DAGS_FOLDER/nba_schema_creation_dag.py', '--cfg-path', '/tmp/tmpo4z6hjxh']
[2024-06-19T00:45:44.660+0000] {standard_task_runner.py:91} INFO - Job 605: Subtask snowflake_create_stage
[2024-06-19T00:45:44.661+0000] {logging_mixin.py:188} WARNING - /home/ubuntu/nba_ns_venv/lib/python3.12/site-packages/***/task/task_runner/standard_task_runner.py:61 DeprecationWarning: This process (pid=6917) is multi-threaded, use of fork() may lead to deadlocks in the child.
[2024-06-19T00:45:44.663+0000] {standard_task_runner.py:63} INFO - Started process 6923 to run task
[2024-06-19T00:45:44.753+0000] {task_command.py:426} INFO - Running <TaskInstance: nba_schema_creation_dag.snowflake_create_stage scheduled__2024-06-17T00:00:00+00:00 [running]> on host ip-172-31-45-144.ec2.internal
[2024-06-19T00:45:44.899+0000] {taskinstance.py:2648} INFO - Exporting env vars: AIRFLOW_CTX_DAG_OWNER='Airflow' AIRFLOW_CTX_DAG_ID='nba_schema_creation_dag' AIRFLOW_CTX_TASK_ID='snowflake_create_stage' AIRFLOW_CTX_EXECUTION_DATE='2024-06-17T00:00:00+00:00' AIRFLOW_CTX_TRY_NUMBER='1' AIRFLOW_CTX_DAG_RUN_ID='scheduled__2024-06-17T00:00:00+00:00'
[2024-06-19T00:45:44.899+0000] {taskinstance.py:430} INFO - ::endgroup::
[2024-06-19T00:45:44.916+0000] {sql.py:276} INFO - Executing: 
        USE WAREHOUSE NBA_STATS_WAREHOUSE;
        USE NBA_STATS_ANALYTICS;
        CREATE OR REPLACE STAGE SNOW_S3_STAGE
        STORAGE_INTEGRATION = SNOW_S3
        URL = 's3://nba-stats-players/';
        
[2024-06-19T00:45:44.942+0000] {base.py:84} INFO - Using connection ID 'snowflake_conn' for task execution.
[2024-06-19T00:45:45.717+0000] {base.py:84} INFO - Using connection ID 'snowflake_conn' for task execution.
[2024-06-19T00:45:45.718+0000] {connection.py:399} INFO - Snowflake Connector for Python Version: 3.10.1, Python Version: 3.12.3, Platform: Linux-6.8.0-1009-aws-x86_64-with-glibc2.39
[2024-06-19T00:45:45.719+0000] {connection.py:1239} INFO - This connection is in OCSP Fail Open Mode. TLS Certificates would be checked for validity and revocation status. Any other Certificate Revocation related exceptions or OCSP Responder failures would be disregarded in favor of connectivity.
[2024-06-19T00:45:45.719+0000] {connection.py:1249} INFO - THIS CONNECTION IS IN INSECURE MODE. IT MEANS THE CERTIFICATE WILL BE VALIDATED BUT THE CERTIFICATE REVOCATION STATUS WILL NOT BE CHECKED.
[2024-06-19T00:45:45.778+0000] {ssl_wrap_socket.py:100} INFO - THIS CONNECTION IS IN INSECURE MODE. IT MEANS THE CERTIFICATE WILL BE VALIDATED BUT THE CERTIFICATE REVOCATION STATUS WILL NOT BE CHECKED.
[2024-06-19T00:45:46.234+0000] {cursor.py:1149} INFO - Number of results in first chunk: 1
[2024-06-19T00:45:46.235+0000] {sql.py:487} INFO - Running statement: USE WAREHOUSE NBA_STATS_WAREHOUSE;, parameters: None
[2024-06-19T00:45:46.752+0000] {cursor.py:1149} INFO - Number of results in first chunk: 1
[2024-06-19T00:45:46.752+0000] {sql.py:496} INFO - Rows affected: 1
[2024-06-19T00:45:46.753+0000] {snowflake.py:409} INFO - Rows affected: 1
[2024-06-19T00:45:46.753+0000] {snowflake.py:410} INFO - Snowflake query id: 01b51a4d-0001-e495-0006-023e0001858a
[2024-06-19T00:45:46.753+0000] {sql.py:487} INFO - Running statement: USE NBA_STATS_ANALYTICS;, parameters: None
[2024-06-19T00:45:46.833+0000] {cursor.py:1149} INFO - Number of results in first chunk: 1
[2024-06-19T00:45:46.833+0000] {sql.py:496} INFO - Rows affected: 1
[2024-06-19T00:45:46.834+0000] {snowflake.py:409} INFO - Rows affected: 1
[2024-06-19T00:45:46.834+0000] {snowflake.py:410} INFO - Snowflake query id: 01b51a4d-0001-e498-0006-023e0001b5e2
[2024-06-19T00:45:46.834+0000] {sql.py:487} INFO - Running statement: CREATE OR REPLACE STAGE SNOW_S3_STAGE
        STORAGE_INTEGRATION = SNOW_S3
        URL = 's3://nba-stats-players/';, parameters: None
[2024-06-19T00:45:47.100+0000] {cursor.py:1149} INFO - Number of results in first chunk: 1
[2024-06-19T00:45:47.101+0000] {sql.py:496} INFO - Rows affected: 1
[2024-06-19T00:45:47.101+0000] {snowflake.py:409} INFO - Rows affected: 1
[2024-06-19T00:45:47.101+0000] {snowflake.py:410} INFO - Snowflake query id: 01b51a4d-0001-e49a-0006-023e0001a692
[2024-06-19T00:45:47.164+0000] {cursor.py:1149} INFO - Number of results in first chunk: 1
[2024-06-19T00:45:47.164+0000] {connection.py:762} INFO - closed
[2024-06-19T00:45:47.190+0000] {connection.py:768} INFO - No async queries seem to be running, deleting session
[2024-06-19T00:45:47.228+0000] {taskinstance.py:441} INFO - ::group::Post task execution logs
[2024-06-19T00:45:47.280+0000] {taskinstance.py:1206} INFO - Marking task as SUCCESS. dag_id=nba_schema_creation_dag, task_id=snowflake_create_stage, run_id=scheduled__2024-06-17T00:00:00+00:00, execution_date=20240617T000000, start_date=20240619T004544, end_date=20240619T004547
[2024-06-19T00:45:47.328+0000] {local_task_job_runner.py:240} INFO - Task exited with return code 0
[2024-06-19T00:45:47.388+0000] {taskinstance.py:3503} INFO - 0 downstream tasks scheduled from follow-on schedule check
[2024-06-19T00:45:47.390+0000] {local_task_job_runner.py:222} INFO - ::endgroup::
[2024-06-19T01:08:21.073+0000] {local_task_job_runner.py:120} INFO - ::group::Pre task execution logs
[2024-06-19T01:08:21.118+0000] {taskinstance.py:2076} INFO - Dependencies all met for dep_context=non-requeueable deps ti=<TaskInstance: nba_schema_creation_dag.snowflake_create_stage scheduled__2024-06-17T00:00:00+00:00 [queued]>
[2024-06-19T01:08:21.128+0000] {taskinstance.py:2076} INFO - Dependencies all met for dep_context=requeueable deps ti=<TaskInstance: nba_schema_creation_dag.snowflake_create_stage scheduled__2024-06-17T00:00:00+00:00 [queued]>
[2024-06-19T01:08:21.128+0000] {taskinstance.py:2306} INFO - Starting attempt 1 of 2
[2024-06-19T01:08:21.142+0000] {taskinstance.py:2330} INFO - Executing <Task(SQLExecuteQueryOperator): snowflake_create_stage> on 2024-06-17 00:00:00+00:00
[2024-06-19T01:08:21.150+0000] {standard_task_runner.py:90} INFO - Running: ['***', 'tasks', 'run', 'nba_schema_creation_dag', 'snowflake_create_stage', 'scheduled__2024-06-17T00:00:00+00:00', '--job-id', '625', '--raw', '--subdir', 'DAGS_FOLDER/nba_schema_creation_dag.py', '--cfg-path', '/tmp/tmpq2ctk84w']
[2024-06-19T01:08:21.153+0000] {standard_task_runner.py:91} INFO - Job 625: Subtask snowflake_create_stage
[2024-06-19T01:08:21.153+0000] {logging_mixin.py:188} WARNING - /home/ubuntu/nba_ns_venv/lib/python3.12/site-packages/***/task/task_runner/standard_task_runner.py:61 DeprecationWarning: This process (pid=13363) is multi-threaded, use of fork() may lead to deadlocks in the child.
[2024-06-19T01:08:21.154+0000] {standard_task_runner.py:63} INFO - Started process 13371 to run task
[2024-06-19T01:08:21.248+0000] {task_command.py:426} INFO - Running <TaskInstance: nba_schema_creation_dag.snowflake_create_stage scheduled__2024-06-17T00:00:00+00:00 [running]> on host ip-172-31-45-144.ec2.internal
[2024-06-19T01:08:21.397+0000] {taskinstance.py:2648} INFO - Exporting env vars: AIRFLOW_CTX_DAG_OWNER='Airflow' AIRFLOW_CTX_DAG_ID='nba_schema_creation_dag' AIRFLOW_CTX_TASK_ID='snowflake_create_stage' AIRFLOW_CTX_EXECUTION_DATE='2024-06-17T00:00:00+00:00' AIRFLOW_CTX_TRY_NUMBER='1' AIRFLOW_CTX_DAG_RUN_ID='scheduled__2024-06-17T00:00:00+00:00'
[2024-06-19T01:08:21.398+0000] {taskinstance.py:430} INFO - ::endgroup::
[2024-06-19T01:08:21.415+0000] {sql.py:276} INFO - Executing: 
        USE WAREHOUSE NBA_STATS_WAREHOUSE;
        USE NBA_STATS_ANALYTICS;
        CREATE OR REPLACE STAGE SNOW_S3_STAGE
        STORAGE_INTEGRATION = SNOW_S3
        URL = 's3://nba-stats-players/';
        
[2024-06-19T01:08:21.441+0000] {base.py:84} INFO - Using connection ID 'snowflake_conn' for task execution.
[2024-06-19T01:08:22.211+0000] {base.py:84} INFO - Using connection ID 'snowflake_conn' for task execution.
[2024-06-19T01:08:22.212+0000] {connection.py:399} INFO - Snowflake Connector for Python Version: 3.10.1, Python Version: 3.12.3, Platform: Linux-6.8.0-1009-aws-x86_64-with-glibc2.39
[2024-06-19T01:08:22.213+0000] {connection.py:1239} INFO - This connection is in OCSP Fail Open Mode. TLS Certificates would be checked for validity and revocation status. Any other Certificate Revocation related exceptions or OCSP Responder failures would be disregarded in favor of connectivity.
[2024-06-19T01:08:22.213+0000] {connection.py:1249} INFO - THIS CONNECTION IS IN INSECURE MODE. IT MEANS THE CERTIFICATE WILL BE VALIDATED BUT THE CERTIFICATE REVOCATION STATUS WILL NOT BE CHECKED.
[2024-06-19T01:08:22.275+0000] {ssl_wrap_socket.py:100} INFO - THIS CONNECTION IS IN INSECURE MODE. IT MEANS THE CERTIFICATE WILL BE VALIDATED BUT THE CERTIFICATE REVOCATION STATUS WILL NOT BE CHECKED.
[2024-06-19T01:08:22.583+0000] {cursor.py:1149} INFO - Number of results in first chunk: 1
[2024-06-19T01:08:22.584+0000] {sql.py:487} INFO - Running statement: USE WAREHOUSE NBA_STATS_WAREHOUSE;, parameters: None
[2024-06-19T01:08:22.635+0000] {cursor.py:1149} INFO - Number of results in first chunk: 1
[2024-06-19T01:08:22.635+0000] {sql.py:496} INFO - Rows affected: 1
[2024-06-19T01:08:22.636+0000] {snowflake.py:409} INFO - Rows affected: 1
[2024-06-19T01:08:22.636+0000] {snowflake.py:410} INFO - Snowflake query id: 01b51a64-0001-e365-0006-023e000166b6
[2024-06-19T01:08:22.636+0000] {sql.py:487} INFO - Running statement: USE NBA_STATS_ANALYTICS;, parameters: None
[2024-06-19T01:08:22.722+0000] {cursor.py:1149} INFO - Number of results in first chunk: 1
[2024-06-19T01:08:22.723+0000] {sql.py:496} INFO - Rows affected: 1
[2024-06-19T01:08:22.723+0000] {snowflake.py:409} INFO - Rows affected: 1
[2024-06-19T01:08:22.723+0000] {snowflake.py:410} INFO - Snowflake query id: 01b51a64-0001-e49c-0006-023e0001762a
[2024-06-19T01:08:22.723+0000] {sql.py:487} INFO - Running statement: CREATE OR REPLACE STAGE SNOW_S3_STAGE
        STORAGE_INTEGRATION = SNOW_S3
        URL = 's3://nba-stats-players/';, parameters: None
[2024-06-19T01:08:22.919+0000] {cursor.py:1149} INFO - Number of results in first chunk: 1
[2024-06-19T01:08:22.919+0000] {sql.py:496} INFO - Rows affected: 1
[2024-06-19T01:08:22.920+0000] {snowflake.py:409} INFO - Rows affected: 1
[2024-06-19T01:08:22.920+0000] {snowflake.py:410} INFO - Snowflake query id: 01b51a64-0001-e364-0006-023e0001e54a
[2024-06-19T01:08:22.980+0000] {cursor.py:1149} INFO - Number of results in first chunk: 1
[2024-06-19T01:08:22.981+0000] {connection.py:762} INFO - closed
[2024-06-19T01:08:23.010+0000] {connection.py:768} INFO - No async queries seem to be running, deleting session
[2024-06-19T01:08:23.045+0000] {taskinstance.py:441} INFO - ::group::Post task execution logs
[2024-06-19T01:08:23.097+0000] {taskinstance.py:1206} INFO - Marking task as SUCCESS. dag_id=nba_schema_creation_dag, task_id=snowflake_create_stage, run_id=scheduled__2024-06-17T00:00:00+00:00, execution_date=20240617T000000, start_date=20240619T010821, end_date=20240619T010823
[2024-06-19T01:08:23.139+0000] {local_task_job_runner.py:240} INFO - Task exited with return code 0
[2024-06-19T01:08:23.181+0000] {taskinstance.py:3503} INFO - 1 downstream tasks scheduled from follow-on schedule check
[2024-06-19T01:08:23.183+0000] {local_task_job_runner.py:222} INFO - ::endgroup::
[2024-06-19T01:27:42.596+0000] {local_task_job_runner.py:120} INFO - ::group::Pre task execution logs
[2024-06-19T01:27:42.639+0000] {taskinstance.py:2076} INFO - Dependencies all met for dep_context=non-requeueable deps ti=<TaskInstance: nba_schema_creation_dag.snowflake_create_stage scheduled__2024-06-17T00:00:00+00:00 [queued]>
[2024-06-19T01:27:42.648+0000] {taskinstance.py:2076} INFO - Dependencies all met for dep_context=requeueable deps ti=<TaskInstance: nba_schema_creation_dag.snowflake_create_stage scheduled__2024-06-17T00:00:00+00:00 [queued]>
[2024-06-19T01:27:42.648+0000] {taskinstance.py:2306} INFO - Starting attempt 1 of 2
[2024-06-19T01:27:42.662+0000] {taskinstance.py:2330} INFO - Executing <Task(SQLExecuteQueryOperator): snowflake_create_stage> on 2024-06-17 00:00:00+00:00
[2024-06-19T01:27:42.669+0000] {standard_task_runner.py:90} INFO - Running: ['***', 'tasks', 'run', 'nba_schema_creation_dag', 'snowflake_create_stage', 'scheduled__2024-06-17T00:00:00+00:00', '--job-id', '643', '--raw', '--subdir', 'DAGS_FOLDER/nba_schema_creation_dag.py', '--cfg-path', '/tmp/tmp_nwzoxi8']
[2024-06-19T01:27:42.672+0000] {standard_task_runner.py:91} INFO - Job 643: Subtask snowflake_create_stage
[2024-06-19T01:27:42.672+0000] {logging_mixin.py:188} WARNING - /home/ubuntu/nba_ns_venv/lib/python3.12/site-packages/***/task/task_runner/standard_task_runner.py:61 DeprecationWarning: This process (pid=18839) is multi-threaded, use of fork() may lead to deadlocks in the child.
[2024-06-19T01:27:42.673+0000] {standard_task_runner.py:63} INFO - Started process 18845 to run task
[2024-06-19T01:27:42.765+0000] {task_command.py:426} INFO - Running <TaskInstance: nba_schema_creation_dag.snowflake_create_stage scheduled__2024-06-17T00:00:00+00:00 [running]> on host ip-172-31-45-144.ec2.internal
[2024-06-19T01:27:42.910+0000] {taskinstance.py:2648} INFO - Exporting env vars: AIRFLOW_CTX_DAG_OWNER='Airflow' AIRFLOW_CTX_DAG_ID='nba_schema_creation_dag' AIRFLOW_CTX_TASK_ID='snowflake_create_stage' AIRFLOW_CTX_EXECUTION_DATE='2024-06-17T00:00:00+00:00' AIRFLOW_CTX_TRY_NUMBER='1' AIRFLOW_CTX_DAG_RUN_ID='scheduled__2024-06-17T00:00:00+00:00'
[2024-06-19T01:27:42.910+0000] {taskinstance.py:430} INFO - ::endgroup::
[2024-06-19T01:27:42.927+0000] {sql.py:276} INFO - Executing: 
        USE WAREHOUSE NBA_STATS_WAREHOUSE;
        USE NBA_STATS_ANALYTICS;
        CREATE OR REPLACE STAGE SNOW_S3_STAGE
        STORAGE_INTEGRATION = SNOW_S3
        URL = 's3://nba-stats-players/';
        
[2024-06-19T01:27:42.952+0000] {base.py:84} INFO - Using connection ID 'snowflake_conn' for task execution.
[2024-06-19T01:27:43.707+0000] {base.py:84} INFO - Using connection ID 'snowflake_conn' for task execution.
[2024-06-19T01:27:43.707+0000] {connection.py:399} INFO - Snowflake Connector for Python Version: 3.10.1, Python Version: 3.12.3, Platform: Linux-6.8.0-1009-aws-x86_64-with-glibc2.39
[2024-06-19T01:27:43.708+0000] {connection.py:1239} INFO - This connection is in OCSP Fail Open Mode. TLS Certificates would be checked for validity and revocation status. Any other Certificate Revocation related exceptions or OCSP Responder failures would be disregarded in favor of connectivity.
[2024-06-19T01:27:43.708+0000] {connection.py:1249} INFO - THIS CONNECTION IS IN INSECURE MODE. IT MEANS THE CERTIFICATE WILL BE VALIDATED BUT THE CERTIFICATE REVOCATION STATUS WILL NOT BE CHECKED.
[2024-06-19T01:27:43.766+0000] {ssl_wrap_socket.py:100} INFO - THIS CONNECTION IS IN INSECURE MODE. IT MEANS THE CERTIFICATE WILL BE VALIDATED BUT THE CERTIFICATE REVOCATION STATUS WILL NOT BE CHECKED.
[2024-06-19T01:27:43.915+0000] {cursor.py:1149} INFO - Number of results in first chunk: 1
[2024-06-19T01:27:43.916+0000] {sql.py:487} INFO - Running statement: USE WAREHOUSE NBA_STATS_WAREHOUSE;, parameters: None
[2024-06-19T01:27:44.303+0000] {cursor.py:1149} INFO - Number of results in first chunk: 1
[2024-06-19T01:27:44.303+0000] {sql.py:496} INFO - Rows affected: 1
[2024-06-19T01:27:44.304+0000] {snowflake.py:409} INFO - Rows affected: 1
[2024-06-19T01:27:44.304+0000] {snowflake.py:410} INFO - Snowflake query id: 01b51a77-0001-e365-0006-023e000166ea
[2024-06-19T01:27:44.304+0000] {sql.py:487} INFO - Running statement: USE NBA_STATS_ANALYTICS;, parameters: None
[2024-06-19T01:27:44.390+0000] {cursor.py:1149} INFO - Number of results in first chunk: 1
[2024-06-19T01:27:44.391+0000] {sql.py:496} INFO - Rows affected: 1
[2024-06-19T01:27:44.391+0000] {snowflake.py:409} INFO - Rows affected: 1
[2024-06-19T01:27:44.391+0000] {snowflake.py:410} INFO - Snowflake query id: 01b51a77-0001-e364-0006-023e0001e576
[2024-06-19T01:27:44.391+0000] {sql.py:487} INFO - Running statement: CREATE OR REPLACE STAGE SNOW_S3_STAGE
        STORAGE_INTEGRATION = SNOW_S3
        URL = 's3://nba-stats-players/';, parameters: None
[2024-06-19T01:27:44.705+0000] {cursor.py:1149} INFO - Number of results in first chunk: 1
[2024-06-19T01:27:44.705+0000] {sql.py:496} INFO - Rows affected: 1
[2024-06-19T01:27:44.705+0000] {snowflake.py:409} INFO - Rows affected: 1
[2024-06-19T01:27:44.706+0000] {snowflake.py:410} INFO - Snowflake query id: 01b51a77-0001-e49c-0006-023e00017666
[2024-06-19T01:27:44.780+0000] {cursor.py:1149} INFO - Number of results in first chunk: 1
[2024-06-19T01:27:44.780+0000] {connection.py:762} INFO - closed
[2024-06-19T01:27:44.804+0000] {connection.py:768} INFO - No async queries seem to be running, deleting session
[2024-06-19T01:27:44.836+0000] {taskinstance.py:441} INFO - ::group::Post task execution logs
[2024-06-19T01:27:44.888+0000] {taskinstance.py:1206} INFO - Marking task as SUCCESS. dag_id=nba_schema_creation_dag, task_id=snowflake_create_stage, run_id=scheduled__2024-06-17T00:00:00+00:00, execution_date=20240617T000000, start_date=20240619T012742, end_date=20240619T012744
[2024-06-19T01:27:44.940+0000] {local_task_job_runner.py:240} INFO - Task exited with return code 0
[2024-06-19T01:27:44.981+0000] {taskinstance.py:3503} INFO - 1 downstream tasks scheduled from follow-on schedule check
[2024-06-19T01:27:44.984+0000] {local_task_job_runner.py:222} INFO - ::endgroup::
[2024-06-19T01:39:15.831+0000] {local_task_job_runner.py:120} INFO - ::group::Pre task execution logs
[2024-06-19T01:39:15.876+0000] {taskinstance.py:2076} INFO - Dependencies all met for dep_context=non-requeueable deps ti=<TaskInstance: nba_schema_creation_dag.snowflake_create_stage scheduled__2024-06-17T00:00:00+00:00 [queued]>
[2024-06-19T01:39:15.885+0000] {taskinstance.py:2076} INFO - Dependencies all met for dep_context=requeueable deps ti=<TaskInstance: nba_schema_creation_dag.snowflake_create_stage scheduled__2024-06-17T00:00:00+00:00 [queued]>
[2024-06-19T01:39:15.885+0000] {taskinstance.py:2306} INFO - Starting attempt 1 of 2
[2024-06-19T01:39:15.898+0000] {taskinstance.py:2330} INFO - Executing <Task(SQLExecuteQueryOperator): snowflake_create_stage> on 2024-06-17 00:00:00+00:00
[2024-06-19T01:39:15.906+0000] {standard_task_runner.py:90} INFO - Running: ['***', 'tasks', 'run', 'nba_schema_creation_dag', 'snowflake_create_stage', 'scheduled__2024-06-17T00:00:00+00:00', '--job-id', '648', '--raw', '--subdir', 'DAGS_FOLDER/nba_schema_creation_dag.py', '--cfg-path', '/tmp/tmpruvcwywq']
[2024-06-19T01:39:15.909+0000] {standard_task_runner.py:91} INFO - Job 648: Subtask snowflake_create_stage
[2024-06-19T01:39:15.909+0000] {logging_mixin.py:188} WARNING - /home/ubuntu/nba_ns_venv/lib/python3.12/site-packages/***/task/task_runner/standard_task_runner.py:61 DeprecationWarning: This process (pid=20892) is multi-threaded, use of fork() may lead to deadlocks in the child.
[2024-06-19T01:39:15.910+0000] {standard_task_runner.py:63} INFO - Started process 20946 to run task
[2024-06-19T01:39:16.002+0000] {task_command.py:426} INFO - Running <TaskInstance: nba_schema_creation_dag.snowflake_create_stage scheduled__2024-06-17T00:00:00+00:00 [running]> on host ip-172-31-45-144.ec2.internal
[2024-06-19T01:39:16.153+0000] {taskinstance.py:2648} INFO - Exporting env vars: AIRFLOW_CTX_DAG_OWNER='Airflow' AIRFLOW_CTX_DAG_ID='nba_schema_creation_dag' AIRFLOW_CTX_TASK_ID='snowflake_create_stage' AIRFLOW_CTX_EXECUTION_DATE='2024-06-17T00:00:00+00:00' AIRFLOW_CTX_TRY_NUMBER='1' AIRFLOW_CTX_DAG_RUN_ID='scheduled__2024-06-17T00:00:00+00:00'
[2024-06-19T01:39:16.154+0000] {taskinstance.py:430} INFO - ::endgroup::
[2024-06-19T01:39:16.171+0000] {sql.py:276} INFO - Executing: 
        USE WAREHOUSE NBA_STATS_WAREHOUSE;
        USE NBA_STATS_ANALYTICS;
        CREATE OR REPLACE STAGE SNOW_S3_STAGE
        STORAGE_INTEGRATION = SNOW_S3
        URL = 's3://nba-stats-players/';
        
[2024-06-19T01:39:16.196+0000] {base.py:84} INFO - Using connection ID 'snowflake_conn' for task execution.
[2024-06-19T01:39:16.953+0000] {base.py:84} INFO - Using connection ID 'snowflake_conn' for task execution.
[2024-06-19T01:39:16.954+0000] {connection.py:399} INFO - Snowflake Connector for Python Version: 3.10.1, Python Version: 3.12.3, Platform: Linux-6.8.0-1009-aws-x86_64-with-glibc2.39
[2024-06-19T01:39:16.955+0000] {connection.py:1239} INFO - This connection is in OCSP Fail Open Mode. TLS Certificates would be checked for validity and revocation status. Any other Certificate Revocation related exceptions or OCSP Responder failures would be disregarded in favor of connectivity.
[2024-06-19T01:39:16.955+0000] {connection.py:1249} INFO - THIS CONNECTION IS IN INSECURE MODE. IT MEANS THE CERTIFICATE WILL BE VALIDATED BUT THE CERTIFICATE REVOCATION STATUS WILL NOT BE CHECKED.
[2024-06-19T01:39:17.013+0000] {ssl_wrap_socket.py:100} INFO - THIS CONNECTION IS IN INSECURE MODE. IT MEANS THE CERTIFICATE WILL BE VALIDATED BUT THE CERTIFICATE REVOCATION STATUS WILL NOT BE CHECKED.
[2024-06-19T01:39:17.275+0000] {cursor.py:1149} INFO - Number of results in first chunk: 1
[2024-06-19T01:39:17.276+0000] {sql.py:487} INFO - Running statement: USE WAREHOUSE NBA_STATS_WAREHOUSE;, parameters: None
[2024-06-19T01:39:17.330+0000] {cursor.py:1149} INFO - Number of results in first chunk: 1
[2024-06-19T01:39:17.330+0000] {sql.py:496} INFO - Rows affected: 1
[2024-06-19T01:39:17.331+0000] {snowflake.py:409} INFO - Rows affected: 1
[2024-06-19T01:39:17.331+0000] {snowflake.py:410} INFO - Snowflake query id: 01b51a83-0001-e498-0006-023e0001b66a
[2024-06-19T01:39:17.331+0000] {sql.py:487} INFO - Running statement: USE NBA_STATS_ANALYTICS;, parameters: None
[2024-06-19T01:39:17.419+0000] {cursor.py:1149} INFO - Number of results in first chunk: 1
[2024-06-19T01:39:17.419+0000] {sql.py:496} INFO - Rows affected: 1
[2024-06-19T01:39:17.419+0000] {snowflake.py:409} INFO - Rows affected: 1
[2024-06-19T01:39:17.420+0000] {snowflake.py:410} INFO - Snowflake query id: 01b51a83-0001-e49d-0006-023e0001f542
[2024-06-19T01:39:17.420+0000] {sql.py:487} INFO - Running statement: CREATE OR REPLACE STAGE SNOW_S3_STAGE
        STORAGE_INTEGRATION = SNOW_S3
        URL = 's3://nba-stats-players/';, parameters: None
[2024-06-19T01:39:17.540+0000] {cursor.py:1149} INFO - Number of results in first chunk: 1
[2024-06-19T01:39:17.540+0000] {sql.py:496} INFO - Rows affected: 1
[2024-06-19T01:39:17.540+0000] {snowflake.py:409} INFO - Rows affected: 1
[2024-06-19T01:39:17.540+0000] {snowflake.py:410} INFO - Snowflake query id: 01b51a83-0001-e49c-0006-023e0001768a
[2024-06-19T01:39:17.600+0000] {cursor.py:1149} INFO - Number of results in first chunk: 1
[2024-06-19T01:39:17.600+0000] {connection.py:762} INFO - closed
[2024-06-19T01:39:17.624+0000] {connection.py:768} INFO - No async queries seem to be running, deleting session
[2024-06-19T01:39:17.659+0000] {taskinstance.py:441} INFO - ::group::Post task execution logs
[2024-06-19T01:39:17.711+0000] {taskinstance.py:1206} INFO - Marking task as SUCCESS. dag_id=nba_schema_creation_dag, task_id=snowflake_create_stage, run_id=scheduled__2024-06-17T00:00:00+00:00, execution_date=20240617T000000, start_date=20240619T013915, end_date=20240619T013917
[2024-06-19T01:39:17.771+0000] {local_task_job_runner.py:240} INFO - Task exited with return code 0
[2024-06-19T01:39:17.805+0000] {local_task_job_runner.py:222} INFO - ::endgroup::
[2024-06-19T01:54:24.872+0000] {local_task_job_runner.py:120} INFO - ::group::Pre task execution logs
[2024-06-19T01:54:24.918+0000] {taskinstance.py:2076} INFO - Dependencies all met for dep_context=non-requeueable deps ti=<TaskInstance: nba_schema_creation_dag.snowflake_create_stage scheduled__2024-06-17T00:00:00+00:00 [queued]>
[2024-06-19T01:54:24.927+0000] {taskinstance.py:2076} INFO - Dependencies all met for dep_context=requeueable deps ti=<TaskInstance: nba_schema_creation_dag.snowflake_create_stage scheduled__2024-06-17T00:00:00+00:00 [queued]>
[2024-06-19T01:54:24.928+0000] {taskinstance.py:2306} INFO - Starting attempt 1 of 2
[2024-06-19T01:54:24.941+0000] {taskinstance.py:2330} INFO - Executing <Task(SQLExecuteQueryOperator): snowflake_create_stage> on 2024-06-17 00:00:00+00:00
[2024-06-19T01:54:24.949+0000] {standard_task_runner.py:90} INFO - Running: ['***', 'tasks', 'run', 'nba_schema_creation_dag', 'snowflake_create_stage', 'scheduled__2024-06-17T00:00:00+00:00', '--job-id', '666', '--raw', '--subdir', 'DAGS_FOLDER/nba_schema_creation_dag.py', '--cfg-path', '/tmp/tmpq10o84nk']
[2024-06-19T01:54:24.952+0000] {standard_task_runner.py:91} INFO - Job 666: Subtask snowflake_create_stage
[2024-06-19T01:54:24.953+0000] {logging_mixin.py:188} WARNING - /home/ubuntu/nba_ns_venv/lib/python3.12/site-packages/***/task/task_runner/standard_task_runner.py:61 DeprecationWarning: This process (pid=25937) is multi-threaded, use of fork() may lead to deadlocks in the child.
[2024-06-19T01:54:24.955+0000] {standard_task_runner.py:63} INFO - Started process 25943 to run task
[2024-06-19T01:54:25.048+0000] {task_command.py:426} INFO - Running <TaskInstance: nba_schema_creation_dag.snowflake_create_stage scheduled__2024-06-17T00:00:00+00:00 [running]> on host ip-172-31-45-144.ec2.internal
[2024-06-19T01:54:25.196+0000] {taskinstance.py:2648} INFO - Exporting env vars: AIRFLOW_CTX_DAG_OWNER='Airflow' AIRFLOW_CTX_DAG_ID='nba_schema_creation_dag' AIRFLOW_CTX_TASK_ID='snowflake_create_stage' AIRFLOW_CTX_EXECUTION_DATE='2024-06-17T00:00:00+00:00' AIRFLOW_CTX_TRY_NUMBER='1' AIRFLOW_CTX_DAG_RUN_ID='scheduled__2024-06-17T00:00:00+00:00'
[2024-06-19T01:54:25.197+0000] {taskinstance.py:430} INFO - ::endgroup::
[2024-06-19T01:54:25.214+0000] {sql.py:276} INFO - Executing: 
        USE WAREHOUSE NBA_STATS_WAREHOUSE;
        USE NBA_STATS_ANALYTICS;
        CREATE OR REPLACE STAGE SNOW_S3_STAGE
        STORAGE_INTEGRATION = SNOW_S3
        URL = 's3://nba-stats-players/';
        
[2024-06-19T01:54:25.239+0000] {base.py:84} INFO - Using connection ID 'snowflake_conn' for task execution.
[2024-06-19T01:54:26.008+0000] {base.py:84} INFO - Using connection ID 'snowflake_conn' for task execution.
[2024-06-19T01:54:26.009+0000] {connection.py:399} INFO - Snowflake Connector for Python Version: 3.10.1, Python Version: 3.12.3, Platform: Linux-6.8.0-1009-aws-x86_64-with-glibc2.39
[2024-06-19T01:54:26.010+0000] {connection.py:1239} INFO - This connection is in OCSP Fail Open Mode. TLS Certificates would be checked for validity and revocation status. Any other Certificate Revocation related exceptions or OCSP Responder failures would be disregarded in favor of connectivity.
[2024-06-19T01:54:26.010+0000] {connection.py:1249} INFO - THIS CONNECTION IS IN INSECURE MODE. IT MEANS THE CERTIFICATE WILL BE VALIDATED BUT THE CERTIFICATE REVOCATION STATUS WILL NOT BE CHECKED.
[2024-06-19T01:54:26.069+0000] {ssl_wrap_socket.py:100} INFO - THIS CONNECTION IS IN INSECURE MODE. IT MEANS THE CERTIFICATE WILL BE VALIDATED BUT THE CERTIFICATE REVOCATION STATUS WILL NOT BE CHECKED.
[2024-06-19T01:54:26.310+0000] {cursor.py:1149} INFO - Number of results in first chunk: 1
[2024-06-19T01:54:26.310+0000] {sql.py:487} INFO - Running statement: USE WAREHOUSE NBA_STATS_WAREHOUSE;, parameters: None
[2024-06-19T01:54:26.374+0000] {cursor.py:1149} INFO - Number of results in first chunk: 1
[2024-06-19T01:54:26.374+0000] {sql.py:496} INFO - Rows affected: 1
[2024-06-19T01:54:26.375+0000] {snowflake.py:409} INFO - Rows affected: 1
[2024-06-19T01:54:26.375+0000] {snowflake.py:410} INFO - Snowflake query id: 01b51a92-0001-e49d-0006-023e0001f57a
[2024-06-19T01:54:26.375+0000] {sql.py:487} INFO - Running statement: USE NBA_STATS_ANALYTICS;, parameters: None
[2024-06-19T01:54:26.441+0000] {cursor.py:1149} INFO - Number of results in first chunk: 1
[2024-06-19T01:54:26.441+0000] {sql.py:496} INFO - Rows affected: 1
[2024-06-19T01:54:26.442+0000] {snowflake.py:409} INFO - Rows affected: 1
[2024-06-19T01:54:26.442+0000] {snowflake.py:410} INFO - Snowflake query id: 01b51a92-0001-e498-0006-023e0001b68a
[2024-06-19T01:54:26.442+0000] {sql.py:487} INFO - Running statement: CREATE OR REPLACE STAGE SNOW_S3_STAGE
        STORAGE_INTEGRATION = SNOW_S3
        URL = 's3://nba-stats-players/';, parameters: None
[2024-06-19T01:54:26.756+0000] {cursor.py:1149} INFO - Number of results in first chunk: 1
[2024-06-19T01:54:26.756+0000] {sql.py:496} INFO - Rows affected: 1
[2024-06-19T01:54:26.756+0000] {snowflake.py:409} INFO - Rows affected: 1
[2024-06-19T01:54:26.756+0000] {snowflake.py:410} INFO - Snowflake query id: 01b51a92-0001-e495-0006-023e0001864e
[2024-06-19T01:54:26.820+0000] {cursor.py:1149} INFO - Number of results in first chunk: 1
[2024-06-19T01:54:26.820+0000] {connection.py:762} INFO - closed
[2024-06-19T01:54:26.844+0000] {connection.py:768} INFO - No async queries seem to be running, deleting session
[2024-06-19T01:54:26.879+0000] {taskinstance.py:441} INFO - ::group::Post task execution logs
[2024-06-19T01:54:26.932+0000] {taskinstance.py:1206} INFO - Marking task as SUCCESS. dag_id=nba_schema_creation_dag, task_id=snowflake_create_stage, run_id=scheduled__2024-06-17T00:00:00+00:00, execution_date=20240617T000000, start_date=20240619T015424, end_date=20240619T015426
[2024-06-19T01:54:26.979+0000] {local_task_job_runner.py:240} INFO - Task exited with return code 0
[2024-06-19T01:54:27.020+0000] {taskinstance.py:3503} INFO - 1 downstream tasks scheduled from follow-on schedule check
[2024-06-19T01:54:27.024+0000] {local_task_job_runner.py:222} INFO - ::endgroup::
[2024-06-19T04:27:46.225+0000] {local_task_job_runner.py:120} INFO - ::group::Pre task execution logs
[2024-06-19T04:27:46.270+0000] {taskinstance.py:2076} INFO - Dependencies all met for dep_context=non-requeueable deps ti=<TaskInstance: nba_schema_creation_dag.snowflake_create_stage scheduled__2024-06-17T00:00:00+00:00 [queued]>
[2024-06-19T04:27:46.278+0000] {taskinstance.py:2076} INFO - Dependencies all met for dep_context=requeueable deps ti=<TaskInstance: nba_schema_creation_dag.snowflake_create_stage scheduled__2024-06-17T00:00:00+00:00 [queued]>
[2024-06-19T04:27:46.279+0000] {taskinstance.py:2306} INFO - Starting attempt 1 of 2
[2024-06-19T04:27:46.291+0000] {taskinstance.py:2330} INFO - Executing <Task(SQLExecuteQueryOperator): snowflake_create_stage> on 2024-06-17 00:00:00+00:00
[2024-06-19T04:27:46.298+0000] {standard_task_runner.py:90} INFO - Running: ['***', 'tasks', 'run', 'nba_schema_creation_dag', 'snowflake_create_stage', 'scheduled__2024-06-17T00:00:00+00:00', '--job-id', '683', '--raw', '--subdir', 'DAGS_FOLDER/nba_schema_creation_dag.py', '--cfg-path', '/tmp/tmpm5nqjwwx']
[2024-06-19T04:27:46.300+0000] {standard_task_runner.py:91} INFO - Job 683: Subtask snowflake_create_stage
[2024-06-19T04:27:46.301+0000] {logging_mixin.py:188} WARNING - /home/ubuntu/nba_ns_venv/lib/python3.12/site-packages/***/task/task_runner/standard_task_runner.py:61 DeprecationWarning: This process (pid=2470) is multi-threaded, use of fork() may lead to deadlocks in the child.
[2024-06-19T04:27:46.302+0000] {standard_task_runner.py:63} INFO - Started process 2476 to run task
[2024-06-19T04:27:46.393+0000] {task_command.py:426} INFO - Running <TaskInstance: nba_schema_creation_dag.snowflake_create_stage scheduled__2024-06-17T00:00:00+00:00 [running]> on host ip-172-31-45-144.ec2.internal
[2024-06-19T04:27:46.540+0000] {taskinstance.py:2648} INFO - Exporting env vars: AIRFLOW_CTX_DAG_OWNER='Airflow' AIRFLOW_CTX_DAG_ID='nba_schema_creation_dag' AIRFLOW_CTX_TASK_ID='snowflake_create_stage' AIRFLOW_CTX_EXECUTION_DATE='2024-06-17T00:00:00+00:00' AIRFLOW_CTX_TRY_NUMBER='1' AIRFLOW_CTX_DAG_RUN_ID='scheduled__2024-06-17T00:00:00+00:00'
[2024-06-19T04:27:46.541+0000] {taskinstance.py:430} INFO - ::endgroup::
[2024-06-19T04:27:46.558+0000] {sql.py:276} INFO - Executing: 
        USE WAREHOUSE NBA_STATS_WAREHOUSE;
        USE NBA_STATS_ANALYTICS;
        CREATE OR REPLACE STAGE SNOW_S3_STAGE
        STORAGE_INTEGRATION = SNOW_S3
        URL = 's3://nba-stats-players/';
        
[2024-06-19T04:27:46.583+0000] {base.py:84} INFO - Using connection ID 'snowflake_conn' for task execution.
[2024-06-19T04:27:47.345+0000] {base.py:84} INFO - Using connection ID 'snowflake_conn' for task execution.
[2024-06-19T04:27:47.346+0000] {connection.py:399} INFO - Snowflake Connector for Python Version: 3.10.1, Python Version: 3.12.3, Platform: Linux-6.8.0-1009-aws-x86_64-with-glibc2.39
[2024-06-19T04:27:47.347+0000] {connection.py:1239} INFO - This connection is in OCSP Fail Open Mode. TLS Certificates would be checked for validity and revocation status. Any other Certificate Revocation related exceptions or OCSP Responder failures would be disregarded in favor of connectivity.
[2024-06-19T04:27:47.347+0000] {connection.py:1249} INFO - THIS CONNECTION IS IN INSECURE MODE. IT MEANS THE CERTIFICATE WILL BE VALIDATED BUT THE CERTIFICATE REVOCATION STATUS WILL NOT BE CHECKED.
[2024-06-19T04:27:47.411+0000] {ssl_wrap_socket.py:100} INFO - THIS CONNECTION IS IN INSECURE MODE. IT MEANS THE CERTIFICATE WILL BE VALIDATED BUT THE CERTIFICATE REVOCATION STATUS WILL NOT BE CHECKED.
[2024-06-19T04:27:47.748+0000] {cursor.py:1149} INFO - Number of results in first chunk: 1
[2024-06-19T04:27:47.748+0000] {sql.py:487} INFO - Running statement: USE WAREHOUSE NBA_STATS_WAREHOUSE;, parameters: None
[2024-06-19T04:27:47.830+0000] {cursor.py:1149} INFO - Number of results in first chunk: 1
[2024-06-19T04:27:47.831+0000] {sql.py:496} INFO - Rows affected: 1
[2024-06-19T04:27:47.831+0000] {snowflake.py:409} INFO - Rows affected: 1
[2024-06-19T04:27:47.832+0000] {snowflake.py:410} INFO - Snowflake query id: 01b51b2b-0001-e495-0006-023e00018726
[2024-06-19T04:27:47.832+0000] {sql.py:487} INFO - Running statement: USE NBA_STATS_ANALYTICS;, parameters: None
[2024-06-19T04:27:47.900+0000] {cursor.py:1149} INFO - Number of results in first chunk: 1
[2024-06-19T04:27:47.901+0000] {sql.py:496} INFO - Rows affected: 1
[2024-06-19T04:27:47.901+0000] {snowflake.py:409} INFO - Rows affected: 1
[2024-06-19T04:27:47.901+0000] {snowflake.py:410} INFO - Snowflake query id: 01b51b2b-0001-e495-0006-023e0001872a
[2024-06-19T04:27:47.901+0000] {sql.py:487} INFO - Running statement: CREATE OR REPLACE STAGE SNOW_S3_STAGE
        STORAGE_INTEGRATION = SNOW_S3
        URL = 's3://nba-stats-players/';, parameters: None
[2024-06-19T04:27:48.175+0000] {cursor.py:1149} INFO - Number of results in first chunk: 1
[2024-06-19T04:27:48.175+0000] {sql.py:496} INFO - Rows affected: 1
[2024-06-19T04:27:48.176+0000] {snowflake.py:409} INFO - Rows affected: 1
[2024-06-19T04:27:48.176+0000] {snowflake.py:410} INFO - Snowflake query id: 01b51b2b-0001-e365-0006-023e00016842
[2024-06-19T04:27:48.227+0000] {cursor.py:1149} INFO - Number of results in first chunk: 1
[2024-06-19T04:27:48.227+0000] {connection.py:762} INFO - closed
[2024-06-19T04:27:48.253+0000] {connection.py:768} INFO - No async queries seem to be running, deleting session
[2024-06-19T04:27:48.285+0000] {taskinstance.py:441} INFO - ::group::Post task execution logs
[2024-06-19T04:27:48.337+0000] {taskinstance.py:1206} INFO - Marking task as SUCCESS. dag_id=nba_schema_creation_dag, task_id=snowflake_create_stage, run_id=scheduled__2024-06-17T00:00:00+00:00, execution_date=20240617T000000, start_date=20240619T042746, end_date=20240619T042748
[2024-06-19T04:27:48.366+0000] {local_task_job_runner.py:240} INFO - Task exited with return code 0
[2024-06-19T04:27:48.404+0000] {taskinstance.py:3503} INFO - 0 downstream tasks scheduled from follow-on schedule check
[2024-06-19T04:27:48.410+0000] {local_task_job_runner.py:222} INFO - ::endgroup::
[2024-06-19T13:41:22.206+0000] {local_task_job_runner.py:120} INFO - ::group::Pre task execution logs
[2024-06-19T13:41:22.248+0000] {taskinstance.py:2076} INFO - Dependencies all met for dep_context=non-requeueable deps ti=<TaskInstance: nba_schema_creation_dag.snowflake_create_stage scheduled__2024-06-17T00:00:00+00:00 [queued]>
[2024-06-19T13:41:22.256+0000] {taskinstance.py:2076} INFO - Dependencies all met for dep_context=requeueable deps ti=<TaskInstance: nba_schema_creation_dag.snowflake_create_stage scheduled__2024-06-17T00:00:00+00:00 [queued]>
[2024-06-19T13:41:22.257+0000] {taskinstance.py:2306} INFO - Starting attempt 1 of 2
[2024-06-19T13:41:22.269+0000] {taskinstance.py:2330} INFO - Executing <Task(SQLExecuteQueryOperator): snowflake_create_stage> on 2024-06-17 00:00:00+00:00
[2024-06-19T13:41:22.276+0000] {standard_task_runner.py:90} INFO - Running: ['***', 'tasks', 'run', 'nba_schema_creation_dag', 'snowflake_create_stage', 'scheduled__2024-06-17T00:00:00+00:00', '--job-id', '701', '--raw', '--subdir', 'DAGS_FOLDER/nba_schema_creation_dag.py', '--cfg-path', '/tmp/tmp27gv6d12']
[2024-06-19T13:41:22.278+0000] {standard_task_runner.py:91} INFO - Job 701: Subtask snowflake_create_stage
[2024-06-19T13:41:22.279+0000] {logging_mixin.py:188} WARNING - /home/ubuntu/nba_ns_venv/lib/python3.12/site-packages/***/task/task_runner/standard_task_runner.py:61 DeprecationWarning: This process (pid=3364) is multi-threaded, use of fork() may lead to deadlocks in the child.
[2024-06-19T13:41:22.280+0000] {standard_task_runner.py:63} INFO - Started process 3370 to run task
[2024-06-19T13:41:22.367+0000] {task_command.py:426} INFO - Running <TaskInstance: nba_schema_creation_dag.snowflake_create_stage scheduled__2024-06-17T00:00:00+00:00 [running]> on host ip-172-31-45-144.ec2.internal
[2024-06-19T13:41:22.504+0000] {taskinstance.py:2648} INFO - Exporting env vars: AIRFLOW_CTX_DAG_OWNER='Airflow' AIRFLOW_CTX_DAG_ID='nba_schema_creation_dag' AIRFLOW_CTX_TASK_ID='snowflake_create_stage' AIRFLOW_CTX_EXECUTION_DATE='2024-06-17T00:00:00+00:00' AIRFLOW_CTX_TRY_NUMBER='1' AIRFLOW_CTX_DAG_RUN_ID='scheduled__2024-06-17T00:00:00+00:00'
[2024-06-19T13:41:22.505+0000] {taskinstance.py:430} INFO - ::endgroup::
[2024-06-19T13:41:22.522+0000] {sql.py:276} INFO - Executing: 
        USE WAREHOUSE NBA_STATS_WAREHOUSE;
        USE NBA_STATS_ANALYTICS;
        CREATE OR REPLACE STAGE SNOW_S3_STAGE
        STORAGE_INTEGRATION = SNOW_S3
        URL = 's3://nba-stats-players/';
        
[2024-06-19T13:41:22.546+0000] {base.py:84} INFO - Using connection ID 'snowflake_conn' for task execution.
[2024-06-19T13:41:23.278+0000] {base.py:84} INFO - Using connection ID 'snowflake_conn' for task execution.
[2024-06-19T13:41:23.279+0000] {connection.py:399} INFO - Snowflake Connector for Python Version: 3.10.1, Python Version: 3.12.3, Platform: Linux-6.8.0-1009-aws-x86_64-with-glibc2.39
[2024-06-19T13:41:23.280+0000] {connection.py:1239} INFO - This connection is in OCSP Fail Open Mode. TLS Certificates would be checked for validity and revocation status. Any other Certificate Revocation related exceptions or OCSP Responder failures would be disregarded in favor of connectivity.
[2024-06-19T13:41:23.280+0000] {connection.py:1249} INFO - THIS CONNECTION IS IN INSECURE MODE. IT MEANS THE CERTIFICATE WILL BE VALIDATED BUT THE CERTIFICATE REVOCATION STATUS WILL NOT BE CHECKED.
[2024-06-19T13:41:23.345+0000] {ssl_wrap_socket.py:100} INFO - THIS CONNECTION IS IN INSECURE MODE. IT MEANS THE CERTIFICATE WILL BE VALIDATED BUT THE CERTIFICATE REVOCATION STATUS WILL NOT BE CHECKED.
[2024-06-19T13:41:23.630+0000] {cursor.py:1149} INFO - Number of results in first chunk: 1
[2024-06-19T13:41:23.630+0000] {sql.py:487} INFO - Running statement: USE WAREHOUSE NBA_STATS_WAREHOUSE;, parameters: None
[2024-06-19T13:41:23.720+0000] {cursor.py:1149} INFO - Number of results in first chunk: 1
[2024-06-19T13:41:23.720+0000] {sql.py:496} INFO - Rows affected: 1
[2024-06-19T13:41:23.720+0000] {snowflake.py:409} INFO - Rows affected: 1
[2024-06-19T13:41:23.721+0000] {snowflake.py:410} INFO - Snowflake query id: 01b51d55-0001-e496-0006-023e00019a5a
[2024-06-19T13:41:23.721+0000] {sql.py:487} INFO - Running statement: USE NBA_STATS_ANALYTICS;, parameters: None
[2024-06-19T13:41:23.879+0000] {cursor.py:1149} INFO - Number of results in first chunk: 1
[2024-06-19T13:41:23.879+0000] {sql.py:496} INFO - Rows affected: 1
[2024-06-19T13:41:23.879+0000] {snowflake.py:409} INFO - Rows affected: 1
[2024-06-19T13:41:23.879+0000] {snowflake.py:410} INFO - Snowflake query id: 01b51d55-0001-e49d-0006-023e0001f8ca
[2024-06-19T13:41:23.880+0000] {sql.py:487} INFO - Running statement: CREATE OR REPLACE STAGE SNOW_S3_STAGE
        STORAGE_INTEGRATION = SNOW_S3
        URL = 's3://nba-stats-players/';, parameters: None
[2024-06-19T13:41:24.177+0000] {cursor.py:1149} INFO - Number of results in first chunk: 1
[2024-06-19T13:41:24.177+0000] {sql.py:496} INFO - Rows affected: 1
[2024-06-19T13:41:24.177+0000] {snowflake.py:409} INFO - Rows affected: 1
[2024-06-19T13:41:24.177+0000] {snowflake.py:410} INFO - Snowflake query id: 01b51d55-0001-e498-0006-023e0001ba0a
[2024-06-19T13:41:24.336+0000] {cursor.py:1149} INFO - Number of results in first chunk: 1
[2024-06-19T13:41:24.336+0000] {connection.py:762} INFO - closed
[2024-06-19T13:41:24.366+0000] {connection.py:768} INFO - No async queries seem to be running, deleting session
[2024-06-19T13:41:24.488+0000] {taskinstance.py:441} INFO - ::group::Post task execution logs
[2024-06-19T13:41:24.538+0000] {taskinstance.py:1206} INFO - Marking task as SUCCESS. dag_id=nba_schema_creation_dag, task_id=snowflake_create_stage, run_id=scheduled__2024-06-17T00:00:00+00:00, execution_date=20240617T000000, start_date=20240619T134122, end_date=20240619T134124
[2024-06-19T13:41:24.583+0000] {local_task_job_runner.py:240} INFO - Task exited with return code 0
[2024-06-19T13:41:24.622+0000] {taskinstance.py:3503} INFO - 1 downstream tasks scheduled from follow-on schedule check
[2024-06-19T13:41:24.624+0000] {local_task_job_runner.py:222} INFO - ::endgroup::
[2024-06-19T17:08:34.784+0000] {local_task_job_runner.py:120} INFO - ::group::Pre task execution logs
[2024-06-19T17:08:34.829+0000] {taskinstance.py:2076} INFO - Dependencies all met for dep_context=non-requeueable deps ti=<TaskInstance: nba_schema_creation_dag.snowflake_create_stage scheduled__2024-06-17T00:00:00+00:00 [queued]>
[2024-06-19T17:08:34.838+0000] {taskinstance.py:2076} INFO - Dependencies all met for dep_context=requeueable deps ti=<TaskInstance: nba_schema_creation_dag.snowflake_create_stage scheduled__2024-06-17T00:00:00+00:00 [queued]>
[2024-06-19T17:08:34.838+0000] {taskinstance.py:2306} INFO - Starting attempt 1 of 2
[2024-06-19T17:08:34.852+0000] {taskinstance.py:2330} INFO - Executing <Task(SQLExecuteQueryOperator): snowflake_create_stage> on 2024-06-17 00:00:00+00:00
[2024-06-19T17:08:34.859+0000] {standard_task_runner.py:90} INFO - Running: ['***', 'tasks', 'run', 'nba_schema_creation_dag', 'snowflake_create_stage', 'scheduled__2024-06-17T00:00:00+00:00', '--job-id', '719', '--raw', '--subdir', 'DAGS_FOLDER/nba_schema_creation_dag.py', '--cfg-path', '/tmp/tmpvf3ayii8']
[2024-06-19T17:08:34.862+0000] {standard_task_runner.py:91} INFO - Job 719: Subtask snowflake_create_stage
[2024-06-19T17:08:34.863+0000] {logging_mixin.py:188} WARNING - /home/ubuntu/nba_ns_venv/lib/python3.12/site-packages/***/task/task_runner/standard_task_runner.py:61 DeprecationWarning: This process (pid=2704) is multi-threaded, use of fork() may lead to deadlocks in the child.
[2024-06-19T17:08:34.864+0000] {standard_task_runner.py:63} INFO - Started process 2710 to run task
[2024-06-19T17:08:34.968+0000] {task_command.py:426} INFO - Running <TaskInstance: nba_schema_creation_dag.snowflake_create_stage scheduled__2024-06-17T00:00:00+00:00 [running]> on host ip-172-31-45-144.ec2.internal
[2024-06-19T17:08:35.118+0000] {taskinstance.py:2648} INFO - Exporting env vars: AIRFLOW_CTX_DAG_OWNER='Airflow' AIRFLOW_CTX_DAG_ID='nba_schema_creation_dag' AIRFLOW_CTX_TASK_ID='snowflake_create_stage' AIRFLOW_CTX_EXECUTION_DATE='2024-06-17T00:00:00+00:00' AIRFLOW_CTX_TRY_NUMBER='1' AIRFLOW_CTX_DAG_RUN_ID='scheduled__2024-06-17T00:00:00+00:00'
[2024-06-19T17:08:35.119+0000] {taskinstance.py:430} INFO - ::endgroup::
[2024-06-19T17:08:35.139+0000] {sql.py:276} INFO - Executing: 
        USE WAREHOUSE NBA_STATS_WAREHOUSE;
        USE NBA_STATS_ANALYTICS;
        CREATE OR REPLACE STAGE SNOW_S3_STAGE
        STORAGE_INTEGRATION = SNOW_S3
        URL = 's3://nba-stats-players/';
        
[2024-06-19T17:08:35.166+0000] {base.py:84} INFO - Using connection ID 'snowflake_conn' for task execution.
[2024-06-19T17:08:35.930+0000] {base.py:84} INFO - Using connection ID 'snowflake_conn' for task execution.
[2024-06-19T17:08:35.931+0000] {connection.py:399} INFO - Snowflake Connector for Python Version: 3.10.1, Python Version: 3.12.3, Platform: Linux-6.8.0-1009-aws-x86_64-with-glibc2.39
[2024-06-19T17:08:35.932+0000] {connection.py:1239} INFO - This connection is in OCSP Fail Open Mode. TLS Certificates would be checked for validity and revocation status. Any other Certificate Revocation related exceptions or OCSP Responder failures would be disregarded in favor of connectivity.
[2024-06-19T17:08:35.932+0000] {connection.py:1249} INFO - THIS CONNECTION IS IN INSECURE MODE. IT MEANS THE CERTIFICATE WILL BE VALIDATED BUT THE CERTIFICATE REVOCATION STATUS WILL NOT BE CHECKED.
[2024-06-19T17:08:35.992+0000] {ssl_wrap_socket.py:100} INFO - THIS CONNECTION IS IN INSECURE MODE. IT MEANS THE CERTIFICATE WILL BE VALIDATED BUT THE CERTIFICATE REVOCATION STATUS WILL NOT BE CHECKED.
[2024-06-19T17:08:36.254+0000] {cursor.py:1149} INFO - Number of results in first chunk: 1
[2024-06-19T17:08:36.255+0000] {sql.py:487} INFO - Running statement: USE WAREHOUSE NBA_STATS_WAREHOUSE;, parameters: None
[2024-06-19T17:08:36.310+0000] {cursor.py:1149} INFO - Number of results in first chunk: 1
[2024-06-19T17:08:36.311+0000] {sql.py:496} INFO - Rows affected: 1
[2024-06-19T17:08:36.311+0000] {snowflake.py:409} INFO - Rows affected: 1
[2024-06-19T17:08:36.311+0000] {snowflake.py:410} INFO - Snowflake query id: 01b51e24-0001-e498-0006-023e0001bc1e
[2024-06-19T17:08:36.312+0000] {sql.py:487} INFO - Running statement: USE NBA_STATS_ANALYTICS;, parameters: None
[2024-06-19T17:08:36.416+0000] {cursor.py:1149} INFO - Number of results in first chunk: 1
[2024-06-19T17:08:36.416+0000] {sql.py:496} INFO - Rows affected: 1
[2024-06-19T17:08:36.416+0000] {snowflake.py:409} INFO - Rows affected: 1
[2024-06-19T17:08:36.417+0000] {snowflake.py:410} INFO - Snowflake query id: 01b51e24-0001-e495-0006-023e00018b86
[2024-06-19T17:08:36.417+0000] {sql.py:487} INFO - Running statement: CREATE OR REPLACE STAGE SNOW_S3_STAGE
        STORAGE_INTEGRATION = SNOW_S3
        URL = 's3://nba-stats-players/';, parameters: None
[2024-06-19T17:08:36.740+0000] {cursor.py:1149} INFO - Number of results in first chunk: 1
[2024-06-19T17:08:36.740+0000] {sql.py:496} INFO - Rows affected: 1
[2024-06-19T17:08:36.741+0000] {snowflake.py:409} INFO - Rows affected: 1
[2024-06-19T17:08:36.741+0000] {snowflake.py:410} INFO - Snowflake query id: 01b51e24-0001-e49d-0006-023e0001fa9e
[2024-06-19T17:08:36.811+0000] {cursor.py:1149} INFO - Number of results in first chunk: 1
[2024-06-19T17:08:36.811+0000] {connection.py:762} INFO - closed
[2024-06-19T17:08:36.836+0000] {connection.py:768} INFO - No async queries seem to be running, deleting session
[2024-06-19T17:08:36.870+0000] {taskinstance.py:441} INFO - ::group::Post task execution logs
[2024-06-19T17:08:36.922+0000] {taskinstance.py:1206} INFO - Marking task as SUCCESS. dag_id=nba_schema_creation_dag, task_id=snowflake_create_stage, run_id=scheduled__2024-06-17T00:00:00+00:00, execution_date=20240617T000000, start_date=20240619T170834, end_date=20240619T170836
[2024-06-19T17:08:36.971+0000] {local_task_job_runner.py:240} INFO - Task exited with return code 0
[2024-06-19T17:08:37.014+0000] {taskinstance.py:3503} INFO - 1 downstream tasks scheduled from follow-on schedule check
[2024-06-19T17:08:37.016+0000] {local_task_job_runner.py:222} INFO - ::endgroup::
[2024-06-19T17:21:59.388+0000] {local_task_job_runner.py:120} INFO - ::group::Pre task execution logs
[2024-06-19T17:21:59.432+0000] {taskinstance.py:2076} INFO - Dependencies all met for dep_context=non-requeueable deps ti=<TaskInstance: nba_schema_creation_dag.snowflake_create_stage scheduled__2024-06-17T00:00:00+00:00 [queued]>
[2024-06-19T17:21:59.441+0000] {taskinstance.py:2076} INFO - Dependencies all met for dep_context=requeueable deps ti=<TaskInstance: nba_schema_creation_dag.snowflake_create_stage scheduled__2024-06-17T00:00:00+00:00 [queued]>
[2024-06-19T17:21:59.441+0000] {taskinstance.py:2306} INFO - Starting attempt 1 of 2
[2024-06-19T17:21:59.455+0000] {taskinstance.py:2330} INFO - Executing <Task(SQLExecuteQueryOperator): snowflake_create_stage> on 2024-06-17 00:00:00+00:00
[2024-06-19T17:21:59.462+0000] {standard_task_runner.py:90} INFO - Running: ['***', 'tasks', 'run', 'nba_schema_creation_dag', 'snowflake_create_stage', 'scheduled__2024-06-17T00:00:00+00:00', '--job-id', '740', '--raw', '--subdir', 'DAGS_FOLDER/nba_schema_creation_dag.py', '--cfg-path', '/tmp/tmp93cz5yiw']
[2024-06-19T17:21:59.465+0000] {standard_task_runner.py:91} INFO - Job 740: Subtask snowflake_create_stage
[2024-06-19T17:21:59.465+0000] {logging_mixin.py:188} WARNING - /home/ubuntu/nba_ns_venv/lib/python3.12/site-packages/***/task/task_runner/standard_task_runner.py:61 DeprecationWarning: This process (pid=7171) is multi-threaded, use of fork() may lead to deadlocks in the child.
[2024-06-19T17:21:59.466+0000] {standard_task_runner.py:63} INFO - Started process 7177 to run task
[2024-06-19T17:21:59.560+0000] {task_command.py:426} INFO - Running <TaskInstance: nba_schema_creation_dag.snowflake_create_stage scheduled__2024-06-17T00:00:00+00:00 [running]> on host ip-172-31-45-144.ec2.internal
[2024-06-19T17:21:59.709+0000] {taskinstance.py:2648} INFO - Exporting env vars: AIRFLOW_CTX_DAG_OWNER='Airflow' AIRFLOW_CTX_DAG_ID='nba_schema_creation_dag' AIRFLOW_CTX_TASK_ID='snowflake_create_stage' AIRFLOW_CTX_EXECUTION_DATE='2024-06-17T00:00:00+00:00' AIRFLOW_CTX_TRY_NUMBER='1' AIRFLOW_CTX_DAG_RUN_ID='scheduled__2024-06-17T00:00:00+00:00'
[2024-06-19T17:21:59.710+0000] {taskinstance.py:430} INFO - ::endgroup::
[2024-06-19T17:21:59.727+0000] {sql.py:276} INFO - Executing: 
        USE WAREHOUSE NBA_STATS_WAREHOUSE;
        USE NBA_STATS_ANALYTICS;
        CREATE OR REPLACE STAGE SNOW_S3_STAGE
        STORAGE_INTEGRATION = SNOW_S3
        URL = 's3://nba-stats-players/';
        
[2024-06-19T17:21:59.753+0000] {base.py:84} INFO - Using connection ID 'snowflake_conn' for task execution.
[2024-06-19T17:22:00.569+0000] {base.py:84} INFO - Using connection ID 'snowflake_conn' for task execution.
[2024-06-19T17:22:00.569+0000] {connection.py:399} INFO - Snowflake Connector for Python Version: 3.10.1, Python Version: 3.12.3, Platform: Linux-6.8.0-1009-aws-x86_64-with-glibc2.39
[2024-06-19T17:22:00.570+0000] {connection.py:1239} INFO - This connection is in OCSP Fail Open Mode. TLS Certificates would be checked for validity and revocation status. Any other Certificate Revocation related exceptions or OCSP Responder failures would be disregarded in favor of connectivity.
[2024-06-19T17:22:00.570+0000] {connection.py:1249} INFO - THIS CONNECTION IS IN INSECURE MODE. IT MEANS THE CERTIFICATE WILL BE VALIDATED BUT THE CERTIFICATE REVOCATION STATUS WILL NOT BE CHECKED.
[2024-06-19T17:22:00.636+0000] {ssl_wrap_socket.py:100} INFO - THIS CONNECTION IS IN INSECURE MODE. IT MEANS THE CERTIFICATE WILL BE VALIDATED BUT THE CERTIFICATE REVOCATION STATUS WILL NOT BE CHECKED.
[2024-06-19T17:22:01.114+0000] {cursor.py:1149} INFO - Number of results in first chunk: 1
[2024-06-19T17:22:01.115+0000] {sql.py:487} INFO - Running statement: USE WAREHOUSE NBA_STATS_WAREHOUSE;, parameters: None
[2024-06-19T17:22:01.179+0000] {cursor.py:1149} INFO - Number of results in first chunk: 1
[2024-06-19T17:22:01.179+0000] {sql.py:496} INFO - Rows affected: 1
[2024-06-19T17:22:01.179+0000] {snowflake.py:409} INFO - Rows affected: 1
[2024-06-19T17:22:01.180+0000] {snowflake.py:410} INFO - Snowflake query id: 01b51e32-0001-e364-0006-023e0001eb26
[2024-06-19T17:22:01.180+0000] {sql.py:487} INFO - Running statement: USE NBA_STATS_ANALYTICS;, parameters: None
[2024-06-19T17:22:01.271+0000] {cursor.py:1149} INFO - Number of results in first chunk: 1
[2024-06-19T17:22:01.271+0000] {sql.py:496} INFO - Rows affected: 1
[2024-06-19T17:22:01.272+0000] {snowflake.py:409} INFO - Rows affected: 1
[2024-06-19T17:22:01.272+0000] {snowflake.py:410} INFO - Snowflake query id: 01b51e32-0001-e499-0006-023e0001cc22
[2024-06-19T17:22:01.272+0000] {sql.py:487} INFO - Running statement: CREATE OR REPLACE STAGE SNOW_S3_STAGE
        STORAGE_INTEGRATION = SNOW_S3
        URL = 's3://nba-stats-players/';, parameters: None
[2024-06-19T17:22:01.456+0000] {cursor.py:1149} INFO - Number of results in first chunk: 1
[2024-06-19T17:22:01.456+0000] {sql.py:496} INFO - Rows affected: 1
[2024-06-19T17:22:01.456+0000] {snowflake.py:409} INFO - Rows affected: 1
[2024-06-19T17:22:01.456+0000] {snowflake.py:410} INFO - Snowflake query id: 01b51e32-0001-e49d-0006-023e0001faf6
[2024-06-19T17:22:01.505+0000] {cursor.py:1149} INFO - Number of results in first chunk: 1
[2024-06-19T17:22:01.505+0000] {connection.py:762} INFO - closed
[2024-06-19T17:22:01.532+0000] {connection.py:768} INFO - No async queries seem to be running, deleting session
[2024-06-19T17:22:01.565+0000] {taskinstance.py:441} INFO - ::group::Post task execution logs
[2024-06-19T17:22:01.620+0000] {taskinstance.py:1206} INFO - Marking task as SUCCESS. dag_id=nba_schema_creation_dag, task_id=snowflake_create_stage, run_id=scheduled__2024-06-17T00:00:00+00:00, execution_date=20240617T000000, start_date=20240619T172159, end_date=20240619T172201
[2024-06-19T17:22:01.656+0000] {local_task_job_runner.py:240} INFO - Task exited with return code 0
[2024-06-19T17:22:01.706+0000] {taskinstance.py:3503} INFO - 1 downstream tasks scheduled from follow-on schedule check
[2024-06-19T17:22:01.708+0000] {local_task_job_runner.py:222} INFO - ::endgroup::
[2024-06-19T21:04:40.598+0000] {local_task_job_runner.py:120} INFO - ::group::Pre task execution logs
[2024-06-19T21:04:40.643+0000] {taskinstance.py:2076} INFO - Dependencies all met for dep_context=non-requeueable deps ti=<TaskInstance: nba_schema_creation_dag.snowflake_create_stage scheduled__2024-06-17T00:00:00+00:00 [queued]>
[2024-06-19T21:04:40.652+0000] {taskinstance.py:2076} INFO - Dependencies all met for dep_context=requeueable deps ti=<TaskInstance: nba_schema_creation_dag.snowflake_create_stage scheduled__2024-06-17T00:00:00+00:00 [queued]>
[2024-06-19T21:04:40.653+0000] {taskinstance.py:2306} INFO - Starting attempt 1 of 2
[2024-06-19T21:04:40.667+0000] {taskinstance.py:2330} INFO - Executing <Task(SQLExecuteQueryOperator): snowflake_create_stage> on 2024-06-17 00:00:00+00:00
[2024-06-19T21:04:40.675+0000] {standard_task_runner.py:90} INFO - Running: ['***', 'tasks', 'run', 'nba_schema_creation_dag', 'snowflake_create_stage', 'scheduled__2024-06-17T00:00:00+00:00', '--job-id', '761', '--raw', '--subdir', 'DAGS_FOLDER/nba_schema_creation_dag.py', '--cfg-path', '/tmp/tmpmu6s_k1y']
[2024-06-19T21:04:40.677+0000] {standard_task_runner.py:91} INFO - Job 761: Subtask snowflake_create_stage
[2024-06-19T21:04:40.678+0000] {logging_mixin.py:188} WARNING - /home/ubuntu/nba_ns_venv/lib/python3.12/site-packages/***/task/task_runner/standard_task_runner.py:61 DeprecationWarning: This process (pid=2619) is multi-threaded, use of fork() may lead to deadlocks in the child.
[2024-06-19T21:04:40.680+0000] {standard_task_runner.py:63} INFO - Started process 2625 to run task
[2024-06-19T21:04:40.775+0000] {task_command.py:426} INFO - Running <TaskInstance: nba_schema_creation_dag.snowflake_create_stage scheduled__2024-06-17T00:00:00+00:00 [running]> on host ip-172-31-45-144.ec2.internal
[2024-06-19T21:04:40.929+0000] {taskinstance.py:2648} INFO - Exporting env vars: AIRFLOW_CTX_DAG_OWNER='Airflow' AIRFLOW_CTX_DAG_ID='nba_schema_creation_dag' AIRFLOW_CTX_TASK_ID='snowflake_create_stage' AIRFLOW_CTX_EXECUTION_DATE='2024-06-17T00:00:00+00:00' AIRFLOW_CTX_TRY_NUMBER='1' AIRFLOW_CTX_DAG_RUN_ID='scheduled__2024-06-17T00:00:00+00:00'
[2024-06-19T21:04:40.930+0000] {taskinstance.py:430} INFO - ::endgroup::
[2024-06-19T21:04:40.947+0000] {sql.py:276} INFO - Executing: 
        USE WAREHOUSE NBA_STATS_WAREHOUSE;
        USE NBA_STATS_ANALYTICS;
        CREATE OR REPLACE STAGE SNOW_S3_STAGE
        STORAGE_INTEGRATION = SNOW_S3
        URL = 's3://nba-stats-players/';
        
[2024-06-19T21:04:40.973+0000] {base.py:84} INFO - Using connection ID 'snowflake_conn' for task execution.
[2024-06-19T21:04:41.747+0000] {base.py:84} INFO - Using connection ID 'snowflake_conn' for task execution.
[2024-06-19T21:04:41.748+0000] {connection.py:399} INFO - Snowflake Connector for Python Version: 3.10.1, Python Version: 3.12.3, Platform: Linux-6.8.0-1009-aws-x86_64-with-glibc2.39
[2024-06-19T21:04:41.749+0000] {connection.py:1239} INFO - This connection is in OCSP Fail Open Mode. TLS Certificates would be checked for validity and revocation status. Any other Certificate Revocation related exceptions or OCSP Responder failures would be disregarded in favor of connectivity.
[2024-06-19T21:04:41.749+0000] {connection.py:1249} INFO - THIS CONNECTION IS IN INSECURE MODE. IT MEANS THE CERTIFICATE WILL BE VALIDATED BUT THE CERTIFICATE REVOCATION STATUS WILL NOT BE CHECKED.
[2024-06-19T21:04:41.809+0000] {ssl_wrap_socket.py:100} INFO - THIS CONNECTION IS IN INSECURE MODE. IT MEANS THE CERTIFICATE WILL BE VALIDATED BUT THE CERTIFICATE REVOCATION STATUS WILL NOT BE CHECKED.
[2024-06-19T21:04:42.109+0000] {cursor.py:1149} INFO - Number of results in first chunk: 1
[2024-06-19T21:04:42.109+0000] {sql.py:487} INFO - Running statement: USE WAREHOUSE NBA_STATS_WAREHOUSE;, parameters: None
[2024-06-19T21:04:42.180+0000] {cursor.py:1149} INFO - Number of results in first chunk: 1
[2024-06-19T21:04:42.180+0000] {sql.py:496} INFO - Rows affected: 1
[2024-06-19T21:04:42.181+0000] {snowflake.py:409} INFO - Rows affected: 1
[2024-06-19T21:04:42.181+0000] {snowflake.py:410} INFO - Snowflake query id: 01b51f10-0001-e498-0006-023e0001be9a
[2024-06-19T21:04:42.181+0000] {sql.py:487} INFO - Running statement: USE NBA_STATS_ANALYTICS;, parameters: None
[2024-06-19T21:04:42.322+0000] {cursor.py:1149} INFO - Number of results in first chunk: 1
[2024-06-19T21:04:42.322+0000] {sql.py:496} INFO - Rows affected: 1
[2024-06-19T21:04:42.323+0000] {snowflake.py:409} INFO - Rows affected: 1
[2024-06-19T21:04:42.323+0000] {snowflake.py:410} INFO - Snowflake query id: 01b51f10-0001-e495-0006-023e00018e52
[2024-06-19T21:04:42.323+0000] {sql.py:487} INFO - Running statement: CREATE OR REPLACE STAGE SNOW_S3_STAGE
        STORAGE_INTEGRATION = SNOW_S3
        URL = 's3://nba-stats-players/';, parameters: None
[2024-06-19T21:04:42.601+0000] {cursor.py:1149} INFO - Number of results in first chunk: 1
[2024-06-19T21:04:42.602+0000] {sql.py:496} INFO - Rows affected: 1
[2024-06-19T21:04:42.602+0000] {snowflake.py:409} INFO - Rows affected: 1
[2024-06-19T21:04:42.602+0000] {snowflake.py:410} INFO - Snowflake query id: 01b51f10-0001-e495-0006-023e00018e56
[2024-06-19T21:04:42.679+0000] {cursor.py:1149} INFO - Number of results in first chunk: 1
[2024-06-19T21:04:42.680+0000] {connection.py:762} INFO - closed
[2024-06-19T21:04:42.707+0000] {connection.py:768} INFO - No async queries seem to be running, deleting session
[2024-06-19T21:04:42.791+0000] {taskinstance.py:441} INFO - ::group::Post task execution logs
[2024-06-19T21:04:42.846+0000] {taskinstance.py:1206} INFO - Marking task as SUCCESS. dag_id=nba_schema_creation_dag, task_id=snowflake_create_stage, run_id=scheduled__2024-06-17T00:00:00+00:00, execution_date=20240617T000000, start_date=20240619T210440, end_date=20240619T210442
[2024-06-19T21:04:42.908+0000] {local_task_job_runner.py:240} INFO - Task exited with return code 0
[2024-06-19T21:04:42.952+0000] {taskinstance.py:3503} INFO - 1 downstream tasks scheduled from follow-on schedule check
[2024-06-19T21:04:42.954+0000] {local_task_job_runner.py:222} INFO - ::endgroup::
