[2024-06-18T21:04:26.268+0000] {local_task_job_runner.py:120} INFO - ::group::Pre task execution logs
[2024-06-18T21:04:26.409+0000] {taskinstance.py:2076} INFO - Dependencies all met for dep_context=non-requeueable deps ti=<TaskInstance: nba_data_pipeline_dag.upload_news_to_s3 scheduled__2024-06-17T00:00:00+00:00 [queued]>
[2024-06-18T21:04:26.446+0000] {taskinstance.py:2076} INFO - Dependencies all met for dep_context=requeueable deps ti=<TaskInstance: nba_data_pipeline_dag.upload_news_to_s3 scheduled__2024-06-17T00:00:00+00:00 [queued]>
[2024-06-18T21:04:26.446+0000] {taskinstance.py:2306} INFO - Starting attempt 1 of 2
[2024-06-18T21:04:26.485+0000] {taskinstance.py:2330} INFO - Executing <Task(PythonOperator): upload_news_to_s3> on 2024-06-17 00:00:00+00:00
[2024-06-18T21:04:26.524+0000] {logging_mixin.py:188} WARNING - /home/ubuntu/nba_ns_venv/lib/python3.12/site-packages/***/task/task_runner/standard_task_runner.py:61 DeprecationWarning: This process (pid=11003) is multi-threaded, use of fork() may lead to deadlocks in the child.
[2024-06-18T21:04:26.526+0000] {standard_task_runner.py:63} INFO - Started process 11195 to run task
[2024-06-18T21:04:26.520+0000] {standard_task_runner.py:90} INFO - Running: ['***', 'tasks', 'run', 'nba_data_pipeline_dag', 'upload_news_to_s3', 'scheduled__2024-06-17T00:00:00+00:00', '--job-id', '312', '--raw', '--subdir', 'DAGS_FOLDER/nba_data_pipeline_dag.py', '--cfg-path', '/tmp/tmp8x12adaj']
[2024-06-18T21:04:26.535+0000] {standard_task_runner.py:91} INFO - Job 312: Subtask upload_news_to_s3
[2024-06-18T21:04:26.820+0000] {task_command.py:426} INFO - Running <TaskInstance: nba_data_pipeline_dag.upload_news_to_s3 scheduled__2024-06-17T00:00:00+00:00 [running]> on host ip-172-31-45-144.ec2.internal
[2024-06-18T21:04:27.252+0000] {taskinstance.py:2648} INFO - Exporting env vars: AIRFLOW_CTX_DAG_OWNER='Airflow' AIRFLOW_CTX_DAG_ID='nba_data_pipeline_dag' AIRFLOW_CTX_TASK_ID='upload_news_to_s3' AIRFLOW_CTX_EXECUTION_DATE='2024-06-17T00:00:00+00:00' AIRFLOW_CTX_TRY_NUMBER='1' AIRFLOW_CTX_DAG_RUN_ID='scheduled__2024-06-17T00:00:00+00:00'
[2024-06-18T21:04:27.257+0000] {taskinstance.py:430} INFO - ::endgroup::
[2024-06-18T21:04:27.634+0000] {credentials.py:1075} INFO - Found credentials from IAM Role: nba_news_stats_s3
[2024-06-18T21:04:28.074+0000] {python.py:237} INFO - Done. Returned value was: s3://nba-stats-players/nba_news.parquet
[2024-06-18T21:04:28.076+0000] {taskinstance.py:441} INFO - ::group::Post task execution logs
[2024-06-18T21:04:28.173+0000] {taskinstance.py:1206} INFO - Marking task as SUCCESS. dag_id=nba_data_pipeline_dag, task_id=upload_news_to_s3, run_id=scheduled__2024-06-17T00:00:00+00:00, execution_date=20240617T000000, start_date=20240618T210426, end_date=20240618T210428
[2024-06-18T21:04:28.208+0000] {local_task_job_runner.py:240} INFO - Task exited with return code 0
[2024-06-18T21:04:28.300+0000] {taskinstance.py:3503} INFO - 1 downstream tasks scheduled from follow-on schedule check
[2024-06-18T21:04:28.305+0000] {local_task_job_runner.py:222} INFO - ::endgroup::
[2024-06-18T21:14:49.042+0000] {local_task_job_runner.py:120} INFO - ::group::Pre task execution logs
[2024-06-18T21:14:49.089+0000] {taskinstance.py:2076} INFO - Dependencies all met for dep_context=non-requeueable deps ti=<TaskInstance: nba_data_pipeline_dag.upload_news_to_s3 scheduled__2024-06-17T00:00:00+00:00 [queued]>
[2024-06-18T21:14:49.098+0000] {taskinstance.py:2076} INFO - Dependencies all met for dep_context=requeueable deps ti=<TaskInstance: nba_data_pipeline_dag.upload_news_to_s3 scheduled__2024-06-17T00:00:00+00:00 [queued]>
[2024-06-18T21:14:49.099+0000] {taskinstance.py:2306} INFO - Starting attempt 1 of 2
[2024-06-18T21:14:49.113+0000] {taskinstance.py:2330} INFO - Executing <Task(PythonOperator): upload_news_to_s3> on 2024-06-17 00:00:00+00:00
[2024-06-18T21:14:49.134+0000] {logging_mixin.py:188} WARNING - /home/ubuntu/nba_ns_venv/lib/python3.12/site-packages/***/task/task_runner/standard_task_runner.py:61 DeprecationWarning: This process (pid=15591) is multi-threaded, use of fork() may lead to deadlocks in the child.
[2024-06-18T21:14:49.137+0000] {standard_task_runner.py:63} INFO - Started process 15621 to run task
[2024-06-18T21:14:49.132+0000] {standard_task_runner.py:90} INFO - Running: ['***', 'tasks', 'run', 'nba_data_pipeline_dag', 'upload_news_to_s3', 'scheduled__2024-06-17T00:00:00+00:00', '--job-id', '333', '--raw', '--subdir', 'DAGS_FOLDER/nba_data_pipeline_dag.py', '--cfg-path', '/tmp/tmpthnxvjy8']
[2024-06-18T21:14:49.139+0000] {standard_task_runner.py:91} INFO - Job 333: Subtask upload_news_to_s3
[2024-06-18T21:14:49.255+0000] {task_command.py:426} INFO - Running <TaskInstance: nba_data_pipeline_dag.upload_news_to_s3 scheduled__2024-06-17T00:00:00+00:00 [running]> on host ip-172-31-45-144.ec2.internal
[2024-06-18T21:14:49.453+0000] {taskinstance.py:2648} INFO - Exporting env vars: AIRFLOW_CTX_DAG_OWNER='Airflow' AIRFLOW_CTX_DAG_ID='nba_data_pipeline_dag' AIRFLOW_CTX_TASK_ID='upload_news_to_s3' AIRFLOW_CTX_EXECUTION_DATE='2024-06-17T00:00:00+00:00' AIRFLOW_CTX_TRY_NUMBER='1' AIRFLOW_CTX_DAG_RUN_ID='scheduled__2024-06-17T00:00:00+00:00'
[2024-06-18T21:14:49.457+0000] {taskinstance.py:430} INFO - ::endgroup::
[2024-06-18T21:14:49.658+0000] {credentials.py:1075} INFO - Found credentials from IAM Role: nba_news_stats_s3
[2024-06-18T21:14:49.922+0000] {python.py:237} INFO - Done. Returned value was: s3://nba-stats-players/nba_news.parquet
[2024-06-18T21:14:49.923+0000] {taskinstance.py:441} INFO - ::group::Post task execution logs
[2024-06-18T21:14:49.983+0000] {taskinstance.py:1206} INFO - Marking task as SUCCESS. dag_id=nba_data_pipeline_dag, task_id=upload_news_to_s3, run_id=scheduled__2024-06-17T00:00:00+00:00, execution_date=20240617T000000, start_date=20240618T211449, end_date=20240618T211449
[2024-06-18T21:14:50.040+0000] {local_task_job_runner.py:240} INFO - Task exited with return code 0
[2024-06-18T21:14:50.080+0000] {taskinstance.py:3503} INFO - 1 downstream tasks scheduled from follow-on schedule check
[2024-06-18T21:14:50.082+0000] {local_task_job_runner.py:222} INFO - ::endgroup::
[2024-06-18T21:15:51.073+0000] {local_task_job_runner.py:120} INFO - ::group::Pre task execution logs
[2024-06-18T21:15:51.121+0000] {taskinstance.py:2076} INFO - Dependencies all met for dep_context=non-requeueable deps ti=<TaskInstance: nba_data_pipeline_dag.upload_news_to_s3 scheduled__2024-06-17T00:00:00+00:00 [queued]>
[2024-06-18T21:15:51.133+0000] {taskinstance.py:2076} INFO - Dependencies all met for dep_context=requeueable deps ti=<TaskInstance: nba_data_pipeline_dag.upload_news_to_s3 scheduled__2024-06-17T00:00:00+00:00 [queued]>
[2024-06-18T21:15:51.134+0000] {taskinstance.py:2306} INFO - Starting attempt 1 of 2
[2024-06-18T21:15:51.147+0000] {taskinstance.py:2330} INFO - Executing <Task(PythonOperator): upload_news_to_s3> on 2024-06-17 00:00:00+00:00
[2024-06-18T21:15:51.168+0000] {logging_mixin.py:188} WARNING - /home/ubuntu/nba_ns_venv/lib/python3.12/site-packages/***/task/task_runner/standard_task_runner.py:61 DeprecationWarning: This process (pid=17608) is multi-threaded, use of fork() may lead to deadlocks in the child.
[2024-06-18T21:15:51.172+0000] {standard_task_runner.py:63} INFO - Started process 17638 to run task
[2024-06-18T21:15:51.166+0000] {standard_task_runner.py:90} INFO - Running: ['***', 'tasks', 'run', 'nba_data_pipeline_dag', 'upload_news_to_s3', 'scheduled__2024-06-17T00:00:00+00:00', '--job-id', '347', '--raw', '--subdir', 'DAGS_FOLDER/nba_data_pipeline_dag.py', '--cfg-path', '/tmp/tmpjcs8yoea']
[2024-06-18T21:15:51.174+0000] {standard_task_runner.py:91} INFO - Job 347: Subtask upload_news_to_s3
[2024-06-18T21:15:51.312+0000] {task_command.py:426} INFO - Running <TaskInstance: nba_data_pipeline_dag.upload_news_to_s3 scheduled__2024-06-17T00:00:00+00:00 [running]> on host ip-172-31-45-144.ec2.internal
[2024-06-18T21:15:51.496+0000] {taskinstance.py:2648} INFO - Exporting env vars: AIRFLOW_CTX_DAG_OWNER='Airflow' AIRFLOW_CTX_DAG_ID='nba_data_pipeline_dag' AIRFLOW_CTX_TASK_ID='upload_news_to_s3' AIRFLOW_CTX_EXECUTION_DATE='2024-06-17T00:00:00+00:00' AIRFLOW_CTX_TRY_NUMBER='1' AIRFLOW_CTX_DAG_RUN_ID='scheduled__2024-06-17T00:00:00+00:00'
[2024-06-18T21:15:51.501+0000] {taskinstance.py:430} INFO - ::endgroup::
[2024-06-18T21:15:51.667+0000] {credentials.py:1075} INFO - Found credentials from IAM Role: nba_news_stats_s3
[2024-06-18T21:15:51.868+0000] {python.py:237} INFO - Done. Returned value was: s3://nba-stats-players/nba_news.parquet
[2024-06-18T21:15:51.869+0000] {taskinstance.py:441} INFO - ::group::Post task execution logs
[2024-06-18T21:15:51.931+0000] {taskinstance.py:1206} INFO - Marking task as SUCCESS. dag_id=nba_data_pipeline_dag, task_id=upload_news_to_s3, run_id=scheduled__2024-06-17T00:00:00+00:00, execution_date=20240617T000000, start_date=20240618T211551, end_date=20240618T211551
[2024-06-18T21:15:51.956+0000] {local_task_job_runner.py:240} INFO - Task exited with return code 0
[2024-06-18T21:15:51.996+0000] {taskinstance.py:3503} INFO - 1 downstream tasks scheduled from follow-on schedule check
[2024-06-18T21:15:51.999+0000] {local_task_job_runner.py:222} INFO - ::endgroup::
[2024-06-18T21:21:14.762+0000] {local_task_job_runner.py:120} INFO - ::group::Pre task execution logs
[2024-06-18T21:21:14.896+0000] {taskinstance.py:2076} INFO - Dependencies all met for dep_context=non-requeueable deps ti=<TaskInstance: nba_data_pipeline_dag.upload_news_to_s3 scheduled__2024-06-17T00:00:00+00:00 [queued]>
[2024-06-18T21:21:14.934+0000] {taskinstance.py:2076} INFO - Dependencies all met for dep_context=requeueable deps ti=<TaskInstance: nba_data_pipeline_dag.upload_news_to_s3 scheduled__2024-06-17T00:00:00+00:00 [queued]>
[2024-06-18T21:21:14.937+0000] {taskinstance.py:2306} INFO - Starting attempt 1 of 2
[2024-06-18T21:21:14.980+0000] {taskinstance.py:2330} INFO - Executing <Task(PythonOperator): upload_news_to_s3> on 2024-06-17 00:00:00+00:00
[2024-06-18T21:21:15.014+0000] {standard_task_runner.py:90} INFO - Running: ['***', 'tasks', 'run', 'nba_data_pipeline_dag', 'upload_news_to_s3', 'scheduled__2024-06-17T00:00:00+00:00', '--job-id', '384', '--raw', '--subdir', 'DAGS_FOLDER/nba_data_pipeline_dag.py', '--cfg-path', '/tmp/tmpo8jn_263']
[2024-06-18T21:21:15.026+0000] {standard_task_runner.py:91} INFO - Job 384: Subtask upload_news_to_s3
[2024-06-18T21:21:15.025+0000] {logging_mixin.py:188} WARNING - /home/ubuntu/nba_ns_venv/lib/python3.12/site-packages/***/task/task_runner/standard_task_runner.py:61 DeprecationWarning: This process (pid=22188) is multi-threaded, use of fork() may lead to deadlocks in the child.
[2024-06-18T21:21:15.030+0000] {standard_task_runner.py:63} INFO - Started process 22365 to run task
[2024-06-18T21:21:15.306+0000] {task_command.py:426} INFO - Running <TaskInstance: nba_data_pipeline_dag.upload_news_to_s3 scheduled__2024-06-17T00:00:00+00:00 [running]> on host ip-172-31-45-144.ec2.internal
[2024-06-18T21:21:15.680+0000] {taskinstance.py:2648} INFO - Exporting env vars: AIRFLOW_CTX_DAG_OWNER='Airflow' AIRFLOW_CTX_DAG_ID='nba_data_pipeline_dag' AIRFLOW_CTX_TASK_ID='upload_news_to_s3' AIRFLOW_CTX_EXECUTION_DATE='2024-06-17T00:00:00+00:00' AIRFLOW_CTX_TRY_NUMBER='1' AIRFLOW_CTX_DAG_RUN_ID='scheduled__2024-06-17T00:00:00+00:00'
[2024-06-18T21:21:15.683+0000] {taskinstance.py:430} INFO - ::endgroup::
[2024-06-18T21:21:15.917+0000] {credentials.py:1075} INFO - Found credentials from IAM Role: nba_news_stats_s3
[2024-06-18T21:21:16.355+0000] {python.py:237} INFO - Done. Returned value was: s3://nba-stats-players/nba_news.parquet
[2024-06-18T21:21:16.358+0000] {taskinstance.py:441} INFO - ::group::Post task execution logs
[2024-06-18T21:21:16.464+0000] {taskinstance.py:1206} INFO - Marking task as SUCCESS. dag_id=nba_data_pipeline_dag, task_id=upload_news_to_s3, run_id=scheduled__2024-06-17T00:00:00+00:00, execution_date=20240617T000000, start_date=20240618T212114, end_date=20240618T212116
[2024-06-18T21:21:16.550+0000] {local_task_job_runner.py:240} INFO - Task exited with return code 0
[2024-06-18T21:21:16.668+0000] {taskinstance.py:3503} INFO - 1 downstream tasks scheduled from follow-on schedule check
[2024-06-18T21:21:16.672+0000] {local_task_job_runner.py:222} INFO - ::endgroup::
[2024-06-18T21:46:14.422+0000] {local_task_job_runner.py:120} INFO - ::group::Pre task execution logs
[2024-06-18T21:46:14.493+0000] {taskinstance.py:2076} INFO - Dependencies all met for dep_context=non-requeueable deps ti=<TaskInstance: nba_data_pipeline_dag.upload_news_to_s3 scheduled__2024-06-17T00:00:00+00:00 [queued]>
[2024-06-18T21:46:14.508+0000] {taskinstance.py:2076} INFO - Dependencies all met for dep_context=requeueable deps ti=<TaskInstance: nba_data_pipeline_dag.upload_news_to_s3 scheduled__2024-06-17T00:00:00+00:00 [queued]>
[2024-06-18T21:46:14.509+0000] {taskinstance.py:2306} INFO - Starting attempt 1 of 2
[2024-06-18T21:46:14.523+0000] {taskinstance.py:2330} INFO - Executing <Task(PythonOperator): upload_news_to_s3> on 2024-06-17 00:00:00+00:00
[2024-06-18T21:46:14.542+0000] {logging_mixin.py:188} WARNING - /home/ubuntu/nba_ns_venv/lib/python3.12/site-packages/***/task/task_runner/standard_task_runner.py:61 DeprecationWarning: This process (pid=28692) is multi-threaded, use of fork() may lead to deadlocks in the child.
[2024-06-18T21:46:14.546+0000] {standard_task_runner.py:63} INFO - Started process 28725 to run task
[2024-06-18T21:46:14.541+0000] {standard_task_runner.py:90} INFO - Running: ['***', 'tasks', 'run', 'nba_data_pipeline_dag', 'upload_news_to_s3', 'scheduled__2024-06-17T00:00:00+00:00', '--job-id', '407', '--raw', '--subdir', 'DAGS_FOLDER/nba_data_pipeline_dag.py', '--cfg-path', '/tmp/tmp4__8r68o']
[2024-06-18T21:46:14.548+0000] {standard_task_runner.py:91} INFO - Job 407: Subtask upload_news_to_s3
[2024-06-18T21:46:14.672+0000] {task_command.py:426} INFO - Running <TaskInstance: nba_data_pipeline_dag.upload_news_to_s3 scheduled__2024-06-17T00:00:00+00:00 [running]> on host ip-172-31-45-144.ec2.internal
[2024-06-18T21:46:14.865+0000] {taskinstance.py:2648} INFO - Exporting env vars: AIRFLOW_CTX_DAG_OWNER='Airflow' AIRFLOW_CTX_DAG_ID='nba_data_pipeline_dag' AIRFLOW_CTX_TASK_ID='upload_news_to_s3' AIRFLOW_CTX_EXECUTION_DATE='2024-06-17T00:00:00+00:00' AIRFLOW_CTX_TRY_NUMBER='1' AIRFLOW_CTX_DAG_RUN_ID='scheduled__2024-06-17T00:00:00+00:00'
[2024-06-18T21:46:14.868+0000] {taskinstance.py:430} INFO - ::endgroup::
[2024-06-18T21:46:15.023+0000] {credentials.py:1075} INFO - Found credentials from IAM Role: nba_news_stats_s3
[2024-06-18T21:46:15.275+0000] {python.py:237} INFO - Done. Returned value was: s3://nba-stats-players/nba_news.parquet
[2024-06-18T21:46:15.276+0000] {taskinstance.py:441} INFO - ::group::Post task execution logs
[2024-06-18T21:46:15.340+0000] {taskinstance.py:1206} INFO - Marking task as SUCCESS. dag_id=nba_data_pipeline_dag, task_id=upload_news_to_s3, run_id=scheduled__2024-06-17T00:00:00+00:00, execution_date=20240617T000000, start_date=20240618T214614, end_date=20240618T214615
[2024-06-18T21:46:15.373+0000] {local_task_job_runner.py:240} INFO - Task exited with return code 0
[2024-06-18T21:46:15.412+0000] {taskinstance.py:3503} INFO - 1 downstream tasks scheduled from follow-on schedule check
[2024-06-18T21:46:15.414+0000] {local_task_job_runner.py:222} INFO - ::endgroup::
[2024-06-18T21:48:41.712+0000] {local_task_job_runner.py:120} INFO - ::group::Pre task execution logs
[2024-06-18T21:48:41.872+0000] {taskinstance.py:2076} INFO - Dependencies all met for dep_context=non-requeueable deps ti=<TaskInstance: nba_data_pipeline_dag.upload_news_to_s3 scheduled__2024-06-17T00:00:00+00:00 [queued]>
[2024-06-18T21:48:41.901+0000] {taskinstance.py:2076} INFO - Dependencies all met for dep_context=requeueable deps ti=<TaskInstance: nba_data_pipeline_dag.upload_news_to_s3 scheduled__2024-06-17T00:00:00+00:00 [queued]>
[2024-06-18T21:48:41.902+0000] {taskinstance.py:2306} INFO - Starting attempt 1 of 2
[2024-06-18T21:48:41.950+0000] {taskinstance.py:2330} INFO - Executing <Task(PythonOperator): upload_news_to_s3> on 2024-06-17 00:00:00+00:00
[2024-06-18T21:48:41.983+0000] {standard_task_runner.py:90} INFO - Running: ['***', 'tasks', 'run', 'nba_data_pipeline_dag', 'upload_news_to_s3', 'scheduled__2024-06-17T00:00:00+00:00', '--job-id', '417', '--raw', '--subdir', 'DAGS_FOLDER/nba_data_pipeline_dag.py', '--cfg-path', '/tmp/tmpqdlc0u26']
[2024-06-18T21:48:41.993+0000] {standard_task_runner.py:91} INFO - Job 417: Subtask upload_news_to_s3
[2024-06-18T21:48:41.997+0000] {logging_mixin.py:188} WARNING - /home/ubuntu/nba_ns_venv/lib/python3.12/site-packages/***/task/task_runner/standard_task_runner.py:61 DeprecationWarning: This process (pid=30612) is multi-threaded, use of fork() may lead to deadlocks in the child.
[2024-06-18T21:48:41.998+0000] {standard_task_runner.py:63} INFO - Started process 30712 to run task
[2024-06-18T21:48:42.142+0000] {task_command.py:426} INFO - Running <TaskInstance: nba_data_pipeline_dag.upload_news_to_s3 scheduled__2024-06-17T00:00:00+00:00 [running]> on host ip-172-31-45-144.ec2.internal
[2024-06-18T21:48:42.316+0000] {taskinstance.py:2648} INFO - Exporting env vars: AIRFLOW_CTX_DAG_OWNER='Airflow' AIRFLOW_CTX_DAG_ID='nba_data_pipeline_dag' AIRFLOW_CTX_TASK_ID='upload_news_to_s3' AIRFLOW_CTX_EXECUTION_DATE='2024-06-17T00:00:00+00:00' AIRFLOW_CTX_TRY_NUMBER='1' AIRFLOW_CTX_DAG_RUN_ID='scheduled__2024-06-17T00:00:00+00:00'
[2024-06-18T21:48:42.320+0000] {taskinstance.py:430} INFO - ::endgroup::
[2024-06-18T21:48:42.472+0000] {credentials.py:1075} INFO - Found credentials from IAM Role: nba_news_stats_s3
[2024-06-18T21:48:42.694+0000] {python.py:237} INFO - Done. Returned value was: s3://nba-stats-players/nba_news.parquet
[2024-06-18T21:48:42.694+0000] {taskinstance.py:441} INFO - ::group::Post task execution logs
[2024-06-18T21:48:42.754+0000] {taskinstance.py:1206} INFO - Marking task as SUCCESS. dag_id=nba_data_pipeline_dag, task_id=upload_news_to_s3, run_id=scheduled__2024-06-17T00:00:00+00:00, execution_date=20240617T000000, start_date=20240618T214841, end_date=20240618T214842
[2024-06-18T21:48:42.779+0000] {local_task_job_runner.py:240} INFO - Task exited with return code 0
[2024-06-18T21:48:42.808+0000] {local_task_job_runner.py:222} INFO - ::endgroup::
[2024-06-18T22:06:48.999+0000] {local_task_job_runner.py:120} INFO - ::group::Pre task execution logs
[2024-06-18T22:06:49.047+0000] {taskinstance.py:2076} INFO - Dependencies all met for dep_context=non-requeueable deps ti=<TaskInstance: nba_data_pipeline_dag.upload_news_to_s3 scheduled__2024-06-17T00:00:00+00:00 [queued]>
[2024-06-18T22:06:49.056+0000] {taskinstance.py:2076} INFO - Dependencies all met for dep_context=requeueable deps ti=<TaskInstance: nba_data_pipeline_dag.upload_news_to_s3 scheduled__2024-06-17T00:00:00+00:00 [queued]>
[2024-06-18T22:06:49.057+0000] {taskinstance.py:2306} INFO - Starting attempt 1 of 2
[2024-06-18T22:06:49.074+0000] {taskinstance.py:2330} INFO - Executing <Task(PythonOperator): upload_news_to_s3> on 2024-06-17 00:00:00+00:00
[2024-06-18T22:06:49.098+0000] {logging_mixin.py:188} WARNING - /home/ubuntu/nba_ns_venv/lib/python3.12/site-packages/***/task/task_runner/standard_task_runner.py:61 DeprecationWarning: This process (pid=40229) is multi-threaded, use of fork() may lead to deadlocks in the child.
[2024-06-18T22:06:49.092+0000] {standard_task_runner.py:90} INFO - Running: ['***', 'tasks', 'run', 'nba_data_pipeline_dag', 'upload_news_to_s3', 'scheduled__2024-06-17T00:00:00+00:00', '--job-id', '454', '--raw', '--subdir', 'DAGS_FOLDER/nba_data_pipeline_dag.py', '--cfg-path', '/tmp/tmpg2nw84c2']
[2024-06-18T22:06:49.100+0000] {standard_task_runner.py:91} INFO - Job 454: Subtask upload_news_to_s3
[2024-06-18T22:06:49.100+0000] {standard_task_runner.py:63} INFO - Started process 40310 to run task
[2024-06-18T22:06:49.231+0000] {task_command.py:426} INFO - Running <TaskInstance: nba_data_pipeline_dag.upload_news_to_s3 scheduled__2024-06-17T00:00:00+00:00 [running]> on host ip-172-31-45-144.ec2.internal
[2024-06-18T22:06:49.412+0000] {taskinstance.py:2648} INFO - Exporting env vars: AIRFLOW_CTX_DAG_OWNER='Airflow' AIRFLOW_CTX_DAG_ID='nba_data_pipeline_dag' AIRFLOW_CTX_TASK_ID='upload_news_to_s3' AIRFLOW_CTX_EXECUTION_DATE='2024-06-17T00:00:00+00:00' AIRFLOW_CTX_TRY_NUMBER='1' AIRFLOW_CTX_DAG_RUN_ID='scheduled__2024-06-17T00:00:00+00:00'
[2024-06-18T22:06:49.413+0000] {taskinstance.py:430} INFO - ::endgroup::
[2024-06-18T22:06:49.563+0000] {credentials.py:1075} INFO - Found credentials from IAM Role: nba_news_stats_s3
[2024-06-18T22:06:49.787+0000] {python.py:237} INFO - Done. Returned value was: s3://nba-stats-players/nba_news.parquet
[2024-06-18T22:06:49.787+0000] {taskinstance.py:441} INFO - ::group::Post task execution logs
[2024-06-18T22:06:49.865+0000] {taskinstance.py:1206} INFO - Marking task as SUCCESS. dag_id=nba_data_pipeline_dag, task_id=upload_news_to_s3, run_id=scheduled__2024-06-17T00:00:00+00:00, execution_date=20240617T000000, start_date=20240618T220649, end_date=20240618T220649
[2024-06-18T22:06:49.921+0000] {local_task_job_runner.py:240} INFO - Task exited with return code 0
[2024-06-18T22:06:49.967+0000] {taskinstance.py:3503} INFO - 1 downstream tasks scheduled from follow-on schedule check
[2024-06-18T22:06:49.969+0000] {local_task_job_runner.py:222} INFO - ::endgroup::
[2024-06-18T22:10:44.098+0000] {local_task_job_runner.py:120} INFO - ::group::Pre task execution logs
[2024-06-18T22:10:44.145+0000] {taskinstance.py:2076} INFO - Dependencies all met for dep_context=non-requeueable deps ti=<TaskInstance: nba_data_pipeline_dag.upload_news_to_s3 scheduled__2024-06-17T00:00:00+00:00 [queued]>
[2024-06-18T22:10:44.166+0000] {taskinstance.py:2076} INFO - Dependencies all met for dep_context=requeueable deps ti=<TaskInstance: nba_data_pipeline_dag.upload_news_to_s3 scheduled__2024-06-17T00:00:00+00:00 [queued]>
[2024-06-18T22:10:44.166+0000] {taskinstance.py:2306} INFO - Starting attempt 1 of 2
[2024-06-18T22:10:44.200+0000] {taskinstance.py:2330} INFO - Executing <Task(PythonOperator): upload_news_to_s3> on 2024-06-17 00:00:00+00:00
[2024-06-18T22:10:44.228+0000] {logging_mixin.py:188} WARNING - /home/ubuntu/nba_ns_venv/lib/python3.12/site-packages/***/task/task_runner/standard_task_runner.py:61 DeprecationWarning: This process (pid=42938) is multi-threaded, use of fork() may lead to deadlocks in the child.
[2024-06-18T22:10:44.240+0000] {standard_task_runner.py:63} INFO - Started process 42971 to run task
[2024-06-18T22:10:44.232+0000] {standard_task_runner.py:90} INFO - Running: ['***', 'tasks', 'run', 'nba_data_pipeline_dag', 'upload_news_to_s3', 'scheduled__2024-06-17T00:00:00+00:00', '--job-id', '468', '--raw', '--subdir', 'DAGS_FOLDER/nba_data_pipeline_dag.py', '--cfg-path', '/tmp/tmpnbuf8bzc']
[2024-06-18T22:10:44.244+0000] {standard_task_runner.py:91} INFO - Job 468: Subtask upload_news_to_s3
[2024-06-18T22:10:44.428+0000] {task_command.py:426} INFO - Running <TaskInstance: nba_data_pipeline_dag.upload_news_to_s3 scheduled__2024-06-17T00:00:00+00:00 [running]> on host ip-172-31-45-144.ec2.internal
[2024-06-18T22:10:44.633+0000] {taskinstance.py:2648} INFO - Exporting env vars: AIRFLOW_CTX_DAG_OWNER='Airflow' AIRFLOW_CTX_DAG_ID='nba_data_pipeline_dag' AIRFLOW_CTX_TASK_ID='upload_news_to_s3' AIRFLOW_CTX_EXECUTION_DATE='2024-06-17T00:00:00+00:00' AIRFLOW_CTX_TRY_NUMBER='1' AIRFLOW_CTX_DAG_RUN_ID='scheduled__2024-06-17T00:00:00+00:00'
[2024-06-18T22:10:44.634+0000] {taskinstance.py:430} INFO - ::endgroup::
[2024-06-18T22:10:44.788+0000] {credentials.py:1075} INFO - Found credentials from IAM Role: nba_news_stats_s3
[2024-06-18T22:10:45.016+0000] {python.py:237} INFO - Done. Returned value was: s3://nba-stats-players/nba_news.parquet
[2024-06-18T22:10:45.017+0000] {taskinstance.py:441} INFO - ::group::Post task execution logs
[2024-06-18T22:10:45.075+0000] {taskinstance.py:1206} INFO - Marking task as SUCCESS. dag_id=nba_data_pipeline_dag, task_id=upload_news_to_s3, run_id=scheduled__2024-06-17T00:00:00+00:00, execution_date=20240617T000000, start_date=20240618T221044, end_date=20240618T221045
[2024-06-18T22:10:45.108+0000] {local_task_job_runner.py:240} INFO - Task exited with return code 0
[2024-06-18T22:10:45.149+0000] {taskinstance.py:3503} INFO - 1 downstream tasks scheduled from follow-on schedule check
[2024-06-18T22:10:45.152+0000] {local_task_job_runner.py:222} INFO - ::endgroup::
[2024-06-18T22:14:46.980+0000] {local_task_job_runner.py:120} INFO - ::group::Pre task execution logs
[2024-06-18T22:14:47.070+0000] {taskinstance.py:2076} INFO - Dependencies all met for dep_context=non-requeueable deps ti=<TaskInstance: nba_data_pipeline_dag.upload_news_to_s3 scheduled__2024-06-17T00:00:00+00:00 [queued]>
[2024-06-18T22:14:47.097+0000] {taskinstance.py:2076} INFO - Dependencies all met for dep_context=requeueable deps ti=<TaskInstance: nba_data_pipeline_dag.upload_news_to_s3 scheduled__2024-06-17T00:00:00+00:00 [queued]>
[2024-06-18T22:14:47.097+0000] {taskinstance.py:2306} INFO - Starting attempt 1 of 2
[2024-06-18T22:14:47.139+0000] {taskinstance.py:2330} INFO - Executing <Task(PythonOperator): upload_news_to_s3> on 2024-06-17 00:00:00+00:00
[2024-06-18T22:14:47.176+0000] {logging_mixin.py:188} WARNING - /home/ubuntu/nba_ns_venv/lib/python3.12/site-packages/***/task/task_runner/standard_task_runner.py:61 DeprecationWarning: This process (pid=45854) is multi-threaded, use of fork() may lead to deadlocks in the child.
[2024-06-18T22:14:47.180+0000] {standard_task_runner.py:63} INFO - Started process 45952 to run task
[2024-06-18T22:14:47.174+0000] {standard_task_runner.py:90} INFO - Running: ['***', 'tasks', 'run', 'nba_data_pipeline_dag', 'upload_news_to_s3', 'scheduled__2024-06-17T00:00:00+00:00', '--job-id', '484', '--raw', '--subdir', 'DAGS_FOLDER/nba_data_pipeline_dag.py', '--cfg-path', '/tmp/tmpav50xgcj']
[2024-06-18T22:14:47.181+0000] {standard_task_runner.py:91} INFO - Job 484: Subtask upload_news_to_s3
[2024-06-18T22:14:47.305+0000] {task_command.py:426} INFO - Running <TaskInstance: nba_data_pipeline_dag.upload_news_to_s3 scheduled__2024-06-17T00:00:00+00:00 [running]> on host ip-172-31-45-144.ec2.internal
[2024-06-18T22:14:47.486+0000] {taskinstance.py:2648} INFO - Exporting env vars: AIRFLOW_CTX_DAG_OWNER='Airflow' AIRFLOW_CTX_DAG_ID='nba_data_pipeline_dag' AIRFLOW_CTX_TASK_ID='upload_news_to_s3' AIRFLOW_CTX_EXECUTION_DATE='2024-06-17T00:00:00+00:00' AIRFLOW_CTX_TRY_NUMBER='1' AIRFLOW_CTX_DAG_RUN_ID='scheduled__2024-06-17T00:00:00+00:00'
[2024-06-18T22:14:47.489+0000] {taskinstance.py:430} INFO - ::endgroup::
[2024-06-18T22:14:47.659+0000] {credentials.py:1075} INFO - Found credentials from IAM Role: nba_news_stats_s3
[2024-06-18T22:14:47.994+0000] {python.py:237} INFO - Done. Returned value was: s3://nba-stats-players/nba_news.parquet
[2024-06-18T22:14:47.994+0000] {taskinstance.py:441} INFO - ::group::Post task execution logs
[2024-06-18T22:14:48.052+0000] {taskinstance.py:1206} INFO - Marking task as SUCCESS. dag_id=nba_data_pipeline_dag, task_id=upload_news_to_s3, run_id=scheduled__2024-06-17T00:00:00+00:00, execution_date=20240617T000000, start_date=20240618T221447, end_date=20240618T221448
[2024-06-18T22:14:48.083+0000] {local_task_job_runner.py:240} INFO - Task exited with return code 0
[2024-06-18T22:14:48.122+0000] {taskinstance.py:3503} INFO - 1 downstream tasks scheduled from follow-on schedule check
[2024-06-18T22:14:48.124+0000] {local_task_job_runner.py:222} INFO - ::endgroup::
[2024-06-18T22:19:26.496+0000] {local_task_job_runner.py:120} INFO - ::group::Pre task execution logs
[2024-06-18T22:19:26.545+0000] {taskinstance.py:2076} INFO - Dependencies all met for dep_context=non-requeueable deps ti=<TaskInstance: nba_data_pipeline_dag.upload_news_to_s3 scheduled__2024-06-17T00:00:00+00:00 [queued]>
[2024-06-18T22:19:26.563+0000] {taskinstance.py:2076} INFO - Dependencies all met for dep_context=requeueable deps ti=<TaskInstance: nba_data_pipeline_dag.upload_news_to_s3 scheduled__2024-06-17T00:00:00+00:00 [queued]>
[2024-06-18T22:19:26.566+0000] {taskinstance.py:2306} INFO - Starting attempt 1 of 2
[2024-06-18T22:19:26.602+0000] {taskinstance.py:2330} INFO - Executing <Task(PythonOperator): upload_news_to_s3> on 2024-06-17 00:00:00+00:00
[2024-06-18T22:19:26.630+0000] {standard_task_runner.py:90} INFO - Running: ['***', 'tasks', 'run', 'nba_data_pipeline_dag', 'upload_news_to_s3', 'scheduled__2024-06-17T00:00:00+00:00', '--job-id', '497', '--raw', '--subdir', 'DAGS_FOLDER/nba_data_pipeline_dag.py', '--cfg-path', '/tmp/tmp_to0ebtp']
[2024-06-18T22:19:26.637+0000] {standard_task_runner.py:91} INFO - Job 497: Subtask upload_news_to_s3
[2024-06-18T22:19:26.640+0000] {logging_mixin.py:188} WARNING - /home/ubuntu/nba_ns_venv/lib/python3.12/site-packages/***/task/task_runner/standard_task_runner.py:61 DeprecationWarning: This process (pid=49049) is multi-threaded, use of fork() may lead to deadlocks in the child.
[2024-06-18T22:19:26.644+0000] {standard_task_runner.py:63} INFO - Started process 49092 to run task
[2024-06-18T22:19:26.759+0000] {task_command.py:426} INFO - Running <TaskInstance: nba_data_pipeline_dag.upload_news_to_s3 scheduled__2024-06-17T00:00:00+00:00 [running]> on host ip-172-31-45-144.ec2.internal
[2024-06-18T22:19:26.941+0000] {taskinstance.py:2648} INFO - Exporting env vars: AIRFLOW_CTX_DAG_OWNER='Airflow' AIRFLOW_CTX_DAG_ID='nba_data_pipeline_dag' AIRFLOW_CTX_TASK_ID='upload_news_to_s3' AIRFLOW_CTX_EXECUTION_DATE='2024-06-17T00:00:00+00:00' AIRFLOW_CTX_TRY_NUMBER='1' AIRFLOW_CTX_DAG_RUN_ID='scheduled__2024-06-17T00:00:00+00:00'
[2024-06-18T22:19:26.944+0000] {taskinstance.py:430} INFO - ::endgroup::
[2024-06-18T22:19:27.108+0000] {credentials.py:1075} INFO - Found credentials from IAM Role: nba_news_stats_s3
[2024-06-18T22:19:27.352+0000] {python.py:237} INFO - Done. Returned value was: s3://nba-stats-players/nba_news.parquet
[2024-06-18T22:19:27.353+0000] {taskinstance.py:441} INFO - ::group::Post task execution logs
[2024-06-18T22:19:27.415+0000] {taskinstance.py:1206} INFO - Marking task as SUCCESS. dag_id=nba_data_pipeline_dag, task_id=upload_news_to_s3, run_id=scheduled__2024-06-17T00:00:00+00:00, execution_date=20240617T000000, start_date=20240618T221926, end_date=20240618T221927
[2024-06-18T22:19:27.464+0000] {local_task_job_runner.py:240} INFO - Task exited with return code 0
[2024-06-18T22:19:27.511+0000] {taskinstance.py:3503} INFO - 1 downstream tasks scheduled from follow-on schedule check
[2024-06-18T22:19:27.513+0000] {local_task_job_runner.py:222} INFO - ::endgroup::
[2024-06-18T22:34:31.326+0000] {local_task_job_runner.py:120} INFO - ::group::Pre task execution logs
[2024-06-18T22:34:31.375+0000] {taskinstance.py:2076} INFO - Dependencies all met for dep_context=non-requeueable deps ti=<TaskInstance: nba_data_pipeline_dag.upload_news_to_s3 scheduled__2024-06-17T00:00:00+00:00 [queued]>
[2024-06-18T22:34:31.385+0000] {taskinstance.py:2076} INFO - Dependencies all met for dep_context=requeueable deps ti=<TaskInstance: nba_data_pipeline_dag.upload_news_to_s3 scheduled__2024-06-17T00:00:00+00:00 [queued]>
[2024-06-18T22:34:31.386+0000] {taskinstance.py:2306} INFO - Starting attempt 1 of 2
[2024-06-18T22:34:31.408+0000] {taskinstance.py:2330} INFO - Executing <Task(PythonOperator): upload_news_to_s3> on 2024-06-17 00:00:00+00:00
[2024-06-18T22:34:31.447+0000] {logging_mixin.py:188} WARNING - /home/ubuntu/nba_ns_venv/lib/python3.12/site-packages/***/task/task_runner/standard_task_runner.py:61 DeprecationWarning: This process (pid=52477) is multi-threaded, use of fork() may lead to deadlocks in the child.
[2024-06-18T22:34:31.452+0000] {standard_task_runner.py:63} INFO - Started process 52494 to run task
[2024-06-18T22:34:31.440+0000] {standard_task_runner.py:90} INFO - Running: ['***', 'tasks', 'run', 'nba_data_pipeline_dag', 'upload_news_to_s3', 'scheduled__2024-06-17T00:00:00+00:00', '--job-id', '509', '--raw', '--subdir', 'DAGS_FOLDER/nba_data_pipeline_dag.py', '--cfg-path', '/tmp/tmphmupcifj']
[2024-06-18T22:34:31.454+0000] {standard_task_runner.py:91} INFO - Job 509: Subtask upload_news_to_s3
[2024-06-18T22:34:31.574+0000] {task_command.py:426} INFO - Running <TaskInstance: nba_data_pipeline_dag.upload_news_to_s3 scheduled__2024-06-17T00:00:00+00:00 [running]> on host ip-172-31-45-144.ec2.internal
[2024-06-18T22:34:31.754+0000] {taskinstance.py:2648} INFO - Exporting env vars: AIRFLOW_CTX_DAG_OWNER='Airflow' AIRFLOW_CTX_DAG_ID='nba_data_pipeline_dag' AIRFLOW_CTX_TASK_ID='upload_news_to_s3' AIRFLOW_CTX_EXECUTION_DATE='2024-06-17T00:00:00+00:00' AIRFLOW_CTX_TRY_NUMBER='1' AIRFLOW_CTX_DAG_RUN_ID='scheduled__2024-06-17T00:00:00+00:00'
[2024-06-18T22:34:31.759+0000] {taskinstance.py:430} INFO - ::endgroup::
[2024-06-18T22:34:31.922+0000] {credentials.py:1075} INFO - Found credentials from IAM Role: nba_news_stats_s3
[2024-06-18T22:34:32.140+0000] {python.py:237} INFO - Done. Returned value was: s3://nba-stats-players/nba_news.parquet
[2024-06-18T22:34:32.144+0000] {taskinstance.py:441} INFO - ::group::Post task execution logs
[2024-06-18T22:34:32.212+0000] {taskinstance.py:1206} INFO - Marking task as SUCCESS. dag_id=nba_data_pipeline_dag, task_id=upload_news_to_s3, run_id=scheduled__2024-06-17T00:00:00+00:00, execution_date=20240617T000000, start_date=20240618T223431, end_date=20240618T223432
[2024-06-18T22:34:32.245+0000] {local_task_job_runner.py:240} INFO - Task exited with return code 0
[2024-06-18T22:34:32.304+0000] {taskinstance.py:3503} INFO - 1 downstream tasks scheduled from follow-on schedule check
[2024-06-18T22:34:32.309+0000] {local_task_job_runner.py:222} INFO - ::endgroup::
[2024-06-18T23:47:40.854+0000] {local_task_job_runner.py:120} INFO - ::group::Pre task execution logs
[2024-06-18T23:47:40.899+0000] {taskinstance.py:2076} INFO - Dependencies all met for dep_context=non-requeueable deps ti=<TaskInstance: nba_data_pipeline_dag.upload_news_to_s3 scheduled__2024-06-17T00:00:00+00:00 [queued]>
[2024-06-18T23:47:40.908+0000] {taskinstance.py:2076} INFO - Dependencies all met for dep_context=requeueable deps ti=<TaskInstance: nba_data_pipeline_dag.upload_news_to_s3 scheduled__2024-06-17T00:00:00+00:00 [queued]>
[2024-06-18T23:47:40.908+0000] {taskinstance.py:2306} INFO - Starting attempt 1 of 2
[2024-06-18T23:47:40.922+0000] {taskinstance.py:2330} INFO - Executing <Task(PythonOperator): upload_news_to_s3> on 2024-06-17 00:00:00+00:00
[2024-06-18T23:47:40.936+0000] {standard_task_runner.py:90} INFO - Running: ['***', 'tasks', 'run', 'nba_data_pipeline_dag', 'upload_news_to_s3', 'scheduled__2024-06-17T00:00:00+00:00', '--job-id', '549', '--raw', '--subdir', 'DAGS_FOLDER/nba_data_pipeline_dag.py', '--cfg-path', '/tmp/tmpurtamp0k']
[2024-06-18T23:47:40.943+0000] {standard_task_runner.py:91} INFO - Job 549: Subtask upload_news_to_s3
[2024-06-18T23:47:40.942+0000] {logging_mixin.py:188} WARNING - /home/ubuntu/nba_ns_venv/lib/python3.12/site-packages/***/task/task_runner/standard_task_runner.py:61 DeprecationWarning: This process (pid=3690) is multi-threaded, use of fork() may lead to deadlocks in the child.
[2024-06-18T23:47:40.946+0000] {standard_task_runner.py:63} INFO - Started process 3711 to run task
[2024-06-18T23:47:41.043+0000] {task_command.py:426} INFO - Running <TaskInstance: nba_data_pipeline_dag.upload_news_to_s3 scheduled__2024-06-17T00:00:00+00:00 [running]> on host ip-172-31-45-144.ec2.internal
[2024-06-18T23:47:41.194+0000] {taskinstance.py:2648} INFO - Exporting env vars: AIRFLOW_CTX_DAG_OWNER='Airflow' AIRFLOW_CTX_DAG_ID='nba_data_pipeline_dag' AIRFLOW_CTX_TASK_ID='upload_news_to_s3' AIRFLOW_CTX_EXECUTION_DATE='2024-06-17T00:00:00+00:00' AIRFLOW_CTX_TRY_NUMBER='1' AIRFLOW_CTX_DAG_RUN_ID='scheduled__2024-06-17T00:00:00+00:00'
[2024-06-18T23:47:41.195+0000] {taskinstance.py:430} INFO - ::endgroup::
[2024-06-18T23:47:41.345+0000] {credentials.py:1075} INFO - Found credentials from IAM Role: nba_news_stats_s3
[2024-06-18T23:47:41.583+0000] {python.py:237} INFO - Done. Returned value was: s3://nba-stats-players/nba_news.parquet
[2024-06-18T23:47:41.583+0000] {taskinstance.py:441} INFO - ::group::Post task execution logs
[2024-06-18T23:47:41.637+0000] {taskinstance.py:1206} INFO - Marking task as SUCCESS. dag_id=nba_data_pipeline_dag, task_id=upload_news_to_s3, run_id=scheduled__2024-06-17T00:00:00+00:00, execution_date=20240617T000000, start_date=20240618T234740, end_date=20240618T234741
[2024-06-18T23:47:41.688+0000] {local_task_job_runner.py:240} INFO - Task exited with return code 0
[2024-06-18T23:47:41.725+0000] {taskinstance.py:3503} INFO - 1 downstream tasks scheduled from follow-on schedule check
[2024-06-18T23:47:41.727+0000] {local_task_job_runner.py:222} INFO - ::endgroup::
