[2024-06-20T16:56:26.862+0000] {local_task_job_runner.py:120} INFO - ::group::Pre task execution logs
[2024-06-20T16:56:26.906+0000] {taskinstance.py:2076} INFO - Dependencies all met for dep_context=non-requeueable deps ti=<TaskInstance: nba_data_pipeline_dag.snowflake_copy_top_100_stats scheduled__2024-06-19T00:00:00+00:00 [queued]>
[2024-06-20T16:56:26.915+0000] {taskinstance.py:2076} INFO - Dependencies all met for dep_context=requeueable deps ti=<TaskInstance: nba_data_pipeline_dag.snowflake_copy_top_100_stats scheduled__2024-06-19T00:00:00+00:00 [queued]>
[2024-06-20T16:56:26.918+0000] {taskinstance.py:2306} INFO - Starting attempt 2 of 2
[2024-06-20T16:56:26.939+0000] {taskinstance.py:2330} INFO - Executing <Task(SQLExecuteQueryOperator): snowflake_copy_top_100_stats> on 2024-06-19 00:00:00+00:00
[2024-06-20T16:56:26.955+0000] {logging_mixin.py:188} WARNING - /home/ubuntu/nba_ns_venv/lib/python3.12/site-packages/***/task/task_runner/standard_task_runner.py:61 DeprecationWarning: This process (pid=18183) is multi-threaded, use of fork() may lead to deadlocks in the child.
[2024-06-20T16:56:26.960+0000] {standard_task_runner.py:63} INFO - Started process 18233 to run task
[2024-06-20T16:56:26.956+0000] {standard_task_runner.py:90} INFO - Running: ['***', 'tasks', 'run', 'nba_data_pipeline_dag', 'snowflake_copy_top_100_stats', 'scheduled__2024-06-19T00:00:00+00:00', '--job-id', '1228', '--raw', '--subdir', 'DAGS_FOLDER/nba_data_pipeline_dag.py', '--cfg-path', '/tmp/tmpd91nipwc']
[2024-06-20T16:56:26.961+0000] {standard_task_runner.py:91} INFO - Job 1228: Subtask snowflake_copy_top_100_stats
[2024-06-20T16:56:27.080+0000] {task_command.py:426} INFO - Running <TaskInstance: nba_data_pipeline_dag.snowflake_copy_top_100_stats scheduled__2024-06-19T00:00:00+00:00 [running]> on host ip-172-31-45-144.ec2.internal
[2024-06-20T16:56:27.222+0000] {taskinstance.py:2648} INFO - Exporting env vars: AIRFLOW_CTX_DAG_OWNER='Airflow' AIRFLOW_CTX_DAG_ID='nba_data_pipeline_dag' AIRFLOW_CTX_TASK_ID='snowflake_copy_top_100_stats' AIRFLOW_CTX_EXECUTION_DATE='2024-06-19T00:00:00+00:00' AIRFLOW_CTX_TRY_NUMBER='2' AIRFLOW_CTX_DAG_RUN_ID='scheduled__2024-06-19T00:00:00+00:00'
[2024-06-20T16:56:27.223+0000] {taskinstance.py:430} INFO - ::endgroup::
[2024-06-20T16:56:27.237+0000] {sql.py:276} INFO - Executing: 
        USE WAREHOUSE NBA_STATS_WAREHOUSE;
        USE NBA_STATS_ANALYTICS;
        COPY INTO NBA_STATS.top_100_players_stats
        FROM (
        SELECT
            $1:PLAYER_ID::STRING AS PLAYER_ID,
            $1:RANK::NUMBER AS RANK,
            $1:PLAYER::STRING AS PLAYER,
            $1:TEAM::STRING AS TEAM,
            $1:GP::NUMBER AS GP,
            $1:MIN::NUMBER AS MIN,
            $1:FGM::NUMBER AS FGM,
            $1:FGA::NUMBER AS FGA,
            $1:FG3M::NUMBER AS FG3M,
            $1:FG3A::NUMBER AS FG3A,
            $1:FTM::NUMBER AS FTM,
            $1:FTA::NUMBER AS FTA,
            $1:OREB::NUMBER AS OREB,
            $1:DREB::NUMBER AS DREB,
            $1:REB::NUMBER AS REB,
            $1:AST::NUMBER AS AST,
            $1:STL::NUMBER AS STL,
            $1:BLK::NUMBER AS BLK,
            $1:TOV::NUMBER AS TOV,
            $1:PF::NUMBER AS PF,
            $1:PTS::NUMBER AS PTS,
            $1:PPG::NUMBER AS PPG,
            $1:APG::NUMBER AS APG,
            $1:RPG::NUMBER AS RPG,
            $1:BPG::NUMBER AS BPG,
            $1:SPG::NUMBER AS SPG,
            $1:FG_PERCENT::NUMBER AS FG_PERCENT,
            $1:FG3_PERCENT::NUMBER AS FG3_PERCENT,
            $1:FT_PERCENT::NUMBER AS FT_PERCENT
        FROM @SNOW_S3_STAGE/player_stats_2023_2024.json)
        FILE_FORMAT = (FORMAT_NAME = 'JSON_FORMAT');
        
[2024-06-20T16:56:27.261+0000] {base.py:84} INFO - Using connection ID 'snowflake_conn' for task execution.
[2024-06-20T16:56:27.514+0000] {base.py:84} INFO - Using connection ID 'snowflake_conn' for task execution.
[2024-06-20T16:56:27.514+0000] {connection.py:399} INFO - Snowflake Connector for Python Version: 3.10.1, Python Version: 3.12.3, Platform: Linux-6.8.0-1009-aws-x86_64-with-glibc2.39
[2024-06-20T16:56:27.515+0000] {connection.py:1239} INFO - This connection is in OCSP Fail Open Mode. TLS Certificates would be checked for validity and revocation status. Any other Certificate Revocation related exceptions or OCSP Responder failures would be disregarded in favor of connectivity.
[2024-06-20T16:56:27.515+0000] {connection.py:1249} INFO - THIS CONNECTION IS IN INSECURE MODE. IT MEANS THE CERTIFICATE WILL BE VALIDATED BUT THE CERTIFICATE REVOCATION STATUS WILL NOT BE CHECKED.
[2024-06-20T16:56:27.583+0000] {ssl_wrap_socket.py:100} INFO - THIS CONNECTION IS IN INSECURE MODE. IT MEANS THE CERTIFICATE WILL BE VALIDATED BUT THE CERTIFICATE REVOCATION STATUS WILL NOT BE CHECKED.
[2024-06-20T16:56:27.778+0000] {cursor.py:1149} INFO - Number of results in first chunk: 1
[2024-06-20T16:56:27.779+0000] {sql.py:487} INFO - Running statement: USE WAREHOUSE NBA_STATS_WAREHOUSE;, parameters: None
[2024-06-20T16:56:27.849+0000] {cursor.py:1149} INFO - Number of results in first chunk: 1
[2024-06-20T16:56:27.849+0000] {sql.py:496} INFO - Rows affected: 1
[2024-06-20T16:56:27.850+0000] {snowflake.py:409} INFO - Rows affected: 1
[2024-06-20T16:56:27.850+0000] {snowflake.py:410} INFO - Snowflake query id: 01b523b8-0001-e49a-0006-023e00024732
[2024-06-20T16:56:27.850+0000] {sql.py:487} INFO - Running statement: USE NBA_STATS_ANALYTICS;, parameters: None
[2024-06-20T16:56:27.992+0000] {cursor.py:1149} INFO - Number of results in first chunk: 1
[2024-06-20T16:56:27.992+0000] {sql.py:496} INFO - Rows affected: 1
[2024-06-20T16:56:27.992+0000] {snowflake.py:409} INFO - Rows affected: 1
[2024-06-20T16:56:27.992+0000] {snowflake.py:410} INFO - Snowflake query id: 01b523b8-0001-e498-0006-023e000277b6
[2024-06-20T16:56:27.993+0000] {sql.py:487} INFO - Running statement: COPY INTO NBA_STATS.top_100_players_stats
        FROM (
        SELECT
            $1:PLAYER_ID::STRING AS PLAYER_ID,
            $1:RANK::NUMBER AS RANK,
            $1:PLAYER::STRING AS PLAYER,
            $1:TEAM::STRING AS TEAM,
            $1:GP::NUMBER AS GP,
            $1:MIN::NUMBER AS MIN,
            $1:FGM::NUMBER AS FGM,
            $1:FGA::NUMBER AS FGA,
            $1:FG3M::NUMBER AS FG3M,
            $1:FG3A::NUMBER AS FG3A,
            $1:FTM::NUMBER AS FTM,
            $1:FTA::NUMBER AS FTA,
            $1:OREB::NUMBER AS OREB,
            $1:DREB::NUMBER AS DREB,
            $1:REB::NUMBER AS REB,
            $1:AST::NUMBER AS AST,
            $1:STL::NUMBER AS STL,
            $1:BLK::NUMBER AS BLK,
            $1:TOV::NUMBER AS TOV,
            $1:PF::NUMBER AS PF,
            $1:PTS::NUMBER AS PTS,
            $1:PPG::NUMBER AS PPG,
            $1:APG::NUMBER AS APG,
            $1:RPG::NUMBER AS RPG,
            $1:BPG::NUMBER AS BPG,
            $1:SPG::NUMBER AS SPG,
            $1:FG_PERCENT::NUMBER AS FG_PERCENT,
            $1:FG3_PERCENT::NUMBER AS FG3_PERCENT,
            $1:FT_PERCENT::NUMBER AS FT_PERCENT
        FROM @SNOW_S3_STAGE/player_stats_2023_2024.json)
        FILE_FORMAT = (FORMAT_NAME = 'JSON_FORMAT');, parameters: None
[2024-06-20T16:56:28.110+0000] {connection.py:762} INFO - closed
[2024-06-20T16:56:28.139+0000] {connection.py:768} INFO - No async queries seem to be running, deleting session
[2024-06-20T16:56:28.175+0000] {taskinstance.py:441} INFO - ::group::Post task execution logs
[2024-06-20T16:56:28.176+0000] {taskinstance.py:2905} ERROR - Task failed with exception
Traceback (most recent call last):
  File "/home/ubuntu/nba_ns_venv/lib/python3.12/site-packages/airflow/models/taskinstance.py", line 465, in _execute_task
    result = _execute_callable(context=context, **execute_callable_kwargs)
             ^^^^^^^^^^^^^^^^^^^^^^^^^^^^^^^^^^^^^^^^^^^^^^^^^^^^^^^^^^^^^
  File "/home/ubuntu/nba_ns_venv/lib/python3.12/site-packages/airflow/models/taskinstance.py", line 432, in _execute_callable
    return execute_callable(context=context, **execute_callable_kwargs)
           ^^^^^^^^^^^^^^^^^^^^^^^^^^^^^^^^^^^^^^^^^^^^^^^^^^^^^^^^^^^^
  File "/home/ubuntu/nba_ns_venv/lib/python3.12/site-packages/airflow/models/baseoperator.py", line 401, in wrapper
    return func(self, *args, **kwargs)
           ^^^^^^^^^^^^^^^^^^^^^^^^^^^
  File "/home/ubuntu/nba_ns_venv/lib/python3.12/site-packages/airflow/providers/common/sql/operators/sql.py", line 282, in execute
    output = hook.run(
             ^^^^^^^^^
  File "/home/ubuntu/nba_ns_venv/lib/python3.12/site-packages/airflow/providers/snowflake/hooks/snowflake.py", line 397, in run
    self._run_command(cur, sql_statement, parameters)  # type: ignore[attr-defined]
    ^^^^^^^^^^^^^^^^^^^^^^^^^^^^^^^^^^^^^^^^^^^^^^^^^
  File "/home/ubuntu/nba_ns_venv/lib/python3.12/site-packages/airflow/providers/common/sql/hooks/sql.py", line 492, in _run_command
    cur.execute(sql_statement)
  File "/home/ubuntu/nba_ns_venv/lib/python3.12/site-packages/snowflake/connector/cursor.py", line 1080, in execute
    Error.errorhandler_wrapper(self.connection, self, error_class, errvalue)
  File "/home/ubuntu/nba_ns_venv/lib/python3.12/site-packages/snowflake/connector/errors.py", line 290, in errorhandler_wrapper
    handed_over = Error.hand_to_other_handler(
                  ^^^^^^^^^^^^^^^^^^^^^^^^^^^^
  File "/home/ubuntu/nba_ns_venv/lib/python3.12/site-packages/snowflake/connector/errors.py", line 345, in hand_to_other_handler
    cursor.errorhandler(connection, cursor, error_class, error_value)
  File "/home/ubuntu/nba_ns_venv/lib/python3.12/site-packages/snowflake/connector/errors.py", line 221, in default_errorhandler
    raise error_class(
snowflake.connector.errors.ProgrammingError: 002020 (21S01): 01b523b8-0001-e497-0006-023e0002580a: SQL compilation error:
Insert value list does not match column list expecting 21 but got 29
[2024-06-20T16:56:28.199+0000] {taskinstance.py:1206} INFO - Marking task as FAILED. dag_id=nba_data_pipeline_dag, task_id=snowflake_copy_top_100_stats, run_id=scheduled__2024-06-19T00:00:00+00:00, execution_date=20240619T000000, start_date=20240620T165626, end_date=20240620T165628
[2024-06-20T16:56:28.210+0000] {standard_task_runner.py:110} ERROR - Failed to execute job 1228 for task snowflake_copy_top_100_stats (002020 (21S01): 01b523b8-0001-e497-0006-023e0002580a: SQL compilation error:
Insert value list does not match column list expecting 21 but got 29; 18233)
[2024-06-20T16:56:28.227+0000] {local_task_job_runner.py:240} INFO - Task exited with return code 1
[2024-06-20T16:56:28.263+0000] {taskinstance.py:3503} INFO - 0 downstream tasks scheduled from follow-on schedule check
[2024-06-20T16:56:28.268+0000] {local_task_job_runner.py:222} INFO - ::endgroup::
