[2024-06-19T00:00:46.009+0000] {local_task_job_runner.py:120} INFO - ::group::Pre task execution logs
[2024-06-19T00:00:46.052+0000] {taskinstance.py:2076} INFO - Dependencies all met for dep_context=non-requeueable deps ti=<TaskInstance: nba_schema_creation_dag.snowflake_create_storage_integration scheduled__2024-06-17T00:00:00+00:00 [queued]>
[2024-06-19T00:00:46.062+0000] {taskinstance.py:2076} INFO - Dependencies all met for dep_context=requeueable deps ti=<TaskInstance: nba_schema_creation_dag.snowflake_create_storage_integration scheduled__2024-06-17T00:00:00+00:00 [queued]>
[2024-06-19T00:00:46.062+0000] {taskinstance.py:2306} INFO - Starting attempt 1 of 2
[2024-06-19T00:00:46.076+0000] {taskinstance.py:2330} INFO - Executing <Task(SQLExecuteQueryOperator): snowflake_create_storage_integration> on 2024-06-17 00:00:00+00:00
[2024-06-19T00:00:46.083+0000] {standard_task_runner.py:90} INFO - Running: ['***', 'tasks', 'run', 'nba_schema_creation_dag', 'snowflake_create_storage_integration', 'scheduled__2024-06-17T00:00:00+00:00', '--job-id', '559', '--raw', '--subdir', 'DAGS_FOLDER/nba_schema_creation_dag.py', '--cfg-path', '/tmp/tmpnmnhleu2']
[2024-06-19T00:00:46.086+0000] {standard_task_runner.py:91} INFO - Job 559: Subtask snowflake_create_storage_integration
[2024-06-19T00:00:46.086+0000] {logging_mixin.py:188} WARNING - /home/ubuntu/nba_ns_venv/lib/python3.12/site-packages/***/task/task_runner/standard_task_runner.py:61 DeprecationWarning: This process (pid=8173) is multi-threaded, use of fork() may lead to deadlocks in the child.
[2024-06-19T00:00:46.087+0000] {standard_task_runner.py:63} INFO - Started process 8179 to run task
[2024-06-19T00:00:46.178+0000] {task_command.py:426} INFO - Running <TaskInstance: nba_schema_creation_dag.snowflake_create_storage_integration scheduled__2024-06-17T00:00:00+00:00 [running]> on host ip-172-31-45-144.ec2.internal
[2024-06-19T00:00:46.326+0000] {taskinstance.py:2648} INFO - Exporting env vars: AIRFLOW_CTX_DAG_OWNER='Airflow' AIRFLOW_CTX_DAG_ID='nba_schema_creation_dag' AIRFLOW_CTX_TASK_ID='snowflake_create_storage_integration' AIRFLOW_CTX_EXECUTION_DATE='2024-06-17T00:00:00+00:00' AIRFLOW_CTX_TRY_NUMBER='1' AIRFLOW_CTX_DAG_RUN_ID='scheduled__2024-06-17T00:00:00+00:00'
[2024-06-19T00:00:46.327+0000] {taskinstance.py:430} INFO - ::endgroup::
[2024-06-19T00:00:46.344+0000] {sql.py:276} INFO - Executing: 
        CREATE OR REPLACE STORAGE INTEGRATION SNOW_S3
        TYPE = EXTERNAL_STAGE
        STORAGE_PROVIDER = S3
        ENABLED = TRUE
        STORAGE_AWS_ROLE_ARN = 'arn:aws:iam::767397772312:role/nba_news_stats_s3_snowflake'
        STORAGE_ALLOWED_LOCATIONS = ('s3://nba-stats-players/');
        
[2024-06-19T00:00:46.369+0000] {base.py:84} INFO - Using connection ID 'snowflake_conn' for task execution.
[2024-06-19T00:00:47.129+0000] {base.py:84} INFO - Using connection ID 'snowflake_conn' for task execution.
[2024-06-19T00:00:47.130+0000] {connection.py:399} INFO - Snowflake Connector for Python Version: 3.10.1, Python Version: 3.12.3, Platform: Linux-6.8.0-1009-aws-x86_64-with-glibc2.39
[2024-06-19T00:00:47.131+0000] {connection.py:1239} INFO - This connection is in OCSP Fail Open Mode. TLS Certificates would be checked for validity and revocation status. Any other Certificate Revocation related exceptions or OCSP Responder failures would be disregarded in favor of connectivity.
[2024-06-19T00:00:47.131+0000] {connection.py:1249} INFO - THIS CONNECTION IS IN INSECURE MODE. IT MEANS THE CERTIFICATE WILL BE VALIDATED BUT THE CERTIFICATE REVOCATION STATUS WILL NOT BE CHECKED.
[2024-06-19T00:00:47.195+0000] {ssl_wrap_socket.py:100} INFO - THIS CONNECTION IS IN INSECURE MODE. IT MEANS THE CERTIFICATE WILL BE VALIDATED BUT THE CERTIFICATE REVOCATION STATUS WILL NOT BE CHECKED.
[2024-06-19T00:00:47.484+0000] {cursor.py:1149} INFO - Number of results in first chunk: 1
[2024-06-19T00:00:47.484+0000] {sql.py:487} INFO - Running statement: CREATE OR REPLACE STORAGE INTEGRATION SNOW_S3
        TYPE = EXTERNAL_STAGE
        STORAGE_PROVIDER = S3
        ENABLED = TRUE
        STORAGE_AWS_ROLE_ARN = 'arn:aws:iam::767397772312:role/nba_news_stats_s3_snowflake'
        STORAGE_ALLOWED_LOCATIONS = ('s3://nba-stats-players/');, parameters: None
[2024-06-19T00:00:47.635+0000] {cursor.py:1149} INFO - Number of results in first chunk: 1
[2024-06-19T00:00:47.635+0000] {sql.py:496} INFO - Rows affected: 1
[2024-06-19T00:00:47.636+0000] {snowflake.py:409} INFO - Rows affected: 1
[2024-06-19T00:00:47.636+0000] {snowflake.py:410} INFO - Snowflake query id: 01b51a20-0001-e49d-0006-023e0001f43e
[2024-06-19T00:00:47.741+0000] {cursor.py:1149} INFO - Number of results in first chunk: 1
[2024-06-19T00:00:47.741+0000] {connection.py:762} INFO - closed
[2024-06-19T00:00:47.779+0000] {connection.py:768} INFO - No async queries seem to be running, deleting session
[2024-06-19T00:00:47.820+0000] {taskinstance.py:441} INFO - ::group::Post task execution logs
[2024-06-19T00:00:47.873+0000] {taskinstance.py:1206} INFO - Marking task as SUCCESS. dag_id=nba_schema_creation_dag, task_id=snowflake_create_storage_integration, run_id=scheduled__2024-06-17T00:00:00+00:00, execution_date=20240617T000000, start_date=20240619T000046, end_date=20240619T000047
[2024-06-19T00:00:47.908+0000] {local_task_job_runner.py:240} INFO - Task exited with return code 0
[2024-06-19T00:00:47.948+0000] {taskinstance.py:3503} INFO - 0 downstream tasks scheduled from follow-on schedule check
[2024-06-19T00:00:47.954+0000] {local_task_job_runner.py:222} INFO - ::endgroup::
[2024-06-19T00:06:04.886+0000] {local_task_job_runner.py:120} INFO - ::group::Pre task execution logs
[2024-06-19T00:06:04.932+0000] {taskinstance.py:2076} INFO - Dependencies all met for dep_context=non-requeueable deps ti=<TaskInstance: nba_schema_creation_dag.snowflake_create_storage_integration scheduled__2024-06-17T00:00:00+00:00 [queued]>
[2024-06-19T00:06:04.941+0000] {taskinstance.py:2076} INFO - Dependencies all met for dep_context=requeueable deps ti=<TaskInstance: nba_schema_creation_dag.snowflake_create_storage_integration scheduled__2024-06-17T00:00:00+00:00 [queued]>
[2024-06-19T00:06:04.942+0000] {taskinstance.py:2306} INFO - Starting attempt 1 of 2
[2024-06-19T00:06:04.956+0000] {taskinstance.py:2330} INFO - Executing <Task(SQLExecuteQueryOperator): snowflake_create_storage_integration> on 2024-06-17 00:00:00+00:00
[2024-06-19T00:06:04.964+0000] {standard_task_runner.py:90} INFO - Running: ['***', 'tasks', 'run', 'nba_schema_creation_dag', 'snowflake_create_storage_integration', 'scheduled__2024-06-17T00:00:00+00:00', '--job-id', '575', '--raw', '--subdir', 'DAGS_FOLDER/nba_schema_creation_dag.py', '--cfg-path', '/tmp/tmpe32ocd6t']
[2024-06-19T00:06:04.967+0000] {standard_task_runner.py:91} INFO - Job 575: Subtask snowflake_create_storage_integration
[2024-06-19T00:06:04.967+0000] {logging_mixin.py:188} WARNING - /home/ubuntu/nba_ns_venv/lib/python3.12/site-packages/***/task/task_runner/standard_task_runner.py:61 DeprecationWarning: This process (pid=11152) is multi-threaded, use of fork() may lead to deadlocks in the child.
[2024-06-19T00:06:04.968+0000] {standard_task_runner.py:63} INFO - Started process 11158 to run task
[2024-06-19T00:06:05.064+0000] {task_command.py:426} INFO - Running <TaskInstance: nba_schema_creation_dag.snowflake_create_storage_integration scheduled__2024-06-17T00:00:00+00:00 [running]> on host ip-172-31-45-144.ec2.internal
[2024-06-19T00:06:05.222+0000] {taskinstance.py:2648} INFO - Exporting env vars: AIRFLOW_CTX_DAG_OWNER='Airflow' AIRFLOW_CTX_DAG_ID='nba_schema_creation_dag' AIRFLOW_CTX_TASK_ID='snowflake_create_storage_integration' AIRFLOW_CTX_EXECUTION_DATE='2024-06-17T00:00:00+00:00' AIRFLOW_CTX_TRY_NUMBER='1' AIRFLOW_CTX_DAG_RUN_ID='scheduled__2024-06-17T00:00:00+00:00'
[2024-06-19T00:06:05.224+0000] {taskinstance.py:430} INFO - ::endgroup::
[2024-06-19T00:06:05.242+0000] {sql.py:276} INFO - Executing: 
        CREATE OR REPLACE STORAGE INTEGRATION SNOW_S3
        TYPE = EXTERNAL_STAGE
        STORAGE_PROVIDER = S3
        ENABLED = TRUE
        STORAGE_AWS_ROLE_ARN = 'arn:aws:iam::767397772312:role/nba_news_stats_s3_snowflake'
        STORAGE_ALLOWED_LOCATIONS = ('s3://nba-stats-players/');
        
[2024-06-19T00:06:05.271+0000] {base.py:84} INFO - Using connection ID 'snowflake_conn' for task execution.
[2024-06-19T00:06:06.085+0000] {base.py:84} INFO - Using connection ID 'snowflake_conn' for task execution.
[2024-06-19T00:06:06.086+0000] {connection.py:399} INFO - Snowflake Connector for Python Version: 3.10.1, Python Version: 3.12.3, Platform: Linux-6.8.0-1009-aws-x86_64-with-glibc2.39
[2024-06-19T00:06:06.087+0000] {connection.py:1239} INFO - This connection is in OCSP Fail Open Mode. TLS Certificates would be checked for validity and revocation status. Any other Certificate Revocation related exceptions or OCSP Responder failures would be disregarded in favor of connectivity.
[2024-06-19T00:06:06.087+0000] {connection.py:1249} INFO - THIS CONNECTION IS IN INSECURE MODE. IT MEANS THE CERTIFICATE WILL BE VALIDATED BUT THE CERTIFICATE REVOCATION STATUS WILL NOT BE CHECKED.
[2024-06-19T00:06:06.153+0000] {ssl_wrap_socket.py:100} INFO - THIS CONNECTION IS IN INSECURE MODE. IT MEANS THE CERTIFICATE WILL BE VALIDATED BUT THE CERTIFICATE REVOCATION STATUS WILL NOT BE CHECKED.
[2024-06-19T00:06:06.466+0000] {cursor.py:1149} INFO - Number of results in first chunk: 1
[2024-06-19T00:06:06.466+0000] {sql.py:487} INFO - Running statement: CREATE OR REPLACE STORAGE INTEGRATION SNOW_S3
        TYPE = EXTERNAL_STAGE
        STORAGE_PROVIDER = S3
        ENABLED = TRUE
        STORAGE_AWS_ROLE_ARN = 'arn:aws:iam::767397772312:role/nba_news_stats_s3_snowflake'
        STORAGE_ALLOWED_LOCATIONS = ('s3://nba-stats-players/');, parameters: None
[2024-06-19T00:06:06.643+0000] {cursor.py:1149} INFO - Number of results in first chunk: 1
[2024-06-19T00:06:06.643+0000] {sql.py:496} INFO - Rows affected: 1
[2024-06-19T00:06:06.644+0000] {snowflake.py:409} INFO - Rows affected: 1
[2024-06-19T00:06:06.644+0000] {snowflake.py:410} INFO - Snowflake query id: 01b51a26-0001-e49d-0006-023e0001f452
[2024-06-19T00:06:06.730+0000] {cursor.py:1149} INFO - Number of results in first chunk: 1
[2024-06-19T00:06:06.731+0000] {connection.py:762} INFO - closed
[2024-06-19T00:06:06.757+0000] {connection.py:768} INFO - No async queries seem to be running, deleting session
[2024-06-19T00:06:06.794+0000] {taskinstance.py:441} INFO - ::group::Post task execution logs
[2024-06-19T00:06:06.848+0000] {taskinstance.py:1206} INFO - Marking task as SUCCESS. dag_id=nba_schema_creation_dag, task_id=snowflake_create_storage_integration, run_id=scheduled__2024-06-17T00:00:00+00:00, execution_date=20240617T000000, start_date=20240619T000604, end_date=20240619T000606
[2024-06-19T00:06:06.876+0000] {local_task_job_runner.py:240} INFO - Task exited with return code 0
[2024-06-19T00:06:06.919+0000] {taskinstance.py:3503} INFO - 1 downstream tasks scheduled from follow-on schedule check
[2024-06-19T00:06:06.922+0000] {local_task_job_runner.py:222} INFO - ::endgroup::
[2024-06-19T00:35:29.432+0000] {local_task_job_runner.py:120} INFO - ::group::Pre task execution logs
[2024-06-19T00:35:29.476+0000] {taskinstance.py:2076} INFO - Dependencies all met for dep_context=non-requeueable deps ti=<TaskInstance: nba_schema_creation_dag.snowflake_create_storage_integration scheduled__2024-06-17T00:00:00+00:00 [queued]>
[2024-06-19T00:35:29.486+0000] {taskinstance.py:2076} INFO - Dependencies all met for dep_context=requeueable deps ti=<TaskInstance: nba_schema_creation_dag.snowflake_create_storage_integration scheduled__2024-06-17T00:00:00+00:00 [queued]>
[2024-06-19T00:35:29.486+0000] {taskinstance.py:2306} INFO - Starting attempt 1 of 2
[2024-06-19T00:35:29.499+0000] {taskinstance.py:2330} INFO - Executing <Task(SQLExecuteQueryOperator): snowflake_create_storage_integration> on 2024-06-17 00:00:00+00:00
[2024-06-19T00:35:29.506+0000] {standard_task_runner.py:90} INFO - Running: ['***', 'tasks', 'run', 'nba_schema_creation_dag', 'snowflake_create_storage_integration', 'scheduled__2024-06-17T00:00:00+00:00', '--job-id', '584', '--raw', '--subdir', 'DAGS_FOLDER/nba_schema_creation_dag.py', '--cfg-path', '/tmp/tmpf4atvpev']
[2024-06-19T00:35:29.509+0000] {standard_task_runner.py:91} INFO - Job 584: Subtask snowflake_create_storage_integration
[2024-06-19T00:35:29.509+0000] {logging_mixin.py:188} WARNING - /home/ubuntu/nba_ns_venv/lib/python3.12/site-packages/***/task/task_runner/standard_task_runner.py:61 DeprecationWarning: This process (pid=2216) is multi-threaded, use of fork() may lead to deadlocks in the child.
[2024-06-19T00:35:29.510+0000] {standard_task_runner.py:63} INFO - Started process 2222 to run task
[2024-06-19T00:35:29.601+0000] {task_command.py:426} INFO - Running <TaskInstance: nba_schema_creation_dag.snowflake_create_storage_integration scheduled__2024-06-17T00:00:00+00:00 [running]> on host ip-172-31-45-144.ec2.internal
[2024-06-19T00:35:29.748+0000] {taskinstance.py:2648} INFO - Exporting env vars: AIRFLOW_CTX_DAG_OWNER='Airflow' AIRFLOW_CTX_DAG_ID='nba_schema_creation_dag' AIRFLOW_CTX_TASK_ID='snowflake_create_storage_integration' AIRFLOW_CTX_EXECUTION_DATE='2024-06-17T00:00:00+00:00' AIRFLOW_CTX_TRY_NUMBER='1' AIRFLOW_CTX_DAG_RUN_ID='scheduled__2024-06-17T00:00:00+00:00'
[2024-06-19T00:35:29.749+0000] {taskinstance.py:430} INFO - ::endgroup::
[2024-06-19T00:35:29.766+0000] {sql.py:276} INFO - Executing: 
        CREATE OR REPLACE STORAGE INTEGRATION SNOW_S3
        TYPE = EXTERNAL_STAGE
        STORAGE_PROVIDER = S3
        ENABLED = TRUE
        STORAGE_AWS_ROLE_ARN = 'arn:aws:iam::767397772312:role/nba_news_stats_s3_snowflake'
        STORAGE_ALLOWED_LOCATIONS = ('s3://nba-stats-players/');
        
[2024-06-19T00:35:29.791+0000] {base.py:84} INFO - Using connection ID 'snowflake_conn' for task execution.
[2024-06-19T00:35:30.556+0000] {base.py:84} INFO - Using connection ID 'snowflake_conn' for task execution.
[2024-06-19T00:35:30.557+0000] {connection.py:399} INFO - Snowflake Connector for Python Version: 3.10.1, Python Version: 3.12.3, Platform: Linux-6.8.0-1009-aws-x86_64-with-glibc2.39
[2024-06-19T00:35:30.558+0000] {connection.py:1239} INFO - This connection is in OCSP Fail Open Mode. TLS Certificates would be checked for validity and revocation status. Any other Certificate Revocation related exceptions or OCSP Responder failures would be disregarded in favor of connectivity.
[2024-06-19T00:35:30.558+0000] {connection.py:1249} INFO - THIS CONNECTION IS IN INSECURE MODE. IT MEANS THE CERTIFICATE WILL BE VALIDATED BUT THE CERTIFICATE REVOCATION STATUS WILL NOT BE CHECKED.
[2024-06-19T00:35:30.610+0000] {ssl_wrap_socket.py:100} INFO - THIS CONNECTION IS IN INSECURE MODE. IT MEANS THE CERTIFICATE WILL BE VALIDATED BUT THE CERTIFICATE REVOCATION STATUS WILL NOT BE CHECKED.
[2024-06-19T00:35:30.891+0000] {cursor.py:1149} INFO - Number of results in first chunk: 1
[2024-06-19T00:35:30.892+0000] {sql.py:487} INFO - Running statement: CREATE OR REPLACE STORAGE INTEGRATION SNOW_S3
        TYPE = EXTERNAL_STAGE
        STORAGE_PROVIDER = S3
        ENABLED = TRUE
        STORAGE_AWS_ROLE_ARN = 'arn:aws:iam::767397772312:role/nba_news_stats_s3_snowflake'
        STORAGE_ALLOWED_LOCATIONS = ('s3://nba-stats-players/');, parameters: None
[2024-06-19T00:35:31.085+0000] {cursor.py:1149} INFO - Number of results in first chunk: 1
[2024-06-19T00:35:31.086+0000] {sql.py:496} INFO - Rows affected: 1
[2024-06-19T00:35:31.086+0000] {snowflake.py:409} INFO - Rows affected: 1
[2024-06-19T00:35:31.087+0000] {snowflake.py:410} INFO - Snowflake query id: 01b51a43-0001-e499-0006-023e0001c5ba
[2024-06-19T00:35:31.247+0000] {cursor.py:1149} INFO - Number of results in first chunk: 1
[2024-06-19T00:35:31.248+0000] {connection.py:762} INFO - closed
[2024-06-19T00:35:31.273+0000] {connection.py:768} INFO - No async queries seem to be running, deleting session
[2024-06-19T00:35:31.304+0000] {taskinstance.py:441} INFO - ::group::Post task execution logs
[2024-06-19T00:35:31.357+0000] {taskinstance.py:1206} INFO - Marking task as SUCCESS. dag_id=nba_schema_creation_dag, task_id=snowflake_create_storage_integration, run_id=scheduled__2024-06-17T00:00:00+00:00, execution_date=20240617T000000, start_date=20240619T003529, end_date=20240619T003531
[2024-06-19T00:35:31.416+0000] {local_task_job_runner.py:240} INFO - Task exited with return code 0
[2024-06-19T00:35:31.458+0000] {taskinstance.py:3503} INFO - 1 downstream tasks scheduled from follow-on schedule check
[2024-06-19T00:35:31.461+0000] {local_task_job_runner.py:222} INFO - ::endgroup::
[2024-06-19T00:45:41.755+0000] {local_task_job_runner.py:120} INFO - ::group::Pre task execution logs
[2024-06-19T00:45:41.799+0000] {taskinstance.py:2076} INFO - Dependencies all met for dep_context=non-requeueable deps ti=<TaskInstance: nba_schema_creation_dag.snowflake_create_storage_integration scheduled__2024-06-17T00:00:00+00:00 [queued]>
[2024-06-19T00:45:41.808+0000] {taskinstance.py:2076} INFO - Dependencies all met for dep_context=requeueable deps ti=<TaskInstance: nba_schema_creation_dag.snowflake_create_storage_integration scheduled__2024-06-17T00:00:00+00:00 [queued]>
[2024-06-19T00:45:41.809+0000] {taskinstance.py:2306} INFO - Starting attempt 1 of 2
[2024-06-19T00:45:41.822+0000] {taskinstance.py:2330} INFO - Executing <Task(SQLExecuteQueryOperator): snowflake_create_storage_integration> on 2024-06-17 00:00:00+00:00
[2024-06-19T00:45:41.829+0000] {standard_task_runner.py:90} INFO - Running: ['***', 'tasks', 'run', 'nba_schema_creation_dag', 'snowflake_create_storage_integration', 'scheduled__2024-06-17T00:00:00+00:00', '--job-id', '604', '--raw', '--subdir', 'DAGS_FOLDER/nba_schema_creation_dag.py', '--cfg-path', '/tmp/tmpl2b2wb1y']
[2024-06-19T00:45:41.832+0000] {standard_task_runner.py:91} INFO - Job 604: Subtask snowflake_create_storage_integration
[2024-06-19T00:45:41.832+0000] {logging_mixin.py:188} WARNING - /home/ubuntu/nba_ns_venv/lib/python3.12/site-packages/***/task/task_runner/standard_task_runner.py:61 DeprecationWarning: This process (pid=6830) is multi-threaded, use of fork() may lead to deadlocks in the child.
[2024-06-19T00:45:41.833+0000] {standard_task_runner.py:63} INFO - Started process 6836 to run task
[2024-06-19T00:45:41.925+0000] {task_command.py:426} INFO - Running <TaskInstance: nba_schema_creation_dag.snowflake_create_storage_integration scheduled__2024-06-17T00:00:00+00:00 [running]> on host ip-172-31-45-144.ec2.internal
[2024-06-19T00:45:42.074+0000] {taskinstance.py:2648} INFO - Exporting env vars: AIRFLOW_CTX_DAG_OWNER='Airflow' AIRFLOW_CTX_DAG_ID='nba_schema_creation_dag' AIRFLOW_CTX_TASK_ID='snowflake_create_storage_integration' AIRFLOW_CTX_EXECUTION_DATE='2024-06-17T00:00:00+00:00' AIRFLOW_CTX_TRY_NUMBER='1' AIRFLOW_CTX_DAG_RUN_ID='scheduled__2024-06-17T00:00:00+00:00'
[2024-06-19T00:45:42.074+0000] {taskinstance.py:430} INFO - ::endgroup::
[2024-06-19T00:45:42.092+0000] {sql.py:276} INFO - Executing: 
        USE WAREHOUSE NBA_STATS_WAREHOUSE;
        USE NBA_STATS_ANALYTICS;
        CREATE OR REPLACE STORAGE INTEGRATION SNOW_S3
        TYPE = EXTERNAL_STAGE
        STORAGE_PROVIDER = S3
        ENABLED = TRUE
        STORAGE_AWS_ROLE_ARN = 'arn:aws:iam::767397772312:role/nba_news_stats_s3_snowflake'
        STORAGE_ALLOWED_LOCATIONS = ('s3://nba-stats-players/');
        
[2024-06-19T00:45:42.118+0000] {base.py:84} INFO - Using connection ID 'snowflake_conn' for task execution.
[2024-06-19T00:45:42.880+0000] {base.py:84} INFO - Using connection ID 'snowflake_conn' for task execution.
[2024-06-19T00:45:42.881+0000] {connection.py:399} INFO - Snowflake Connector for Python Version: 3.10.1, Python Version: 3.12.3, Platform: Linux-6.8.0-1009-aws-x86_64-with-glibc2.39
[2024-06-19T00:45:42.882+0000] {connection.py:1239} INFO - This connection is in OCSP Fail Open Mode. TLS Certificates would be checked for validity and revocation status. Any other Certificate Revocation related exceptions or OCSP Responder failures would be disregarded in favor of connectivity.
[2024-06-19T00:45:42.882+0000] {connection.py:1249} INFO - THIS CONNECTION IS IN INSECURE MODE. IT MEANS THE CERTIFICATE WILL BE VALIDATED BUT THE CERTIFICATE REVOCATION STATUS WILL NOT BE CHECKED.
[2024-06-19T00:45:42.956+0000] {ssl_wrap_socket.py:100} INFO - THIS CONNECTION IS IN INSECURE MODE. IT MEANS THE CERTIFICATE WILL BE VALIDATED BUT THE CERTIFICATE REVOCATION STATUS WILL NOT BE CHECKED.
[2024-06-19T00:45:43.234+0000] {cursor.py:1149} INFO - Number of results in first chunk: 1
[2024-06-19T00:45:43.235+0000] {sql.py:487} INFO - Running statement: USE WAREHOUSE NBA_STATS_WAREHOUSE;, parameters: None
[2024-06-19T00:45:43.308+0000] {cursor.py:1149} INFO - Number of results in first chunk: 1
[2024-06-19T00:45:43.309+0000] {sql.py:496} INFO - Rows affected: 1
[2024-06-19T00:45:43.309+0000] {snowflake.py:409} INFO - Rows affected: 1
[2024-06-19T00:45:43.309+0000] {snowflake.py:410} INFO - Snowflake query id: 01b51a4d-0001-e365-0006-023e0001665e
[2024-06-19T00:45:43.310+0000] {sql.py:487} INFO - Running statement: USE NBA_STATS_ANALYTICS;, parameters: None
[2024-06-19T00:45:43.432+0000] {cursor.py:1149} INFO - Number of results in first chunk: 1
[2024-06-19T00:45:43.433+0000] {sql.py:496} INFO - Rows affected: 1
[2024-06-19T00:45:43.433+0000] {snowflake.py:409} INFO - Rows affected: 1
[2024-06-19T00:45:43.433+0000] {snowflake.py:410} INFO - Snowflake query id: 01b51a4d-0001-e49a-0006-023e0001a68e
[2024-06-19T00:45:43.434+0000] {sql.py:487} INFO - Running statement: CREATE OR REPLACE STORAGE INTEGRATION SNOW_S3
        TYPE = EXTERNAL_STAGE
        STORAGE_PROVIDER = S3
        ENABLED = TRUE
        STORAGE_AWS_ROLE_ARN = 'arn:aws:iam::767397772312:role/nba_news_stats_s3_snowflake'
        STORAGE_ALLOWED_LOCATIONS = ('s3://nba-stats-players/');, parameters: None
[2024-06-19T00:45:43.553+0000] {cursor.py:1149} INFO - Number of results in first chunk: 1
[2024-06-19T00:45:43.554+0000] {sql.py:496} INFO - Rows affected: 1
[2024-06-19T00:45:43.554+0000] {snowflake.py:409} INFO - Rows affected: 1
[2024-06-19T00:45:43.554+0000] {snowflake.py:410} INFO - Snowflake query id: 01b51a4d-0001-e364-0006-023e0001e51e
[2024-06-19T00:45:43.620+0000] {cursor.py:1149} INFO - Number of results in first chunk: 1
[2024-06-19T00:45:43.620+0000] {connection.py:762} INFO - closed
[2024-06-19T00:45:43.648+0000] {connection.py:768} INFO - No async queries seem to be running, deleting session
[2024-06-19T00:45:43.689+0000] {taskinstance.py:441} INFO - ::group::Post task execution logs
[2024-06-19T00:45:43.741+0000] {taskinstance.py:1206} INFO - Marking task as SUCCESS. dag_id=nba_schema_creation_dag, task_id=snowflake_create_storage_integration, run_id=scheduled__2024-06-17T00:00:00+00:00, execution_date=20240617T000000, start_date=20240619T004541, end_date=20240619T004543
[2024-06-19T00:45:43.777+0000] {local_task_job_runner.py:240} INFO - Task exited with return code 0
[2024-06-19T00:45:43.819+0000] {taskinstance.py:3503} INFO - 1 downstream tasks scheduled from follow-on schedule check
[2024-06-19T00:45:43.821+0000] {local_task_job_runner.py:222} INFO - ::endgroup::
[2024-06-19T01:08:18.897+0000] {local_task_job_runner.py:120} INFO - ::group::Pre task execution logs
[2024-06-19T01:08:18.942+0000] {taskinstance.py:2076} INFO - Dependencies all met for dep_context=non-requeueable deps ti=<TaskInstance: nba_schema_creation_dag.snowflake_create_storage_integration scheduled__2024-06-17T00:00:00+00:00 [queued]>
[2024-06-19T01:08:18.951+0000] {taskinstance.py:2076} INFO - Dependencies all met for dep_context=requeueable deps ti=<TaskInstance: nba_schema_creation_dag.snowflake_create_storage_integration scheduled__2024-06-17T00:00:00+00:00 [queued]>
[2024-06-19T01:08:18.952+0000] {taskinstance.py:2306} INFO - Starting attempt 1 of 2
[2024-06-19T01:08:18.965+0000] {taskinstance.py:2330} INFO - Executing <Task(SQLExecuteQueryOperator): snowflake_create_storage_integration> on 2024-06-17 00:00:00+00:00
[2024-06-19T01:08:18.972+0000] {standard_task_runner.py:90} INFO - Running: ['***', 'tasks', 'run', 'nba_schema_creation_dag', 'snowflake_create_storage_integration', 'scheduled__2024-06-17T00:00:00+00:00', '--job-id', '624', '--raw', '--subdir', 'DAGS_FOLDER/nba_schema_creation_dag.py', '--cfg-path', '/tmp/tmpa9i7yx51']
[2024-06-19T01:08:18.976+0000] {standard_task_runner.py:91} INFO - Job 624: Subtask snowflake_create_storage_integration
[2024-06-19T01:08:18.976+0000] {logging_mixin.py:188} WARNING - /home/ubuntu/nba_ns_venv/lib/python3.12/site-packages/***/task/task_runner/standard_task_runner.py:61 DeprecationWarning: This process (pid=13341) is multi-threaded, use of fork() may lead to deadlocks in the child.
[2024-06-19T01:08:18.977+0000] {standard_task_runner.py:63} INFO - Started process 13347 to run task
[2024-06-19T01:08:19.070+0000] {task_command.py:426} INFO - Running <TaskInstance: nba_schema_creation_dag.snowflake_create_storage_integration scheduled__2024-06-17T00:00:00+00:00 [running]> on host ip-172-31-45-144.ec2.internal
[2024-06-19T01:08:19.218+0000] {taskinstance.py:2648} INFO - Exporting env vars: AIRFLOW_CTX_DAG_OWNER='Airflow' AIRFLOW_CTX_DAG_ID='nba_schema_creation_dag' AIRFLOW_CTX_TASK_ID='snowflake_create_storage_integration' AIRFLOW_CTX_EXECUTION_DATE='2024-06-17T00:00:00+00:00' AIRFLOW_CTX_TRY_NUMBER='1' AIRFLOW_CTX_DAG_RUN_ID='scheduled__2024-06-17T00:00:00+00:00'
[2024-06-19T01:08:19.219+0000] {taskinstance.py:430} INFO - ::endgroup::
[2024-06-19T01:08:19.235+0000] {sql.py:276} INFO - Executing: 
        USE WAREHOUSE NBA_STATS_WAREHOUSE;
        USE NBA_STATS_ANALYTICS;
        CREATE OR REPLACE STORAGE INTEGRATION SNOW_S3
        TYPE = EXTERNAL_STAGE
        STORAGE_PROVIDER = S3
        ENABLED = TRUE
        STORAGE_AWS_ROLE_ARN = 'arn:aws:iam::767397772312:role/nba_news_stats_s3_snowflake'
        STORAGE_ALLOWED_LOCATIONS = ('s3://nba-stats-players/');
        
[2024-06-19T01:08:19.261+0000] {base.py:84} INFO - Using connection ID 'snowflake_conn' for task execution.
[2024-06-19T01:08:20.039+0000] {base.py:84} INFO - Using connection ID 'snowflake_conn' for task execution.
[2024-06-19T01:08:20.040+0000] {connection.py:399} INFO - Snowflake Connector for Python Version: 3.10.1, Python Version: 3.12.3, Platform: Linux-6.8.0-1009-aws-x86_64-with-glibc2.39
[2024-06-19T01:08:20.041+0000] {connection.py:1239} INFO - This connection is in OCSP Fail Open Mode. TLS Certificates would be checked for validity and revocation status. Any other Certificate Revocation related exceptions or OCSP Responder failures would be disregarded in favor of connectivity.
[2024-06-19T01:08:20.041+0000] {connection.py:1249} INFO - THIS CONNECTION IS IN INSECURE MODE. IT MEANS THE CERTIFICATE WILL BE VALIDATED BUT THE CERTIFICATE REVOCATION STATUS WILL NOT BE CHECKED.
[2024-06-19T01:08:20.096+0000] {ssl_wrap_socket.py:100} INFO - THIS CONNECTION IS IN INSECURE MODE. IT MEANS THE CERTIFICATE WILL BE VALIDATED BUT THE CERTIFICATE REVOCATION STATUS WILL NOT BE CHECKED.
[2024-06-19T01:08:20.337+0000] {cursor.py:1149} INFO - Number of results in first chunk: 1
[2024-06-19T01:08:20.338+0000] {sql.py:487} INFO - Running statement: USE WAREHOUSE NBA_STATS_WAREHOUSE;, parameters: None
[2024-06-19T01:08:20.397+0000] {cursor.py:1149} INFO - Number of results in first chunk: 1
[2024-06-19T01:08:20.397+0000] {sql.py:496} INFO - Rows affected: 1
[2024-06-19T01:08:20.397+0000] {snowflake.py:409} INFO - Rows affected: 1
[2024-06-19T01:08:20.398+0000] {snowflake.py:410} INFO - Snowflake query id: 01b51a64-0001-e49c-0006-023e00017622
[2024-06-19T01:08:20.398+0000] {sql.py:487} INFO - Running statement: USE NBA_STATS_ANALYTICS;, parameters: None
[2024-06-19T01:08:20.455+0000] {cursor.py:1149} INFO - Number of results in first chunk: 1
[2024-06-19T01:08:20.456+0000] {sql.py:496} INFO - Rows affected: 1
[2024-06-19T01:08:20.456+0000] {snowflake.py:409} INFO - Rows affected: 1
[2024-06-19T01:08:20.456+0000] {snowflake.py:410} INFO - Snowflake query id: 01b51a64-0001-e49c-0006-023e00017626
[2024-06-19T01:08:20.457+0000] {sql.py:487} INFO - Running statement: CREATE OR REPLACE STORAGE INTEGRATION SNOW_S3
        TYPE = EXTERNAL_STAGE
        STORAGE_PROVIDER = S3
        ENABLED = TRUE
        STORAGE_AWS_ROLE_ARN = 'arn:aws:iam::767397772312:role/nba_news_stats_s3_snowflake'
        STORAGE_ALLOWED_LOCATIONS = ('s3://nba-stats-players/');, parameters: None
[2024-06-19T01:08:20.594+0000] {cursor.py:1149} INFO - Number of results in first chunk: 1
[2024-06-19T01:08:20.594+0000] {sql.py:496} INFO - Rows affected: 1
[2024-06-19T01:08:20.594+0000] {snowflake.py:409} INFO - Rows affected: 1
[2024-06-19T01:08:20.594+0000] {snowflake.py:410} INFO - Snowflake query id: 01b51a64-0001-e365-0006-023e000166b2
[2024-06-19T01:08:20.651+0000] {cursor.py:1149} INFO - Number of results in first chunk: 1
[2024-06-19T01:08:20.651+0000] {connection.py:762} INFO - closed
[2024-06-19T01:08:20.674+0000] {connection.py:768} INFO - No async queries seem to be running, deleting session
[2024-06-19T01:08:20.716+0000] {taskinstance.py:441} INFO - ::group::Post task execution logs
[2024-06-19T01:08:20.769+0000] {taskinstance.py:1206} INFO - Marking task as SUCCESS. dag_id=nba_schema_creation_dag, task_id=snowflake_create_storage_integration, run_id=scheduled__2024-06-17T00:00:00+00:00, execution_date=20240617T000000, start_date=20240619T010818, end_date=20240619T010820
[2024-06-19T01:08:20.799+0000] {local_task_job_runner.py:240} INFO - Task exited with return code 0
[2024-06-19T01:08:20.844+0000] {taskinstance.py:3503} INFO - 0 downstream tasks scheduled from follow-on schedule check
[2024-06-19T01:08:20.851+0000] {local_task_job_runner.py:222} INFO - ::endgroup::
[2024-06-19T01:27:39.734+0000] {local_task_job_runner.py:120} INFO - ::group::Pre task execution logs
[2024-06-19T01:27:39.777+0000] {taskinstance.py:2076} INFO - Dependencies all met for dep_context=non-requeueable deps ti=<TaskInstance: nba_schema_creation_dag.snowflake_create_storage_integration scheduled__2024-06-17T00:00:00+00:00 [queued]>
[2024-06-19T01:27:39.786+0000] {taskinstance.py:2076} INFO - Dependencies all met for dep_context=requeueable deps ti=<TaskInstance: nba_schema_creation_dag.snowflake_create_storage_integration scheduled__2024-06-17T00:00:00+00:00 [queued]>
[2024-06-19T01:27:39.787+0000] {taskinstance.py:2306} INFO - Starting attempt 1 of 2
[2024-06-19T01:27:39.800+0000] {taskinstance.py:2330} INFO - Executing <Task(SQLExecuteQueryOperator): snowflake_create_storage_integration> on 2024-06-17 00:00:00+00:00
[2024-06-19T01:27:39.808+0000] {standard_task_runner.py:90} INFO - Running: ['***', 'tasks', 'run', 'nba_schema_creation_dag', 'snowflake_create_storage_integration', 'scheduled__2024-06-17T00:00:00+00:00', '--job-id', '642', '--raw', '--subdir', 'DAGS_FOLDER/nba_schema_creation_dag.py', '--cfg-path', '/tmp/tmptrujwutj']
[2024-06-19T01:27:39.811+0000] {standard_task_runner.py:91} INFO - Job 642: Subtask snowflake_create_storage_integration
[2024-06-19T01:27:39.811+0000] {logging_mixin.py:188} WARNING - /home/ubuntu/nba_ns_venv/lib/python3.12/site-packages/***/task/task_runner/standard_task_runner.py:61 DeprecationWarning: This process (pid=18768) is multi-threaded, use of fork() may lead to deadlocks in the child.
[2024-06-19T01:27:39.812+0000] {standard_task_runner.py:63} INFO - Started process 18774 to run task
[2024-06-19T01:27:39.905+0000] {task_command.py:426} INFO - Running <TaskInstance: nba_schema_creation_dag.snowflake_create_storage_integration scheduled__2024-06-17T00:00:00+00:00 [running]> on host ip-172-31-45-144.ec2.internal
[2024-06-19T01:27:40.051+0000] {taskinstance.py:2648} INFO - Exporting env vars: AIRFLOW_CTX_DAG_OWNER='Airflow' AIRFLOW_CTX_DAG_ID='nba_schema_creation_dag' AIRFLOW_CTX_TASK_ID='snowflake_create_storage_integration' AIRFLOW_CTX_EXECUTION_DATE='2024-06-17T00:00:00+00:00' AIRFLOW_CTX_TRY_NUMBER='1' AIRFLOW_CTX_DAG_RUN_ID='scheduled__2024-06-17T00:00:00+00:00'
[2024-06-19T01:27:40.052+0000] {taskinstance.py:430} INFO - ::endgroup::
[2024-06-19T01:27:40.069+0000] {sql.py:276} INFO - Executing: 
        USE WAREHOUSE NBA_STATS_WAREHOUSE;
        USE NBA_STATS_ANALYTICS;
        CREATE OR REPLACE STORAGE INTEGRATION SNOW_S3
        TYPE = EXTERNAL_STAGE
        STORAGE_PROVIDER = S3
        ENABLED = TRUE
        STORAGE_AWS_ROLE_ARN = 'arn:aws:iam::767397772312:role/nba_news_stats_s3_snowflake'
        STORAGE_ALLOWED_LOCATIONS = ('s3://nba-stats-players/');
        
[2024-06-19T01:27:40.094+0000] {base.py:84} INFO - Using connection ID 'snowflake_conn' for task execution.
[2024-06-19T01:27:40.837+0000] {base.py:84} INFO - Using connection ID 'snowflake_conn' for task execution.
[2024-06-19T01:27:40.838+0000] {connection.py:399} INFO - Snowflake Connector for Python Version: 3.10.1, Python Version: 3.12.3, Platform: Linux-6.8.0-1009-aws-x86_64-with-glibc2.39
[2024-06-19T01:27:40.839+0000] {connection.py:1239} INFO - This connection is in OCSP Fail Open Mode. TLS Certificates would be checked for validity and revocation status. Any other Certificate Revocation related exceptions or OCSP Responder failures would be disregarded in favor of connectivity.
[2024-06-19T01:27:40.839+0000] {connection.py:1249} INFO - THIS CONNECTION IS IN INSECURE MODE. IT MEANS THE CERTIFICATE WILL BE VALIDATED BUT THE CERTIFICATE REVOCATION STATUS WILL NOT BE CHECKED.
[2024-06-19T01:27:40.899+0000] {ssl_wrap_socket.py:100} INFO - THIS CONNECTION IS IN INSECURE MODE. IT MEANS THE CERTIFICATE WILL BE VALIDATED BUT THE CERTIFICATE REVOCATION STATUS WILL NOT BE CHECKED.
[2024-06-19T01:27:41.201+0000] {cursor.py:1149} INFO - Number of results in first chunk: 1
[2024-06-19T01:27:41.202+0000] {sql.py:487} INFO - Running statement: USE WAREHOUSE NBA_STATS_WAREHOUSE;, parameters: None
[2024-06-19T01:27:41.260+0000] {cursor.py:1149} INFO - Number of results in first chunk: 1
[2024-06-19T01:27:41.260+0000] {sql.py:496} INFO - Rows affected: 1
[2024-06-19T01:27:41.261+0000] {snowflake.py:409} INFO - Rows affected: 1
[2024-06-19T01:27:41.261+0000] {snowflake.py:410} INFO - Snowflake query id: 01b51a77-0001-e365-0006-023e000166e2
[2024-06-19T01:27:41.261+0000] {sql.py:487} INFO - Running statement: USE NBA_STATS_ANALYTICS;, parameters: None
[2024-06-19T01:27:41.335+0000] {cursor.py:1149} INFO - Number of results in first chunk: 1
[2024-06-19T01:27:41.336+0000] {sql.py:496} INFO - Rows affected: 1
[2024-06-19T01:27:41.336+0000] {snowflake.py:409} INFO - Rows affected: 1
[2024-06-19T01:27:41.336+0000] {snowflake.py:410} INFO - Snowflake query id: 01b51a77-0001-e49d-0006-023e0001f536
[2024-06-19T01:27:41.337+0000] {sql.py:487} INFO - Running statement: CREATE OR REPLACE STORAGE INTEGRATION SNOW_S3
        TYPE = EXTERNAL_STAGE
        STORAGE_PROVIDER = S3
        ENABLED = TRUE
        STORAGE_AWS_ROLE_ARN = 'arn:aws:iam::767397772312:role/nba_news_stats_s3_snowflake'
        STORAGE_ALLOWED_LOCATIONS = ('s3://nba-stats-players/');, parameters: None
[2024-06-19T01:27:41.443+0000] {cursor.py:1149} INFO - Number of results in first chunk: 1
[2024-06-19T01:27:41.444+0000] {sql.py:496} INFO - Rows affected: 1
[2024-06-19T01:27:41.444+0000] {snowflake.py:409} INFO - Rows affected: 1
[2024-06-19T01:27:41.444+0000] {snowflake.py:410} INFO - Snowflake query id: 01b51a77-0001-e365-0006-023e000166e6
[2024-06-19T01:27:41.507+0000] {cursor.py:1149} INFO - Number of results in first chunk: 1
[2024-06-19T01:27:41.507+0000] {connection.py:762} INFO - closed
[2024-06-19T01:27:41.531+0000] {connection.py:768} INFO - No async queries seem to be running, deleting session
[2024-06-19T01:27:41.567+0000] {taskinstance.py:441} INFO - ::group::Post task execution logs
[2024-06-19T01:27:41.619+0000] {taskinstance.py:1206} INFO - Marking task as SUCCESS. dag_id=nba_schema_creation_dag, task_id=snowflake_create_storage_integration, run_id=scheduled__2024-06-17T00:00:00+00:00, execution_date=20240617T000000, start_date=20240619T012739, end_date=20240619T012741
[2024-06-19T01:27:41.673+0000] {local_task_job_runner.py:240} INFO - Task exited with return code 0
[2024-06-19T01:27:41.715+0000] {taskinstance.py:3503} INFO - 1 downstream tasks scheduled from follow-on schedule check
[2024-06-19T01:27:41.717+0000] {local_task_job_runner.py:222} INFO - ::endgroup::
[2024-06-19T01:39:12.965+0000] {local_task_job_runner.py:120} INFO - ::group::Pre task execution logs
[2024-06-19T01:39:13.012+0000] {taskinstance.py:2076} INFO - Dependencies all met for dep_context=non-requeueable deps ti=<TaskInstance: nba_schema_creation_dag.snowflake_create_storage_integration scheduled__2024-06-17T00:00:00+00:00 [queued]>
[2024-06-19T01:39:13.021+0000] {taskinstance.py:2076} INFO - Dependencies all met for dep_context=requeueable deps ti=<TaskInstance: nba_schema_creation_dag.snowflake_create_storage_integration scheduled__2024-06-17T00:00:00+00:00 [queued]>
[2024-06-19T01:39:13.021+0000] {taskinstance.py:2306} INFO - Starting attempt 1 of 2
[2024-06-19T01:39:13.036+0000] {taskinstance.py:2330} INFO - Executing <Task(SQLExecuteQueryOperator): snowflake_create_storage_integration> on 2024-06-17 00:00:00+00:00
[2024-06-19T01:39:13.044+0000] {standard_task_runner.py:90} INFO - Running: ['***', 'tasks', 'run', 'nba_schema_creation_dag', 'snowflake_create_storage_integration', 'scheduled__2024-06-17T00:00:00+00:00', '--job-id', '647', '--raw', '--subdir', 'DAGS_FOLDER/nba_schema_creation_dag.py', '--cfg-path', '/tmp/tmpnwce8q30']
[2024-06-19T01:39:13.046+0000] {logging_mixin.py:188} WARNING - /home/ubuntu/nba_ns_venv/lib/python3.12/site-packages/***/task/task_runner/standard_task_runner.py:61 DeprecationWarning: This process (pid=20852) is multi-threaded, use of fork() may lead to deadlocks in the child.
[2024-06-19T01:39:13.047+0000] {standard_task_runner.py:91} INFO - Job 647: Subtask snowflake_create_storage_integration
[2024-06-19T01:39:13.047+0000] {standard_task_runner.py:63} INFO - Started process 20858 to run task
[2024-06-19T01:39:13.141+0000] {task_command.py:426} INFO - Running <TaskInstance: nba_schema_creation_dag.snowflake_create_storage_integration scheduled__2024-06-17T00:00:00+00:00 [running]> on host ip-172-31-45-144.ec2.internal
[2024-06-19T01:39:13.288+0000] {taskinstance.py:2648} INFO - Exporting env vars: AIRFLOW_CTX_DAG_OWNER='Airflow' AIRFLOW_CTX_DAG_ID='nba_schema_creation_dag' AIRFLOW_CTX_TASK_ID='snowflake_create_storage_integration' AIRFLOW_CTX_EXECUTION_DATE='2024-06-17T00:00:00+00:00' AIRFLOW_CTX_TRY_NUMBER='1' AIRFLOW_CTX_DAG_RUN_ID='scheduled__2024-06-17T00:00:00+00:00'
[2024-06-19T01:39:13.289+0000] {taskinstance.py:430} INFO - ::endgroup::
[2024-06-19T01:39:13.306+0000] {sql.py:276} INFO - Executing: 
        USE WAREHOUSE NBA_STATS_WAREHOUSE;
        USE NBA_STATS_ANALYTICS;
        CREATE OR REPLACE STORAGE INTEGRATION SNOW_S3
        TYPE = EXTERNAL_STAGE
        STORAGE_PROVIDER = S3
        ENABLED = TRUE
        STORAGE_AWS_ROLE_ARN = 'arn:aws:iam::767397772312:role/nba_news_stats_s3_snowflake'
        STORAGE_ALLOWED_LOCATIONS = ('s3://nba-stats-players/');
        
[2024-06-19T01:39:13.337+0000] {base.py:84} INFO - Using connection ID 'snowflake_conn' for task execution.
[2024-06-19T01:39:14.097+0000] {base.py:84} INFO - Using connection ID 'snowflake_conn' for task execution.
[2024-06-19T01:39:14.098+0000] {connection.py:399} INFO - Snowflake Connector for Python Version: 3.10.1, Python Version: 3.12.3, Platform: Linux-6.8.0-1009-aws-x86_64-with-glibc2.39
[2024-06-19T01:39:14.098+0000] {connection.py:1239} INFO - This connection is in OCSP Fail Open Mode. TLS Certificates would be checked for validity and revocation status. Any other Certificate Revocation related exceptions or OCSP Responder failures would be disregarded in favor of connectivity.
[2024-06-19T01:39:14.098+0000] {connection.py:1249} INFO - THIS CONNECTION IS IN INSECURE MODE. IT MEANS THE CERTIFICATE WILL BE VALIDATED BUT THE CERTIFICATE REVOCATION STATUS WILL NOT BE CHECKED.
[2024-06-19T01:39:14.158+0000] {ssl_wrap_socket.py:100} INFO - THIS CONNECTION IS IN INSECURE MODE. IT MEANS THE CERTIFICATE WILL BE VALIDATED BUT THE CERTIFICATE REVOCATION STATUS WILL NOT BE CHECKED.
[2024-06-19T01:39:14.408+0000] {cursor.py:1149} INFO - Number of results in first chunk: 1
[2024-06-19T01:39:14.409+0000] {sql.py:487} INFO - Running statement: USE WAREHOUSE NBA_STATS_WAREHOUSE;, parameters: None
[2024-06-19T01:39:14.477+0000] {cursor.py:1149} INFO - Number of results in first chunk: 1
[2024-06-19T01:39:14.477+0000] {sql.py:496} INFO - Rows affected: 1
[2024-06-19T01:39:14.478+0000] {snowflake.py:409} INFO - Rows affected: 1
[2024-06-19T01:39:14.478+0000] {snowflake.py:410} INFO - Snowflake query id: 01b51a83-0001-e499-0006-023e0001c686
[2024-06-19T01:39:14.478+0000] {sql.py:487} INFO - Running statement: USE NBA_STATS_ANALYTICS;, parameters: None
[2024-06-19T01:39:14.562+0000] {cursor.py:1149} INFO - Number of results in first chunk: 1
[2024-06-19T01:39:14.563+0000] {sql.py:496} INFO - Rows affected: 1
[2024-06-19T01:39:14.563+0000] {snowflake.py:409} INFO - Rows affected: 1
[2024-06-19T01:39:14.563+0000] {snowflake.py:410} INFO - Snowflake query id: 01b51a83-0001-e49a-0006-023e0001a6da
[2024-06-19T01:39:14.564+0000] {sql.py:487} INFO - Running statement: CREATE OR REPLACE STORAGE INTEGRATION SNOW_S3
        TYPE = EXTERNAL_STAGE
        STORAGE_PROVIDER = S3
        ENABLED = TRUE
        STORAGE_AWS_ROLE_ARN = 'arn:aws:iam::767397772312:role/nba_news_stats_s3_snowflake'
        STORAGE_ALLOWED_LOCATIONS = ('s3://nba-stats-players/');, parameters: None
[2024-06-19T01:39:14.695+0000] {cursor.py:1149} INFO - Number of results in first chunk: 1
[2024-06-19T01:39:14.695+0000] {sql.py:496} INFO - Rows affected: 1
[2024-06-19T01:39:14.695+0000] {snowflake.py:409} INFO - Rows affected: 1
[2024-06-19T01:39:14.696+0000] {snowflake.py:410} INFO - Snowflake query id: 01b51a83-0001-e498-0006-023e0001b666
[2024-06-19T01:39:14.819+0000] {cursor.py:1149} INFO - Number of results in first chunk: 1
[2024-06-19T01:39:14.819+0000] {connection.py:762} INFO - closed
[2024-06-19T01:39:14.847+0000] {connection.py:768} INFO - No async queries seem to be running, deleting session
[2024-06-19T01:39:14.888+0000] {taskinstance.py:441} INFO - ::group::Post task execution logs
[2024-06-19T01:39:14.941+0000] {taskinstance.py:1206} INFO - Marking task as SUCCESS. dag_id=nba_schema_creation_dag, task_id=snowflake_create_storage_integration, run_id=scheduled__2024-06-17T00:00:00+00:00, execution_date=20240617T000000, start_date=20240619T013913, end_date=20240619T013914
[2024-06-19T01:39:14.990+0000] {local_task_job_runner.py:240} INFO - Task exited with return code 0
[2024-06-19T01:39:15.034+0000] {taskinstance.py:3503} INFO - 1 downstream tasks scheduled from follow-on schedule check
[2024-06-19T01:39:15.037+0000] {local_task_job_runner.py:222} INFO - ::endgroup::
[2024-06-19T01:54:21.696+0000] {local_task_job_runner.py:120} INFO - ::group::Pre task execution logs
[2024-06-19T01:54:21.740+0000] {taskinstance.py:2076} INFO - Dependencies all met for dep_context=non-requeueable deps ti=<TaskInstance: nba_schema_creation_dag.snowflake_create_storage_integration scheduled__2024-06-17T00:00:00+00:00 [queued]>
[2024-06-19T01:54:21.749+0000] {taskinstance.py:2076} INFO - Dependencies all met for dep_context=requeueable deps ti=<TaskInstance: nba_schema_creation_dag.snowflake_create_storage_integration scheduled__2024-06-17T00:00:00+00:00 [queued]>
[2024-06-19T01:54:21.749+0000] {taskinstance.py:2306} INFO - Starting attempt 1 of 2
[2024-06-19T01:54:21.763+0000] {taskinstance.py:2330} INFO - Executing <Task(SQLExecuteQueryOperator): snowflake_create_storage_integration> on 2024-06-17 00:00:00+00:00
[2024-06-19T01:54:21.771+0000] {standard_task_runner.py:90} INFO - Running: ['***', 'tasks', 'run', 'nba_schema_creation_dag', 'snowflake_create_storage_integration', 'scheduled__2024-06-17T00:00:00+00:00', '--job-id', '665', '--raw', '--subdir', 'DAGS_FOLDER/nba_schema_creation_dag.py', '--cfg-path', '/tmp/tmpe9q6yxpd']
[2024-06-19T01:54:21.774+0000] {standard_task_runner.py:91} INFO - Job 665: Subtask snowflake_create_storage_integration
[2024-06-19T01:54:21.774+0000] {logging_mixin.py:188} WARNING - /home/ubuntu/nba_ns_venv/lib/python3.12/site-packages/***/task/task_runner/standard_task_runner.py:61 DeprecationWarning: This process (pid=25836) is multi-threaded, use of fork() may lead to deadlocks in the child.
[2024-06-19T01:54:21.775+0000] {standard_task_runner.py:63} INFO - Started process 25842 to run task
[2024-06-19T01:54:21.869+0000] {task_command.py:426} INFO - Running <TaskInstance: nba_schema_creation_dag.snowflake_create_storage_integration scheduled__2024-06-17T00:00:00+00:00 [running]> on host ip-172-31-45-144.ec2.internal
[2024-06-19T01:54:22.024+0000] {taskinstance.py:2648} INFO - Exporting env vars: AIRFLOW_CTX_DAG_OWNER='Airflow' AIRFLOW_CTX_DAG_ID='nba_schema_creation_dag' AIRFLOW_CTX_TASK_ID='snowflake_create_storage_integration' AIRFLOW_CTX_EXECUTION_DATE='2024-06-17T00:00:00+00:00' AIRFLOW_CTX_TRY_NUMBER='1' AIRFLOW_CTX_DAG_RUN_ID='scheduled__2024-06-17T00:00:00+00:00'
[2024-06-19T01:54:22.024+0000] {taskinstance.py:430} INFO - ::endgroup::
[2024-06-19T01:54:22.041+0000] {sql.py:276} INFO - Executing: 
        USE WAREHOUSE NBA_STATS_WAREHOUSE;
        USE NBA_STATS_ANALYTICS;
        CREATE OR REPLACE STORAGE INTEGRATION SNOW_S3
        TYPE = EXTERNAL_STAGE
        STORAGE_PROVIDER = S3
        ENABLED = TRUE
        STORAGE_AWS_ROLE_ARN = 'arn:aws:iam::767397772312:role/nba_news_stats_s3_snowflake'
        STORAGE_ALLOWED_LOCATIONS = ('s3://nba-stats-players/');
        
[2024-06-19T01:54:22.068+0000] {base.py:84} INFO - Using connection ID 'snowflake_conn' for task execution.
[2024-06-19T01:54:22.834+0000] {base.py:84} INFO - Using connection ID 'snowflake_conn' for task execution.
[2024-06-19T01:54:22.834+0000] {connection.py:399} INFO - Snowflake Connector for Python Version: 3.10.1, Python Version: 3.12.3, Platform: Linux-6.8.0-1009-aws-x86_64-with-glibc2.39
[2024-06-19T01:54:22.835+0000] {connection.py:1239} INFO - This connection is in OCSP Fail Open Mode. TLS Certificates would be checked for validity and revocation status. Any other Certificate Revocation related exceptions or OCSP Responder failures would be disregarded in favor of connectivity.
[2024-06-19T01:54:22.835+0000] {connection.py:1249} INFO - THIS CONNECTION IS IN INSECURE MODE. IT MEANS THE CERTIFICATE WILL BE VALIDATED BUT THE CERTIFICATE REVOCATION STATUS WILL NOT BE CHECKED.
[2024-06-19T01:54:22.896+0000] {ssl_wrap_socket.py:100} INFO - THIS CONNECTION IS IN INSECURE MODE. IT MEANS THE CERTIFICATE WILL BE VALIDATED BUT THE CERTIFICATE REVOCATION STATUS WILL NOT BE CHECKED.
[2024-06-19T01:54:23.285+0000] {cursor.py:1149} INFO - Number of results in first chunk: 1
[2024-06-19T01:54:23.286+0000] {sql.py:487} INFO - Running statement: USE WAREHOUSE NBA_STATS_WAREHOUSE;, parameters: None
[2024-06-19T01:54:23.466+0000] {cursor.py:1149} INFO - Number of results in first chunk: 1
[2024-06-19T01:54:23.466+0000] {sql.py:496} INFO - Rows affected: 1
[2024-06-19T01:54:23.466+0000] {snowflake.py:409} INFO - Rows affected: 1
[2024-06-19T01:54:23.467+0000] {snowflake.py:410} INFO - Snowflake query id: 01b51a92-0001-e495-0006-023e0001864a
[2024-06-19T01:54:23.467+0000] {sql.py:487} INFO - Running statement: USE NBA_STATS_ANALYTICS;, parameters: None
[2024-06-19T01:54:23.539+0000] {cursor.py:1149} INFO - Number of results in first chunk: 1
[2024-06-19T01:54:23.540+0000] {sql.py:496} INFO - Rows affected: 1
[2024-06-19T01:54:23.540+0000] {snowflake.py:409} INFO - Rows affected: 1
[2024-06-19T01:54:23.540+0000] {snowflake.py:410} INFO - Snowflake query id: 01b51a92-0001-e49c-0006-023e000176ae
[2024-06-19T01:54:23.540+0000] {sql.py:487} INFO - Running statement: CREATE OR REPLACE STORAGE INTEGRATION SNOW_S3
        TYPE = EXTERNAL_STAGE
        STORAGE_PROVIDER = S3
        ENABLED = TRUE
        STORAGE_AWS_ROLE_ARN = 'arn:aws:iam::767397772312:role/nba_news_stats_s3_snowflake'
        STORAGE_ALLOWED_LOCATIONS = ('s3://nba-stats-players/');, parameters: None
[2024-06-19T01:54:23.693+0000] {cursor.py:1149} INFO - Number of results in first chunk: 1
[2024-06-19T01:54:23.693+0000] {sql.py:496} INFO - Rows affected: 1
[2024-06-19T01:54:23.694+0000] {snowflake.py:409} INFO - Rows affected: 1
[2024-06-19T01:54:23.694+0000] {snowflake.py:410} INFO - Snowflake query id: 01b51a92-0001-e49d-0006-023e0001f576
[2024-06-19T01:54:23.747+0000] {cursor.py:1149} INFO - Number of results in first chunk: 1
[2024-06-19T01:54:23.748+0000] {connection.py:762} INFO - closed
[2024-06-19T01:54:23.778+0000] {connection.py:768} INFO - No async queries seem to be running, deleting session
[2024-06-19T01:54:23.813+0000] {taskinstance.py:441} INFO - ::group::Post task execution logs
[2024-06-19T01:54:23.867+0000] {taskinstance.py:1206} INFO - Marking task as SUCCESS. dag_id=nba_schema_creation_dag, task_id=snowflake_create_storage_integration, run_id=scheduled__2024-06-17T00:00:00+00:00, execution_date=20240617T000000, start_date=20240619T015421, end_date=20240619T015423
[2024-06-19T01:54:23.921+0000] {local_task_job_runner.py:240} INFO - Task exited with return code 0
[2024-06-19T01:54:23.964+0000] {taskinstance.py:3503} INFO - 1 downstream tasks scheduled from follow-on schedule check
[2024-06-19T01:54:23.966+0000] {local_task_job_runner.py:222} INFO - ::endgroup::
[2024-06-19T04:27:43.732+0000] {local_task_job_runner.py:120} INFO - ::group::Pre task execution logs
[2024-06-19T04:27:43.777+0000] {taskinstance.py:2076} INFO - Dependencies all met for dep_context=non-requeueable deps ti=<TaskInstance: nba_schema_creation_dag.snowflake_create_storage_integration scheduled__2024-06-17T00:00:00+00:00 [queued]>
[2024-06-19T04:27:43.786+0000] {taskinstance.py:2076} INFO - Dependencies all met for dep_context=requeueable deps ti=<TaskInstance: nba_schema_creation_dag.snowflake_create_storage_integration scheduled__2024-06-17T00:00:00+00:00 [queued]>
[2024-06-19T04:27:43.786+0000] {taskinstance.py:2306} INFO - Starting attempt 1 of 2
[2024-06-19T04:27:43.799+0000] {taskinstance.py:2330} INFO - Executing <Task(SQLExecuteQueryOperator): snowflake_create_storage_integration> on 2024-06-17 00:00:00+00:00
[2024-06-19T04:27:43.806+0000] {standard_task_runner.py:90} INFO - Running: ['***', 'tasks', 'run', 'nba_schema_creation_dag', 'snowflake_create_storage_integration', 'scheduled__2024-06-17T00:00:00+00:00', '--job-id', '682', '--raw', '--subdir', 'DAGS_FOLDER/nba_schema_creation_dag.py', '--cfg-path', '/tmp/tmpw98y5c01']
[2024-06-19T04:27:43.809+0000] {standard_task_runner.py:91} INFO - Job 682: Subtask snowflake_create_storage_integration
[2024-06-19T04:27:43.809+0000] {logging_mixin.py:188} WARNING - /home/ubuntu/nba_ns_venv/lib/python3.12/site-packages/***/task/task_runner/standard_task_runner.py:61 DeprecationWarning: This process (pid=2430) is multi-threaded, use of fork() may lead to deadlocks in the child.
[2024-06-19T04:27:43.810+0000] {standard_task_runner.py:63} INFO - Started process 2436 to run task
[2024-06-19T04:27:43.902+0000] {task_command.py:426} INFO - Running <TaskInstance: nba_schema_creation_dag.snowflake_create_storage_integration scheduled__2024-06-17T00:00:00+00:00 [running]> on host ip-172-31-45-144.ec2.internal
[2024-06-19T04:27:44.049+0000] {taskinstance.py:2648} INFO - Exporting env vars: AIRFLOW_CTX_DAG_OWNER='Airflow' AIRFLOW_CTX_DAG_ID='nba_schema_creation_dag' AIRFLOW_CTX_TASK_ID='snowflake_create_storage_integration' AIRFLOW_CTX_EXECUTION_DATE='2024-06-17T00:00:00+00:00' AIRFLOW_CTX_TRY_NUMBER='1' AIRFLOW_CTX_DAG_RUN_ID='scheduled__2024-06-17T00:00:00+00:00'
[2024-06-19T04:27:44.050+0000] {taskinstance.py:430} INFO - ::endgroup::
[2024-06-19T04:27:44.067+0000] {sql.py:276} INFO - Executing: 
        USE WAREHOUSE NBA_STATS_WAREHOUSE;
        USE NBA_STATS_ANALYTICS;
        CREATE OR REPLACE STORAGE INTEGRATION SNOW_S3
        TYPE = EXTERNAL_STAGE
        STORAGE_PROVIDER = S3
        ENABLED = TRUE
        STORAGE_AWS_ROLE_ARN = 'arn:aws:iam::767397772312:role/nba_news_stats_s3_snowflake'
        STORAGE_ALLOWED_LOCATIONS = ('s3://nba-stats-players/');
        
[2024-06-19T04:27:44.094+0000] {base.py:84} INFO - Using connection ID 'snowflake_conn' for task execution.
[2024-06-19T04:27:44.863+0000] {base.py:84} INFO - Using connection ID 'snowflake_conn' for task execution.
[2024-06-19T04:27:44.864+0000] {connection.py:399} INFO - Snowflake Connector for Python Version: 3.10.1, Python Version: 3.12.3, Platform: Linux-6.8.0-1009-aws-x86_64-with-glibc2.39
[2024-06-19T04:27:44.864+0000] {connection.py:1239} INFO - This connection is in OCSP Fail Open Mode. TLS Certificates would be checked for validity and revocation status. Any other Certificate Revocation related exceptions or OCSP Responder failures would be disregarded in favor of connectivity.
[2024-06-19T04:27:44.865+0000] {connection.py:1249} INFO - THIS CONNECTION IS IN INSECURE MODE. IT MEANS THE CERTIFICATE WILL BE VALIDATED BUT THE CERTIFICATE REVOCATION STATUS WILL NOT BE CHECKED.
[2024-06-19T04:27:44.923+0000] {ssl_wrap_socket.py:100} INFO - THIS CONNECTION IS IN INSECURE MODE. IT MEANS THE CERTIFICATE WILL BE VALIDATED BUT THE CERTIFICATE REVOCATION STATUS WILL NOT BE CHECKED.
[2024-06-19T04:27:45.151+0000] {cursor.py:1149} INFO - Number of results in first chunk: 1
[2024-06-19T04:27:45.152+0000] {sql.py:487} INFO - Running statement: USE WAREHOUSE NBA_STATS_WAREHOUSE;, parameters: None
[2024-06-19T04:27:45.231+0000] {cursor.py:1149} INFO - Number of results in first chunk: 1
[2024-06-19T04:27:45.231+0000] {sql.py:496} INFO - Rows affected: 1
[2024-06-19T04:27:45.231+0000] {snowflake.py:409} INFO - Rows affected: 1
[2024-06-19T04:27:45.232+0000] {snowflake.py:410} INFO - Snowflake query id: 01b51b2b-0001-e365-0006-023e0001683e
[2024-06-19T04:27:45.232+0000] {sql.py:487} INFO - Running statement: USE NBA_STATS_ANALYTICS;, parameters: None
[2024-06-19T04:27:45.304+0000] {cursor.py:1149} INFO - Number of results in first chunk: 1
[2024-06-19T04:27:45.304+0000] {sql.py:496} INFO - Rows affected: 1
[2024-06-19T04:27:45.305+0000] {snowflake.py:409} INFO - Rows affected: 1
[2024-06-19T04:27:45.305+0000] {snowflake.py:410} INFO - Snowflake query id: 01b51b2b-0001-e49d-0006-023e0001f666
[2024-06-19T04:27:45.305+0000] {sql.py:487} INFO - Running statement: CREATE OR REPLACE STORAGE INTEGRATION SNOW_S3
        TYPE = EXTERNAL_STAGE
        STORAGE_PROVIDER = S3
        ENABLED = TRUE
        STORAGE_AWS_ROLE_ARN = 'arn:aws:iam::767397772312:role/nba_news_stats_s3_snowflake'
        STORAGE_ALLOWED_LOCATIONS = ('s3://nba-stats-players/');, parameters: None
[2024-06-19T04:27:45.435+0000] {cursor.py:1149} INFO - Number of results in first chunk: 1
[2024-06-19T04:27:45.435+0000] {sql.py:496} INFO - Rows affected: 1
[2024-06-19T04:27:45.436+0000] {snowflake.py:409} INFO - Rows affected: 1
[2024-06-19T04:27:45.436+0000] {snowflake.py:410} INFO - Snowflake query id: 01b51b2b-0001-e498-0006-023e0001b776
[2024-06-19T04:27:45.493+0000] {cursor.py:1149} INFO - Number of results in first chunk: 1
[2024-06-19T04:27:45.493+0000] {connection.py:762} INFO - closed
[2024-06-19T04:27:45.525+0000] {connection.py:768} INFO - No async queries seem to be running, deleting session
[2024-06-19T04:27:45.562+0000] {taskinstance.py:441} INFO - ::group::Post task execution logs
[2024-06-19T04:27:45.614+0000] {taskinstance.py:1206} INFO - Marking task as SUCCESS. dag_id=nba_schema_creation_dag, task_id=snowflake_create_storage_integration, run_id=scheduled__2024-06-17T00:00:00+00:00, execution_date=20240617T000000, start_date=20240619T042743, end_date=20240619T042745
[2024-06-19T04:27:45.671+0000] {local_task_job_runner.py:240} INFO - Task exited with return code 0
[2024-06-19T04:27:45.712+0000] {taskinstance.py:3503} INFO - 1 downstream tasks scheduled from follow-on schedule check
[2024-06-19T04:27:45.714+0000] {local_task_job_runner.py:222} INFO - ::endgroup::
[2024-06-19T13:41:19.389+0000] {local_task_job_runner.py:120} INFO - ::group::Pre task execution logs
[2024-06-19T13:41:19.433+0000] {taskinstance.py:2076} INFO - Dependencies all met for dep_context=non-requeueable deps ti=<TaskInstance: nba_schema_creation_dag.snowflake_create_storage_integration scheduled__2024-06-17T00:00:00+00:00 [queued]>
[2024-06-19T13:41:19.442+0000] {taskinstance.py:2076} INFO - Dependencies all met for dep_context=requeueable deps ti=<TaskInstance: nba_schema_creation_dag.snowflake_create_storage_integration scheduled__2024-06-17T00:00:00+00:00 [queued]>
[2024-06-19T13:41:19.443+0000] {taskinstance.py:2306} INFO - Starting attempt 1 of 2
[2024-06-19T13:41:19.456+0000] {taskinstance.py:2330} INFO - Executing <Task(SQLExecuteQueryOperator): snowflake_create_storage_integration> on 2024-06-17 00:00:00+00:00
[2024-06-19T13:41:19.469+0000] {standard_task_runner.py:90} INFO - Running: ['***', 'tasks', 'run', 'nba_schema_creation_dag', 'snowflake_create_storage_integration', 'scheduled__2024-06-17T00:00:00+00:00', '--job-id', '700', '--raw', '--subdir', 'DAGS_FOLDER/nba_schema_creation_dag.py', '--cfg-path', '/tmp/tmpvc51as_i']
[2024-06-19T13:41:19.473+0000] {standard_task_runner.py:91} INFO - Job 700: Subtask snowflake_create_storage_integration
[2024-06-19T13:41:19.477+0000] {logging_mixin.py:188} WARNING - /home/ubuntu/nba_ns_venv/lib/python3.12/site-packages/***/task/task_runner/standard_task_runner.py:61 DeprecationWarning: This process (pid=3274) is multi-threaded, use of fork() may lead to deadlocks in the child.
[2024-06-19T13:41:19.477+0000] {standard_task_runner.py:63} INFO - Started process 3281 to run task
[2024-06-19T13:41:19.572+0000] {task_command.py:426} INFO - Running <TaskInstance: nba_schema_creation_dag.snowflake_create_storage_integration scheduled__2024-06-17T00:00:00+00:00 [running]> on host ip-172-31-45-144.ec2.internal
[2024-06-19T13:41:19.719+0000] {taskinstance.py:2648} INFO - Exporting env vars: AIRFLOW_CTX_DAG_OWNER='Airflow' AIRFLOW_CTX_DAG_ID='nba_schema_creation_dag' AIRFLOW_CTX_TASK_ID='snowflake_create_storage_integration' AIRFLOW_CTX_EXECUTION_DATE='2024-06-17T00:00:00+00:00' AIRFLOW_CTX_TRY_NUMBER='1' AIRFLOW_CTX_DAG_RUN_ID='scheduled__2024-06-17T00:00:00+00:00'
[2024-06-19T13:41:19.720+0000] {taskinstance.py:430} INFO - ::endgroup::
[2024-06-19T13:41:19.739+0000] {sql.py:276} INFO - Executing: 
        USE WAREHOUSE NBA_STATS_WAREHOUSE;
        USE NBA_STATS_ANALYTICS;
        CREATE OR REPLACE STORAGE INTEGRATION SNOW_S3
        TYPE = EXTERNAL_STAGE
        STORAGE_PROVIDER = S3
        ENABLED = TRUE
        STORAGE_AWS_ROLE_ARN = 'arn:aws:iam::767397772312:role/nba_news_stats_s3_snowflake'
        STORAGE_ALLOWED_LOCATIONS = ('s3://nba-stats-players/');
        
[2024-06-19T13:41:19.766+0000] {base.py:84} INFO - Using connection ID 'snowflake_conn' for task execution.
[2024-06-19T13:41:20.506+0000] {base.py:84} INFO - Using connection ID 'snowflake_conn' for task execution.
[2024-06-19T13:41:20.507+0000] {connection.py:399} INFO - Snowflake Connector for Python Version: 3.10.1, Python Version: 3.12.3, Platform: Linux-6.8.0-1009-aws-x86_64-with-glibc2.39
[2024-06-19T13:41:20.508+0000] {connection.py:1239} INFO - This connection is in OCSP Fail Open Mode. TLS Certificates would be checked for validity and revocation status. Any other Certificate Revocation related exceptions or OCSP Responder failures would be disregarded in favor of connectivity.
[2024-06-19T13:41:20.508+0000] {connection.py:1249} INFO - THIS CONNECTION IS IN INSECURE MODE. IT MEANS THE CERTIFICATE WILL BE VALIDATED BUT THE CERTIFICATE REVOCATION STATUS WILL NOT BE CHECKED.
[2024-06-19T13:41:20.572+0000] {ssl_wrap_socket.py:100} INFO - THIS CONNECTION IS IN INSECURE MODE. IT MEANS THE CERTIFICATE WILL BE VALIDATED BUT THE CERTIFICATE REVOCATION STATUS WILL NOT BE CHECKED.
[2024-06-19T13:41:20.947+0000] {cursor.py:1149} INFO - Number of results in first chunk: 1
[2024-06-19T13:41:20.948+0000] {sql.py:487} INFO - Running statement: USE WAREHOUSE NBA_STATS_WAREHOUSE;, parameters: None
[2024-06-19T13:41:21.012+0000] {cursor.py:1149} INFO - Number of results in first chunk: 1
[2024-06-19T13:41:21.013+0000] {sql.py:496} INFO - Rows affected: 1
[2024-06-19T13:41:21.013+0000] {snowflake.py:409} INFO - Rows affected: 1
[2024-06-19T13:41:21.013+0000] {snowflake.py:410} INFO - Snowflake query id: 01b51d55-0001-e49d-0006-023e0001f8c2
[2024-06-19T13:41:21.014+0000] {sql.py:487} INFO - Running statement: USE NBA_STATS_ANALYTICS;, parameters: None
[2024-06-19T13:41:21.079+0000] {cursor.py:1149} INFO - Number of results in first chunk: 1
[2024-06-19T13:41:21.079+0000] {sql.py:496} INFO - Rows affected: 1
[2024-06-19T13:41:21.080+0000] {snowflake.py:409} INFO - Rows affected: 1
[2024-06-19T13:41:21.080+0000] {snowflake.py:410} INFO - Snowflake query id: 01b51d55-0001-e49d-0006-023e0001f8c6
[2024-06-19T13:41:21.080+0000] {sql.py:487} INFO - Running statement: CREATE OR REPLACE STORAGE INTEGRATION SNOW_S3
        TYPE = EXTERNAL_STAGE
        STORAGE_PROVIDER = S3
        ENABLED = TRUE
        STORAGE_AWS_ROLE_ARN = 'arn:aws:iam::767397772312:role/nba_news_stats_s3_snowflake'
        STORAGE_ALLOWED_LOCATIONS = ('s3://nba-stats-players/');, parameters: None
[2024-06-19T13:41:21.234+0000] {cursor.py:1149} INFO - Number of results in first chunk: 1
[2024-06-19T13:41:21.234+0000] {sql.py:496} INFO - Rows affected: 1
[2024-06-19T13:41:21.234+0000] {snowflake.py:409} INFO - Rows affected: 1
[2024-06-19T13:41:21.235+0000] {snowflake.py:410} INFO - Snowflake query id: 01b51d55-0001-e495-0006-023e00018992
[2024-06-19T13:41:21.331+0000] {cursor.py:1149} INFO - Number of results in first chunk: 1
[2024-06-19T13:41:21.331+0000] {connection.py:762} INFO - closed
[2024-06-19T13:41:21.365+0000] {connection.py:768} INFO - No async queries seem to be running, deleting session
[2024-06-19T13:41:21.403+0000] {taskinstance.py:441} INFO - ::group::Post task execution logs
[2024-06-19T13:41:21.454+0000] {taskinstance.py:1206} INFO - Marking task as SUCCESS. dag_id=nba_schema_creation_dag, task_id=snowflake_create_storage_integration, run_id=scheduled__2024-06-17T00:00:00+00:00, execution_date=20240617T000000, start_date=20240619T134119, end_date=20240619T134121
[2024-06-19T13:41:21.503+0000] {local_task_job_runner.py:240} INFO - Task exited with return code 0
[2024-06-19T13:41:21.543+0000] {taskinstance.py:3503} INFO - 1 downstream tasks scheduled from follow-on schedule check
[2024-06-19T13:41:21.545+0000] {local_task_job_runner.py:222} INFO - ::endgroup::
[2024-06-19T17:08:31.598+0000] {local_task_job_runner.py:120} INFO - ::group::Pre task execution logs
[2024-06-19T17:08:31.643+0000] {taskinstance.py:2076} INFO - Dependencies all met for dep_context=non-requeueable deps ti=<TaskInstance: nba_schema_creation_dag.snowflake_create_storage_integration scheduled__2024-06-17T00:00:00+00:00 [queued]>
[2024-06-19T17:08:31.653+0000] {taskinstance.py:2076} INFO - Dependencies all met for dep_context=requeueable deps ti=<TaskInstance: nba_schema_creation_dag.snowflake_create_storage_integration scheduled__2024-06-17T00:00:00+00:00 [queued]>
[2024-06-19T17:08:31.654+0000] {taskinstance.py:2306} INFO - Starting attempt 1 of 2
[2024-06-19T17:08:31.669+0000] {taskinstance.py:2330} INFO - Executing <Task(SQLExecuteQueryOperator): snowflake_create_storage_integration> on 2024-06-17 00:00:00+00:00
[2024-06-19T17:08:31.676+0000] {standard_task_runner.py:90} INFO - Running: ['***', 'tasks', 'run', 'nba_schema_creation_dag', 'snowflake_create_storage_integration', 'scheduled__2024-06-17T00:00:00+00:00', '--job-id', '718', '--raw', '--subdir', 'DAGS_FOLDER/nba_schema_creation_dag.py', '--cfg-path', '/tmp/tmp0ay506v6']
[2024-06-19T17:08:31.679+0000] {standard_task_runner.py:91} INFO - Job 718: Subtask snowflake_create_storage_integration
[2024-06-19T17:08:31.681+0000] {logging_mixin.py:188} WARNING - /home/ubuntu/nba_ns_venv/lib/python3.12/site-packages/***/task/task_runner/standard_task_runner.py:61 DeprecationWarning: This process (pid=2535) is multi-threaded, use of fork() may lead to deadlocks in the child.
[2024-06-19T17:08:31.682+0000] {standard_task_runner.py:63} INFO - Started process 2541 to run task
[2024-06-19T17:08:31.775+0000] {task_command.py:426} INFO - Running <TaskInstance: nba_schema_creation_dag.snowflake_create_storage_integration scheduled__2024-06-17T00:00:00+00:00 [running]> on host ip-172-31-45-144.ec2.internal
[2024-06-19T17:08:31.926+0000] {taskinstance.py:2648} INFO - Exporting env vars: AIRFLOW_CTX_DAG_OWNER='Airflow' AIRFLOW_CTX_DAG_ID='nba_schema_creation_dag' AIRFLOW_CTX_TASK_ID='snowflake_create_storage_integration' AIRFLOW_CTX_EXECUTION_DATE='2024-06-17T00:00:00+00:00' AIRFLOW_CTX_TRY_NUMBER='1' AIRFLOW_CTX_DAG_RUN_ID='scheduled__2024-06-17T00:00:00+00:00'
[2024-06-19T17:08:31.927+0000] {taskinstance.py:430} INFO - ::endgroup::
[2024-06-19T17:08:31.945+0000] {sql.py:276} INFO - Executing: 
        USE WAREHOUSE NBA_STATS_WAREHOUSE;
        USE NBA_STATS_ANALYTICS;
        CREATE OR REPLACE STORAGE INTEGRATION SNOW_S3
        TYPE = EXTERNAL_STAGE
        STORAGE_PROVIDER = S3
        ENABLED = TRUE
        STORAGE_AWS_ROLE_ARN = 'arn:aws:iam::767397772312:role/nba_news_stats_s3_snowflake'
        STORAGE_ALLOWED_LOCATIONS = ('s3://nba-stats-players/');
        
[2024-06-19T17:08:31.971+0000] {base.py:84} INFO - Using connection ID 'snowflake_conn' for task execution.
[2024-06-19T17:08:32.735+0000] {base.py:84} INFO - Using connection ID 'snowflake_conn' for task execution.
[2024-06-19T17:08:32.736+0000] {connection.py:399} INFO - Snowflake Connector for Python Version: 3.10.1, Python Version: 3.12.3, Platform: Linux-6.8.0-1009-aws-x86_64-with-glibc2.39
[2024-06-19T17:08:32.737+0000] {connection.py:1239} INFO - This connection is in OCSP Fail Open Mode. TLS Certificates would be checked for validity and revocation status. Any other Certificate Revocation related exceptions or OCSP Responder failures would be disregarded in favor of connectivity.
[2024-06-19T17:08:32.737+0000] {connection.py:1249} INFO - THIS CONNECTION IS IN INSECURE MODE. IT MEANS THE CERTIFICATE WILL BE VALIDATED BUT THE CERTIFICATE REVOCATION STATUS WILL NOT BE CHECKED.
[2024-06-19T17:08:32.801+0000] {ssl_wrap_socket.py:100} INFO - THIS CONNECTION IS IN INSECURE MODE. IT MEANS THE CERTIFICATE WILL BE VALIDATED BUT THE CERTIFICATE REVOCATION STATUS WILL NOT BE CHECKED.
[2024-06-19T17:08:33.186+0000] {cursor.py:1149} INFO - Number of results in first chunk: 1
[2024-06-19T17:08:33.187+0000] {sql.py:487} INFO - Running statement: USE WAREHOUSE NBA_STATS_WAREHOUSE;, parameters: None
[2024-06-19T17:08:33.258+0000] {cursor.py:1149} INFO - Number of results in first chunk: 1
[2024-06-19T17:08:33.258+0000] {sql.py:496} INFO - Rows affected: 1
[2024-06-19T17:08:33.259+0000] {snowflake.py:409} INFO - Rows affected: 1
[2024-06-19T17:08:33.259+0000] {snowflake.py:410} INFO - Snowflake query id: 01b51e24-0001-e495-0006-023e00018b7e
[2024-06-19T17:08:33.259+0000] {sql.py:487} INFO - Running statement: USE NBA_STATS_ANALYTICS;, parameters: None
[2024-06-19T17:08:33.333+0000] {cursor.py:1149} INFO - Number of results in first chunk: 1
[2024-06-19T17:08:33.334+0000] {sql.py:496} INFO - Rows affected: 1
[2024-06-19T17:08:33.334+0000] {snowflake.py:409} INFO - Rows affected: 1
[2024-06-19T17:08:33.334+0000] {snowflake.py:410} INFO - Snowflake query id: 01b51e24-0001-e364-0006-023e0001eaf2
[2024-06-19T17:08:33.335+0000] {sql.py:487} INFO - Running statement: CREATE OR REPLACE STORAGE INTEGRATION SNOW_S3
        TYPE = EXTERNAL_STAGE
        STORAGE_PROVIDER = S3
        ENABLED = TRUE
        STORAGE_AWS_ROLE_ARN = 'arn:aws:iam::767397772312:role/nba_news_stats_s3_snowflake'
        STORAGE_ALLOWED_LOCATIONS = ('s3://nba-stats-players/');, parameters: None
[2024-06-19T17:08:33.489+0000] {cursor.py:1149} INFO - Number of results in first chunk: 1
[2024-06-19T17:08:33.490+0000] {sql.py:496} INFO - Rows affected: 1
[2024-06-19T17:08:33.490+0000] {snowflake.py:409} INFO - Rows affected: 1
[2024-06-19T17:08:33.491+0000] {snowflake.py:410} INFO - Snowflake query id: 01b51e24-0001-e495-0006-023e00018b82
[2024-06-19T17:08:33.574+0000] {cursor.py:1149} INFO - Number of results in first chunk: 1
[2024-06-19T17:08:33.574+0000] {connection.py:762} INFO - closed
[2024-06-19T17:08:33.604+0000] {connection.py:768} INFO - No async queries seem to be running, deleting session
[2024-06-19T17:08:33.639+0000] {taskinstance.py:441} INFO - ::group::Post task execution logs
[2024-06-19T17:08:33.692+0000] {taskinstance.py:1206} INFO - Marking task as SUCCESS. dag_id=nba_schema_creation_dag, task_id=snowflake_create_storage_integration, run_id=scheduled__2024-06-17T00:00:00+00:00, execution_date=20240617T000000, start_date=20240619T170831, end_date=20240619T170833
[2024-06-19T17:08:33.747+0000] {local_task_job_runner.py:240} INFO - Task exited with return code 0
[2024-06-19T17:08:33.792+0000] {taskinstance.py:3503} INFO - 1 downstream tasks scheduled from follow-on schedule check
[2024-06-19T17:08:33.794+0000] {local_task_job_runner.py:222} INFO - ::endgroup::
[2024-06-19T17:21:56.756+0000] {local_task_job_runner.py:120} INFO - ::group::Pre task execution logs
[2024-06-19T17:21:56.802+0000] {taskinstance.py:2076} INFO - Dependencies all met for dep_context=non-requeueable deps ti=<TaskInstance: nba_schema_creation_dag.snowflake_create_storage_integration scheduled__2024-06-17T00:00:00+00:00 [queued]>
[2024-06-19T17:21:56.811+0000] {taskinstance.py:2076} INFO - Dependencies all met for dep_context=requeueable deps ti=<TaskInstance: nba_schema_creation_dag.snowflake_create_storage_integration scheduled__2024-06-17T00:00:00+00:00 [queued]>
[2024-06-19T17:21:56.812+0000] {taskinstance.py:2306} INFO - Starting attempt 1 of 2
[2024-06-19T17:21:56.825+0000] {taskinstance.py:2330} INFO - Executing <Task(SQLExecuteQueryOperator): snowflake_create_storage_integration> on 2024-06-17 00:00:00+00:00
[2024-06-19T17:21:56.832+0000] {standard_task_runner.py:90} INFO - Running: ['***', 'tasks', 'run', 'nba_schema_creation_dag', 'snowflake_create_storage_integration', 'scheduled__2024-06-17T00:00:00+00:00', '--job-id', '739', '--raw', '--subdir', 'DAGS_FOLDER/nba_schema_creation_dag.py', '--cfg-path', '/tmp/tmpppbn3m5u']
[2024-06-19T17:21:56.834+0000] {standard_task_runner.py:91} INFO - Job 739: Subtask snowflake_create_storage_integration
[2024-06-19T17:21:56.835+0000] {logging_mixin.py:188} WARNING - /home/ubuntu/nba_ns_venv/lib/python3.12/site-packages/***/task/task_runner/standard_task_runner.py:61 DeprecationWarning: This process (pid=7085) is multi-threaded, use of fork() may lead to deadlocks in the child.
[2024-06-19T17:21:56.836+0000] {standard_task_runner.py:63} INFO - Started process 7091 to run task
[2024-06-19T17:21:56.930+0000] {task_command.py:426} INFO - Running <TaskInstance: nba_schema_creation_dag.snowflake_create_storage_integration scheduled__2024-06-17T00:00:00+00:00 [running]> on host ip-172-31-45-144.ec2.internal
[2024-06-19T17:21:57.084+0000] {taskinstance.py:2648} INFO - Exporting env vars: AIRFLOW_CTX_DAG_OWNER='Airflow' AIRFLOW_CTX_DAG_ID='nba_schema_creation_dag' AIRFLOW_CTX_TASK_ID='snowflake_create_storage_integration' AIRFLOW_CTX_EXECUTION_DATE='2024-06-17T00:00:00+00:00' AIRFLOW_CTX_TRY_NUMBER='1' AIRFLOW_CTX_DAG_RUN_ID='scheduled__2024-06-17T00:00:00+00:00'
[2024-06-19T17:21:57.085+0000] {taskinstance.py:430} INFO - ::endgroup::
[2024-06-19T17:21:57.103+0000] {sql.py:276} INFO - Executing: 
        USE WAREHOUSE NBA_STATS_WAREHOUSE;
        USE NBA_STATS_ANALYTICS;
        CREATE OR REPLACE STORAGE INTEGRATION SNOW_S3
        TYPE = EXTERNAL_STAGE
        STORAGE_PROVIDER = S3
        ENABLED = TRUE
        STORAGE_AWS_ROLE_ARN = 'arn:aws:iam::767397772312:role/nba_news_stats_s3_snowflake'
        STORAGE_ALLOWED_LOCATIONS = ('s3://nba-stats-players/');
        
[2024-06-19T17:21:57.128+0000] {base.py:84} INFO - Using connection ID 'snowflake_conn' for task execution.
[2024-06-19T17:21:57.898+0000] {base.py:84} INFO - Using connection ID 'snowflake_conn' for task execution.
[2024-06-19T17:21:57.899+0000] {connection.py:399} INFO - Snowflake Connector for Python Version: 3.10.1, Python Version: 3.12.3, Platform: Linux-6.8.0-1009-aws-x86_64-with-glibc2.39
[2024-06-19T17:21:57.899+0000] {connection.py:1239} INFO - This connection is in OCSP Fail Open Mode. TLS Certificates would be checked for validity and revocation status. Any other Certificate Revocation related exceptions or OCSP Responder failures would be disregarded in favor of connectivity.
[2024-06-19T17:21:57.899+0000] {connection.py:1249} INFO - THIS CONNECTION IS IN INSECURE MODE. IT MEANS THE CERTIFICATE WILL BE VALIDATED BUT THE CERTIFICATE REVOCATION STATUS WILL NOT BE CHECKED.
[2024-06-19T17:21:57.974+0000] {ssl_wrap_socket.py:100} INFO - THIS CONNECTION IS IN INSECURE MODE. IT MEANS THE CERTIFICATE WILL BE VALIDATED BUT THE CERTIFICATE REVOCATION STATUS WILL NOT BE CHECKED.
[2024-06-19T17:21:58.236+0000] {cursor.py:1149} INFO - Number of results in first chunk: 1
[2024-06-19T17:21:58.237+0000] {sql.py:487} INFO - Running statement: USE WAREHOUSE NBA_STATS_WAREHOUSE;, parameters: None
[2024-06-19T17:21:58.309+0000] {cursor.py:1149} INFO - Number of results in first chunk: 1
[2024-06-19T17:21:58.310+0000] {sql.py:496} INFO - Rows affected: 1
[2024-06-19T17:21:58.310+0000] {snowflake.py:409} INFO - Rows affected: 1
[2024-06-19T17:21:58.311+0000] {snowflake.py:410} INFO - Snowflake query id: 01b51e31-0001-e49d-0006-023e0001faee
[2024-06-19T17:21:58.311+0000] {sql.py:487} INFO - Running statement: USE NBA_STATS_ANALYTICS;, parameters: None
[2024-06-19T17:21:58.396+0000] {cursor.py:1149} INFO - Number of results in first chunk: 1
[2024-06-19T17:21:58.397+0000] {sql.py:496} INFO - Rows affected: 1
[2024-06-19T17:21:58.397+0000] {snowflake.py:409} INFO - Rows affected: 1
[2024-06-19T17:21:58.397+0000] {snowflake.py:410} INFO - Snowflake query id: 01b51e31-0001-e497-0006-023e0001db9a
[2024-06-19T17:21:58.398+0000] {sql.py:487} INFO - Running statement: CREATE OR REPLACE STORAGE INTEGRATION SNOW_S3
        TYPE = EXTERNAL_STAGE
        STORAGE_PROVIDER = S3
        ENABLED = TRUE
        STORAGE_AWS_ROLE_ARN = 'arn:aws:iam::767397772312:role/nba_news_stats_s3_snowflake'
        STORAGE_ALLOWED_LOCATIONS = ('s3://nba-stats-players/');, parameters: None
[2024-06-19T17:21:58.527+0000] {cursor.py:1149} INFO - Number of results in first chunk: 1
[2024-06-19T17:21:58.527+0000] {sql.py:496} INFO - Rows affected: 1
[2024-06-19T17:21:58.528+0000] {snowflake.py:409} INFO - Rows affected: 1
[2024-06-19T17:21:58.528+0000] {snowflake.py:410} INFO - Snowflake query id: 01b51e31-0001-e496-0006-023e00019c8a
[2024-06-19T17:21:58.582+0000] {cursor.py:1149} INFO - Number of results in first chunk: 1
[2024-06-19T17:21:58.583+0000] {connection.py:762} INFO - closed
[2024-06-19T17:21:58.609+0000] {connection.py:768} INFO - No async queries seem to be running, deleting session
[2024-06-19T17:21:58.641+0000] {taskinstance.py:441} INFO - ::group::Post task execution logs
[2024-06-19T17:21:58.693+0000] {taskinstance.py:1206} INFO - Marking task as SUCCESS. dag_id=nba_schema_creation_dag, task_id=snowflake_create_storage_integration, run_id=scheduled__2024-06-17T00:00:00+00:00, execution_date=20240617T000000, start_date=20240619T172156, end_date=20240619T172158
[2024-06-19T17:21:58.742+0000] {local_task_job_runner.py:240} INFO - Task exited with return code 0
[2024-06-19T17:21:58.786+0000] {taskinstance.py:3503} INFO - 1 downstream tasks scheduled from follow-on schedule check
[2024-06-19T17:21:58.788+0000] {local_task_job_runner.py:222} INFO - ::endgroup::
[2024-06-19T21:04:34.515+0000] {local_task_job_runner.py:120} INFO - ::group::Pre task execution logs
[2024-06-19T21:04:34.561+0000] {taskinstance.py:2076} INFO - Dependencies all met for dep_context=non-requeueable deps ti=<TaskInstance: nba_schema_creation_dag.snowflake_create_storage_integration scheduled__2024-06-17T00:00:00+00:00 [queued]>
[2024-06-19T21:04:34.570+0000] {taskinstance.py:2076} INFO - Dependencies all met for dep_context=requeueable deps ti=<TaskInstance: nba_schema_creation_dag.snowflake_create_storage_integration scheduled__2024-06-17T00:00:00+00:00 [queued]>
[2024-06-19T21:04:34.571+0000] {taskinstance.py:2306} INFO - Starting attempt 1 of 2
[2024-06-19T21:04:34.587+0000] {taskinstance.py:2330} INFO - Executing <Task(SQLExecuteQueryOperator): snowflake_create_storage_integration> on 2024-06-17 00:00:00+00:00
[2024-06-19T21:04:34.594+0000] {standard_task_runner.py:90} INFO - Running: ['***', 'tasks', 'run', 'nba_schema_creation_dag', 'snowflake_create_storage_integration', 'scheduled__2024-06-17T00:00:00+00:00', '--job-id', '760', '--raw', '--subdir', 'DAGS_FOLDER/nba_schema_creation_dag.py', '--cfg-path', '/tmp/tmpfk7wtcmy']
[2024-06-19T21:04:34.597+0000] {standard_task_runner.py:91} INFO - Job 760: Subtask snowflake_create_storage_integration
[2024-06-19T21:04:34.598+0000] {logging_mixin.py:188} WARNING - /home/ubuntu/nba_ns_venv/lib/python3.12/site-packages/***/task/task_runner/standard_task_runner.py:61 DeprecationWarning: This process (pid=2433) is multi-threaded, use of fork() may lead to deadlocks in the child.
[2024-06-19T21:04:34.598+0000] {standard_task_runner.py:63} INFO - Started process 2439 to run task
[2024-06-19T21:04:34.693+0000] {task_command.py:426} INFO - Running <TaskInstance: nba_schema_creation_dag.snowflake_create_storage_integration scheduled__2024-06-17T00:00:00+00:00 [running]> on host ip-172-31-45-144.ec2.internal
[2024-06-19T21:04:34.845+0000] {taskinstance.py:2648} INFO - Exporting env vars: AIRFLOW_CTX_DAG_OWNER='Airflow' AIRFLOW_CTX_DAG_ID='nba_schema_creation_dag' AIRFLOW_CTX_TASK_ID='snowflake_create_storage_integration' AIRFLOW_CTX_EXECUTION_DATE='2024-06-17T00:00:00+00:00' AIRFLOW_CTX_TRY_NUMBER='1' AIRFLOW_CTX_DAG_RUN_ID='scheduled__2024-06-17T00:00:00+00:00'
[2024-06-19T21:04:34.845+0000] {taskinstance.py:430} INFO - ::endgroup::
[2024-06-19T21:04:34.862+0000] {sql.py:276} INFO - Executing: 
        USE WAREHOUSE NBA_STATS_WAREHOUSE;
        USE NBA_STATS_ANALYTICS;
        CREATE OR REPLACE STORAGE INTEGRATION SNOW_S3
        TYPE = EXTERNAL_STAGE
        STORAGE_PROVIDER = S3
        ENABLED = TRUE
        STORAGE_AWS_ROLE_ARN = 'arn:aws:iam::767397772312:role/nba_news_stats_s3_snowflake'
        STORAGE_ALLOWED_LOCATIONS = ('s3://nba-stats-players/');
        
[2024-06-19T21:04:34.887+0000] {base.py:84} INFO - Using connection ID 'snowflake_conn' for task execution.
[2024-06-19T21:04:35.673+0000] {base.py:84} INFO - Using connection ID 'snowflake_conn' for task execution.
[2024-06-19T21:04:35.673+0000] {connection.py:399} INFO - Snowflake Connector for Python Version: 3.10.1, Python Version: 3.12.3, Platform: Linux-6.8.0-1009-aws-x86_64-with-glibc2.39
[2024-06-19T21:04:35.674+0000] {connection.py:1239} INFO - This connection is in OCSP Fail Open Mode. TLS Certificates would be checked for validity and revocation status. Any other Certificate Revocation related exceptions or OCSP Responder failures would be disregarded in favor of connectivity.
[2024-06-19T21:04:35.674+0000] {connection.py:1249} INFO - THIS CONNECTION IS IN INSECURE MODE. IT MEANS THE CERTIFICATE WILL BE VALIDATED BUT THE CERTIFICATE REVOCATION STATUS WILL NOT BE CHECKED.
[2024-06-19T21:04:35.734+0000] {ssl_wrap_socket.py:100} INFO - THIS CONNECTION IS IN INSECURE MODE. IT MEANS THE CERTIFICATE WILL BE VALIDATED BUT THE CERTIFICATE REVOCATION STATUS WILL NOT BE CHECKED.
[2024-06-19T21:04:36.047+0000] {cursor.py:1149} INFO - Number of results in first chunk: 1
[2024-06-19T21:04:36.047+0000] {sql.py:487} INFO - Running statement: USE WAREHOUSE NBA_STATS_WAREHOUSE;, parameters: None
[2024-06-19T21:04:36.113+0000] {cursor.py:1149} INFO - Number of results in first chunk: 1
[2024-06-19T21:04:36.113+0000] {sql.py:496} INFO - Rows affected: 1
[2024-06-19T21:04:36.113+0000] {snowflake.py:409} INFO - Rows affected: 1
[2024-06-19T21:04:36.114+0000] {snowflake.py:410} INFO - Snowflake query id: 01b51f10-0001-e499-0006-023e0001ceb6
[2024-06-19T21:04:36.114+0000] {sql.py:487} INFO - Running statement: USE NBA_STATS_ANALYTICS;, parameters: None
[2024-06-19T21:04:38.812+0000] {cursor.py:1149} INFO - Number of results in first chunk: 1
[2024-06-19T21:04:38.813+0000] {sql.py:496} INFO - Rows affected: 1
[2024-06-19T21:04:38.813+0000] {snowflake.py:409} INFO - Rows affected: 1
[2024-06-19T21:04:38.813+0000] {snowflake.py:410} INFO - Snowflake query id: 01b51f10-0001-e364-0006-023e0001edaa
[2024-06-19T21:04:38.813+0000] {sql.py:487} INFO - Running statement: CREATE OR REPLACE STORAGE INTEGRATION SNOW_S3
        TYPE = EXTERNAL_STAGE
        STORAGE_PROVIDER = S3
        ENABLED = TRUE
        STORAGE_AWS_ROLE_ARN = 'arn:aws:iam::767397772312:role/nba_news_stats_s3_snowflake'
        STORAGE_ALLOWED_LOCATIONS = ('s3://nba-stats-players/');, parameters: None
[2024-06-19T21:04:39.003+0000] {cursor.py:1149} INFO - Number of results in first chunk: 1
[2024-06-19T21:04:39.003+0000] {sql.py:496} INFO - Rows affected: 1
[2024-06-19T21:04:39.003+0000] {snowflake.py:409} INFO - Rows affected: 1
[2024-06-19T21:04:39.004+0000] {snowflake.py:410} INFO - Snowflake query id: 01b51f10-0001-e497-0006-023e0001de22
[2024-06-19T21:04:39.420+0000] {cursor.py:1149} INFO - Number of results in first chunk: 1
[2024-06-19T21:04:39.420+0000] {connection.py:762} INFO - closed
[2024-06-19T21:04:39.444+0000] {connection.py:768} INFO - No async queries seem to be running, deleting session
[2024-06-19T21:04:39.479+0000] {taskinstance.py:441} INFO - ::group::Post task execution logs
[2024-06-19T21:04:39.533+0000] {taskinstance.py:1206} INFO - Marking task as SUCCESS. dag_id=nba_schema_creation_dag, task_id=snowflake_create_storage_integration, run_id=scheduled__2024-06-17T00:00:00+00:00, execution_date=20240617T000000, start_date=20240619T210434, end_date=20240619T210439
[2024-06-19T21:04:39.595+0000] {local_task_job_runner.py:240} INFO - Task exited with return code 0
[2024-06-19T21:04:39.645+0000] {taskinstance.py:3503} INFO - 1 downstream tasks scheduled from follow-on schedule check
[2024-06-19T21:04:39.647+0000] {local_task_job_runner.py:222} INFO - ::endgroup::
