[2024-06-17T18:29:05.104+0000] {local_task_job_runner.py:120} INFO - ::group::Pre task execution logs
[2024-06-17T18:29:05.179+0000] {taskinstance.py:2076} INFO - Dependencies all met for dep_context=non-requeueable deps ti=<TaskInstance: nba_data_pipeline.upload_scores_to_s3 manual__2024-06-17T18:12:14.273920+00:00 [queued]>
[2024-06-17T18:29:05.195+0000] {taskinstance.py:2076} INFO - Dependencies all met for dep_context=requeueable deps ti=<TaskInstance: nba_data_pipeline.upload_scores_to_s3 manual__2024-06-17T18:12:14.273920+00:00 [queued]>
[2024-06-17T18:29:05.196+0000] {taskinstance.py:2306} INFO - Starting attempt 1 of 2
[2024-06-17T18:29:05.212+0000] {taskinstance.py:2330} INFO - Executing <Task(PythonOperator): upload_scores_to_s3> on 2024-06-17 18:12:14.273920+00:00
[2024-06-17T18:29:05.228+0000] {standard_task_runner.py:90} INFO - Running: ['***', 'tasks', 'run', 'nba_data_pipeline', 'upload_scores_to_s3', 'manual__2024-06-17T18:12:14.273920+00:00', '--job-id', '23', '--raw', '--subdir', 'DAGS_FOLDER/nba_news_stats_etl.py', '--cfg-path', '/tmp/tmpr77ojayu']
[2024-06-17T18:29:05.234+0000] {standard_task_runner.py:91} INFO - Job 23: Subtask upload_scores_to_s3
[2024-06-17T18:29:05.235+0000] {logging_mixin.py:188} WARNING - /home/ubuntu/nba_ns_venv/lib/python3.12/site-packages/***/task/task_runner/standard_task_runner.py:61 DeprecationWarning: This process (pid=5720) is multi-threaded, use of fork() may lead to deadlocks in the child.
[2024-06-17T18:29:05.236+0000] {standard_task_runner.py:63} INFO - Started process 5728 to run task
[2024-06-17T18:29:05.341+0000] {task_command.py:426} INFO - Running <TaskInstance: nba_data_pipeline.upload_scores_to_s3 manual__2024-06-17T18:12:14.273920+00:00 [running]> on host ip-172-31-45-144.ec2.internal
[2024-06-17T18:29:05.496+0000] {taskinstance.py:2648} INFO - Exporting env vars: AIRFLOW_CTX_DAG_OWNER='Airflow' AIRFLOW_CTX_DAG_ID='nba_data_pipeline' AIRFLOW_CTX_TASK_ID='upload_scores_to_s3' AIRFLOW_CTX_EXECUTION_DATE='2024-06-17T18:12:14.273920+00:00' AIRFLOW_CTX_TRY_NUMBER='1' AIRFLOW_CTX_DAG_RUN_ID='manual__2024-06-17T18:12:14.273920+00:00'
[2024-06-17T18:29:05.499+0000] {taskinstance.py:430} INFO - ::endgroup::
[2024-06-17T18:29:05.513+0000] {taskinstance.py:441} INFO - ::group::Post task execution logs
[2024-06-17T18:29:05.514+0000] {taskinstance.py:2905} ERROR - Task failed with exception
Traceback (most recent call last):
  File "/home/ubuntu/nba_ns_venv/lib/python3.12/site-packages/airflow/models/taskinstance.py", line 465, in _execute_task
    result = _execute_callable(context=context, **execute_callable_kwargs)
             ^^^^^^^^^^^^^^^^^^^^^^^^^^^^^^^^^^^^^^^^^^^^^^^^^^^^^^^^^^^^^
  File "/home/ubuntu/nba_ns_venv/lib/python3.12/site-packages/airflow/models/taskinstance.py", line 432, in _execute_callable
    return execute_callable(context=context, **execute_callable_kwargs)
           ^^^^^^^^^^^^^^^^^^^^^^^^^^^^^^^^^^^^^^^^^^^^^^^^^^^^^^^^^^^^
  File "/home/ubuntu/nba_ns_venv/lib/python3.12/site-packages/airflow/models/baseoperator.py", line 401, in wrapper
    return func(self, *args, **kwargs)
           ^^^^^^^^^^^^^^^^^^^^^^^^^^^
  File "/home/ubuntu/nba_ns_venv/lib/python3.12/site-packages/airflow/operators/python.py", line 235, in execute
    return_value = self.execute_callable()
                   ^^^^^^^^^^^^^^^^^^^^^^^
  File "/home/ubuntu/nba_ns_venv/lib/python3.12/site-packages/airflow/operators/python.py", line 252, in execute_callable
    return self.python_callable(*self.op_args, **self.op_kwargs)
           ^^^^^^^^^^^^^^^^^^^^^^^^^^^^^^^^^^^^^^^^^^^^^^^^^^^^^
  File "/home/ubuntu/dags/nba_news_stats_etl.py", line 91, in upload_to_s3
    import boto3
ModuleNotFoundError: No module named 'boto3'
[2024-06-17T18:29:05.556+0000] {taskinstance.py:1206} INFO - Marking task as UP_FOR_RETRY. dag_id=nba_data_pipeline, task_id=upload_scores_to_s3, run_id=manual__2024-06-17T18:12:14.273920+00:00, execution_date=20240617T181214, start_date=20240617T182905, end_date=20240617T182905
[2024-06-17T18:29:05.570+0000] {standard_task_runner.py:110} ERROR - Failed to execute job 23 for task upload_scores_to_s3 (No module named 'boto3'; 5728)
[2024-06-17T18:29:05.616+0000] {local_task_job_runner.py:240} INFO - Task exited with return code 1
[2024-06-17T18:29:05.644+0000] {logging_mixin.py:188} WARNING - /home/ubuntu/nba_ns_venv/lib/python3.12/site-packages/***/models/baseoperator.py:1297 AirflowProviderDeprecationWarning: Call to deprecated class SnowflakeOperator. (This class is deprecated. Please use `***.providers.common.sql.operators.sql.SQLExecuteQueryOperator`. Also, you can provide `hook_params={'warehouse': <warehouse>, 'database': <database>, 'role': <role>, 'schema': <schema>, 'authenticator': <authenticator>,'session_parameters': <session_parameters>}`.)
[2024-06-17T18:29:05.660+0000] {taskinstance.py:3503} INFO - 0 downstream tasks scheduled from follow-on schedule check
[2024-06-17T18:29:05.662+0000] {local_task_job_runner.py:222} INFO - ::endgroup::
