[2024-06-18T18:54:22.961+0000] {local_task_job_runner.py:120} INFO - ::group::Pre task execution logs
[2024-06-18T18:54:23.003+0000] {taskinstance.py:2076} INFO - Dependencies all met for dep_context=non-requeueable deps ti=<TaskInstance: nba_data_pipeline.snowflake_create_file_formats scheduled__2024-06-17T00:00:00+00:00 [queued]>
[2024-06-18T18:54:23.011+0000] {taskinstance.py:2076} INFO - Dependencies all met for dep_context=requeueable deps ti=<TaskInstance: nba_data_pipeline.snowflake_create_file_formats scheduled__2024-06-17T00:00:00+00:00 [queued]>
[2024-06-18T18:54:23.012+0000] {taskinstance.py:2306} INFO - Starting attempt 1 of 2
[2024-06-18T18:54:23.024+0000] {taskinstance.py:2330} INFO - Executing <Task(SQLExecuteQueryOperator): snowflake_create_file_formats> on 2024-06-17 00:00:00+00:00
[2024-06-18T18:54:23.034+0000] {logging_mixin.py:188} WARNING - /home/ubuntu/nba_ns_venv/lib/python3.12/site-packages/***/task/task_runner/standard_task_runner.py:61 DeprecationWarning: This process (pid=22723) is multi-threaded, use of fork() may lead to deadlocks in the child.
[2024-06-18T18:54:23.035+0000] {standard_task_runner.py:63} INFO - Started process 22746 to run task
[2024-06-18T18:54:23.034+0000] {standard_task_runner.py:90} INFO - Running: ['***', 'tasks', 'run', 'nba_data_pipeline', 'snowflake_create_file_formats', 'scheduled__2024-06-17T00:00:00+00:00', '--job-id', '226', '--raw', '--subdir', 'DAGS_FOLDER/nba_news_stats_etl.py', '--cfg-path', '/tmp/tmpe1hxpljd']
[2024-06-18T18:54:23.036+0000] {standard_task_runner.py:91} INFO - Job 226: Subtask snowflake_create_file_formats
[2024-06-18T18:54:23.130+0000] {task_command.py:426} INFO - Running <TaskInstance: nba_data_pipeline.snowflake_create_file_formats scheduled__2024-06-17T00:00:00+00:00 [running]> on host ip-172-31-45-144.ec2.internal
[2024-06-18T18:54:23.276+0000] {taskinstance.py:2648} INFO - Exporting env vars: AIRFLOW_CTX_DAG_OWNER='Airflow' AIRFLOW_CTX_DAG_ID='nba_data_pipeline' AIRFLOW_CTX_TASK_ID='snowflake_create_file_formats' AIRFLOW_CTX_EXECUTION_DATE='2024-06-17T00:00:00+00:00' AIRFLOW_CTX_TRY_NUMBER='1' AIRFLOW_CTX_DAG_RUN_ID='scheduled__2024-06-17T00:00:00+00:00'
[2024-06-18T18:54:23.277+0000] {taskinstance.py:430} INFO - ::endgroup::
[2024-06-18T18:54:23.292+0000] {sql.py:276} INFO - Executing: 
        CREATE OR REPLACE FILE FORMAT JSON_FORMAT TYPE = 'JSON';
        CREATE OR REPLACE FILE FORMAT CSV_FORMAT TYPE = 'CSV' FIELD_DELIMITER = ',' RECORD_DELIMITER = '
' FIELD_OPTIONALLY_ENCLOSED_BY = '"';
        CREATE OR REPLACE FILE FORMAT PARQUET_FORMAT TYPE = 'PARQUET';
        
[2024-06-18T18:54:23.317+0000] {base.py:84} INFO - Using connection ID 'snowflake_conn' for task execution.
[2024-06-18T18:54:23.568+0000] {base.py:84} INFO - Using connection ID 'snowflake_conn' for task execution.
[2024-06-18T18:54:23.569+0000] {connection.py:399} INFO - Snowflake Connector for Python Version: 3.10.1, Python Version: 3.12.3, Platform: Linux-6.8.0-1009-aws-x86_64-with-glibc2.39
[2024-06-18T18:54:23.569+0000] {connection.py:1239} INFO - This connection is in OCSP Fail Open Mode. TLS Certificates would be checked for validity and revocation status. Any other Certificate Revocation related exceptions or OCSP Responder failures would be disregarded in favor of connectivity.
[2024-06-18T18:54:23.953+0000] {cursor.py:1149} INFO - Number of results in first chunk: 1
[2024-06-18T18:54:23.954+0000] {sql.py:487} INFO - Running statement: CREATE OR REPLACE FILE FORMAT JSON_FORMAT TYPE = 'JSON';, parameters: None
[2024-06-18T18:54:24.067+0000] {cursor.py:1149} INFO - Number of results in first chunk: 1
[2024-06-18T18:54:24.067+0000] {sql.py:496} INFO - Rows affected: 1
[2024-06-18T18:54:24.068+0000] {snowflake.py:409} INFO - Rows affected: 1
[2024-06-18T18:54:24.068+0000] {snowflake.py:410} INFO - Snowflake query id: 01b518ee-0001-e497-0006-023e0001d15a
[2024-06-18T18:54:24.068+0000] {sql.py:487} INFO - Running statement: CREATE OR REPLACE FILE FORMAT CSV_FORMAT TYPE = 'CSV' FIELD_DELIMITER = ',' RECORD_DELIMITER = '
' FIELD_OPTIONALLY_ENCLOSED_BY = '"';, parameters: None
[2024-06-18T18:54:24.158+0000] {cursor.py:1149} INFO - Number of results in first chunk: 1
[2024-06-18T18:54:24.158+0000] {sql.py:496} INFO - Rows affected: 1
[2024-06-18T18:54:24.158+0000] {snowflake.py:409} INFO - Rows affected: 1
[2024-06-18T18:54:24.159+0000] {snowflake.py:410} INFO - Snowflake query id: 01b518ee-0001-e497-0006-023e0001d15e
[2024-06-18T18:54:24.159+0000] {sql.py:487} INFO - Running statement: CREATE OR REPLACE FILE FORMAT PARQUET_FORMAT TYPE = 'PARQUET';, parameters: None
[2024-06-18T18:54:24.242+0000] {cursor.py:1149} INFO - Number of results in first chunk: 1
[2024-06-18T18:54:24.243+0000] {sql.py:496} INFO - Rows affected: 1
[2024-06-18T18:54:24.243+0000] {snowflake.py:409} INFO - Rows affected: 1
[2024-06-18T18:54:24.243+0000] {snowflake.py:410} INFO - Snowflake query id: 01b518ee-0001-e497-0006-023e0001d162
[2024-06-18T18:54:24.345+0000] {cursor.py:1149} INFO - Number of results in first chunk: 1
[2024-06-18T18:54:24.345+0000] {connection.py:762} INFO - closed
[2024-06-18T18:54:24.372+0000] {connection.py:768} INFO - No async queries seem to be running, deleting session
[2024-06-18T18:54:24.409+0000] {taskinstance.py:441} INFO - ::group::Post task execution logs
[2024-06-18T18:54:24.461+0000] {taskinstance.py:1206} INFO - Marking task as SUCCESS. dag_id=nba_data_pipeline, task_id=snowflake_create_file_formats, run_id=scheduled__2024-06-17T00:00:00+00:00, execution_date=20240617T000000, start_date=20240618T185423, end_date=20240618T185424
[2024-06-18T18:54:24.497+0000] {local_task_job_runner.py:240} INFO - Task exited with return code 0
[2024-06-18T18:54:24.541+0000] {taskinstance.py:3503} INFO - 1 downstream tasks scheduled from follow-on schedule check
[2024-06-18T18:54:24.547+0000] {local_task_job_runner.py:222} INFO - ::endgroup::
[2024-06-18T19:09:50.823+0000] {local_task_job_runner.py:120} INFO - ::group::Pre task execution logs
[2024-06-18T19:09:50.867+0000] {taskinstance.py:2076} INFO - Dependencies all met for dep_context=non-requeueable deps ti=<TaskInstance: nba_data_pipeline.snowflake_create_file_formats scheduled__2024-06-17T00:00:00+00:00 [queued]>
[2024-06-18T19:09:50.876+0000] {taskinstance.py:2076} INFO - Dependencies all met for dep_context=requeueable deps ti=<TaskInstance: nba_data_pipeline.snowflake_create_file_formats scheduled__2024-06-17T00:00:00+00:00 [queued]>
[2024-06-18T19:09:50.876+0000] {taskinstance.py:2306} INFO - Starting attempt 1 of 2
[2024-06-18T19:09:50.890+0000] {taskinstance.py:2330} INFO - Executing <Task(SQLExecuteQueryOperator): snowflake_create_file_formats> on 2024-06-17 00:00:00+00:00
[2024-06-18T19:09:50.900+0000] {standard_task_runner.py:90} INFO - Running: ['***', 'tasks', 'run', 'nba_data_pipeline', 'snowflake_create_file_formats', 'scheduled__2024-06-17T00:00:00+00:00', '--job-id', '246', '--raw', '--subdir', 'DAGS_FOLDER/nba_news_stats_etl.py', '--cfg-path', '/tmp/tmp0e14ncsd']
[2024-06-18T19:09:50.903+0000] {standard_task_runner.py:91} INFO - Job 246: Subtask snowflake_create_file_formats
[2024-06-18T19:09:50.903+0000] {logging_mixin.py:188} WARNING - /home/ubuntu/nba_ns_venv/lib/python3.12/site-packages/***/task/task_runner/standard_task_runner.py:61 DeprecationWarning: This process (pid=29140) is multi-threaded, use of fork() may lead to deadlocks in the child.
[2024-06-18T19:09:50.903+0000] {standard_task_runner.py:63} INFO - Started process 29148 to run task
[2024-06-18T19:09:50.997+0000] {task_command.py:426} INFO - Running <TaskInstance: nba_data_pipeline.snowflake_create_file_formats scheduled__2024-06-17T00:00:00+00:00 [running]> on host ip-172-31-45-144.ec2.internal
[2024-06-18T19:09:51.145+0000] {taskinstance.py:2648} INFO - Exporting env vars: AIRFLOW_CTX_DAG_OWNER='Airflow' AIRFLOW_CTX_DAG_ID='nba_data_pipeline' AIRFLOW_CTX_TASK_ID='snowflake_create_file_formats' AIRFLOW_CTX_EXECUTION_DATE='2024-06-17T00:00:00+00:00' AIRFLOW_CTX_TRY_NUMBER='1' AIRFLOW_CTX_DAG_RUN_ID='scheduled__2024-06-17T00:00:00+00:00'
[2024-06-18T19:09:51.146+0000] {taskinstance.py:430} INFO - ::endgroup::
[2024-06-18T19:09:51.159+0000] {sql.py:276} INFO - Executing: 
        CREATE OR REPLACE FILE FORMAT JSON_FORMAT TYPE = 'JSON';
        CREATE OR REPLACE FILE FORMAT CSV_FORMAT TYPE = 'CSV' FIELD_DELIMITER = ',' RECORD_DELIMITER = '
' FIELD_OPTIONALLY_ENCLOSED_BY = '"';
        CREATE OR REPLACE FILE FORMAT PARQUET_FORMAT TYPE = 'PARQUET';
        
[2024-06-18T19:09:51.185+0000] {base.py:84} INFO - Using connection ID 'snowflake_conn' for task execution.
[2024-06-18T19:09:51.437+0000] {base.py:84} INFO - Using connection ID 'snowflake_conn' for task execution.
[2024-06-18T19:09:51.438+0000] {connection.py:399} INFO - Snowflake Connector for Python Version: 3.10.1, Python Version: 3.12.3, Platform: Linux-6.8.0-1009-aws-x86_64-with-glibc2.39
[2024-06-18T19:09:51.438+0000] {connection.py:1239} INFO - This connection is in OCSP Fail Open Mode. TLS Certificates would be checked for validity and revocation status. Any other Certificate Revocation related exceptions or OCSP Responder failures would be disregarded in favor of connectivity.
[2024-06-18T19:09:51.439+0000] {connection.py:1249} INFO - THIS CONNECTION IS IN INSECURE MODE. IT MEANS THE CERTIFICATE WILL BE VALIDATED BUT THE CERTIFICATE REVOCATION STATUS WILL NOT BE CHECKED.
[2024-06-18T19:09:51.493+0000] {ssl_wrap_socket.py:100} INFO - THIS CONNECTION IS IN INSECURE MODE. IT MEANS THE CERTIFICATE WILL BE VALIDATED BUT THE CERTIFICATE REVOCATION STATUS WILL NOT BE CHECKED.
[2024-06-18T19:09:51.857+0000] {cursor.py:1149} INFO - Number of results in first chunk: 1
[2024-06-18T19:09:51.858+0000] {sql.py:487} INFO - Running statement: CREATE OR REPLACE FILE FORMAT JSON_FORMAT TYPE = 'JSON';, parameters: None
[2024-06-18T19:09:52.027+0000] {cursor.py:1149} INFO - Number of results in first chunk: 1
[2024-06-18T19:09:52.027+0000] {sql.py:496} INFO - Rows affected: 1
[2024-06-18T19:09:52.028+0000] {snowflake.py:409} INFO - Rows affected: 1
[2024-06-18T19:09:52.028+0000] {snowflake.py:410} INFO - Snowflake query id: 01b518fd-0001-e49a-0006-023e0001a24e
[2024-06-18T19:09:52.028+0000] {sql.py:487} INFO - Running statement: CREATE OR REPLACE FILE FORMAT CSV_FORMAT TYPE = 'CSV' FIELD_DELIMITER = ',' RECORD_DELIMITER = '
' FIELD_OPTIONALLY_ENCLOSED_BY = '"';, parameters: None
[2024-06-18T19:09:52.139+0000] {cursor.py:1149} INFO - Number of results in first chunk: 1
[2024-06-18T19:09:52.140+0000] {sql.py:496} INFO - Rows affected: 1
[2024-06-18T19:09:52.140+0000] {snowflake.py:409} INFO - Rows affected: 1
[2024-06-18T19:09:52.140+0000] {snowflake.py:410} INFO - Snowflake query id: 01b518fd-0001-e364-0006-023e0001e162
[2024-06-18T19:09:52.140+0000] {sql.py:487} INFO - Running statement: CREATE OR REPLACE FILE FORMAT PARQUET_FORMAT TYPE = 'PARQUET';, parameters: None
[2024-06-18T19:09:52.224+0000] {cursor.py:1149} INFO - Number of results in first chunk: 1
[2024-06-18T19:09:52.224+0000] {sql.py:496} INFO - Rows affected: 1
[2024-06-18T19:09:52.224+0000] {snowflake.py:409} INFO - Rows affected: 1
[2024-06-18T19:09:52.225+0000] {snowflake.py:410} INFO - Snowflake query id: 01b518fd-0001-e49d-0006-023e0001f0ee
[2024-06-18T19:09:52.274+0000] {cursor.py:1149} INFO - Number of results in first chunk: 1
[2024-06-18T19:09:52.274+0000] {connection.py:762} INFO - closed
[2024-06-18T19:09:52.298+0000] {connection.py:768} INFO - No async queries seem to be running, deleting session
[2024-06-18T19:09:52.338+0000] {taskinstance.py:441} INFO - ::group::Post task execution logs
[2024-06-18T19:09:52.435+0000] {taskinstance.py:1206} INFO - Marking task as SUCCESS. dag_id=nba_data_pipeline, task_id=snowflake_create_file_formats, run_id=scheduled__2024-06-17T00:00:00+00:00, execution_date=20240617T000000, start_date=20240618T190950, end_date=20240618T190952
[2024-06-18T19:09:52.494+0000] {local_task_job_runner.py:240} INFO - Task exited with return code 0
[2024-06-18T19:09:52.548+0000] {taskinstance.py:3503} INFO - 1 downstream tasks scheduled from follow-on schedule check
[2024-06-18T19:09:52.550+0000] {local_task_job_runner.py:222} INFO - ::endgroup::
[2024-06-18T20:33:22.208+0000] {local_task_job_runner.py:120} INFO - ::group::Pre task execution logs
[2024-06-18T20:33:22.254+0000] {taskinstance.py:2076} INFO - Dependencies all met for dep_context=non-requeueable deps ti=<TaskInstance: nba_data_pipeline.snowflake_create_file_formats scheduled__2024-06-17T00:00:00+00:00 [queued]>
[2024-06-18T20:33:22.265+0000] {taskinstance.py:2076} INFO - Dependencies all met for dep_context=requeueable deps ti=<TaskInstance: nba_data_pipeline.snowflake_create_file_formats scheduled__2024-06-17T00:00:00+00:00 [queued]>
[2024-06-18T20:33:22.265+0000] {taskinstance.py:2306} INFO - Starting attempt 1 of 2
[2024-06-18T20:33:22.280+0000] {taskinstance.py:2330} INFO - Executing <Task(SQLExecuteQueryOperator): snowflake_create_file_formats> on 2024-06-17 00:00:00+00:00
[2024-06-18T20:33:22.292+0000] {standard_task_runner.py:90} INFO - Running: ['***', 'tasks', 'run', 'nba_data_pipeline', 'snowflake_create_file_formats', 'scheduled__2024-06-17T00:00:00+00:00', '--job-id', '284', '--raw', '--subdir', 'DAGS_FOLDER/nba_news_stats_etl.py', '--cfg-path', '/tmp/tmpo_zo0yi8']
[2024-06-18T20:33:22.295+0000] {logging_mixin.py:188} WARNING - /home/ubuntu/nba_ns_venv/lib/python3.12/site-packages/***/task/task_runner/standard_task_runner.py:61 DeprecationWarning: This process (pid=2878) is multi-threaded, use of fork() may lead to deadlocks in the child.
[2024-06-18T20:33:22.295+0000] {standard_task_runner.py:91} INFO - Job 284: Subtask snowflake_create_file_formats
[2024-06-18T20:33:22.296+0000] {standard_task_runner.py:63} INFO - Started process 2925 to run task
[2024-06-18T20:33:22.406+0000] {task_command.py:426} INFO - Running <TaskInstance: nba_data_pipeline.snowflake_create_file_formats scheduled__2024-06-17T00:00:00+00:00 [running]> on host ip-172-31-45-144.ec2.internal
[2024-06-18T20:33:22.576+0000] {taskinstance.py:2648} INFO - Exporting env vars: AIRFLOW_CTX_DAG_OWNER='Airflow' AIRFLOW_CTX_DAG_ID='nba_data_pipeline' AIRFLOW_CTX_TASK_ID='snowflake_create_file_formats' AIRFLOW_CTX_EXECUTION_DATE='2024-06-17T00:00:00+00:00' AIRFLOW_CTX_TRY_NUMBER='1' AIRFLOW_CTX_DAG_RUN_ID='scheduled__2024-06-17T00:00:00+00:00'
[2024-06-18T20:33:22.578+0000] {taskinstance.py:430} INFO - ::endgroup::
[2024-06-18T20:33:22.594+0000] {sql.py:276} INFO - Executing: 
        CREATE OR REPLACE FILE FORMAT JSON_FORMAT TYPE = 'JSON';
        CREATE OR REPLACE FILE FORMAT CSV_FORMAT TYPE = 'CSV' FIELD_DELIMITER = ',' RECORD_DELIMITER = '
' FIELD_OPTIONALLY_ENCLOSED_BY = '"';
        CREATE OR REPLACE FILE FORMAT PARQUET_FORMAT TYPE = 'PARQUET';
        
[2024-06-18T20:33:22.622+0000] {base.py:84} INFO - Using connection ID 'snowflake_conn' for task execution.
[2024-06-18T20:33:22.905+0000] {base.py:84} INFO - Using connection ID 'snowflake_conn' for task execution.
[2024-06-18T20:33:22.908+0000] {connection.py:399} INFO - Snowflake Connector for Python Version: 3.10.1, Python Version: 3.12.3, Platform: Linux-6.8.0-1009-aws-x86_64-with-glibc2.39
[2024-06-18T20:33:22.908+0000] {connection.py:1239} INFO - This connection is in OCSP Fail Open Mode. TLS Certificates would be checked for validity and revocation status. Any other Certificate Revocation related exceptions or OCSP Responder failures would be disregarded in favor of connectivity.
[2024-06-18T20:33:22.908+0000] {connection.py:1249} INFO - THIS CONNECTION IS IN INSECURE MODE. IT MEANS THE CERTIFICATE WILL BE VALIDATED BUT THE CERTIFICATE REVOCATION STATUS WILL NOT BE CHECKED.
[2024-06-18T20:33:22.981+0000] {ssl_wrap_socket.py:100} INFO - THIS CONNECTION IS IN INSECURE MODE. IT MEANS THE CERTIFICATE WILL BE VALIDATED BUT THE CERTIFICATE REVOCATION STATUS WILL NOT BE CHECKED.
[2024-06-18T20:33:23.222+0000] {cursor.py:1149} INFO - Number of results in first chunk: 1
[2024-06-18T20:33:23.223+0000] {sql.py:487} INFO - Running statement: CREATE OR REPLACE FILE FORMAT JSON_FORMAT TYPE = 'JSON';, parameters: None
[2024-06-18T20:33:23.330+0000] {cursor.py:1149} INFO - Number of results in first chunk: 1
[2024-06-18T20:33:23.330+0000] {sql.py:496} INFO - Rows affected: 1
[2024-06-18T20:33:23.331+0000] {snowflake.py:409} INFO - Rows affected: 1
[2024-06-18T20:33:23.331+0000] {snowflake.py:410} INFO - Snowflake query id: 01b51951-0001-e498-0006-023e0001b272
[2024-06-18T20:33:23.331+0000] {sql.py:487} INFO - Running statement: CREATE OR REPLACE FILE FORMAT CSV_FORMAT TYPE = 'CSV' FIELD_DELIMITER = ',' RECORD_DELIMITER = '
' FIELD_OPTIONALLY_ENCLOSED_BY = '"';, parameters: None
[2024-06-18T20:33:23.474+0000] {cursor.py:1149} INFO - Number of results in first chunk: 1
[2024-06-18T20:33:23.477+0000] {sql.py:496} INFO - Rows affected: 1
[2024-06-18T20:33:23.477+0000] {snowflake.py:409} INFO - Rows affected: 1
[2024-06-18T20:33:23.479+0000] {snowflake.py:410} INFO - Snowflake query id: 01b51951-0001-e364-0006-023e0001e1ee
[2024-06-18T20:33:23.481+0000] {sql.py:487} INFO - Running statement: CREATE OR REPLACE FILE FORMAT PARQUET_FORMAT TYPE = 'PARQUET';, parameters: None
[2024-06-18T20:33:23.615+0000] {cursor.py:1149} INFO - Number of results in first chunk: 1
[2024-06-18T20:33:23.615+0000] {sql.py:496} INFO - Rows affected: 1
[2024-06-18T20:33:23.615+0000] {snowflake.py:409} INFO - Rows affected: 1
[2024-06-18T20:33:23.615+0000] {snowflake.py:410} INFO - Snowflake query id: 01b51951-0001-e49c-0006-023e000172f2
[2024-06-18T20:33:23.683+0000] {cursor.py:1149} INFO - Number of results in first chunk: 1
[2024-06-18T20:33:23.683+0000] {connection.py:762} INFO - closed
[2024-06-18T20:33:23.711+0000] {connection.py:768} INFO - No async queries seem to be running, deleting session
[2024-06-18T20:33:23.746+0000] {taskinstance.py:441} INFO - ::group::Post task execution logs
[2024-06-18T20:33:23.801+0000] {taskinstance.py:1206} INFO - Marking task as SUCCESS. dag_id=nba_data_pipeline, task_id=snowflake_create_file_formats, run_id=scheduled__2024-06-17T00:00:00+00:00, execution_date=20240617T000000, start_date=20240618T203322, end_date=20240618T203323
[2024-06-18T20:33:23.840+0000] {local_task_job_runner.py:240} INFO - Task exited with return code 0
[2024-06-18T20:33:23.875+0000] {taskinstance.py:3503} INFO - 0 downstream tasks scheduled from follow-on schedule check
[2024-06-18T20:33:23.877+0000] {local_task_job_runner.py:222} INFO - ::endgroup::
