[2024-06-17T15:36:29.165+0000] {local_task_job_runner.py:120} INFO - ::group::Pre task execution logs
[2024-06-17T15:45:10.500+0000] {taskinstance.py:2076} INFO - Dependencies all met for dep_context=non-requeueable deps ti=<TaskInstance: nba_data_pipeline.fetch_player_stats scheduled__2024-06-16T00:00:00+00:00 [queued]>
[2024-06-17T15:45:10.804+0000] {taskinstance.py:2076} INFO - Dependencies all met for dep_context=requeueable deps ti=<TaskInstance: nba_data_pipeline.fetch_player_stats scheduled__2024-06-16T00:00:00+00:00 [queued]>
[2024-06-17T15:45:10.804+0000] {taskinstance.py:2306} INFO - Starting attempt 2 of 2
[2024-06-17T15:45:11.394+0000] {taskinstance.py:2330} INFO - Executing <Task(PythonOperator): fetch_player_stats> on 2024-06-16 00:00:00+00:00
[2024-06-17T15:45:11.741+0000] {standard_task_runner.py:90} INFO - Running: ['***', 'tasks', 'run', 'nba_data_pipeline', 'fetch_player_stats', 'scheduled__2024-06-16T00:00:00+00:00', '--job-id', '8', '--raw', '--subdir', 'DAGS_FOLDER/nba_news_stats_etl.py', '--cfg-path', '/tmp/tmpz0_k48xu']
[2024-06-17T15:45:11.832+0000] {standard_task_runner.py:91} INFO - Job 8: Subtask fetch_player_stats
[2024-06-17T15:45:11.832+0000] {logging_mixin.py:188} WARNING - /home/ubuntu/nba_ns_venv/lib/python3.12/site-packages/***/task/task_runner/standard_task_runner.py:61 DeprecationWarning: This process (pid=30497) is multi-threaded, use of fork() may lead to deadlocks in the child.
[2024-06-17T15:45:11.856+0000] {standard_task_runner.py:63} INFO - Started process 31517 to run task
[2024-06-17T15:45:13.088+0000] {task_command.py:426} INFO - Running <TaskInstance: nba_data_pipeline.fetch_player_stats scheduled__2024-06-16T00:00:00+00:00 [running]> on host ip-172-31-45-144.ec2.internal
[2024-06-17T15:45:13.922+0000] {taskinstance.py:2648} INFO - Exporting env vars: AIRFLOW_CTX_DAG_OWNER='Airflow' AIRFLOW_CTX_DAG_ID='nba_data_pipeline' AIRFLOW_CTX_TASK_ID='fetch_player_stats' AIRFLOW_CTX_EXECUTION_DATE='2024-06-16T00:00:00+00:00' AIRFLOW_CTX_TRY_NUMBER='2' AIRFLOW_CTX_DAG_RUN_ID='scheduled__2024-06-16T00:00:00+00:00'
[2024-06-17T15:45:13.935+0000] {taskinstance.py:430} INFO - ::endgroup::
[2024-06-17T15:45:14.057+0000] {taskinstance.py:441} INFO - ::group::Post task execution logs
[2024-06-17T15:45:14.059+0000] {taskinstance.py:2905} ERROR - Task failed with exception
Traceback (most recent call last):
  File "/home/ubuntu/nba_ns_venv/lib/python3.12/site-packages/airflow/models/taskinstance.py", line 465, in _execute_task
    result = _execute_callable(context=context, **execute_callable_kwargs)
             ^^^^^^^^^^^^^^^^^^^^^^^^^^^^^^^^^^^^^^^^^^^^^^^^^^^^^^^^^^^^^
  File "/home/ubuntu/nba_ns_venv/lib/python3.12/site-packages/airflow/models/taskinstance.py", line 432, in _execute_callable
    return execute_callable(context=context, **execute_callable_kwargs)
           ^^^^^^^^^^^^^^^^^^^^^^^^^^^^^^^^^^^^^^^^^^^^^^^^^^^^^^^^^^^^
  File "/home/ubuntu/nba_ns_venv/lib/python3.12/site-packages/airflow/models/baseoperator.py", line 401, in wrapper
    return func(self, *args, **kwargs)
           ^^^^^^^^^^^^^^^^^^^^^^^^^^^
  File "/home/ubuntu/nba_ns_venv/lib/python3.12/site-packages/airflow/operators/python.py", line 235, in execute
    return_value = self.execute_callable()
                   ^^^^^^^^^^^^^^^^^^^^^^^
  File "/home/ubuntu/nba_ns_venv/lib/python3.12/site-packages/airflow/operators/python.py", line 252, in execute_callable
    return self.python_callable(*self.op_args, **self.op_kwargs)
           ^^^^^^^^^^^^^^^^^^^^^^^^^^^^^^^^^^^^^^^^^^^^^^^^^^^^^
  File "/home/ubuntu/dags/nba_news_stats_etl.py", line 56, in fetch_player_stats
    from nba_api.stats.endpoints import playercareerstats
ModuleNotFoundError: No module named 'nba_api'
[2024-06-17T15:45:14.215+0000] {taskinstance.py:1206} INFO - Marking task as FAILED. dag_id=nba_data_pipeline, task_id=fetch_player_stats, run_id=scheduled__2024-06-16T00:00:00+00:00, execution_date=20240616T000000, start_date=20240617T154510, end_date=20240617T154514
[2024-06-17T15:45:14.313+0000] {standard_task_runner.py:110} ERROR - Failed to execute job 8 for task fetch_player_stats (No module named 'nba_api'; 31517)
[2024-06-17T15:45:14.369+0000] {local_task_job_runner.py:240} INFO - Task exited with return code 1
[2024-06-17T15:45:14.515+0000] {local_task_job_runner.py:222} INFO - ::endgroup::
[2024-06-17T18:08:37.363+0000] {local_task_job_runner.py:120} INFO - ::group::Pre task execution logs
[2024-06-17T18:08:37.595+0000] {taskinstance.py:2076} INFO - Dependencies all met for dep_context=non-requeueable deps ti=<TaskInstance: nba_data_pipeline.fetch_player_stats scheduled__2024-06-16T00:00:00+00:00 [queued]>
[2024-06-17T18:08:37.637+0000] {taskinstance.py:2076} INFO - Dependencies all met for dep_context=requeueable deps ti=<TaskInstance: nba_data_pipeline.fetch_player_stats scheduled__2024-06-16T00:00:00+00:00 [queued]>
[2024-06-17T18:08:37.637+0000] {taskinstance.py:2306} INFO - Starting attempt 2 of 2
[2024-06-17T18:08:37.727+0000] {taskinstance.py:2330} INFO - Executing <Task(PythonOperator): fetch_player_stats> on 2024-06-16 00:00:00+00:00
[2024-06-17T18:08:37.779+0000] {standard_task_runner.py:90} INFO - Running: ['***', 'tasks', 'run', 'nba_data_pipeline', 'fetch_player_stats', 'scheduled__2024-06-16T00:00:00+00:00', '--job-id', '20', '--raw', '--subdir', 'DAGS_FOLDER/nba_news_stats_etl.py', '--cfg-path', '/tmp/tmpdw5o5da2']
[2024-06-17T18:08:37.809+0000] {standard_task_runner.py:91} INFO - Job 20: Subtask fetch_player_stats
[2024-06-17T18:08:37.810+0000] {logging_mixin.py:188} WARNING - /home/ubuntu/nba_ns_venv/lib/python3.12/site-packages/***/task/task_runner/standard_task_runner.py:61 DeprecationWarning: This process (pid=3552) is multi-threaded, use of fork() may lead to deadlocks in the child.
[2024-06-17T18:08:37.819+0000] {standard_task_runner.py:63} INFO - Started process 3764 to run task
[2024-06-17T18:08:38.229+0000] {task_command.py:426} INFO - Running <TaskInstance: nba_data_pipeline.fetch_player_stats scheduled__2024-06-16T00:00:00+00:00 [running]> on host ip-172-31-45-144.ec2.internal
[2024-06-17T18:08:38.723+0000] {taskinstance.py:2648} INFO - Exporting env vars: AIRFLOW_CTX_DAG_OWNER='Airflow' AIRFLOW_CTX_DAG_ID='nba_data_pipeline' AIRFLOW_CTX_TASK_ID='fetch_player_stats' AIRFLOW_CTX_EXECUTION_DATE='2024-06-16T00:00:00+00:00' AIRFLOW_CTX_TRY_NUMBER='2' AIRFLOW_CTX_DAG_RUN_ID='scheduled__2024-06-16T00:00:00+00:00'
[2024-06-17T18:08:38.730+0000] {taskinstance.py:430} INFO - ::endgroup::
[2024-06-17T18:08:38.825+0000] {taskinstance.py:441} INFO - ::group::Post task execution logs
[2024-06-17T18:08:38.829+0000] {taskinstance.py:2905} ERROR - Task failed with exception
Traceback (most recent call last):
  File "/home/ubuntu/nba_ns_venv/lib/python3.12/site-packages/airflow/models/taskinstance.py", line 465, in _execute_task
    result = _execute_callable(context=context, **execute_callable_kwargs)
             ^^^^^^^^^^^^^^^^^^^^^^^^^^^^^^^^^^^^^^^^^^^^^^^^^^^^^^^^^^^^^
  File "/home/ubuntu/nba_ns_venv/lib/python3.12/site-packages/airflow/models/taskinstance.py", line 432, in _execute_callable
    return execute_callable(context=context, **execute_callable_kwargs)
           ^^^^^^^^^^^^^^^^^^^^^^^^^^^^^^^^^^^^^^^^^^^^^^^^^^^^^^^^^^^^
  File "/home/ubuntu/nba_ns_venv/lib/python3.12/site-packages/airflow/models/baseoperator.py", line 401, in wrapper
    return func(self, *args, **kwargs)
           ^^^^^^^^^^^^^^^^^^^^^^^^^^^
  File "/home/ubuntu/nba_ns_venv/lib/python3.12/site-packages/airflow/operators/python.py", line 235, in execute
    return_value = self.execute_callable()
                   ^^^^^^^^^^^^^^^^^^^^^^^
  File "/home/ubuntu/nba_ns_venv/lib/python3.12/site-packages/airflow/operators/python.py", line 252, in execute_callable
    return self.python_callable(*self.op_args, **self.op_kwargs)
           ^^^^^^^^^^^^^^^^^^^^^^^^^^^^^^^^^^^^^^^^^^^^^^^^^^^^^
  File "/home/ubuntu/dags/nba_news_stats_etl.py", line 56, in fetch_player_stats
    from nba_api.stats.endpoints import playercareerstats
ModuleNotFoundError: No module named 'nba_api'
[2024-06-17T18:08:38.982+0000] {taskinstance.py:1206} INFO - Marking task as FAILED. dag_id=nba_data_pipeline, task_id=fetch_player_stats, run_id=scheduled__2024-06-16T00:00:00+00:00, execution_date=20240616T000000, start_date=20240617T180837, end_date=20240617T180838
[2024-06-17T18:08:39.044+0000] {standard_task_runner.py:110} ERROR - Failed to execute job 20 for task fetch_player_stats (No module named 'nba_api'; 3764)
[2024-06-17T18:08:39.098+0000] {local_task_job_runner.py:240} INFO - Task exited with return code 1
[2024-06-17T18:08:39.166+0000] {local_task_job_runner.py:222} INFO - ::endgroup::
