[2024-06-17T15:25:37.887+0000] {local_task_job_runner.py:120} INFO - ::group::Pre task execution logs
[2024-06-17T15:25:38.173+0000] {taskinstance.py:2076} INFO - Dependencies all met for dep_context=non-requeueable deps ti=<TaskInstance: nba_data_pipeline.fetch_player_stats scheduled__2024-06-16T00:00:00+00:00 [queued]>
[2024-06-17T15:25:38.220+0000] {taskinstance.py:2076} INFO - Dependencies all met for dep_context=requeueable deps ti=<TaskInstance: nba_data_pipeline.fetch_player_stats scheduled__2024-06-16T00:00:00+00:00 [queued]>
[2024-06-17T15:25:38.220+0000] {taskinstance.py:2306} INFO - Starting attempt 1 of 2
[2024-06-17T15:25:38.324+0000] {taskinstance.py:2330} INFO - Executing <Task(PythonOperator): fetch_player_stats> on 2024-06-16 00:00:00+00:00
[2024-06-17T15:25:38.367+0000] {standard_task_runner.py:90} INFO - Running: ['***', 'tasks', 'run', 'nba_data_pipeline', 'fetch_player_stats', 'scheduled__2024-06-16T00:00:00+00:00', '--job-id', '4', '--raw', '--subdir', 'DAGS_FOLDER/nba_news_stats_etl.py', '--cfg-path', '/tmp/tmpsmbrtibd']
[2024-06-17T15:25:38.381+0000] {standard_task_runner.py:91} INFO - Job 4: Subtask fetch_player_stats
[2024-06-17T15:25:38.390+0000] {logging_mixin.py:188} WARNING - /home/ubuntu/nba_ns_venv/lib/python3.12/site-packages/***/task/task_runner/standard_task_runner.py:61 DeprecationWarning: This process (pid=27654) is multi-threaded, use of fork() may lead to deadlocks in the child.
[2024-06-17T15:25:38.397+0000] {standard_task_runner.py:63} INFO - Started process 27833 to run task
[2024-06-17T15:25:39.083+0000] {task_command.py:426} INFO - Running <TaskInstance: nba_data_pipeline.fetch_player_stats scheduled__2024-06-16T00:00:00+00:00 [running]> on host ip-172-31-45-144.ec2.internal
[2024-06-17T15:30:16.016+0000] {taskinstance.py:2648} INFO - Exporting env vars: AIRFLOW_CTX_DAG_OWNER='Airflow' AIRFLOW_CTX_DAG_ID='nba_data_pipeline' AIRFLOW_CTX_TASK_ID='fetch_player_stats' AIRFLOW_CTX_EXECUTION_DATE='2024-06-16T00:00:00+00:00' AIRFLOW_CTX_TRY_NUMBER='1' AIRFLOW_CTX_DAG_RUN_ID='scheduled__2024-06-16T00:00:00+00:00'
[2024-06-17T15:30:16.043+0000] {taskinstance.py:430} INFO - ::endgroup::
[2024-06-17T15:30:16.424+0000] {taskinstance.py:441} INFO - ::group::Post task execution logs
[2024-06-17T15:30:16.425+0000] {taskinstance.py:2905} ERROR - Task failed with exception
Traceback (most recent call last):
  File "/home/ubuntu/nba_ns_venv/lib/python3.12/site-packages/airflow/models/taskinstance.py", line 465, in _execute_task
    result = _execute_callable(context=context, **execute_callable_kwargs)
             ^^^^^^^^^^^^^^^^^^^^^^^^^^^^^^^^^^^^^^^^^^^^^^^^^^^^^^^^^^^^^
  File "/home/ubuntu/nba_ns_venv/lib/python3.12/site-packages/airflow/models/taskinstance.py", line 432, in _execute_callable
    return execute_callable(context=context, **execute_callable_kwargs)
           ^^^^^^^^^^^^^^^^^^^^^^^^^^^^^^^^^^^^^^^^^^^^^^^^^^^^^^^^^^^^
  File "/home/ubuntu/nba_ns_venv/lib/python3.12/site-packages/airflow/models/baseoperator.py", line 401, in wrapper
    return func(self, *args, **kwargs)
           ^^^^^^^^^^^^^^^^^^^^^^^^^^^
  File "/home/ubuntu/nba_ns_venv/lib/python3.12/site-packages/airflow/operators/python.py", line 235, in execute
    return_value = self.execute_callable()
                   ^^^^^^^^^^^^^^^^^^^^^^^
  File "/home/ubuntu/nba_ns_venv/lib/python3.12/site-packages/airflow/operators/python.py", line 252, in execute_callable
    return self.python_callable(*self.op_args, **self.op_kwargs)
           ^^^^^^^^^^^^^^^^^^^^^^^^^^^^^^^^^^^^^^^^^^^^^^^^^^^^^
  File "/home/ubuntu/dags/nba_news_stats_etl.py", line 56, in fetch_player_stats
    from nba_api.stats.endpoints import playercareerstats
ModuleNotFoundError: No module named 'nba_api'
[2024-06-17T15:30:16.831+0000] {taskinstance.py:1206} INFO - Marking task as UP_FOR_RETRY. dag_id=nba_data_pipeline, task_id=fetch_player_stats, run_id=scheduled__2024-06-16T00:00:00+00:00, execution_date=20240616T000000, start_date=20240617T152538, end_date=20240617T153016
[2024-06-17T15:30:17.014+0000] {standard_task_runner.py:110} ERROR - Failed to execute job 4 for task fetch_player_stats (No module named 'nba_api'; 27833)
[2024-06-17T15:30:17.182+0000] {local_task_job_runner.py:240} INFO - Task exited with return code 1
[2024-06-17T15:30:17.458+0000] {local_task_job_runner.py:222} INFO - ::endgroup::
[2024-06-17T17:57:12.559+0000] {local_task_job_runner.py:120} INFO - ::group::Pre task execution logs
[2024-06-17T17:57:12.687+0000] {taskinstance.py:2076} INFO - Dependencies all met for dep_context=non-requeueable deps ti=<TaskInstance: nba_data_pipeline.fetch_player_stats scheduled__2024-06-16T00:00:00+00:00 [queued]>
[2024-06-17T17:57:12.717+0000] {taskinstance.py:2076} INFO - Dependencies all met for dep_context=requeueable deps ti=<TaskInstance: nba_data_pipeline.fetch_player_stats scheduled__2024-06-16T00:00:00+00:00 [queued]>
[2024-06-17T17:57:12.717+0000] {taskinstance.py:2306} INFO - Starting attempt 1 of 2
[2024-06-17T17:57:12.755+0000] {taskinstance.py:2330} INFO - Executing <Task(PythonOperator): fetch_player_stats> on 2024-06-16 00:00:00+00:00
[2024-06-17T17:57:12.794+0000] {standard_task_runner.py:90} INFO - Running: ['***', 'tasks', 'run', 'nba_data_pipeline', 'fetch_player_stats', 'scheduled__2024-06-16T00:00:00+00:00', '--job-id', '15', '--raw', '--subdir', 'DAGS_FOLDER/nba_news_stats_etl.py', '--cfg-path', '/tmp/tmpa3_tii94']
[2024-06-17T17:57:12.811+0000] {standard_task_runner.py:91} INFO - Job 15: Subtask fetch_player_stats
[2024-06-17T17:57:12.809+0000] {logging_mixin.py:188} WARNING - /home/ubuntu/nba_ns_venv/lib/python3.12/site-packages/***/task/task_runner/standard_task_runner.py:61 DeprecationWarning: This process (pid=1711) is multi-threaded, use of fork() may lead to deadlocks in the child.
[2024-06-17T17:57:12.815+0000] {standard_task_runner.py:63} INFO - Started process 1878 to run task
[2024-06-17T17:57:13.140+0000] {task_command.py:426} INFO - Running <TaskInstance: nba_data_pipeline.fetch_player_stats scheduled__2024-06-16T00:00:00+00:00 [running]> on host ip-172-31-45-144.ec2.internal
[2024-06-17T17:57:13.630+0000] {taskinstance.py:2648} INFO - Exporting env vars: AIRFLOW_CTX_DAG_OWNER='Airflow' AIRFLOW_CTX_DAG_ID='nba_data_pipeline' AIRFLOW_CTX_TASK_ID='fetch_player_stats' AIRFLOW_CTX_EXECUTION_DATE='2024-06-16T00:00:00+00:00' AIRFLOW_CTX_TRY_NUMBER='1' AIRFLOW_CTX_DAG_RUN_ID='scheduled__2024-06-16T00:00:00+00:00'
[2024-06-17T17:57:13.632+0000] {taskinstance.py:430} INFO - ::endgroup::
[2024-06-17T17:57:13.761+0000] {taskinstance.py:441} INFO - ::group::Post task execution logs
[2024-06-17T17:57:13.762+0000] {taskinstance.py:2905} ERROR - Task failed with exception
Traceback (most recent call last):
  File "/home/ubuntu/nba_ns_venv/lib/python3.12/site-packages/airflow/models/taskinstance.py", line 465, in _execute_task
    result = _execute_callable(context=context, **execute_callable_kwargs)
             ^^^^^^^^^^^^^^^^^^^^^^^^^^^^^^^^^^^^^^^^^^^^^^^^^^^^^^^^^^^^^
  File "/home/ubuntu/nba_ns_venv/lib/python3.12/site-packages/airflow/models/taskinstance.py", line 432, in _execute_callable
    return execute_callable(context=context, **execute_callable_kwargs)
           ^^^^^^^^^^^^^^^^^^^^^^^^^^^^^^^^^^^^^^^^^^^^^^^^^^^^^^^^^^^^
  File "/home/ubuntu/nba_ns_venv/lib/python3.12/site-packages/airflow/models/baseoperator.py", line 401, in wrapper
    return func(self, *args, **kwargs)
           ^^^^^^^^^^^^^^^^^^^^^^^^^^^
  File "/home/ubuntu/nba_ns_venv/lib/python3.12/site-packages/airflow/operators/python.py", line 235, in execute
    return_value = self.execute_callable()
                   ^^^^^^^^^^^^^^^^^^^^^^^
  File "/home/ubuntu/nba_ns_venv/lib/python3.12/site-packages/airflow/operators/python.py", line 252, in execute_callable
    return self.python_callable(*self.op_args, **self.op_kwargs)
           ^^^^^^^^^^^^^^^^^^^^^^^^^^^^^^^^^^^^^^^^^^^^^^^^^^^^^
  File "/home/ubuntu/dags/nba_news_stats_etl.py", line 56, in fetch_player_stats
    from nba_api.stats.endpoints import playercareerstats
ModuleNotFoundError: No module named 'nba_api'
[2024-06-17T17:57:13.887+0000] {taskinstance.py:1206} INFO - Marking task as UP_FOR_RETRY. dag_id=nba_data_pipeline, task_id=fetch_player_stats, run_id=scheduled__2024-06-16T00:00:00+00:00, execution_date=20240616T000000, start_date=20240617T175712, end_date=20240617T175713
[2024-06-17T17:57:13.957+0000] {standard_task_runner.py:110} ERROR - Failed to execute job 15 for task fetch_player_stats (No module named 'nba_api'; 1878)
[2024-06-17T17:57:13.972+0000] {local_task_job_runner.py:240} INFO - Task exited with return code 1
[2024-06-17T17:57:14.041+0000] {local_task_job_runner.py:222} INFO - ::endgroup::
