[2024-06-19T00:00:55.120+0000] {local_task_job_runner.py:120} INFO - ::group::Pre task execution logs
[2024-06-19T00:00:55.164+0000] {taskinstance.py:2076} INFO - Dependencies all met for dep_context=non-requeueable deps ti=<TaskInstance: nba_schema_creation_dag.snowflake_create_table_scores scheduled__2024-06-17T00:00:00+00:00 [queued]>
[2024-06-19T00:00:55.173+0000] {taskinstance.py:2076} INFO - Dependencies all met for dep_context=requeueable deps ti=<TaskInstance: nba_schema_creation_dag.snowflake_create_table_scores scheduled__2024-06-17T00:00:00+00:00 [queued]>
[2024-06-19T00:00:55.173+0000] {taskinstance.py:2306} INFO - Starting attempt 1 of 2
[2024-06-19T00:00:55.187+0000] {taskinstance.py:2330} INFO - Executing <Task(SQLExecuteQueryOperator): snowflake_create_table_scores> on 2024-06-17 00:00:00+00:00
[2024-06-19T00:00:55.194+0000] {standard_task_runner.py:90} INFO - Running: ['***', 'tasks', 'run', 'nba_schema_creation_dag', 'snowflake_create_table_scores', 'scheduled__2024-06-17T00:00:00+00:00', '--job-id', '562', '--raw', '--subdir', 'DAGS_FOLDER/nba_schema_creation_dag.py', '--cfg-path', '/tmp/tmpyjsqpwws']
[2024-06-19T00:00:55.197+0000] {standard_task_runner.py:91} INFO - Job 562: Subtask snowflake_create_table_scores
[2024-06-19T00:00:55.197+0000] {logging_mixin.py:188} WARNING - /home/ubuntu/nba_ns_venv/lib/python3.12/site-packages/***/task/task_runner/standard_task_runner.py:61 DeprecationWarning: This process (pid=8484) is multi-threaded, use of fork() may lead to deadlocks in the child.
[2024-06-19T00:00:55.198+0000] {standard_task_runner.py:63} INFO - Started process 8570 to run task
[2024-06-19T00:00:55.290+0000] {task_command.py:426} INFO - Running <TaskInstance: nba_schema_creation_dag.snowflake_create_table_scores scheduled__2024-06-17T00:00:00+00:00 [running]> on host ip-172-31-45-144.ec2.internal
[2024-06-19T00:00:55.439+0000] {taskinstance.py:2648} INFO - Exporting env vars: AIRFLOW_CTX_DAG_OWNER='Airflow' AIRFLOW_CTX_DAG_ID='nba_schema_creation_dag' AIRFLOW_CTX_TASK_ID='snowflake_create_table_scores' AIRFLOW_CTX_EXECUTION_DATE='2024-06-17T00:00:00+00:00' AIRFLOW_CTX_TRY_NUMBER='1' AIRFLOW_CTX_DAG_RUN_ID='scheduled__2024-06-17T00:00:00+00:00'
[2024-06-19T00:00:55.439+0000] {taskinstance.py:430} INFO - ::endgroup::
[2024-06-19T00:00:55.456+0000] {sql.py:276} INFO - Executing: 
        CREATE TABLE IF NOT EXISTS NBA_STATS.nba_scores (
            game_id STRING,
            home_team STRING,
            away_team STRING,
            home_score INT,
            away_score INT,
            home_best_player_name STRING,
            home_best_player_points NUMBER,
            home_best_player_rebounds NUMBER,
            home_best_player_assists NUMBER,
            away_best_player_name STRING,
            away_best_player_points NUMBER,
            away_best_player_rebounds NUMBER,
            away_best_player_assists NUMBER
        );
        
[2024-06-19T00:00:55.481+0000] {base.py:84} INFO - Using connection ID 'snowflake_conn' for task execution.
[2024-06-19T00:00:56.239+0000] {base.py:84} INFO - Using connection ID 'snowflake_conn' for task execution.
[2024-06-19T00:00:56.240+0000] {connection.py:399} INFO - Snowflake Connector for Python Version: 3.10.1, Python Version: 3.12.3, Platform: Linux-6.8.0-1009-aws-x86_64-with-glibc2.39
[2024-06-19T00:00:56.241+0000] {connection.py:1239} INFO - This connection is in OCSP Fail Open Mode. TLS Certificates would be checked for validity and revocation status. Any other Certificate Revocation related exceptions or OCSP Responder failures would be disregarded in favor of connectivity.
[2024-06-19T00:00:56.241+0000] {connection.py:1249} INFO - THIS CONNECTION IS IN INSECURE MODE. IT MEANS THE CERTIFICATE WILL BE VALIDATED BUT THE CERTIFICATE REVOCATION STATUS WILL NOT BE CHECKED.
[2024-06-19T00:00:56.299+0000] {ssl_wrap_socket.py:100} INFO - THIS CONNECTION IS IN INSECURE MODE. IT MEANS THE CERTIFICATE WILL BE VALIDATED BUT THE CERTIFICATE REVOCATION STATUS WILL NOT BE CHECKED.
[2024-06-19T00:00:56.766+0000] {cursor.py:1149} INFO - Number of results in first chunk: 1
[2024-06-19T00:00:56.767+0000] {sql.py:487} INFO - Running statement: CREATE TABLE IF NOT EXISTS NBA_STATS.nba_scores (
            game_id STRING,
            home_team STRING,
            away_team STRING,
            home_score INT,
            away_score INT,
            home_best_player_name STRING,
            home_best_player_points NUMBER,
            home_best_player_rebounds NUMBER,
            home_best_player_assists NUMBER,
            away_best_player_name STRING,
            away_best_player_points NUMBER,
            away_best_player_rebounds NUMBER,
            away_best_player_assists NUMBER
        );, parameters: None
[2024-06-19T00:00:56.934+0000] {cursor.py:1149} INFO - Number of results in first chunk: 1
[2024-06-19T00:00:56.934+0000] {sql.py:496} INFO - Rows affected: 1
[2024-06-19T00:00:56.934+0000] {snowflake.py:409} INFO - Rows affected: 1
[2024-06-19T00:00:56.935+0000] {snowflake.py:410} INFO - Snowflake query id: 01b51a20-0001-e365-0006-023e000165c6
[2024-06-19T00:00:57.022+0000] {cursor.py:1149} INFO - Number of results in first chunk: 1
[2024-06-19T00:00:57.022+0000] {connection.py:762} INFO - closed
[2024-06-19T00:00:57.050+0000] {connection.py:768} INFO - No async queries seem to be running, deleting session
[2024-06-19T00:00:57.093+0000] {taskinstance.py:441} INFO - ::group::Post task execution logs
[2024-06-19T00:00:57.146+0000] {taskinstance.py:1206} INFO - Marking task as SUCCESS. dag_id=nba_schema_creation_dag, task_id=snowflake_create_table_scores, run_id=scheduled__2024-06-17T00:00:00+00:00, execution_date=20240617T000000, start_date=20240619T000055, end_date=20240619T000057
[2024-06-19T00:00:57.180+0000] {local_task_job_runner.py:240} INFO - Task exited with return code 0
[2024-06-19T00:00:57.221+0000] {taskinstance.py:3503} INFO - 1 downstream tasks scheduled from follow-on schedule check
[2024-06-19T00:00:57.223+0000] {local_task_job_runner.py:222} INFO - ::endgroup::
[2024-06-19T00:06:13.827+0000] {local_task_job_runner.py:120} INFO - ::group::Pre task execution logs
[2024-06-19T00:06:13.872+0000] {taskinstance.py:2076} INFO - Dependencies all met for dep_context=non-requeueable deps ti=<TaskInstance: nba_schema_creation_dag.snowflake_create_table_scores scheduled__2024-06-17T00:00:00+00:00 [queued]>
[2024-06-19T00:06:13.882+0000] {taskinstance.py:2076} INFO - Dependencies all met for dep_context=requeueable deps ti=<TaskInstance: nba_schema_creation_dag.snowflake_create_table_scores scheduled__2024-06-17T00:00:00+00:00 [queued]>
[2024-06-19T00:06:13.882+0000] {taskinstance.py:2306} INFO - Starting attempt 1 of 2
[2024-06-19T00:06:13.896+0000] {taskinstance.py:2330} INFO - Executing <Task(SQLExecuteQueryOperator): snowflake_create_table_scores> on 2024-06-17 00:00:00+00:00
[2024-06-19T00:06:13.904+0000] {standard_task_runner.py:90} INFO - Running: ['***', 'tasks', 'run', 'nba_schema_creation_dag', 'snowflake_create_table_scores', 'scheduled__2024-06-17T00:00:00+00:00', '--job-id', '578', '--raw', '--subdir', 'DAGS_FOLDER/nba_schema_creation_dag.py', '--cfg-path', '/tmp/tmp_qy2dd1c']
[2024-06-19T00:06:13.907+0000] {standard_task_runner.py:91} INFO - Job 578: Subtask snowflake_create_table_scores
[2024-06-19T00:06:13.907+0000] {logging_mixin.py:188} WARNING - /home/ubuntu/nba_ns_venv/lib/python3.12/site-packages/***/task/task_runner/standard_task_runner.py:61 DeprecationWarning: This process (pid=11520) is multi-threaded, use of fork() may lead to deadlocks in the child.
[2024-06-19T00:06:13.908+0000] {standard_task_runner.py:63} INFO - Started process 11553 to run task
[2024-06-19T00:06:14.006+0000] {task_command.py:426} INFO - Running <TaskInstance: nba_schema_creation_dag.snowflake_create_table_scores scheduled__2024-06-17T00:00:00+00:00 [running]> on host ip-172-31-45-144.ec2.internal
[2024-06-19T00:06:14.162+0000] {taskinstance.py:2648} INFO - Exporting env vars: AIRFLOW_CTX_DAG_OWNER='Airflow' AIRFLOW_CTX_DAG_ID='nba_schema_creation_dag' AIRFLOW_CTX_TASK_ID='snowflake_create_table_scores' AIRFLOW_CTX_EXECUTION_DATE='2024-06-17T00:00:00+00:00' AIRFLOW_CTX_TRY_NUMBER='1' AIRFLOW_CTX_DAG_RUN_ID='scheduled__2024-06-17T00:00:00+00:00'
[2024-06-19T00:06:14.163+0000] {taskinstance.py:430} INFO - ::endgroup::
[2024-06-19T00:06:14.181+0000] {sql.py:276} INFO - Executing: 
        CREATE TABLE IF NOT EXISTS NBA_STATS.nba_scores (
            game_id STRING,
            home_team STRING,
            away_team STRING,
            home_score INT,
            away_score INT,
            home_best_player_name STRING,
            home_best_player_points NUMBER,
            home_best_player_rebounds NUMBER,
            home_best_player_assists NUMBER,
            away_best_player_name STRING,
            away_best_player_points NUMBER,
            away_best_player_rebounds NUMBER,
            away_best_player_assists NUMBER
        );
        
[2024-06-19T00:06:14.208+0000] {base.py:84} INFO - Using connection ID 'snowflake_conn' for task execution.
[2024-06-19T00:06:14.986+0000] {base.py:84} INFO - Using connection ID 'snowflake_conn' for task execution.
[2024-06-19T00:06:14.987+0000] {connection.py:399} INFO - Snowflake Connector for Python Version: 3.10.1, Python Version: 3.12.3, Platform: Linux-6.8.0-1009-aws-x86_64-with-glibc2.39
[2024-06-19T00:06:14.987+0000] {connection.py:1239} INFO - This connection is in OCSP Fail Open Mode. TLS Certificates would be checked for validity and revocation status. Any other Certificate Revocation related exceptions or OCSP Responder failures would be disregarded in favor of connectivity.
[2024-06-19T00:06:14.988+0000] {connection.py:1249} INFO - THIS CONNECTION IS IN INSECURE MODE. IT MEANS THE CERTIFICATE WILL BE VALIDATED BUT THE CERTIFICATE REVOCATION STATUS WILL NOT BE CHECKED.
[2024-06-19T00:06:15.054+0000] {ssl_wrap_socket.py:100} INFO - THIS CONNECTION IS IN INSECURE MODE. IT MEANS THE CERTIFICATE WILL BE VALIDATED BUT THE CERTIFICATE REVOCATION STATUS WILL NOT BE CHECKED.
[2024-06-19T00:06:16.072+0000] {cursor.py:1149} INFO - Number of results in first chunk: 1
[2024-06-19T00:06:16.073+0000] {sql.py:487} INFO - Running statement: CREATE TABLE IF NOT EXISTS NBA_STATS.nba_scores (
            game_id STRING,
            home_team STRING,
            away_team STRING,
            home_score INT,
            away_score INT,
            home_best_player_name STRING,
            home_best_player_points NUMBER,
            home_best_player_rebounds NUMBER,
            home_best_player_assists NUMBER,
            away_best_player_name STRING,
            away_best_player_points NUMBER,
            away_best_player_rebounds NUMBER,
            away_best_player_assists NUMBER
        );, parameters: None
[2024-06-19T00:06:16.272+0000] {cursor.py:1149} INFO - Number of results in first chunk: 1
[2024-06-19T00:06:16.273+0000] {sql.py:496} INFO - Rows affected: 1
[2024-06-19T00:06:16.273+0000] {snowflake.py:409} INFO - Rows affected: 1
[2024-06-19T00:06:16.274+0000] {snowflake.py:410} INFO - Snowflake query id: 01b51a26-0001-e365-0006-023e000165d2
[2024-06-19T00:06:16.332+0000] {cursor.py:1149} INFO - Number of results in first chunk: 1
[2024-06-19T00:06:16.332+0000] {connection.py:762} INFO - closed
[2024-06-19T00:06:16.356+0000] {connection.py:768} INFO - No async queries seem to be running, deleting session
[2024-06-19T00:06:16.398+0000] {taskinstance.py:441} INFO - ::group::Post task execution logs
[2024-06-19T00:06:16.451+0000] {taskinstance.py:1206} INFO - Marking task as SUCCESS. dag_id=nba_schema_creation_dag, task_id=snowflake_create_table_scores, run_id=scheduled__2024-06-17T00:00:00+00:00, execution_date=20240617T000000, start_date=20240619T000613, end_date=20240619T000616
[2024-06-19T00:06:16.495+0000] {local_task_job_runner.py:240} INFO - Task exited with return code 0
[2024-06-19T00:06:16.538+0000] {taskinstance.py:3503} INFO - 1 downstream tasks scheduled from follow-on schedule check
[2024-06-19T00:06:16.541+0000] {local_task_job_runner.py:222} INFO - ::endgroup::
[2024-06-19T00:35:37.356+0000] {local_task_job_runner.py:120} INFO - ::group::Pre task execution logs
[2024-06-19T00:35:37.400+0000] {taskinstance.py:2076} INFO - Dependencies all met for dep_context=non-requeueable deps ti=<TaskInstance: nba_schema_creation_dag.snowflake_create_table_scores scheduled__2024-06-17T00:00:00+00:00 [queued]>
[2024-06-19T00:35:37.409+0000] {taskinstance.py:2076} INFO - Dependencies all met for dep_context=requeueable deps ti=<TaskInstance: nba_schema_creation_dag.snowflake_create_table_scores scheduled__2024-06-17T00:00:00+00:00 [queued]>
[2024-06-19T00:35:37.410+0000] {taskinstance.py:2306} INFO - Starting attempt 1 of 2
[2024-06-19T00:35:37.423+0000] {taskinstance.py:2330} INFO - Executing <Task(SQLExecuteQueryOperator): snowflake_create_table_scores> on 2024-06-17 00:00:00+00:00
[2024-06-19T00:35:37.430+0000] {standard_task_runner.py:90} INFO - Running: ['***', 'tasks', 'run', 'nba_schema_creation_dag', 'snowflake_create_table_scores', 'scheduled__2024-06-17T00:00:00+00:00', '--job-id', '587', '--raw', '--subdir', 'DAGS_FOLDER/nba_schema_creation_dag.py', '--cfg-path', '/tmp/tmpeggenw09']
[2024-06-19T00:35:37.432+0000] {standard_task_runner.py:91} INFO - Job 587: Subtask snowflake_create_table_scores
[2024-06-19T00:35:37.433+0000] {logging_mixin.py:188} WARNING - /home/ubuntu/nba_ns_venv/lib/python3.12/site-packages/***/task/task_runner/standard_task_runner.py:61 DeprecationWarning: This process (pid=2477) is multi-threaded, use of fork() may lead to deadlocks in the child.
[2024-06-19T00:35:37.434+0000] {standard_task_runner.py:63} INFO - Started process 2498 to run task
[2024-06-19T00:35:37.525+0000] {task_command.py:426} INFO - Running <TaskInstance: nba_schema_creation_dag.snowflake_create_table_scores scheduled__2024-06-17T00:00:00+00:00 [running]> on host ip-172-31-45-144.ec2.internal
[2024-06-19T00:35:37.671+0000] {taskinstance.py:2648} INFO - Exporting env vars: AIRFLOW_CTX_DAG_OWNER='Airflow' AIRFLOW_CTX_DAG_ID='nba_schema_creation_dag' AIRFLOW_CTX_TASK_ID='snowflake_create_table_scores' AIRFLOW_CTX_EXECUTION_DATE='2024-06-17T00:00:00+00:00' AIRFLOW_CTX_TRY_NUMBER='1' AIRFLOW_CTX_DAG_RUN_ID='scheduled__2024-06-17T00:00:00+00:00'
[2024-06-19T00:35:37.671+0000] {taskinstance.py:430} INFO - ::endgroup::
[2024-06-19T00:35:37.688+0000] {sql.py:276} INFO - Executing: 
        CREATE TABLE IF NOT EXISTS NBA_STATS.nba_scores (
            game_id STRING,
            home_team STRING,
            away_team STRING,
            home_score INT,
            away_score INT,
            home_best_player_name STRING,
            home_best_player_points NUMBER,
            home_best_player_rebounds NUMBER,
            home_best_player_assists NUMBER,
            away_best_player_name STRING,
            away_best_player_points NUMBER,
            away_best_player_rebounds NUMBER,
            away_best_player_assists NUMBER
        );
        
[2024-06-19T00:35:37.713+0000] {base.py:84} INFO - Using connection ID 'snowflake_conn' for task execution.
[2024-06-19T00:35:38.455+0000] {base.py:84} INFO - Using connection ID 'snowflake_conn' for task execution.
[2024-06-19T00:35:38.456+0000] {connection.py:399} INFO - Snowflake Connector for Python Version: 3.10.1, Python Version: 3.12.3, Platform: Linux-6.8.0-1009-aws-x86_64-with-glibc2.39
[2024-06-19T00:35:38.457+0000] {connection.py:1239} INFO - This connection is in OCSP Fail Open Mode. TLS Certificates would be checked for validity and revocation status. Any other Certificate Revocation related exceptions or OCSP Responder failures would be disregarded in favor of connectivity.
[2024-06-19T00:35:38.457+0000] {connection.py:1249} INFO - THIS CONNECTION IS IN INSECURE MODE. IT MEANS THE CERTIFICATE WILL BE VALIDATED BUT THE CERTIFICATE REVOCATION STATUS WILL NOT BE CHECKED.
[2024-06-19T00:35:38.522+0000] {ssl_wrap_socket.py:100} INFO - THIS CONNECTION IS IN INSECURE MODE. IT MEANS THE CERTIFICATE WILL BE VALIDATED BUT THE CERTIFICATE REVOCATION STATUS WILL NOT BE CHECKED.
[2024-06-19T00:35:38.761+0000] {cursor.py:1149} INFO - Number of results in first chunk: 1
[2024-06-19T00:35:38.762+0000] {sql.py:487} INFO - Running statement: CREATE TABLE IF NOT EXISTS NBA_STATS.nba_scores (
            game_id STRING,
            home_team STRING,
            away_team STRING,
            home_score INT,
            away_score INT,
            home_best_player_name STRING,
            home_best_player_points NUMBER,
            home_best_player_rebounds NUMBER,
            home_best_player_assists NUMBER,
            away_best_player_name STRING,
            away_best_player_points NUMBER,
            away_best_player_rebounds NUMBER,
            away_best_player_assists NUMBER
        );, parameters: None
[2024-06-19T00:35:38.923+0000] {cursor.py:1149} INFO - Number of results in first chunk: 1
[2024-06-19T00:35:38.924+0000] {sql.py:496} INFO - Rows affected: 1
[2024-06-19T00:35:38.924+0000] {snowflake.py:409} INFO - Rows affected: 1
[2024-06-19T00:35:38.924+0000] {snowflake.py:410} INFO - Snowflake query id: 01b51a43-0001-e496-0006-023e0001962e
[2024-06-19T00:35:38.982+0000] {cursor.py:1149} INFO - Number of results in first chunk: 1
[2024-06-19T00:35:38.982+0000] {connection.py:762} INFO - closed
[2024-06-19T00:35:39.011+0000] {connection.py:768} INFO - No async queries seem to be running, deleting session
[2024-06-19T00:35:39.055+0000] {taskinstance.py:441} INFO - ::group::Post task execution logs
[2024-06-19T00:35:39.109+0000] {taskinstance.py:1206} INFO - Marking task as SUCCESS. dag_id=nba_schema_creation_dag, task_id=snowflake_create_table_scores, run_id=scheduled__2024-06-17T00:00:00+00:00, execution_date=20240617T000000, start_date=20240619T003537, end_date=20240619T003539
[2024-06-19T00:35:39.139+0000] {local_task_job_runner.py:240} INFO - Task exited with return code 0
[2024-06-19T00:35:39.181+0000] {taskinstance.py:3503} INFO - 1 downstream tasks scheduled from follow-on schedule check
[2024-06-19T00:35:39.183+0000] {local_task_job_runner.py:222} INFO - ::endgroup::
[2024-06-19T00:45:50.733+0000] {local_task_job_runner.py:120} INFO - ::group::Pre task execution logs
[2024-06-19T00:45:50.778+0000] {taskinstance.py:2076} INFO - Dependencies all met for dep_context=non-requeueable deps ti=<TaskInstance: nba_schema_creation_dag.snowflake_create_table_scores scheduled__2024-06-17T00:00:00+00:00 [queued]>
[2024-06-19T00:45:50.788+0000] {taskinstance.py:2076} INFO - Dependencies all met for dep_context=requeueable deps ti=<TaskInstance: nba_schema_creation_dag.snowflake_create_table_scores scheduled__2024-06-17T00:00:00+00:00 [queued]>
[2024-06-19T00:45:50.788+0000] {taskinstance.py:2306} INFO - Starting attempt 1 of 2
[2024-06-19T00:45:50.802+0000] {taskinstance.py:2330} INFO - Executing <Task(SQLExecuteQueryOperator): snowflake_create_table_scores> on 2024-06-17 00:00:00+00:00
[2024-06-19T00:45:50.810+0000] {standard_task_runner.py:90} INFO - Running: ['***', 'tasks', 'run', 'nba_schema_creation_dag', 'snowflake_create_table_scores', 'scheduled__2024-06-17T00:00:00+00:00', '--job-id', '607', '--raw', '--subdir', 'DAGS_FOLDER/nba_schema_creation_dag.py', '--cfg-path', '/tmp/tmpk3pl3zf9']
[2024-06-19T00:45:50.812+0000] {standard_task_runner.py:91} INFO - Job 607: Subtask snowflake_create_table_scores
[2024-06-19T00:45:50.813+0000] {logging_mixin.py:188} WARNING - /home/ubuntu/nba_ns_venv/lib/python3.12/site-packages/***/task/task_runner/standard_task_runner.py:61 DeprecationWarning: This process (pid=7218) is multi-threaded, use of fork() may lead to deadlocks in the child.
[2024-06-19T00:45:50.814+0000] {standard_task_runner.py:63} INFO - Started process 7224 to run task
[2024-06-19T00:45:50.907+0000] {task_command.py:426} INFO - Running <TaskInstance: nba_schema_creation_dag.snowflake_create_table_scores scheduled__2024-06-17T00:00:00+00:00 [running]> on host ip-172-31-45-144.ec2.internal
[2024-06-19T00:45:51.057+0000] {taskinstance.py:2648} INFO - Exporting env vars: AIRFLOW_CTX_DAG_OWNER='Airflow' AIRFLOW_CTX_DAG_ID='nba_schema_creation_dag' AIRFLOW_CTX_TASK_ID='snowflake_create_table_scores' AIRFLOW_CTX_EXECUTION_DATE='2024-06-17T00:00:00+00:00' AIRFLOW_CTX_TRY_NUMBER='1' AIRFLOW_CTX_DAG_RUN_ID='scheduled__2024-06-17T00:00:00+00:00'
[2024-06-19T00:45:51.057+0000] {taskinstance.py:430} INFO - ::endgroup::
[2024-06-19T00:45:51.074+0000] {sql.py:276} INFO - Executing: 
        USE WAREHOUSE NBA_STATS_WAREHOUSE;
        USE NBA_STATS_ANALYTICS;
        CREATE TABLE IF NOT EXISTS NBA_STATS.nba_scores (
            game_id STRING,
            home_team STRING,
            away_team STRING,
            home_score INT,
            away_score INT,
            home_best_player_name STRING,
            home_best_player_points NUMBER,
            home_best_player_rebounds NUMBER,
            home_best_player_assists NUMBER,
            away_best_player_name STRING,
            away_best_player_points NUMBER,
            away_best_player_rebounds NUMBER,
            away_best_player_assists NUMBER
        );
        
[2024-06-19T00:45:51.100+0000] {base.py:84} INFO - Using connection ID 'snowflake_conn' for task execution.
[2024-06-19T00:45:51.848+0000] {base.py:84} INFO - Using connection ID 'snowflake_conn' for task execution.
[2024-06-19T00:45:51.849+0000] {connection.py:399} INFO - Snowflake Connector for Python Version: 3.10.1, Python Version: 3.12.3, Platform: Linux-6.8.0-1009-aws-x86_64-with-glibc2.39
[2024-06-19T00:45:51.849+0000] {connection.py:1239} INFO - This connection is in OCSP Fail Open Mode. TLS Certificates would be checked for validity and revocation status. Any other Certificate Revocation related exceptions or OCSP Responder failures would be disregarded in favor of connectivity.
[2024-06-19T00:45:51.849+0000] {connection.py:1249} INFO - THIS CONNECTION IS IN INSECURE MODE. IT MEANS THE CERTIFICATE WILL BE VALIDATED BUT THE CERTIFICATE REVOCATION STATUS WILL NOT BE CHECKED.
[2024-06-19T00:45:51.913+0000] {ssl_wrap_socket.py:100} INFO - THIS CONNECTION IS IN INSECURE MODE. IT MEANS THE CERTIFICATE WILL BE VALIDATED BUT THE CERTIFICATE REVOCATION STATUS WILL NOT BE CHECKED.
[2024-06-19T00:45:52.132+0000] {cursor.py:1149} INFO - Number of results in first chunk: 1
[2024-06-19T00:45:52.133+0000] {sql.py:487} INFO - Running statement: USE WAREHOUSE NBA_STATS_WAREHOUSE;, parameters: None
[2024-06-19T00:45:52.205+0000] {cursor.py:1149} INFO - Number of results in first chunk: 1
[2024-06-19T00:45:52.205+0000] {sql.py:496} INFO - Rows affected: 1
[2024-06-19T00:45:52.206+0000] {snowflake.py:409} INFO - Rows affected: 1
[2024-06-19T00:45:52.206+0000] {snowflake.py:410} INFO - Snowflake query id: 01b51a4d-0001-e497-0006-023e0001d54e
[2024-06-19T00:45:52.206+0000] {sql.py:487} INFO - Running statement: USE NBA_STATS_ANALYTICS;, parameters: None
[2024-06-19T00:45:52.309+0000] {cursor.py:1149} INFO - Number of results in first chunk: 1
[2024-06-19T00:45:52.310+0000] {sql.py:496} INFO - Rows affected: 1
[2024-06-19T00:45:52.310+0000] {snowflake.py:409} INFO - Rows affected: 1
[2024-06-19T00:45:52.310+0000] {snowflake.py:410} INFO - Snowflake query id: 01b51a4d-0001-e364-0006-023e0001e52a
[2024-06-19T00:45:52.311+0000] {sql.py:487} INFO - Running statement: CREATE TABLE IF NOT EXISTS NBA_STATS.nba_scores (
            game_id STRING,
            home_team STRING,
            away_team STRING,
            home_score INT,
            away_score INT,
            home_best_player_name STRING,
            home_best_player_points NUMBER,
            home_best_player_rebounds NUMBER,
            home_best_player_assists NUMBER,
            away_best_player_name STRING,
            away_best_player_points NUMBER,
            away_best_player_rebounds NUMBER,
            away_best_player_assists NUMBER
        );, parameters: None
[2024-06-19T00:45:52.484+0000] {cursor.py:1149} INFO - Number of results in first chunk: 1
[2024-06-19T00:45:52.485+0000] {sql.py:496} INFO - Rows affected: 1
[2024-06-19T00:45:52.485+0000] {snowflake.py:409} INFO - Rows affected: 1
[2024-06-19T00:45:52.485+0000] {snowflake.py:410} INFO - Snowflake query id: 01b51a4d-0001-e497-0006-023e0001d552
[2024-06-19T00:45:52.532+0000] {cursor.py:1149} INFO - Number of results in first chunk: 1
[2024-06-19T00:45:52.533+0000] {connection.py:762} INFO - closed
[2024-06-19T00:45:52.562+0000] {connection.py:768} INFO - No async queries seem to be running, deleting session
[2024-06-19T00:45:52.621+0000] {taskinstance.py:441} INFO - ::group::Post task execution logs
[2024-06-19T00:45:52.674+0000] {taskinstance.py:1206} INFO - Marking task as SUCCESS. dag_id=nba_schema_creation_dag, task_id=snowflake_create_table_scores, run_id=scheduled__2024-06-17T00:00:00+00:00, execution_date=20240617T000000, start_date=20240619T004550, end_date=20240619T004552
[2024-06-19T00:45:52.718+0000] {local_task_job_runner.py:240} INFO - Task exited with return code 0
[2024-06-19T00:45:52.758+0000] {taskinstance.py:3503} INFO - 1 downstream tasks scheduled from follow-on schedule check
[2024-06-19T00:45:52.760+0000] {local_task_job_runner.py:222} INFO - ::endgroup::
[2024-06-19T01:08:27.112+0000] {local_task_job_runner.py:120} INFO - ::group::Pre task execution logs
[2024-06-19T01:08:27.156+0000] {taskinstance.py:2076} INFO - Dependencies all met for dep_context=non-requeueable deps ti=<TaskInstance: nba_schema_creation_dag.snowflake_create_table_scores scheduled__2024-06-17T00:00:00+00:00 [queued]>
[2024-06-19T01:08:27.165+0000] {taskinstance.py:2076} INFO - Dependencies all met for dep_context=requeueable deps ti=<TaskInstance: nba_schema_creation_dag.snowflake_create_table_scores scheduled__2024-06-17T00:00:00+00:00 [queued]>
[2024-06-19T01:08:27.166+0000] {taskinstance.py:2306} INFO - Starting attempt 1 of 2
[2024-06-19T01:08:27.179+0000] {taskinstance.py:2330} INFO - Executing <Task(SQLExecuteQueryOperator): snowflake_create_table_scores> on 2024-06-17 00:00:00+00:00
[2024-06-19T01:08:27.186+0000] {standard_task_runner.py:90} INFO - Running: ['***', 'tasks', 'run', 'nba_schema_creation_dag', 'snowflake_create_table_scores', 'scheduled__2024-06-17T00:00:00+00:00', '--job-id', '627', '--raw', '--subdir', 'DAGS_FOLDER/nba_schema_creation_dag.py', '--cfg-path', '/tmp/tmpityv6ora']
[2024-06-19T01:08:27.189+0000] {standard_task_runner.py:91} INFO - Job 627: Subtask snowflake_create_table_scores
[2024-06-19T01:08:27.189+0000] {logging_mixin.py:188} WARNING - /home/ubuntu/nba_ns_venv/lib/python3.12/site-packages/***/task/task_runner/standard_task_runner.py:61 DeprecationWarning: This process (pid=13619) is multi-threaded, use of fork() may lead to deadlocks in the child.
[2024-06-19T01:08:27.190+0000] {standard_task_runner.py:63} INFO - Started process 13625 to run task
[2024-06-19T01:08:27.282+0000] {task_command.py:426} INFO - Running <TaskInstance: nba_schema_creation_dag.snowflake_create_table_scores scheduled__2024-06-17T00:00:00+00:00 [running]> on host ip-172-31-45-144.ec2.internal
[2024-06-19T01:08:27.436+0000] {taskinstance.py:2648} INFO - Exporting env vars: AIRFLOW_CTX_DAG_OWNER='Airflow' AIRFLOW_CTX_DAG_ID='nba_schema_creation_dag' AIRFLOW_CTX_TASK_ID='snowflake_create_table_scores' AIRFLOW_CTX_EXECUTION_DATE='2024-06-17T00:00:00+00:00' AIRFLOW_CTX_TRY_NUMBER='1' AIRFLOW_CTX_DAG_RUN_ID='scheduled__2024-06-17T00:00:00+00:00'
[2024-06-19T01:08:27.436+0000] {taskinstance.py:430} INFO - ::endgroup::
[2024-06-19T01:08:27.453+0000] {sql.py:276} INFO - Executing: 
        USE WAREHOUSE NBA_STATS_WAREHOUSE;
        USE NBA_STATS_ANALYTICS;
        CREATE TABLE IF NOT EXISTS NBA_STATS.nba_scores (
            game_id STRING,
            home_team STRING,
            away_team STRING,
            home_score INT,
            away_score INT,
            home_best_player_name STRING,
            home_best_player_points NUMBER,
            home_best_player_rebounds NUMBER,
            home_best_player_assists NUMBER,
            away_best_player_name STRING,
            away_best_player_points NUMBER,
            away_best_player_rebounds NUMBER,
            away_best_player_assists NUMBER
        );
        
[2024-06-19T01:08:27.479+0000] {base.py:84} INFO - Using connection ID 'snowflake_conn' for task execution.
[2024-06-19T01:08:28.230+0000] {base.py:84} INFO - Using connection ID 'snowflake_conn' for task execution.
[2024-06-19T01:08:28.231+0000] {connection.py:399} INFO - Snowflake Connector for Python Version: 3.10.1, Python Version: 3.12.3, Platform: Linux-6.8.0-1009-aws-x86_64-with-glibc2.39
[2024-06-19T01:08:28.232+0000] {connection.py:1239} INFO - This connection is in OCSP Fail Open Mode. TLS Certificates would be checked for validity and revocation status. Any other Certificate Revocation related exceptions or OCSP Responder failures would be disregarded in favor of connectivity.
[2024-06-19T01:08:28.232+0000] {connection.py:1249} INFO - THIS CONNECTION IS IN INSECURE MODE. IT MEANS THE CERTIFICATE WILL BE VALIDATED BUT THE CERTIFICATE REVOCATION STATUS WILL NOT BE CHECKED.
[2024-06-19T01:08:28.297+0000] {ssl_wrap_socket.py:100} INFO - THIS CONNECTION IS IN INSECURE MODE. IT MEANS THE CERTIFICATE WILL BE VALIDATED BUT THE CERTIFICATE REVOCATION STATUS WILL NOT BE CHECKED.
[2024-06-19T01:08:28.606+0000] {cursor.py:1149} INFO - Number of results in first chunk: 1
[2024-06-19T01:08:28.607+0000] {sql.py:487} INFO - Running statement: USE WAREHOUSE NBA_STATS_WAREHOUSE;, parameters: None
[2024-06-19T01:08:28.669+0000] {cursor.py:1149} INFO - Number of results in first chunk: 1
[2024-06-19T01:08:28.670+0000] {sql.py:496} INFO - Rows affected: 1
[2024-06-19T01:08:28.670+0000] {snowflake.py:409} INFO - Rows affected: 1
[2024-06-19T01:08:28.670+0000] {snowflake.py:410} INFO - Snowflake query id: 01b51a64-0001-e364-0006-023e0001e54e
[2024-06-19T01:08:28.670+0000] {sql.py:487} INFO - Running statement: USE NBA_STATS_ANALYTICS;, parameters: None
[2024-06-19T01:08:28.789+0000] {cursor.py:1149} INFO - Number of results in first chunk: 1
[2024-06-19T01:08:28.789+0000] {sql.py:496} INFO - Rows affected: 1
[2024-06-19T01:08:28.789+0000] {snowflake.py:409} INFO - Rows affected: 1
[2024-06-19T01:08:28.790+0000] {snowflake.py:410} INFO - Snowflake query id: 01b51a64-0001-e499-0006-023e0001c636
[2024-06-19T01:08:28.790+0000] {sql.py:487} INFO - Running statement: CREATE TABLE IF NOT EXISTS NBA_STATS.nba_scores (
            game_id STRING,
            home_team STRING,
            away_team STRING,
            home_score INT,
            away_score INT,
            home_best_player_name STRING,
            home_best_player_points NUMBER,
            home_best_player_rebounds NUMBER,
            home_best_player_assists NUMBER,
            away_best_player_name STRING,
            away_best_player_points NUMBER,
            away_best_player_rebounds NUMBER,
            away_best_player_assists NUMBER
        );, parameters: None
[2024-06-19T01:08:28.980+0000] {cursor.py:1149} INFO - Number of results in first chunk: 1
[2024-06-19T01:08:28.980+0000] {sql.py:496} INFO - Rows affected: 1
[2024-06-19T01:08:28.980+0000] {snowflake.py:409} INFO - Rows affected: 1
[2024-06-19T01:08:28.980+0000] {snowflake.py:410} INFO - Snowflake query id: 01b51a64-0001-e499-0006-023e0001c63a
[2024-06-19T01:08:29.030+0000] {cursor.py:1149} INFO - Number of results in first chunk: 1
[2024-06-19T01:08:29.031+0000] {connection.py:762} INFO - closed
[2024-06-19T01:08:29.059+0000] {connection.py:768} INFO - No async queries seem to be running, deleting session
[2024-06-19T01:08:29.107+0000] {taskinstance.py:441} INFO - ::group::Post task execution logs
[2024-06-19T01:08:29.159+0000] {taskinstance.py:1206} INFO - Marking task as SUCCESS. dag_id=nba_schema_creation_dag, task_id=snowflake_create_table_scores, run_id=scheduled__2024-06-17T00:00:00+00:00, execution_date=20240617T000000, start_date=20240619T010827, end_date=20240619T010829
[2024-06-19T01:08:29.212+0000] {local_task_job_runner.py:240} INFO - Task exited with return code 0
[2024-06-19T01:08:29.252+0000] {taskinstance.py:3503} INFO - 1 downstream tasks scheduled from follow-on schedule check
[2024-06-19T01:08:29.254+0000] {local_task_job_runner.py:222} INFO - ::endgroup::
[2024-06-19T01:39:20.975+0000] {local_task_job_runner.py:120} INFO - ::group::Pre task execution logs
[2024-06-19T01:39:21.020+0000] {taskinstance.py:2076} INFO - Dependencies all met for dep_context=non-requeueable deps ti=<TaskInstance: nba_schema_creation_dag.snowflake_create_table_scores scheduled__2024-06-17T00:00:00+00:00 [queued]>
[2024-06-19T01:39:21.030+0000] {taskinstance.py:2076} INFO - Dependencies all met for dep_context=requeueable deps ti=<TaskInstance: nba_schema_creation_dag.snowflake_create_table_scores scheduled__2024-06-17T00:00:00+00:00 [queued]>
[2024-06-19T01:39:21.030+0000] {taskinstance.py:2306} INFO - Starting attempt 1 of 2
[2024-06-19T01:39:21.045+0000] {taskinstance.py:2330} INFO - Executing <Task(SQLExecuteQueryOperator): snowflake_create_table_scores> on 2024-06-17 00:00:00+00:00
[2024-06-19T01:39:21.053+0000] {standard_task_runner.py:90} INFO - Running: ['***', 'tasks', 'run', 'nba_schema_creation_dag', 'snowflake_create_table_scores', 'scheduled__2024-06-17T00:00:00+00:00', '--job-id', '650', '--raw', '--subdir', 'DAGS_FOLDER/nba_schema_creation_dag.py', '--cfg-path', '/tmp/tmpz7fzxrwo']
[2024-06-19T01:39:21.056+0000] {standard_task_runner.py:91} INFO - Job 650: Subtask snowflake_create_table_scores
[2024-06-19T01:39:21.056+0000] {logging_mixin.py:188} WARNING - /home/ubuntu/nba_ns_venv/lib/python3.12/site-packages/***/task/task_runner/standard_task_runner.py:61 DeprecationWarning: This process (pid=21067) is multi-threaded, use of fork() may lead to deadlocks in the child.
[2024-06-19T01:39:21.061+0000] {standard_task_runner.py:63} INFO - Started process 21123 to run task
[2024-06-19T01:39:21.162+0000] {task_command.py:426} INFO - Running <TaskInstance: nba_schema_creation_dag.snowflake_create_table_scores scheduled__2024-06-17T00:00:00+00:00 [running]> on host ip-172-31-45-144.ec2.internal
[2024-06-19T01:39:21.314+0000] {taskinstance.py:2648} INFO - Exporting env vars: AIRFLOW_CTX_DAG_OWNER='Airflow' AIRFLOW_CTX_DAG_ID='nba_schema_creation_dag' AIRFLOW_CTX_TASK_ID='snowflake_create_table_scores' AIRFLOW_CTX_EXECUTION_DATE='2024-06-17T00:00:00+00:00' AIRFLOW_CTX_TRY_NUMBER='1' AIRFLOW_CTX_DAG_RUN_ID='scheduled__2024-06-17T00:00:00+00:00'
[2024-06-19T01:39:21.315+0000] {taskinstance.py:430} INFO - ::endgroup::
[2024-06-19T01:39:21.332+0000] {sql.py:276} INFO - Executing: 
        USE WAREHOUSE NBA_STATS_WAREHOUSE;
        USE NBA_STATS_ANALYTICS;
        CREATE TABLE IF NOT EXISTS NBA_STATS.nba_scores (
            game_id STRING,
            home_team STRING,
            away_team STRING,
            home_score INT,
            away_score INT,
            home_best_player_name STRING,
            home_best_player_points NUMBER,
            home_best_player_rebounds NUMBER,
            home_best_player_assists NUMBER,
            away_best_player_name STRING,
            away_best_player_points NUMBER,
            away_best_player_rebounds NUMBER,
            away_best_player_assists NUMBER
        );
        
[2024-06-19T01:39:21.359+0000] {base.py:84} INFO - Using connection ID 'snowflake_conn' for task execution.
[2024-06-19T01:39:22.141+0000] {base.py:84} INFO - Using connection ID 'snowflake_conn' for task execution.
[2024-06-19T01:39:22.142+0000] {connection.py:399} INFO - Snowflake Connector for Python Version: 3.10.1, Python Version: 3.12.3, Platform: Linux-6.8.0-1009-aws-x86_64-with-glibc2.39
[2024-06-19T01:39:22.143+0000] {connection.py:1239} INFO - This connection is in OCSP Fail Open Mode. TLS Certificates would be checked for validity and revocation status. Any other Certificate Revocation related exceptions or OCSP Responder failures would be disregarded in favor of connectivity.
[2024-06-19T01:39:22.143+0000] {connection.py:1249} INFO - THIS CONNECTION IS IN INSECURE MODE. IT MEANS THE CERTIFICATE WILL BE VALIDATED BUT THE CERTIFICATE REVOCATION STATUS WILL NOT BE CHECKED.
[2024-06-19T01:39:22.208+0000] {ssl_wrap_socket.py:100} INFO - THIS CONNECTION IS IN INSECURE MODE. IT MEANS THE CERTIFICATE WILL BE VALIDATED BUT THE CERTIFICATE REVOCATION STATUS WILL NOT BE CHECKED.
[2024-06-19T01:39:22.488+0000] {cursor.py:1149} INFO - Number of results in first chunk: 1
[2024-06-19T01:39:22.489+0000] {sql.py:487} INFO - Running statement: USE WAREHOUSE NBA_STATS_WAREHOUSE;, parameters: None
[2024-06-19T01:39:22.592+0000] {cursor.py:1149} INFO - Number of results in first chunk: 1
[2024-06-19T01:39:22.593+0000] {sql.py:496} INFO - Rows affected: 1
[2024-06-19T01:39:22.593+0000] {snowflake.py:409} INFO - Rows affected: 1
[2024-06-19T01:39:22.594+0000] {snowflake.py:410} INFO - Snowflake query id: 01b51a83-0001-e365-0006-023e00016706
[2024-06-19T01:39:22.594+0000] {sql.py:487} INFO - Running statement: USE NBA_STATS_ANALYTICS;, parameters: None
[2024-06-19T01:39:22.666+0000] {cursor.py:1149} INFO - Number of results in first chunk: 1
[2024-06-19T01:39:22.666+0000] {sql.py:496} INFO - Rows affected: 1
[2024-06-19T01:39:22.666+0000] {snowflake.py:409} INFO - Rows affected: 1
[2024-06-19T01:39:22.667+0000] {snowflake.py:410} INFO - Snowflake query id: 01b51a83-0001-e495-0006-023e00018606
[2024-06-19T01:39:22.667+0000] {sql.py:487} INFO - Running statement: CREATE TABLE IF NOT EXISTS NBA_STATS.nba_scores (
            game_id STRING,
            home_team STRING,
            away_team STRING,
            home_score INT,
            away_score INT,
            home_best_player_name STRING,
            home_best_player_points NUMBER,
            home_best_player_rebounds NUMBER,
            home_best_player_assists NUMBER,
            away_best_player_name STRING,
            away_best_player_points NUMBER,
            away_best_player_rebounds NUMBER,
            away_best_player_assists NUMBER
        );, parameters: None
[2024-06-19T01:39:22.813+0000] {cursor.py:1149} INFO - Number of results in first chunk: 1
[2024-06-19T01:39:22.813+0000] {sql.py:496} INFO - Rows affected: 1
[2024-06-19T01:39:22.814+0000] {snowflake.py:409} INFO - Rows affected: 1
[2024-06-19T01:39:22.814+0000] {snowflake.py:410} INFO - Snowflake query id: 01b51a83-0001-e365-0006-023e0001670a
[2024-06-19T01:39:22.881+0000] {cursor.py:1149} INFO - Number of results in first chunk: 1
[2024-06-19T01:39:22.882+0000] {connection.py:762} INFO - closed
[2024-06-19T01:39:22.911+0000] {connection.py:768} INFO - No async queries seem to be running, deleting session
[2024-06-19T01:39:22.945+0000] {taskinstance.py:441} INFO - ::group::Post task execution logs
[2024-06-19T01:39:22.998+0000] {taskinstance.py:1206} INFO - Marking task as SUCCESS. dag_id=nba_schema_creation_dag, task_id=snowflake_create_table_scores, run_id=scheduled__2024-06-17T00:00:00+00:00, execution_date=20240617T000000, start_date=20240619T013921, end_date=20240619T013922
[2024-06-19T01:39:23.050+0000] {local_task_job_runner.py:240} INFO - Task exited with return code 0
[2024-06-19T01:39:23.092+0000] {taskinstance.py:3503} INFO - 1 downstream tasks scheduled from follow-on schedule check
[2024-06-19T01:39:23.094+0000] {local_task_job_runner.py:222} INFO - ::endgroup::
[2024-06-19T01:54:30.443+0000] {local_task_job_runner.py:120} INFO - ::group::Pre task execution logs
[2024-06-19T01:54:30.490+0000] {taskinstance.py:2076} INFO - Dependencies all met for dep_context=non-requeueable deps ti=<TaskInstance: nba_schema_creation_dag.snowflake_create_table_scores scheduled__2024-06-17T00:00:00+00:00 [queued]>
[2024-06-19T01:54:30.500+0000] {taskinstance.py:2076} INFO - Dependencies all met for dep_context=requeueable deps ti=<TaskInstance: nba_schema_creation_dag.snowflake_create_table_scores scheduled__2024-06-17T00:00:00+00:00 [queued]>
[2024-06-19T01:54:30.501+0000] {taskinstance.py:2306} INFO - Starting attempt 1 of 2
[2024-06-19T01:54:30.517+0000] {taskinstance.py:2330} INFO - Executing <Task(SQLExecuteQueryOperator): snowflake_create_table_scores> on 2024-06-17 00:00:00+00:00
[2024-06-19T01:54:30.524+0000] {standard_task_runner.py:90} INFO - Running: ['***', 'tasks', 'run', 'nba_schema_creation_dag', 'snowflake_create_table_scores', 'scheduled__2024-06-17T00:00:00+00:00', '--job-id', '668', '--raw', '--subdir', 'DAGS_FOLDER/nba_schema_creation_dag.py', '--cfg-path', '/tmp/tmpl7_g6bqa']
[2024-06-19T01:54:30.527+0000] {standard_task_runner.py:91} INFO - Job 668: Subtask snowflake_create_table_scores
[2024-06-19T01:54:30.528+0000] {logging_mixin.py:188} WARNING - /home/ubuntu/nba_ns_venv/lib/python3.12/site-packages/***/task/task_runner/standard_task_runner.py:61 DeprecationWarning: This process (pid=26143) is multi-threaded, use of fork() may lead to deadlocks in the child.
[2024-06-19T01:54:30.528+0000] {standard_task_runner.py:63} INFO - Started process 26149 to run task
[2024-06-19T01:54:30.629+0000] {task_command.py:426} INFO - Running <TaskInstance: nba_schema_creation_dag.snowflake_create_table_scores scheduled__2024-06-17T00:00:00+00:00 [running]> on host ip-172-31-45-144.ec2.internal
[2024-06-19T01:54:30.783+0000] {taskinstance.py:2648} INFO - Exporting env vars: AIRFLOW_CTX_DAG_OWNER='Airflow' AIRFLOW_CTX_DAG_ID='nba_schema_creation_dag' AIRFLOW_CTX_TASK_ID='snowflake_create_table_scores' AIRFLOW_CTX_EXECUTION_DATE='2024-06-17T00:00:00+00:00' AIRFLOW_CTX_TRY_NUMBER='1' AIRFLOW_CTX_DAG_RUN_ID='scheduled__2024-06-17T00:00:00+00:00'
[2024-06-19T01:54:30.784+0000] {taskinstance.py:430} INFO - ::endgroup::
[2024-06-19T01:54:30.801+0000] {sql.py:276} INFO - Executing: 
        USE WAREHOUSE NBA_STATS_WAREHOUSE;
        USE NBA_STATS_ANALYTICS;
        CREATE TABLE IF NOT EXISTS NBA_STATS.nba_scores (
            game_id STRING,
            home_team STRING,
            away_team STRING,
            home_score INT,
            away_score INT,
            home_best_player_name STRING,
            home_best_player_points NUMBER,
            home_best_player_rebounds NUMBER,
            home_best_player_assists NUMBER,
            away_best_player_name STRING,
            away_best_player_points NUMBER,
            away_best_player_rebounds NUMBER,
            away_best_player_assists NUMBER
        );
        
[2024-06-19T01:54:30.828+0000] {base.py:84} INFO - Using connection ID 'snowflake_conn' for task execution.
[2024-06-19T01:54:31.598+0000] {base.py:84} INFO - Using connection ID 'snowflake_conn' for task execution.
[2024-06-19T01:54:31.600+0000] {connection.py:399} INFO - Snowflake Connector for Python Version: 3.10.1, Python Version: 3.12.3, Platform: Linux-6.8.0-1009-aws-x86_64-with-glibc2.39
[2024-06-19T01:54:31.600+0000] {connection.py:1239} INFO - This connection is in OCSP Fail Open Mode. TLS Certificates would be checked for validity and revocation status. Any other Certificate Revocation related exceptions or OCSP Responder failures would be disregarded in favor of connectivity.
[2024-06-19T01:54:31.600+0000] {connection.py:1249} INFO - THIS CONNECTION IS IN INSECURE MODE. IT MEANS THE CERTIFICATE WILL BE VALIDATED BUT THE CERTIFICATE REVOCATION STATUS WILL NOT BE CHECKED.
[2024-06-19T01:54:31.659+0000] {ssl_wrap_socket.py:100} INFO - THIS CONNECTION IS IN INSECURE MODE. IT MEANS THE CERTIFICATE WILL BE VALIDATED BUT THE CERTIFICATE REVOCATION STATUS WILL NOT BE CHECKED.
[2024-06-19T01:54:31.905+0000] {cursor.py:1149} INFO - Number of results in first chunk: 1
[2024-06-19T01:54:31.906+0000] {sql.py:487} INFO - Running statement: USE WAREHOUSE NBA_STATS_WAREHOUSE;, parameters: None
[2024-06-19T01:54:31.969+0000] {cursor.py:1149} INFO - Number of results in first chunk: 1
[2024-06-19T01:54:31.970+0000] {sql.py:496} INFO - Rows affected: 1
[2024-06-19T01:54:31.970+0000] {snowflake.py:409} INFO - Rows affected: 1
[2024-06-19T01:54:31.971+0000] {snowflake.py:410} INFO - Snowflake query id: 01b51a92-0001-e498-0006-023e0001b696
[2024-06-19T01:54:31.971+0000] {sql.py:487} INFO - Running statement: USE NBA_STATS_ANALYTICS;, parameters: None
[2024-06-19T01:54:32.042+0000] {cursor.py:1149} INFO - Number of results in first chunk: 1
[2024-06-19T01:54:32.043+0000] {sql.py:496} INFO - Rows affected: 1
[2024-06-19T01:54:32.043+0000] {snowflake.py:409} INFO - Rows affected: 1
[2024-06-19T01:54:32.043+0000] {snowflake.py:410} INFO - Snowflake query id: 01b51a92-0001-e495-0006-023e00018652
[2024-06-19T01:54:32.044+0000] {sql.py:487} INFO - Running statement: CREATE TABLE IF NOT EXISTS NBA_STATS.nba_scores (
            game_id STRING,
            home_team STRING,
            away_team STRING,
            home_score INT,
            away_score INT,
            home_best_player_name STRING,
            home_best_player_points NUMBER,
            home_best_player_rebounds NUMBER,
            home_best_player_assists NUMBER,
            away_best_player_name STRING,
            away_best_player_points NUMBER,
            away_best_player_rebounds NUMBER,
            away_best_player_assists NUMBER
        );, parameters: None
[2024-06-19T01:54:32.229+0000] {cursor.py:1149} INFO - Number of results in first chunk: 1
[2024-06-19T01:54:32.230+0000] {sql.py:496} INFO - Rows affected: 1
[2024-06-19T01:54:32.230+0000] {snowflake.py:409} INFO - Rows affected: 1
[2024-06-19T01:54:32.230+0000] {snowflake.py:410} INFO - Snowflake query id: 01b51a92-0001-e496-0006-023e000196f6
[2024-06-19T01:54:32.305+0000] {cursor.py:1149} INFO - Number of results in first chunk: 1
[2024-06-19T01:54:32.305+0000] {connection.py:762} INFO - closed
[2024-06-19T01:54:32.329+0000] {connection.py:768} INFO - No async queries seem to be running, deleting session
[2024-06-19T01:54:32.369+0000] {taskinstance.py:441} INFO - ::group::Post task execution logs
[2024-06-19T01:54:32.422+0000] {taskinstance.py:1206} INFO - Marking task as SUCCESS. dag_id=nba_schema_creation_dag, task_id=snowflake_create_table_scores, run_id=scheduled__2024-06-17T00:00:00+00:00, execution_date=20240617T000000, start_date=20240619T015430, end_date=20240619T015432
[2024-06-19T01:54:32.475+0000] {local_task_job_runner.py:240} INFO - Task exited with return code 0
[2024-06-19T01:54:32.516+0000] {taskinstance.py:3503} INFO - 1 downstream tasks scheduled from follow-on schedule check
[2024-06-19T01:54:32.518+0000] {local_task_job_runner.py:222} INFO - ::endgroup::
[2024-06-19T04:27:51.310+0000] {local_task_job_runner.py:120} INFO - ::group::Pre task execution logs
[2024-06-19T04:27:51.355+0000] {taskinstance.py:2076} INFO - Dependencies all met for dep_context=non-requeueable deps ti=<TaskInstance: nba_schema_creation_dag.snowflake_create_table_scores scheduled__2024-06-17T00:00:00+00:00 [queued]>
[2024-06-19T04:27:51.364+0000] {taskinstance.py:2076} INFO - Dependencies all met for dep_context=requeueable deps ti=<TaskInstance: nba_schema_creation_dag.snowflake_create_table_scores scheduled__2024-06-17T00:00:00+00:00 [queued]>
[2024-06-19T04:27:51.364+0000] {taskinstance.py:2306} INFO - Starting attempt 1 of 2
[2024-06-19T04:27:51.377+0000] {taskinstance.py:2330} INFO - Executing <Task(SQLExecuteQueryOperator): snowflake_create_table_scores> on 2024-06-17 00:00:00+00:00
[2024-06-19T04:27:51.384+0000] {standard_task_runner.py:90} INFO - Running: ['***', 'tasks', 'run', 'nba_schema_creation_dag', 'snowflake_create_table_scores', 'scheduled__2024-06-17T00:00:00+00:00', '--job-id', '685', '--raw', '--subdir', 'DAGS_FOLDER/nba_schema_creation_dag.py', '--cfg-path', '/tmp/tmpzss7lz6a']
[2024-06-19T04:27:51.387+0000] {standard_task_runner.py:91} INFO - Job 685: Subtask snowflake_create_table_scores
[2024-06-19T04:27:51.387+0000] {logging_mixin.py:188} WARNING - /home/ubuntu/nba_ns_venv/lib/python3.12/site-packages/***/task/task_runner/standard_task_runner.py:61 DeprecationWarning: This process (pid=2663) is multi-threaded, use of fork() may lead to deadlocks in the child.
[2024-06-19T04:27:51.388+0000] {standard_task_runner.py:63} INFO - Started process 2684 to run task
[2024-06-19T04:27:51.480+0000] {task_command.py:426} INFO - Running <TaskInstance: nba_schema_creation_dag.snowflake_create_table_scores scheduled__2024-06-17T00:00:00+00:00 [running]> on host ip-172-31-45-144.ec2.internal
[2024-06-19T04:27:51.628+0000] {taskinstance.py:2648} INFO - Exporting env vars: AIRFLOW_CTX_DAG_OWNER='Airflow' AIRFLOW_CTX_DAG_ID='nba_schema_creation_dag' AIRFLOW_CTX_TASK_ID='snowflake_create_table_scores' AIRFLOW_CTX_EXECUTION_DATE='2024-06-17T00:00:00+00:00' AIRFLOW_CTX_TRY_NUMBER='1' AIRFLOW_CTX_DAG_RUN_ID='scheduled__2024-06-17T00:00:00+00:00'
[2024-06-19T04:27:51.629+0000] {taskinstance.py:430} INFO - ::endgroup::
[2024-06-19T04:27:51.646+0000] {sql.py:276} INFO - Executing: 
        USE WAREHOUSE NBA_STATS_WAREHOUSE;
        USE NBA_STATS_ANALYTICS;
        CREATE TABLE IF NOT EXISTS NBA_STATS.nba_scores (
            game_id STRING,
            home_team STRING,
            away_team STRING,
            home_score INT,
            away_score INT,
            home_best_player_name STRING,
            home_best_player_points NUMBER,
            home_best_player_rebounds NUMBER,
            home_best_player_assists NUMBER,
            away_best_player_name STRING,
            away_best_player_points NUMBER,
            away_best_player_rebounds NUMBER,
            away_best_player_assists NUMBER
        );
        
[2024-06-19T04:27:51.671+0000] {base.py:84} INFO - Using connection ID 'snowflake_conn' for task execution.
[2024-06-19T04:27:52.436+0000] {base.py:84} INFO - Using connection ID 'snowflake_conn' for task execution.
[2024-06-19T04:27:52.437+0000] {connection.py:399} INFO - Snowflake Connector for Python Version: 3.10.1, Python Version: 3.12.3, Platform: Linux-6.8.0-1009-aws-x86_64-with-glibc2.39
[2024-06-19T04:27:52.437+0000] {connection.py:1239} INFO - This connection is in OCSP Fail Open Mode. TLS Certificates would be checked for validity and revocation status. Any other Certificate Revocation related exceptions or OCSP Responder failures would be disregarded in favor of connectivity.
[2024-06-19T04:27:52.438+0000] {connection.py:1249} INFO - THIS CONNECTION IS IN INSECURE MODE. IT MEANS THE CERTIFICATE WILL BE VALIDATED BUT THE CERTIFICATE REVOCATION STATUS WILL NOT BE CHECKED.
[2024-06-19T04:27:52.498+0000] {ssl_wrap_socket.py:100} INFO - THIS CONNECTION IS IN INSECURE MODE. IT MEANS THE CERTIFICATE WILL BE VALIDATED BUT THE CERTIFICATE REVOCATION STATUS WILL NOT BE CHECKED.
[2024-06-19T04:27:52.722+0000] {cursor.py:1149} INFO - Number of results in first chunk: 1
[2024-06-19T04:27:52.723+0000] {sql.py:487} INFO - Running statement: USE WAREHOUSE NBA_STATS_WAREHOUSE;, parameters: None
[2024-06-19T04:27:52.814+0000] {cursor.py:1149} INFO - Number of results in first chunk: 1
[2024-06-19T04:27:52.814+0000] {sql.py:496} INFO - Rows affected: 1
[2024-06-19T04:27:52.815+0000] {snowflake.py:409} INFO - Rows affected: 1
[2024-06-19T04:27:52.815+0000] {snowflake.py:410} INFO - Snowflake query id: 01b51b2b-0001-e49a-0006-023e0001a7e6
[2024-06-19T04:27:52.815+0000] {sql.py:487} INFO - Running statement: USE NBA_STATS_ANALYTICS;, parameters: None
[2024-06-19T04:27:52.875+0000] {cursor.py:1149} INFO - Number of results in first chunk: 1
[2024-06-19T04:27:52.875+0000] {sql.py:496} INFO - Rows affected: 1
[2024-06-19T04:27:52.875+0000] {snowflake.py:409} INFO - Rows affected: 1
[2024-06-19T04:27:52.875+0000] {snowflake.py:410} INFO - Snowflake query id: 01b51b2b-0001-e498-0006-023e0001b77e
[2024-06-19T04:27:52.876+0000] {sql.py:487} INFO - Running statement: CREATE TABLE IF NOT EXISTS NBA_STATS.nba_scores (
            game_id STRING,
            home_team STRING,
            away_team STRING,
            home_score INT,
            away_score INT,
            home_best_player_name STRING,
            home_best_player_points NUMBER,
            home_best_player_rebounds NUMBER,
            home_best_player_assists NUMBER,
            away_best_player_name STRING,
            away_best_player_points NUMBER,
            away_best_player_rebounds NUMBER,
            away_best_player_assists NUMBER
        );, parameters: None
[2024-06-19T04:27:53.057+0000] {cursor.py:1149} INFO - Number of results in first chunk: 1
[2024-06-19T04:27:53.057+0000] {sql.py:496} INFO - Rows affected: 1
[2024-06-19T04:27:53.058+0000] {snowflake.py:409} INFO - Rows affected: 1
[2024-06-19T04:27:53.058+0000] {snowflake.py:410} INFO - Snowflake query id: 01b51b2b-0001-e499-0006-023e0001c776
[2024-06-19T04:27:53.122+0000] {cursor.py:1149} INFO - Number of results in first chunk: 1
[2024-06-19T04:27:53.122+0000] {connection.py:762} INFO - closed
[2024-06-19T04:27:53.151+0000] {connection.py:768} INFO - No async queries seem to be running, deleting session
[2024-06-19T04:27:53.183+0000] {taskinstance.py:441} INFO - ::group::Post task execution logs
[2024-06-19T04:27:53.234+0000] {taskinstance.py:1206} INFO - Marking task as SUCCESS. dag_id=nba_schema_creation_dag, task_id=snowflake_create_table_scores, run_id=scheduled__2024-06-17T00:00:00+00:00, execution_date=20240617T000000, start_date=20240619T042751, end_date=20240619T042753
[2024-06-19T04:27:53.289+0000] {local_task_job_runner.py:240} INFO - Task exited with return code 0
[2024-06-19T04:27:53.329+0000] {taskinstance.py:3503} INFO - 1 downstream tasks scheduled from follow-on schedule check
[2024-06-19T04:27:53.331+0000] {local_task_job_runner.py:222} INFO - ::endgroup::
[2024-06-19T13:41:28.338+0000] {local_task_job_runner.py:120} INFO - ::group::Pre task execution logs
[2024-06-19T13:41:28.381+0000] {taskinstance.py:2076} INFO - Dependencies all met for dep_context=non-requeueable deps ti=<TaskInstance: nba_schema_creation_dag.snowflake_create_table_scores scheduled__2024-06-17T00:00:00+00:00 [queued]>
[2024-06-19T13:41:28.389+0000] {taskinstance.py:2076} INFO - Dependencies all met for dep_context=requeueable deps ti=<TaskInstance: nba_schema_creation_dag.snowflake_create_table_scores scheduled__2024-06-17T00:00:00+00:00 [queued]>
[2024-06-19T13:41:28.390+0000] {taskinstance.py:2306} INFO - Starting attempt 1 of 2
[2024-06-19T13:41:28.402+0000] {taskinstance.py:2330} INFO - Executing <Task(SQLExecuteQueryOperator): snowflake_create_table_scores> on 2024-06-17 00:00:00+00:00
[2024-06-19T13:41:28.409+0000] {standard_task_runner.py:90} INFO - Running: ['***', 'tasks', 'run', 'nba_schema_creation_dag', 'snowflake_create_table_scores', 'scheduled__2024-06-17T00:00:00+00:00', '--job-id', '703', '--raw', '--subdir', 'DAGS_FOLDER/nba_schema_creation_dag.py', '--cfg-path', '/tmp/tmpsrb8q23j']
[2024-06-19T13:41:28.412+0000] {standard_task_runner.py:91} INFO - Job 703: Subtask snowflake_create_table_scores
[2024-06-19T13:41:28.412+0000] {logging_mixin.py:188} WARNING - /home/ubuntu/nba_ns_venv/lib/python3.12/site-packages/***/task/task_runner/standard_task_runner.py:61 DeprecationWarning: This process (pid=3621) is multi-threaded, use of fork() may lead to deadlocks in the child.
[2024-06-19T13:41:28.413+0000] {standard_task_runner.py:63} INFO - Started process 3627 to run task
[2024-06-19T13:41:28.500+0000] {task_command.py:426} INFO - Running <TaskInstance: nba_schema_creation_dag.snowflake_create_table_scores scheduled__2024-06-17T00:00:00+00:00 [running]> on host ip-172-31-45-144.ec2.internal
[2024-06-19T13:41:28.643+0000] {taskinstance.py:2648} INFO - Exporting env vars: AIRFLOW_CTX_DAG_OWNER='Airflow' AIRFLOW_CTX_DAG_ID='nba_schema_creation_dag' AIRFLOW_CTX_TASK_ID='snowflake_create_table_scores' AIRFLOW_CTX_EXECUTION_DATE='2024-06-17T00:00:00+00:00' AIRFLOW_CTX_TRY_NUMBER='1' AIRFLOW_CTX_DAG_RUN_ID='scheduled__2024-06-17T00:00:00+00:00'
[2024-06-19T13:41:28.643+0000] {taskinstance.py:430} INFO - ::endgroup::
[2024-06-19T13:41:28.661+0000] {sql.py:276} INFO - Executing: 
        USE WAREHOUSE NBA_STATS_WAREHOUSE;
        USE NBA_STATS_ANALYTICS;
        CREATE TABLE IF NOT EXISTS NBA_STATS.nba_scores (
            game_id STRING,
            home_team STRING,
            away_team STRING,
            home_score INT,
            away_score INT,
            home_best_player_name STRING,
            home_best_player_points NUMBER,
            home_best_player_rebounds NUMBER,
            home_best_player_assists NUMBER,
            away_best_player_name STRING,
            away_best_player_points NUMBER,
            away_best_player_rebounds NUMBER,
            away_best_player_assists NUMBER
        );
        
[2024-06-19T13:41:28.685+0000] {base.py:84} INFO - Using connection ID 'snowflake_conn' for task execution.
[2024-06-19T13:41:29.418+0000] {base.py:84} INFO - Using connection ID 'snowflake_conn' for task execution.
[2024-06-19T13:41:29.418+0000] {connection.py:399} INFO - Snowflake Connector for Python Version: 3.10.1, Python Version: 3.12.3, Platform: Linux-6.8.0-1009-aws-x86_64-with-glibc2.39
[2024-06-19T13:41:29.419+0000] {connection.py:1239} INFO - This connection is in OCSP Fail Open Mode. TLS Certificates would be checked for validity and revocation status. Any other Certificate Revocation related exceptions or OCSP Responder failures would be disregarded in favor of connectivity.
[2024-06-19T13:41:29.419+0000] {connection.py:1249} INFO - THIS CONNECTION IS IN INSECURE MODE. IT MEANS THE CERTIFICATE WILL BE VALIDATED BUT THE CERTIFICATE REVOCATION STATUS WILL NOT BE CHECKED.
[2024-06-19T13:41:29.477+0000] {ssl_wrap_socket.py:100} INFO - THIS CONNECTION IS IN INSECURE MODE. IT MEANS THE CERTIFICATE WILL BE VALIDATED BUT THE CERTIFICATE REVOCATION STATUS WILL NOT BE CHECKED.
[2024-06-19T13:41:29.787+0000] {cursor.py:1149} INFO - Number of results in first chunk: 1
[2024-06-19T13:41:29.788+0000] {sql.py:487} INFO - Running statement: USE WAREHOUSE NBA_STATS_WAREHOUSE;, parameters: None
[2024-06-19T13:41:29.842+0000] {cursor.py:1149} INFO - Number of results in first chunk: 1
[2024-06-19T13:41:29.842+0000] {sql.py:496} INFO - Rows affected: 1
[2024-06-19T13:41:29.843+0000] {snowflake.py:409} INFO - Rows affected: 1
[2024-06-19T13:41:29.843+0000] {snowflake.py:410} INFO - Snowflake query id: 01b51d55-0001-e49a-0006-023e0001aaa2
[2024-06-19T13:41:29.843+0000] {sql.py:487} INFO - Running statement: USE NBA_STATS_ANALYTICS;, parameters: None
[2024-06-19T13:41:29.899+0000] {cursor.py:1149} INFO - Number of results in first chunk: 1
[2024-06-19T13:41:29.900+0000] {sql.py:496} INFO - Rows affected: 1
[2024-06-19T13:41:29.900+0000] {snowflake.py:409} INFO - Rows affected: 1
[2024-06-19T13:41:29.900+0000] {snowflake.py:410} INFO - Snowflake query id: 01b51d55-0001-e496-0006-023e00019a62
[2024-06-19T13:41:29.901+0000] {sql.py:487} INFO - Running statement: CREATE TABLE IF NOT EXISTS NBA_STATS.nba_scores (
            game_id STRING,
            home_team STRING,
            away_team STRING,
            home_score INT,
            away_score INT,
            home_best_player_name STRING,
            home_best_player_points NUMBER,
            home_best_player_rebounds NUMBER,
            home_best_player_assists NUMBER,
            away_best_player_name STRING,
            away_best_player_points NUMBER,
            away_best_player_rebounds NUMBER,
            away_best_player_assists NUMBER
        );, parameters: None
[2024-06-19T13:41:31.556+0000] {cursor.py:1149} INFO - Number of results in first chunk: 1
[2024-06-19T13:41:31.556+0000] {sql.py:496} INFO - Rows affected: 1
[2024-06-19T13:41:31.556+0000] {snowflake.py:409} INFO - Rows affected: 1
[2024-06-19T13:41:31.556+0000] {snowflake.py:410} INFO - Snowflake query id: 01b51d55-0001-e364-0006-023e0001e8fe
[2024-06-19T13:41:31.632+0000] {cursor.py:1149} INFO - Number of results in first chunk: 1
[2024-06-19T13:41:31.632+0000] {connection.py:762} INFO - closed
[2024-06-19T13:41:31.660+0000] {connection.py:768} INFO - No async queries seem to be running, deleting session
[2024-06-19T13:41:31.701+0000] {taskinstance.py:441} INFO - ::group::Post task execution logs
[2024-06-19T13:41:31.751+0000] {taskinstance.py:1206} INFO - Marking task as SUCCESS. dag_id=nba_schema_creation_dag, task_id=snowflake_create_table_scores, run_id=scheduled__2024-06-17T00:00:00+00:00, execution_date=20240617T000000, start_date=20240619T134128, end_date=20240619T134131
[2024-06-19T13:41:31.803+0000] {local_task_job_runner.py:240} INFO - Task exited with return code 0
[2024-06-19T13:41:31.842+0000] {taskinstance.py:3503} INFO - 1 downstream tasks scheduled from follow-on schedule check
[2024-06-19T13:41:31.845+0000] {local_task_job_runner.py:222} INFO - ::endgroup::
[2024-06-19T17:08:46.734+0000] {local_task_job_runner.py:120} INFO - ::group::Pre task execution logs
[2024-06-19T17:08:46.780+0000] {taskinstance.py:2076} INFO - Dependencies all met for dep_context=non-requeueable deps ti=<TaskInstance: nba_schema_creation_dag.snowflake_create_table_scores scheduled__2024-06-17T00:00:00+00:00 [queued]>
[2024-06-19T17:08:46.789+0000] {taskinstance.py:2076} INFO - Dependencies all met for dep_context=requeueable deps ti=<TaskInstance: nba_schema_creation_dag.snowflake_create_table_scores scheduled__2024-06-17T00:00:00+00:00 [queued]>
[2024-06-19T17:08:46.789+0000] {taskinstance.py:2306} INFO - Starting attempt 1 of 2
[2024-06-19T17:08:46.803+0000] {taskinstance.py:2330} INFO - Executing <Task(SQLExecuteQueryOperator): snowflake_create_table_scores> on 2024-06-17 00:00:00+00:00
[2024-06-19T17:08:46.810+0000] {standard_task_runner.py:90} INFO - Running: ['***', 'tasks', 'run', 'nba_schema_creation_dag', 'snowflake_create_table_scores', 'scheduled__2024-06-17T00:00:00+00:00', '--job-id', '721', '--raw', '--subdir', 'DAGS_FOLDER/nba_schema_creation_dag.py', '--cfg-path', '/tmp/tmpyvq1onj8']
[2024-06-19T17:08:46.813+0000] {logging_mixin.py:188} WARNING - /home/ubuntu/nba_ns_venv/lib/python3.12/site-packages/***/task/task_runner/standard_task_runner.py:61 DeprecationWarning: This process (pid=3094) is multi-threaded, use of fork() may lead to deadlocks in the child.
[2024-06-19T17:08:46.814+0000] {standard_task_runner.py:63} INFO - Started process 3100 to run task
[2024-06-19T17:08:46.813+0000] {standard_task_runner.py:91} INFO - Job 721: Subtask snowflake_create_table_scores
[2024-06-19T17:08:46.909+0000] {task_command.py:426} INFO - Running <TaskInstance: nba_schema_creation_dag.snowflake_create_table_scores scheduled__2024-06-17T00:00:00+00:00 [running]> on host ip-172-31-45-144.ec2.internal
[2024-06-19T17:08:47.055+0000] {taskinstance.py:2648} INFO - Exporting env vars: AIRFLOW_CTX_DAG_OWNER='Airflow' AIRFLOW_CTX_DAG_ID='nba_schema_creation_dag' AIRFLOW_CTX_TASK_ID='snowflake_create_table_scores' AIRFLOW_CTX_EXECUTION_DATE='2024-06-17T00:00:00+00:00' AIRFLOW_CTX_TRY_NUMBER='1' AIRFLOW_CTX_DAG_RUN_ID='scheduled__2024-06-17T00:00:00+00:00'
[2024-06-19T17:08:47.056+0000] {taskinstance.py:430} INFO - ::endgroup::
[2024-06-19T17:08:47.073+0000] {sql.py:276} INFO - Executing: 
        USE WAREHOUSE NBA_STATS_WAREHOUSE;
        USE NBA_STATS_ANALYTICS;
        CREATE TABLE IF NOT EXISTS NBA_STATS.nba_scores (
            game_id STRING,
            home_team STRING,
            away_team STRING,
            home_score INT,
            away_score INT,
            home_best_player_name STRING,
            home_best_player_points NUMBER,
            home_best_player_rebounds NUMBER,
            home_best_player_assists NUMBER,
            away_best_player_name STRING,
            away_best_player_points NUMBER,
            away_best_player_rebounds NUMBER,
            away_best_player_assists NUMBER
        );
        
[2024-06-19T17:08:47.098+0000] {base.py:84} INFO - Using connection ID 'snowflake_conn' for task execution.
[2024-06-19T17:08:47.858+0000] {base.py:84} INFO - Using connection ID 'snowflake_conn' for task execution.
[2024-06-19T17:08:47.859+0000] {connection.py:399} INFO - Snowflake Connector for Python Version: 3.10.1, Python Version: 3.12.3, Platform: Linux-6.8.0-1009-aws-x86_64-with-glibc2.39
[2024-06-19T17:08:47.860+0000] {connection.py:1239} INFO - This connection is in OCSP Fail Open Mode. TLS Certificates would be checked for validity and revocation status. Any other Certificate Revocation related exceptions or OCSP Responder failures would be disregarded in favor of connectivity.
[2024-06-19T17:08:47.860+0000] {connection.py:1249} INFO - THIS CONNECTION IS IN INSECURE MODE. IT MEANS THE CERTIFICATE WILL BE VALIDATED BUT THE CERTIFICATE REVOCATION STATUS WILL NOT BE CHECKED.
[2024-06-19T17:08:47.936+0000] {ssl_wrap_socket.py:100} INFO - THIS CONNECTION IS IN INSECURE MODE. IT MEANS THE CERTIFICATE WILL BE VALIDATED BUT THE CERTIFICATE REVOCATION STATUS WILL NOT BE CHECKED.
[2024-06-19T17:08:48.256+0000] {cursor.py:1149} INFO - Number of results in first chunk: 1
[2024-06-19T17:08:48.257+0000] {sql.py:487} INFO - Running statement: USE WAREHOUSE NBA_STATS_WAREHOUSE;, parameters: None
[2024-06-19T17:08:48.318+0000] {cursor.py:1149} INFO - Number of results in first chunk: 1
[2024-06-19T17:08:48.318+0000] {sql.py:496} INFO - Rows affected: 1
[2024-06-19T17:08:48.318+0000] {snowflake.py:409} INFO - Rows affected: 1
[2024-06-19T17:08:48.319+0000] {snowflake.py:410} INFO - Snowflake query id: 01b51e24-0001-e365-0006-023e00016d1e
[2024-06-19T17:08:48.319+0000] {sql.py:487} INFO - Running statement: USE NBA_STATS_ANALYTICS;, parameters: None
[2024-06-19T17:08:48.383+0000] {cursor.py:1149} INFO - Number of results in first chunk: 1
[2024-06-19T17:08:48.384+0000] {sql.py:496} INFO - Rows affected: 1
[2024-06-19T17:08:48.385+0000] {snowflake.py:409} INFO - Rows affected: 1
[2024-06-19T17:08:48.385+0000] {snowflake.py:410} INFO - Snowflake query id: 01b51e24-0001-e498-0006-023e0001bc2a
[2024-06-19T17:08:48.385+0000] {sql.py:487} INFO - Running statement: CREATE TABLE IF NOT EXISTS NBA_STATS.nba_scores (
            game_id STRING,
            home_team STRING,
            away_team STRING,
            home_score INT,
            away_score INT,
            home_best_player_name STRING,
            home_best_player_points NUMBER,
            home_best_player_rebounds NUMBER,
            home_best_player_assists NUMBER,
            away_best_player_name STRING,
            away_best_player_points NUMBER,
            away_best_player_rebounds NUMBER,
            away_best_player_assists NUMBER
        );, parameters: None
[2024-06-19T17:08:48.610+0000] {cursor.py:1149} INFO - Number of results in first chunk: 1
[2024-06-19T17:08:48.610+0000] {sql.py:496} INFO - Rows affected: 1
[2024-06-19T17:08:48.610+0000] {snowflake.py:409} INFO - Rows affected: 1
[2024-06-19T17:08:48.611+0000] {snowflake.py:410} INFO - Snowflake query id: 01b51e24-0001-e499-0006-023e0001cbd2
[2024-06-19T17:08:48.677+0000] {cursor.py:1149} INFO - Number of results in first chunk: 1
[2024-06-19T17:08:48.677+0000] {connection.py:762} INFO - closed
[2024-06-19T17:08:48.706+0000] {connection.py:768} INFO - No async queries seem to be running, deleting session
[2024-06-19T17:08:48.741+0000] {taskinstance.py:441} INFO - ::group::Post task execution logs
[2024-06-19T17:08:48.794+0000] {taskinstance.py:1206} INFO - Marking task as SUCCESS. dag_id=nba_schema_creation_dag, task_id=snowflake_create_table_scores, run_id=scheduled__2024-06-17T00:00:00+00:00, execution_date=20240617T000000, start_date=20240619T170846, end_date=20240619T170848
[2024-06-19T17:08:48.842+0000] {local_task_job_runner.py:240} INFO - Task exited with return code 0
[2024-06-19T17:08:48.885+0000] {taskinstance.py:3503} INFO - 1 downstream tasks scheduled from follow-on schedule check
[2024-06-19T17:08:48.887+0000] {local_task_job_runner.py:222} INFO - ::endgroup::
[2024-06-19T17:22:05.505+0000] {local_task_job_runner.py:120} INFO - ::group::Pre task execution logs
[2024-06-19T17:22:05.549+0000] {taskinstance.py:2076} INFO - Dependencies all met for dep_context=non-requeueable deps ti=<TaskInstance: nba_schema_creation_dag.snowflake_create_table_scores scheduled__2024-06-17T00:00:00+00:00 [queued]>
[2024-06-19T17:22:05.558+0000] {taskinstance.py:2076} INFO - Dependencies all met for dep_context=requeueable deps ti=<TaskInstance: nba_schema_creation_dag.snowflake_create_table_scores scheduled__2024-06-17T00:00:00+00:00 [queued]>
[2024-06-19T17:22:05.558+0000] {taskinstance.py:2306} INFO - Starting attempt 1 of 2
[2024-06-19T17:22:05.574+0000] {taskinstance.py:2330} INFO - Executing <Task(SQLExecuteQueryOperator): snowflake_create_table_scores> on 2024-06-17 00:00:00+00:00
[2024-06-19T17:22:05.581+0000] {standard_task_runner.py:90} INFO - Running: ['***', 'tasks', 'run', 'nba_schema_creation_dag', 'snowflake_create_table_scores', 'scheduled__2024-06-17T00:00:00+00:00', '--job-id', '742', '--raw', '--subdir', 'DAGS_FOLDER/nba_schema_creation_dag.py', '--cfg-path', '/tmp/tmpk64rhgqu']
[2024-06-19T17:22:05.584+0000] {standard_task_runner.py:91} INFO - Job 742: Subtask snowflake_create_table_scores
[2024-06-19T17:22:05.584+0000] {logging_mixin.py:188} WARNING - /home/ubuntu/nba_ns_venv/lib/python3.12/site-packages/***/task/task_runner/standard_task_runner.py:61 DeprecationWarning: This process (pid=7487) is multi-threaded, use of fork() may lead to deadlocks in the child.
[2024-06-19T17:22:05.585+0000] {standard_task_runner.py:63} INFO - Started process 7493 to run task
[2024-06-19T17:22:05.679+0000] {task_command.py:426} INFO - Running <TaskInstance: nba_schema_creation_dag.snowflake_create_table_scores scheduled__2024-06-17T00:00:00+00:00 [running]> on host ip-172-31-45-144.ec2.internal
[2024-06-19T17:22:05.828+0000] {taskinstance.py:2648} INFO - Exporting env vars: AIRFLOW_CTX_DAG_OWNER='Airflow' AIRFLOW_CTX_DAG_ID='nba_schema_creation_dag' AIRFLOW_CTX_TASK_ID='snowflake_create_table_scores' AIRFLOW_CTX_EXECUTION_DATE='2024-06-17T00:00:00+00:00' AIRFLOW_CTX_TRY_NUMBER='1' AIRFLOW_CTX_DAG_RUN_ID='scheduled__2024-06-17T00:00:00+00:00'
[2024-06-19T17:22:05.829+0000] {taskinstance.py:430} INFO - ::endgroup::
[2024-06-19T17:22:05.847+0000] {sql.py:276} INFO - Executing: 
        USE WAREHOUSE NBA_STATS_WAREHOUSE;
        USE NBA_STATS_ANALYTICS;
        CREATE TABLE IF NOT EXISTS NBA_STATS.nba_scores (
            game_id STRING,
            home_team STRING,
            away_team STRING,
            home_score INT,
            away_score INT,
            home_best_player_name STRING,
            home_best_player_points NUMBER,
            home_best_player_rebounds NUMBER,
            home_best_player_assists NUMBER,
            away_best_player_name STRING,
            away_best_player_points NUMBER,
            away_best_player_rebounds NUMBER,
            away_best_player_assists NUMBER
        );
        
[2024-06-19T17:22:05.873+0000] {base.py:84} INFO - Using connection ID 'snowflake_conn' for task execution.
[2024-06-19T17:22:06.650+0000] {base.py:84} INFO - Using connection ID 'snowflake_conn' for task execution.
[2024-06-19T17:22:06.651+0000] {connection.py:399} INFO - Snowflake Connector for Python Version: 3.10.1, Python Version: 3.12.3, Platform: Linux-6.8.0-1009-aws-x86_64-with-glibc2.39
[2024-06-19T17:22:06.651+0000] {connection.py:1239} INFO - This connection is in OCSP Fail Open Mode. TLS Certificates would be checked for validity and revocation status. Any other Certificate Revocation related exceptions or OCSP Responder failures would be disregarded in favor of connectivity.
[2024-06-19T17:22:06.651+0000] {connection.py:1249} INFO - THIS CONNECTION IS IN INSECURE MODE. IT MEANS THE CERTIFICATE WILL BE VALIDATED BUT THE CERTIFICATE REVOCATION STATUS WILL NOT BE CHECKED.
[2024-06-19T17:22:06.716+0000] {ssl_wrap_socket.py:100} INFO - THIS CONNECTION IS IN INSECURE MODE. IT MEANS THE CERTIFICATE WILL BE VALIDATED BUT THE CERTIFICATE REVOCATION STATUS WILL NOT BE CHECKED.
[2024-06-19T17:22:06.972+0000] {cursor.py:1149} INFO - Number of results in first chunk: 1
[2024-06-19T17:22:06.972+0000] {sql.py:487} INFO - Running statement: USE WAREHOUSE NBA_STATS_WAREHOUSE;, parameters: None
[2024-06-19T17:22:07.056+0000] {cursor.py:1149} INFO - Number of results in first chunk: 1
[2024-06-19T17:22:07.056+0000] {sql.py:496} INFO - Rows affected: 1
[2024-06-19T17:22:07.057+0000] {snowflake.py:409} INFO - Rows affected: 1
[2024-06-19T17:22:07.057+0000] {snowflake.py:410} INFO - Snowflake query id: 01b51e32-0001-e364-0006-023e0001eb2a
[2024-06-19T17:22:07.057+0000] {sql.py:487} INFO - Running statement: USE NBA_STATS_ANALYTICS;, parameters: None
[2024-06-19T17:22:07.135+0000] {cursor.py:1149} INFO - Number of results in first chunk: 1
[2024-06-19T17:22:07.135+0000] {sql.py:496} INFO - Rows affected: 1
[2024-06-19T17:22:07.136+0000] {snowflake.py:409} INFO - Rows affected: 1
[2024-06-19T17:22:07.136+0000] {snowflake.py:410} INFO - Snowflake query id: 01b51e32-0001-e497-0006-023e0001db9e
[2024-06-19T17:22:07.136+0000] {sql.py:487} INFO - Running statement: CREATE TABLE IF NOT EXISTS NBA_STATS.nba_scores (
            game_id STRING,
            home_team STRING,
            away_team STRING,
            home_score INT,
            away_score INT,
            home_best_player_name STRING,
            home_best_player_points NUMBER,
            home_best_player_rebounds NUMBER,
            home_best_player_assists NUMBER,
            away_best_player_name STRING,
            away_best_player_points NUMBER,
            away_best_player_rebounds NUMBER,
            away_best_player_assists NUMBER
        );, parameters: None
[2024-06-19T17:22:07.333+0000] {cursor.py:1149} INFO - Number of results in first chunk: 1
[2024-06-19T17:22:07.334+0000] {sql.py:496} INFO - Rows affected: 1
[2024-06-19T17:22:07.334+0000] {snowflake.py:409} INFO - Rows affected: 1
[2024-06-19T17:22:07.334+0000] {snowflake.py:410} INFO - Snowflake query id: 01b51e32-0001-e496-0006-023e00019c9a
[2024-06-19T17:22:07.393+0000] {cursor.py:1149} INFO - Number of results in first chunk: 1
[2024-06-19T17:22:07.393+0000] {connection.py:762} INFO - closed
[2024-06-19T17:22:07.420+0000] {connection.py:768} INFO - No async queries seem to be running, deleting session
[2024-06-19T17:22:07.462+0000] {taskinstance.py:441} INFO - ::group::Post task execution logs
[2024-06-19T17:22:07.514+0000] {taskinstance.py:1206} INFO - Marking task as SUCCESS. dag_id=nba_schema_creation_dag, task_id=snowflake_create_table_scores, run_id=scheduled__2024-06-17T00:00:00+00:00, execution_date=20240617T000000, start_date=20240619T172205, end_date=20240619T172207
[2024-06-19T17:22:07.569+0000] {local_task_job_runner.py:240} INFO - Task exited with return code 0
[2024-06-19T17:22:07.613+0000] {taskinstance.py:3503} INFO - 1 downstream tasks scheduled from follow-on schedule check
[2024-06-19T17:22:07.614+0000] {local_task_job_runner.py:222} INFO - ::endgroup::
[2024-06-19T21:04:48.692+0000] {local_task_job_runner.py:120} INFO - ::group::Pre task execution logs
[2024-06-19T21:04:48.739+0000] {taskinstance.py:2076} INFO - Dependencies all met for dep_context=non-requeueable deps ti=<TaskInstance: nba_schema_creation_dag.snowflake_create_table_scores scheduled__2024-06-17T00:00:00+00:00 [queued]>
[2024-06-19T21:04:48.750+0000] {taskinstance.py:2076} INFO - Dependencies all met for dep_context=requeueable deps ti=<TaskInstance: nba_schema_creation_dag.snowflake_create_table_scores scheduled__2024-06-17T00:00:00+00:00 [queued]>
[2024-06-19T21:04:48.750+0000] {taskinstance.py:2306} INFO - Starting attempt 1 of 2
[2024-06-19T21:04:48.768+0000] {taskinstance.py:2330} INFO - Executing <Task(SQLExecuteQueryOperator): snowflake_create_table_scores> on 2024-06-17 00:00:00+00:00
[2024-06-19T21:04:48.777+0000] {standard_task_runner.py:90} INFO - Running: ['***', 'tasks', 'run', 'nba_schema_creation_dag', 'snowflake_create_table_scores', 'scheduled__2024-06-17T00:00:00+00:00', '--job-id', '763', '--raw', '--subdir', 'DAGS_FOLDER/nba_schema_creation_dag.py', '--cfg-path', '/tmp/tmpmbaqv8p0']
[2024-06-19T21:04:48.780+0000] {standard_task_runner.py:91} INFO - Job 763: Subtask snowflake_create_table_scores
[2024-06-19T21:04:48.780+0000] {logging_mixin.py:188} WARNING - /home/ubuntu/nba_ns_venv/lib/python3.12/site-packages/***/task/task_runner/standard_task_runner.py:61 DeprecationWarning: This process (pid=2931) is multi-threaded, use of fork() may lead to deadlocks in the child.
[2024-06-19T21:04:48.781+0000] {standard_task_runner.py:63} INFO - Started process 2994 to run task
[2024-06-19T21:04:48.876+0000] {task_command.py:426} INFO - Running <TaskInstance: nba_schema_creation_dag.snowflake_create_table_scores scheduled__2024-06-17T00:00:00+00:00 [running]> on host ip-172-31-45-144.ec2.internal
[2024-06-19T21:04:49.026+0000] {taskinstance.py:2648} INFO - Exporting env vars: AIRFLOW_CTX_DAG_OWNER='Airflow' AIRFLOW_CTX_DAG_ID='nba_schema_creation_dag' AIRFLOW_CTX_TASK_ID='snowflake_create_table_scores' AIRFLOW_CTX_EXECUTION_DATE='2024-06-17T00:00:00+00:00' AIRFLOW_CTX_TRY_NUMBER='1' AIRFLOW_CTX_DAG_RUN_ID='scheduled__2024-06-17T00:00:00+00:00'
[2024-06-19T21:04:49.027+0000] {taskinstance.py:430} INFO - ::endgroup::
[2024-06-19T21:04:49.044+0000] {sql.py:276} INFO - Executing: 
        USE WAREHOUSE NBA_STATS_WAREHOUSE;
        USE NBA_STATS_ANALYTICS;
        CREATE TABLE IF NOT EXISTS NBA_STATS.nba_scores (
            game_id STRING,
            home_team STRING,
            away_team STRING,
            home_score INT,
            away_score INT,
            home_best_player_name STRING,
            home_best_player_points NUMBER,
            home_best_player_rebounds NUMBER,
            home_best_player_assists NUMBER,
            away_best_player_name STRING,
            away_best_player_points NUMBER,
            away_best_player_rebounds NUMBER,
            away_best_player_assists NUMBER
        );
        
[2024-06-19T21:04:49.071+0000] {base.py:84} INFO - Using connection ID 'snowflake_conn' for task execution.
[2024-06-19T21:04:49.845+0000] {base.py:84} INFO - Using connection ID 'snowflake_conn' for task execution.
[2024-06-19T21:04:49.846+0000] {connection.py:399} INFO - Snowflake Connector for Python Version: 3.10.1, Python Version: 3.12.3, Platform: Linux-6.8.0-1009-aws-x86_64-with-glibc2.39
[2024-06-19T21:04:49.846+0000] {connection.py:1239} INFO - This connection is in OCSP Fail Open Mode. TLS Certificates would be checked for validity and revocation status. Any other Certificate Revocation related exceptions or OCSP Responder failures would be disregarded in favor of connectivity.
[2024-06-19T21:04:49.847+0000] {connection.py:1249} INFO - THIS CONNECTION IS IN INSECURE MODE. IT MEANS THE CERTIFICATE WILL BE VALIDATED BUT THE CERTIFICATE REVOCATION STATUS WILL NOT BE CHECKED.
[2024-06-19T21:04:49.907+0000] {ssl_wrap_socket.py:100} INFO - THIS CONNECTION IS IN INSECURE MODE. IT MEANS THE CERTIFICATE WILL BE VALIDATED BUT THE CERTIFICATE REVOCATION STATUS WILL NOT BE CHECKED.
[2024-06-19T21:04:54.213+0000] {cursor.py:1149} INFO - Number of results in first chunk: 1
[2024-06-19T21:04:54.214+0000] {sql.py:487} INFO - Running statement: USE WAREHOUSE NBA_STATS_WAREHOUSE;, parameters: None
[2024-06-19T21:04:56.511+0000] {cursor.py:1149} INFO - Number of results in first chunk: 1
[2024-06-19T21:04:56.511+0000] {sql.py:496} INFO - Rows affected: 1
[2024-06-19T21:04:56.512+0000] {snowflake.py:409} INFO - Rows affected: 1
[2024-06-19T21:04:56.512+0000] {snowflake.py:410} INFO - Snowflake query id: 01b51f10-0001-e365-0006-023e0002004e
[2024-06-19T21:04:56.512+0000] {sql.py:487} INFO - Running statement: USE NBA_STATS_ANALYTICS;, parameters: None
[2024-06-19T21:04:56.586+0000] {cursor.py:1149} INFO - Number of results in first chunk: 1
[2024-06-19T21:04:56.586+0000] {sql.py:496} INFO - Rows affected: 1
[2024-06-19T21:04:56.587+0000] {snowflake.py:409} INFO - Rows affected: 1
[2024-06-19T21:04:56.587+0000] {snowflake.py:410} INFO - Snowflake query id: 01b51f10-0001-e498-0006-023e0001beaa
[2024-06-19T21:04:56.587+0000] {sql.py:487} INFO - Running statement: CREATE TABLE IF NOT EXISTS NBA_STATS.nba_scores (
            game_id STRING,
            home_team STRING,
            away_team STRING,
            home_score INT,
            away_score INT,
            home_best_player_name STRING,
            home_best_player_points NUMBER,
            home_best_player_rebounds NUMBER,
            home_best_player_assists NUMBER,
            away_best_player_name STRING,
            away_best_player_points NUMBER,
            away_best_player_rebounds NUMBER,
            away_best_player_assists NUMBER
        );, parameters: None
[2024-06-19T21:04:57.063+0000] {cursor.py:1149} INFO - Number of results in first chunk: 1
[2024-06-19T21:04:57.064+0000] {sql.py:496} INFO - Rows affected: 1
[2024-06-19T21:04:57.064+0000] {snowflake.py:409} INFO - Rows affected: 1
[2024-06-19T21:04:57.065+0000] {snowflake.py:410} INFO - Snowflake query id: 01b51f10-0001-e364-0006-023e0001edb2
[2024-06-19T21:04:57.134+0000] {cursor.py:1149} INFO - Number of results in first chunk: 1
[2024-06-19T21:04:57.134+0000] {connection.py:762} INFO - closed
[2024-06-19T21:04:57.163+0000] {connection.py:768} INFO - No async queries seem to be running, deleting session
[2024-06-19T21:04:57.209+0000] {taskinstance.py:441} INFO - ::group::Post task execution logs
[2024-06-19T21:04:57.267+0000] {taskinstance.py:1206} INFO - Marking task as SUCCESS. dag_id=nba_schema_creation_dag, task_id=snowflake_create_table_scores, run_id=scheduled__2024-06-17T00:00:00+00:00, execution_date=20240617T000000, start_date=20240619T210448, end_date=20240619T210457
[2024-06-19T21:04:57.312+0000] {local_task_job_runner.py:240} INFO - Task exited with return code 0
[2024-06-19T21:04:57.353+0000] {taskinstance.py:3503} INFO - 1 downstream tasks scheduled from follow-on schedule check
[2024-06-19T21:04:57.355+0000] {local_task_job_runner.py:222} INFO - ::endgroup::
